00000000 e2 42 23 c0 b8 06 f1 01   01 f1 f1 02 01 00 f1 03 	.B#..␆.␁  ␁..␂␁
00000016 01 01 f1 04 02 00 00 f1   05 02 00 83 f1 06 01 04 	␁␁.␄␂
00000032 55 25 e3 e2 42 0c c0 a3   00 00 f1 01 8a 69 e3 e2 	U%..B␌..  
00000048 42 23 c0 b8 06 f1 01 01   f2 f1 02 01 00 f1 03 01 	B#..␆.␁␁  ..␂␁
00000064 01 f1 04 02 00 00 f1 05   02 00 83 f1 06 01 04 fa 	␁.␄␂
00000080 38 e3 e2 42 0c c0 a3 00   00 f1 01 8a 69 e3 e2 42 	8..B␌..
00000096 23 c0 b8 06 f1 01 01 f3   f1 02 01 00 f1 03 01 01 	#..␆.␁␁.  .␂␁
00000112 f1 04 02 00 00 f1 05 02   00 83 f1 06 01 04 9f 33 	.␄␂
00000128 e3 e2 42 0c c0 a3 00 00   f1 01 8a 69 e3 e2 42 23 	..B␌..
00000144 c0 b8 06 f1 01 01 f4 f1   02 01 00 f1 03 01 01 f1 	..␆.␁␁..  ␂␁
00000160 04 02 00 00 f1 05 02 00   83 f1 06 01 04 b4 23 e3 	␄␂
00000176 e2 42 0c c0 a3 00 00 f1   01 8a 69 e3 e2 42 23 c0 	.B␌..
00000192 b8 06 f1 01 01 f5 f1 02   01 00 f1 03 01 01 f1 04 	.␆.␁␁..␂  ␁
00000208 02 00 00 f1 05 02 00 83   f1 06 01 04 d1 28 e3 e2 	␂
00000224 42 0c c0 a3 00 00 f1 01   8a 69 e3 e2 42 23 c0 b8 	B␌..
00000240 06 f1 01 01 f6 f1 02 01   00 f1 03 01 01 f1 04 02 	␆.␁␁..␂␁  
00000256 00 00 f1 05 02 00 83 f1   06 01 04 7e 35 e3 e2 42 	
00000272 0c c0 a3 00 00 f1 01 8a   69 e3 e2 42 23 c0 b8 06 	␌..
00000288 f1 01 01 f7 f1 02 01 00   f1 03 01 01 f1 04 02 00 	.␁␁..␂␁
00000304 00 f1 05 02 00 83 f1 06   01 04 1b 3e e3 e2 42 0c 	
00000320 c0 a3 00 00 f1 01 8a 69   e3 e2 42 23 c0 b8 06 f1 	..
00000336 01 01 f8 f1 02 01 00 f1   03 01 01 f1 04 02 00 00 	␁␁..␂␁
00000352 f1 05 02 00 83 f1 06 01   04 28 15 e3 e2 42 0c c0 	.␅␂
00000368 a3 00 00 f1 01 8a 69 e3   e2 42 23 c0 b8 06 f1 01 	.
00000384 01 f9 f1 02 01 00 f1 03   01 01 f1 04 02 00 00 f1 	␁..␂␁
00000400 05 02 00 83 f1 06 01 04   4d 1e e3 e2 42 0c c0 a3 	␅␂
00000416 00 00 f1 01 8a 69 e3 e2   42 23 c0 b8 06 f1 01 01 	
00000432 fa f1 02 01 00 f1 03 01   01 f1 04 02 00 00 f1 05 	..␂␁
00000448 02 00 83 f1 06 01 04 e0   e2 03 e3 e2 42 0c c0 a3 	␂
00000464 00 00 f1 01 8a 69 e3 e2   42 23 c0 b8 06 f1 01 01 	
00000480 fa f1 02 01 07 f1 03 01   01 f1 04 02 00 00 f1 05 	..␂␁␇.␃␁  ␁.␄␂
00000496 02 00 83 f1 06 01 04 d8   1c e3 e2 42 23 c0 b8 06 	␂
00000512 f1 01 01 fb f1 02 01 07   f1 03 01 01 f1 04 02 00 	.␁␁..␂␁␇  .␃␁␁.␄␂
00000528 00 f1 05 02 00 83 f1 06   01 04 bd 17 e3 e2 42 0c 	
00000544 c0 a3 00 00 f1 01 8a 69   e3 e2 42 23 c0 b8 06 f1 	..
00000560 01 01 fc f1 02 01 07 f1   03 01 01 f1 04 02 00 00 	␁␁..␂␁␇.  ␃␁␁.␄␂
00000576 f1 05 02 00 83 f1 06 01   04 96 07 e3 e2 42 0c c0 	.␅␂
00000592 a3 00 00 f1 01 8a 69 e3   e2 42 23 c0 b8 06 f1 01 	.
00000608 01 fd f1 02 01 07 f1 03   01 01 f1 04 02 00 00 f1 	␁..␂␁␇.␃  ␁␁.␄␂
00000624 05 02 00 83 f1 06 01 04   f3 0c e3 e2 42 0c c0 a3 	␅␂
00000640 00 00 f1 01 8a 69 e3 e2   42 23 c0 b8 06 f1 01 01 	
00000656 fd f1 02 01 00 f1 03 01   01 f1 04 02 00 00 f1 05 	..␂␁
00000672 02 00 83 f1 06 01 04 c9   13 e3 e2 42 23 c0 b8 06 	␂
00000688 f1 01 01 fe f1 02 01 00   f1 03 01 01 f1 04 02 00 	.␁␁..␂␁
00000704 00 f1 05 02 00 83 f1 06   01 04 66 0e e3 e2 42 0c 	
00000720 c0 a3 00 00 f1 01 8a 69   e3 e2 42 23 c0 b8 06 f1 	..
00000736 01 01 ff f1 02 01 00 f1   03 01 01 f1 04 02 00 00 	␁␁..␂␁
00000752 f1 05 02 00 83 f1 06 01   04 03 05 e3 e2 42 0c c0 	.␅␂
00000768 a3 00 00 f1 01 8a 69 e3   e2 42 23 c0 b8 06 f1 01 	.
00000784 01 00 f1 02 01 00 f1 03   01 01 f1 04 02 00 00 f1 	␁
00000800 05 02 00 83 f1 06 01 04   32 fd e3 e2 42 0c c0 a3 	␅␂
00000816 00 00 f1 01 8a 69 e3 e2   42 23 c0 b8 06 f1 01 01 	
00000832 00 f1 02 01 01 f1 03 01   01 f1 04 02 00 00 f1 05 	
00000848 02 00 83 f1 06 01 04 ec   e0 e2 e3 e2 42 23 c0 b8 	␂
00000864 06 f1 01 01 01 f1 02 01   01 f1 03 01 01 f1 04 02 	␆.␁␁␁.␂␁  ␁.␃␁␁.␄␂
00000880 00 00 f1 05 02 00 83 f1   06 01 04 89 e9 e3 e2 42 	
00000896 0c c0 a3 00 00 f1 01 8a   69 e3 e2 42 23 c0 b8 06 	␌..
00000912 f1 01 01 02 f1 02 01 01   f1 03 01 01 f1 04 02 00 	.␁␁␂.␂␁␁  .␃␁␁.␄␂
00000928 00 f1 05 02 00 83 f1 06   01 04 26 f4 e3 e2 42 0c 	
00000944 c0 a3 00 00 f1 01 8a 69   e3 e2 42 23 c0 b8 06 f1 	..
00000960 01 01 03 f1 02 01 01 f1   03 01 01 f1 04 02 00 00 	␁␁␃.␂␁␁.  ␃␁␁.␄␂
00000976 f1 05 02 00 83 f1 06 01   04 43 ff e3 e2 42 0c c0 	.␅␂
00000992 a3 00 00 f1 01 8a 69 e3   e2 42 23 c0 b8 06 f1 01 	.
00001008 01 04 f1 02 01 01 f1 03   01 01 f1 04 02 00 00 f1 	␁␄.␂␁␁.␃  ␁␁.␄␂
00001024 05 02 00 83 f1 06 01 04   68 ef e3 e2 42 0c c0 a3 	␅␂
00001040 00 00 f1 01 8a 69 e3 e2   42 23 c0 b8 06 f1 01 01 	
00001056 05 f1 02 01 01 f1 03 01   01 f1 04 02 00 00 f1 05 	␅.␂␁␁.␃␁  ␁.␄␂
00001072 02 00 83 f1 06 01 04 0d   e4 e3 e2 42 0c c0 a3 00 	␂
00001088 00 f1 01 8a 69 e3 e2 42   23 c0 b8 06 f1 01 01 06 	
00001104 f1 02 01 01 f1 03 01 01   f1 04 02 00 00 f1 05 02 	.␂␁␁.␃␁␁  .␄␂
00001120 00 83 f1 06 01 04 a2 f9   e3 e2 42 0c c0 a3 00 00 	
00001136 f1 01 8a 69 e3 e2 42 23   c0 b8 06 f1 01 01 07 f1 	.␁.i..B#  ..␆.␁␁␇.
00001152 02 01 01 f1 03 01 01 f1   04 02 00 00 f1 05 02 00 	␂␁␁.␃␁␁.  ␄␂
00001168 83 f1 06 01 04 c7 f2 e3   e2 42 0c c0 a3 00 00 f1 	..␆␁␄...  .B␌..
00001184 01 8a 69 e3 e2 42 23 c0   b8 06 f1 01 01 08 f1 02 	␁.i..B#.  .␆.␁␁␈.␂
00001200 01 01 f1 03 01 01 f1 04   02 00 00 f1 05 02 00 83 	␁␁.␃␁␁.␄  ␂
00001216 f1 06 01 04 f4 d9 e3 e2   42 0c c0 a3 00 00 f1 01 	.␆␁␄....  B␌..
00001232 8a 69 e3 e2 42 23 c0 b8   06 f1 01 01 09 f1 02 01 	.i..B#..  ␆.␁␁␉.␂␁
00001248 01 f1 03 01 01 f1 04 02   00 00 f1 05 02 00 83 f1 	␁.␃␁␁.␄␂  
00001264 06 01 04 91 d2 e3 e2 42   0c c0 a3 00 00 f1 01 8a 	␆␁␄....B  ␌..
00001280 69 e3 e2 42 23 c0 b8 06   f1 01 01 0a f1 02 01 01 	i..B#..␆  .␁␁␊.␂␁␁
00001296 f1 03 01 01 f1 04 02 00   00 f1 05 02 00 83 f1 06 	.␃␁␁.␄␂
00001312 01 04 3e cf e3 e2 42 0c   c0 a3 00 00 f1 01 8a 69 	␁␄>...B␌  ..
00001328 e3 e2 42 23 c0 b8 06 f1   01 01 0b f1 02 01 01 f1 	..B#..␆.  ␁␁␋.␂␁␁.
00001344 03 01 01 f1 04 02 00 00   f1 05 02 00 83 f1 06 01 	␃␁␁.␄␂
00001360 04 5b c4 e3 e2 42 0c c0   a3 00 00 f1 01 8a 69 e3 	␄[...B␌.  .
00001376 e2 42 23 c0 b8 06 f1 01   01 0c f1 02 01 01 f1 03 	.B#..␆.␁  ␁␌.␂␁␁.␃
00001392 01 01 f1 04 02 00 00 f1   05 02 00 83 f1 06 01 04 	␁␁.␄␂
00001408 70 d4 e3 e2 42 0c c0 a3   00 00 f1 01 8a 69 e3 e2 	p...B␌..  
00001424 42 23 c0 b8 06 f1 01 01   0d f1 02 01 01 f1 03 01 	B#..␆.␁␁  ␍.␂␁␁.␃␁
00001440 01 f1 04 02 00 00 f1 05   02 00 83 f1 06 01 04 15 	␁.␄␂
00001456 df e3 e2 42 0c c0 a3 00   00 f1 01 8a 69 e3 e2 42 	...B␌..
00001472 23 c0 b8 06 f1 01 01 0e   f1 02 01 01 f1 03 01 01 	#..␆.␁␁␎  .␂␁␁.␃␁␁
00001488 f1 04 02 00 00 f1 05 02   00 83 f1 06 01 04 ba c2 	.␄␂
00001504 e3 e2 42 0c c0 a3 00 00   f1 01 8a 69 e3 e2 42 23 	..B␌..
00001520 c0 b8 06 f1 01 01 0f f1   02 01 01 f1 03 01 01 f1 	..␆.␁␁␏.  ␂␁␁.␃␁␁.
00001536 04 02 00 00 f1 05 02 00   83 f1 06 01 04 df c9 e3 	␄␂
00001552 e2 42 0c c0 a3 00 00 f1   01 8a 69 e3 e2 42 23 c0 	.B␌..
00001568 b8 06 f1 01 01 10 f1 02   01 01 f1 03 01 01 f1 04 	.␆.␁␁␐.␂  ␁␁.␃␁␁.␄
00001584 02 00 00 f1 05 02 00 83   f1 06 01 04 dc 94 e3 e2 	␂
00001600 42 0c c0 a3 00 00 f1 01   8a 69 e3 e2 42 23 c0 b8 	B␌..
00001616 06 f1 01 01 10 f1 02 01   00 f1 03 01 01 f1 04 02 	␆.␁␁␐.␂␁  
00001632 00 00 f1 05 02 00 83 f1   06 01 04 02 8b e3 e2 42 	
00001648 23 c0 b8 06 f1 01 01 11   f1 02 01 00 f1 03 01 01 	#..␆.␁␁␑  .␂␁
00001664 f1 04 02 00 00 f1 05 02   00 83 f1 06 01 04 67 80 	.␄␂
00001680 e3 e2 42 0c c0 a3 00 00   f1 01 8a 69 e3 e2 42 23 	..B␌..
00001696 c0 b8 06 f1 01 01 12 f1   02 01 00 f1 03 01 01 f1 	..␆.␁␁␒.  ␂␁
00001712 04 02 00 00 f1 05 02 00   83 f1 06 01 04 c8 9d e3 	␄␂
00001728 e2 42 0c c0 a3 00 00 f1   01 8a 69 e3 e2 42 23 c0 	.B␌..
00001744 b8 06 f1 01 01 13 f1 02   01 00 f1 03 01 01 f1 04 	.␆.␁␁␓.␂  ␁
00001760 02 00 00 f1 05 02 00 83   f1 06 01 04 ad 96 e3 e2 	␂
00001776 42 0c c0 a3 00 00 f1 01   8a 69 e3 e2 42 23 c0 b8 	B␌..
00001792 06 f1 01 01 14 f1 02 01   00 f1 03 01 01 f1 04 02 	␆.␁␁␔.␂␁  
00001808 00 00 f1 05 02 00 83 f1   06 01 04 86 86 e3 e2 42 	
00001824 0c c0 a3 00 00 f1 01 8a   69 e3 e2 42 23 c0 b8 06 	␌..
00001840 f1 01 01 15 f1 02 01 00   f1 03 01 01 f1 04 02 00 	.␁␁␕.␂␁
00001856 00 f1 05 02 00 83 f1 06   01 04 e0 e3 8d e3 e2 42 	
00001872 0c c0 a3 00 00 f1 01 8a   69 e3                   	␌..
