e2 88 0b 87 28 00 00 00 4b ac e3 e1
e2 87 0d 88 29 00 00 00 00 01 62 a7 e3 e1
e2 88 0a 87 26 02 02 d9 fe e3 e1 
e2 89 0a 87 26 04 00 16 ba e3 
e2 87 08 88 26 59 70 e3 
e2 87 08 88 26 59 70 e3 e1 
e2 89 0a 87 26 04 00 16 ba e3 
e2 89 0a 87 26 04 00 16 ba e3 
e2 8a 0a 87 26 01 03 17 cc e3 e1 
e2 88 08 87 01 c9 25 e3 e1
e2 87 08 8a 26 3f 12 e3 e1
e2 87 0c 88 01 01 02 05 33 11 f3 e3 e1
e2 89 0b 87 28 00 00 00 f3 cd e3 
e2 89 0b 87 28 00 00 00 f3 cd e3 
e2 89 0b 87 28 00 00 00 f3 cd e3 
e2 8a 0b 87 28 00 00 00 2b 4f e3 e1
e2 87 0d 8a 29 00 00 00 00 01 02 44 e3 e1
e2 88 0b 87 28 00 00 01 5b 8d e3 e1
e2 87 0d 88 29 00 00 00 00 02 52 c4 e3 e1 
e2 89 0b 87 28 00 00 01 e3 ec e3 
e2 89 0b 87 28 00 00 01 e3 ec e3 
e2 89 0b 87 28 00 00 01 e3 ec e3 
e2 89 08 87 01 bf 91 e3 
e2 89 08 87 01 bf 91 e3 
e2 89 08 87 01 bf 91 e3 
e2 8a 0b 87 28 00 00 01 3b 6e e3 e1
e2 88 0b 87 28 00 00 02 6b ee e3 e1 
e2 87 0d 8a 29 00 00 00 00 02 32 27 e3 e1 
e2 87 0d 88 29 00 00 00 00 03 42 e5 e3 e1 
e2 89 0b 87 28 00 00 02 d3 8f e3 
e2 89 0b 87 28 00 00 02 d3 8f e3 
e2 89 0b 87 28 00 00 02 d3 8f e3 
e2 8a 0b 87 28 00 00 02 0b 0d e3 e1 
e2 87 0d 8a 29 00 00 00 00 03 22 06 e3 e1
e2 8a 08 87 01 24 4d e3 e1 
e2 87 0c 8a 01 01 02 05 33 9a b3 e3 e1 
e2 88 0b 87 28 00 00 03 7b cf e3 e1 
e2 87 0d 88 29 00 00 00 00 04 32 02 e3 e1 
e2 89 0b 87 28 00 00 03 c3 ae e3 
e2 89 0b 87 28 00 00 03 c3 ae e3 
e2 89 0b 87 28 00 00 03 c3 ae e3 
e2 8a 0b 87 28 00 00 03 1b 2c e3 e1 
e2 87 0d 8a 29 00 00 00 00 04 52 e1 e3 e1 
e2 ff 08 87 01 da 7d e3 
e2 87 0c 88 01 01 02 05 33 11 f3 e3 e1 
e2 87 0c 8a 01 01 02 05 33 9a b3 e3 e1 
e2 88 0b 87 28 00 00 04 0b 28 e3 e1 
e2 87 0d 88 29 00 00 00 00 05 22 23 e3 e1 
e2 89 0b 87 28 00 00 04 b3 49 e3 
e2 89 0b 87 28 00 00 04 b3 49 e3 
e2 89 0b 87 28 00 00 04 b3 49 e3 
e2 8a 0b 87 28 00 00 04 6b cb e3 e1 
e2 87 0d 8a 29 00 00 00 00 05 42 c0 e3 e1 
e2 88 0b 87 28 00 00 05 1b 09 e3 e1 
e2 87 0d 88 29 00 00 00 00 06 12 40 e3 e1 
e2 89 0b 87 28 00 00 05 a3 68 e3 
e2 89 0b 87 28 00 00 05 a3 68 e3 
e2 89 0b 87 28 00 00 05 a3 68 e3 
e2 8a 0b 87 28 00 00 05 7b ea e3 e1 
e2 87 0d 8a 29 00 00 00 00 06 72 a3 e3 e1  
e2 88 0b 87 28 00 00 06 2b 6a e3 e1  
e2 87 0d 88 29 00 00 00 00 07 02 61 e3 e1  
e2 88 1c 87 9e 00 00 00 00 00 00 00 00 00 00 00 00 00 00 00 00 00 00 00 00 63 8a e3 e1  
e2 87 1c 88 9e 00 00 c3 50 c3 50 00 00 00 00 00 15 00 16 00 15 00 17 00 eb 6c 87 e3 e1  
e2 89 0b 87 28 00 00 06 93 0b e3 
e2 89 0b 87 28 00 00 06 93 0b e3 
e2 89 0b 87 28 00 00 06 93 0b e3 
e2 8a 0b 87 28 00 00 06 4b 89 e3 e1  
e2 87 0d 8a 29 00 00 00 00 07 62 82 e3 e1  
e2 88 0b 87 28 00 00 07 3b 4b e3 e1  
e2 87 0d 88 29 00 00 00 00 08 f3 8e e3 e1  
e2 89 0b 87 28 00 00 07 83 2a e3 
e2 89 0b 87 28 00 00 07 83 2a e3  
e2 89 0b 87 28 00 00 07 83 2a e3 
e2 8a 0b 87 28 00 00 07 5b a8 e3 e1  
e2 87 0d 8a 29 00 00 00 00 08 93 6d e3 e1  
e2 88 0b 87 28 00 00 08 ca a4 e3 e1  
e2 87 0d 88 29 00 00 00 00 09 e3 af e3 e1  
e2 89 0b 87 28 00 00 08 72 c5 e3 
e2 89 0b 87 28 00 00 08 72 c5 e3 
e2 89 0b 87 28 00 00 08 72 c5 e3 
e2 8a 0b 87 28 00 00 08 aa 47 e3 e1  
e2 87 0d 8a 29 00 00 00 00 09 83 4c e3 e1 
e2 88 0b 87 28 00 00 09 da 85 e3 e1  
e2 87 0d 88 29 00 00 00 00 0a d3 cc e3 e1  
e2 89 0b 87 28 00 00 09 62 e4 e3 
e2 89 0b 87 28 00 00 09 62 e4 e3 
e2 89 0b 87 28 00 00 09 62 e4 e3 
e2 8a 0b 87 28 00 00 09 ba 66 e3 e1  
e2 87 0d 8a 29 00 00 00 00 0a b3 2f e3 e1  
e2 88 0b 87 28 00 00 0a ea e6 e3 e1  
e2 87 0d 88 29 00 00 00 00 0b c3 ed e3 e1  
e2 89 0b 87 28 00 00 0a 52 87 e3 
e2 89 0b 87 28 00 00 0a 52 87 e3 
e2 89 0b 87 28 00 00 0a 52 87 e3   
e2 8a 0b 87 28 00 00 0a 8a 05 e3 e1  
e2 87 0d 8a 29 00 00 00 00 0b a3 0e e3 e1
e2 88 0b 87 28 00 00 0b fa c7 e3 e1  
e2 87 0d 88 29 00 00 00 00 0c b3 0a e3 e1  
e2 89 0b 87 28 00 00 0b 42 a6 e3 
e2 89 0b 87 28 00 00 0b 42 a6 e3 
e2 89 0b 87 28 00 00 0b 42 a6 e3 
e2 8a 0b 87 28 00 00 0b 9a 24 e3 e1  
e2 87 0d 8a 29 00 00 00 00 0c d3 e9 e3 e1  
e2 88 0b 87 28 00 00 0c 8a 20 e3 e1  
e2 87 0d 88 29 00 00 00 00 0d a3 2b e3 e1  
e2 89 0b 87 28 00 00 0c 32 41 e3 
e2 89 0b 87 28 00 00 0c 32 41 e3 
e2 89 0b 87 28 00 00 0c 32 41 e3 
e2 8a 0b 87 28 00 00 0c ea c3 e3 e1  
e2 87 0d 8a 29 00 00 00 00 0d c3 c8 e3 e1  
e2 89 1c 87 9e 00 00 00 00 00 00 00 00 00 00 00 00 00 00 00 00 00 00 00 00 54 89 e3  
e2 89 1c 87 9e 00 00 00 00 00 00 00 00 00 00 00 00 00 00 00 00 00 00 00 00 54 89 e3 
e2 89 1c 87 9e 00 00 00 00 00 00 00 00 00 00 00 00 00 00 00 00 00 00 00 00 54 89 e3 
e2 88 0b 87 28 00 00 0d 9a 01 e3 e1  
e2 87 0d 88 29 00 00 00 00 0e 93 48 e3 e1  
e2 89 0b 87 28 00 00 0d 22 60 e3 
e2 89 0b 87 28 00 00 0d 22 60 e3 
e2 89 0b 87 28 00 00 0d 22 60 e3 
e2 8a 0b 87 28 00 00 0d fa e2 e3 e1 
e2 87 0d 8a 29 00 00 00 00 0e f3 ab e3 e1  
e2 88 0b 87 28 00 00 0e aa 62 e3 e1  
e2 87 0d 88 29 00 00 00 00 0f 83 69 e3 e1  
e2 89 0b 87 28 00 00 0e 12 03 e3 
e2 89 0b 87 28 00 00 0e 12 03 e3 
e2 89 0b 87 28 00 00 0e 12 03 e3 
e2 8a 0b 87 28 00 00 0e ca 81 e3 e1
e2 87 0d 8a 29 00 00 00 00 0f e3 8a e3 e1  
e2 88 0b 87 28 00 00 0f ba 43 e3 e1  
e2 87 0d 88 29 00 00 00 00 10 60 b7 e3 e1  
e2 89 0b 87 28 00 00 0f 02 22 e3 
e2 89 0b 87 28 00 00 0f 02 22 e3 
e2 89 0b 87 28 00 00 0f 02 22 e3 
e2 8a 0b 87 28 00 00 0f da a0 e3 e1  
e2 87 0d 8a 29 00 00 00 00 10 00 54 e3 e1  
e2 88 0b 87 28 00 00 10 59 9d e3 e1  
e2 87 0d 88 29 00 00 00 00 11 70 96 e3 e1  
e2 89 0b 87 28 00 00 10 e1 fc e3 
e2 89 0b 87 28 00 00 10 e1 fc e3 
e2 89 0b 87 28 00 00 10 e1 fc e3 
e2 8a 0b 87 28 00 00 10 39 7e e3 e1  
e2 87 0d 8a 29 00 00 00 00 11 10 75 e3 e1  
e2 88 0b 87 28 00 00 11 49 bc e3 e1  
e2 87 0d 88 29 00 00 00 00 12 40 f5 e3 e1 
e2 89 0b 87 28 00 00 11 f1 dd e3 
e2 89 0b 87 28 00 00 11 f1 dd e3 
e2 89 0b 87 28 00 00 11 f1 dd e3  
e2 8a 0b 87 28 00 00 11 29 5f e3 e1  
e2 87 0d 8a 29 00 00 00 00 12 20 16 e3 e1  
e2 88 0b 87 28 00 00 12 79 df e3 e1  
e2 87 0d 88 29 00 00 00 00 13 50 d4 e3 e1 
e2 89 0b 87 28 00 00 12 c1 be e3 
e2 89 0b 87 28  00 00 12 c1 be e3 
e2 89 0b 87 28 00 00 12 c1 be e3  
e2 8a 0b 87 28 00 00 12 19 3c e3 e1  
e2 87 0d 8a 29 00 00 00 00 13 30 37 e3 e1  
e2 88 0b 87 28 00 00 13 69 fe e3 e1  
e2 87 0d 88 29 00 00 00 00 14 20 33 e3 e1  
e2 8a 1c 87 9e 00 00 00 00 00 00 00 00 00 00 00 00 00 00 00 00 00 00 00 00 0d 8c e3 e1  
e2 87 1c 8a 9e 00 00 c3 50 c3 50 00 00 00 00 00 15 00 16 00 15 00 14 00 ed 8e a1 e3 e1  
e2 89 0b 87 28 00 00 13 d1 9f e3 
e2 89 0b 87 28 00 00 13 d1 9f e3 
e2 89 0b 87 28 00 00 13 d1 9f e3  
e2 8a 0b 87 28 00 00 13 09 1d e3 e1  
e2 87 0d 8a 29 00 00 00 00 14 40 d0 e3 e1  
e2 88 0b 87 28 00 00 14 19 19 e3 e1  
e2 87 0d 88 29 00 00 00 00 15 30 12 e3 e1  
e2 89 0b 87 28 00 00 00 f3 cd e3 
e2 89 0b 87 28 00 00 00 f3 cd e3 
e2 89 0b 87 28 00 00 00 f3 cd e3 
e2 8a 0b 87 28 00 00 14 79 fa e3 e1  
e2 87 0d 8a 29 00 00 00 00 15 50 f1 e3 e1  
e2 88 0b 87 28 00 00 15 09 38 e3 e1  
e2 87 0d 88 29 00 00 00 00 16 00 71 e3 e1  
e2 89 0b 87 28 00 00 01 e3 ec e3 
e2 89 0b 87 28 00 00 01 e3 ec e3 
e2 89 0b 87 28 00 00 01 e3 ec e3 
e2 8a 0b 87 28 00 00 15 69 db e3 e1  
e2 87 0d 8a 29 00 00 00 00 16 60 92 e3 e1  
e2 88 0b 87 28 00 00 16 39 5b e3 e1  
e2 87 0d 88 29 00 00 00 00 17 10 50 e3 e1  
e2 89 0b 87 28 00 00 02 d3 8f e3 
e2 89 0b 87 28 00 00 02 d3 8f e3 
e2 89 0b 87 28 00 00 02 d3 8f e3 
e2 8a 0b 87 28 00 00 16 59 b8 e3 e1  
e2 87 0d 8a 29 00 00 00 00 17 70 b3 e3 e1  
e2 88 0b 87 28 00 00 17 29 7a e3 e1  
e2 87 0d 88 29 00 00 00 00 18 e1 bf e3 e1  
e2 89 0b 87 28 00 00 03 c3 ae e3 
e2 89 0b 87 28 00 00 03 c3 ae e3 
e2 89 0b 87 28 00 00 03 c3 ae e3 
e2 8a 0b 87 28 00 00 17 49 99 e3 e1  
e2 87 0d 8a 29 00 00 00 00 18 81 5c e3 e1  
e2 88 0b 87 28 00 00 18 d8 95 e3 e1  
e2 87 0d 88 29 00 00 00 00 19 f1 9e e3 e1  
e2 89 0b 87 28 00 00 04 b3 49 e3 
e2 89 0b 87 28 00 00 04 b3 49 e3 
e2 89 0b 87 28 00 00 04 b3 49 e3 
e2 8a 0b 87 28 00 00 18 b8 76 e3 e1  
e2 87 0d 8a 29 00 00 00 00 19 91 7d e3 e1  
e2 88 0b 87 28 00 00 19 c8 b4 e3 e1  
e2 87 0d 88 29 00 00 00 00 1a c1 fd e3 e1  
e2 89 0b 87 28 00 00 05 a3 68 e3 
e2 89 0b 87 28 00 00 05 a3 68 e3 
e2 89 0b 87 28 00 00 05 a3 68 e3 
e2 8a 0b 87 28 00 00 19 a8 57 e3 e1  
e2 87 0d 8a 29 00 00 00 00 1a a1 1e e3 e1  
e2 88 1c 87 9e 00 00 00 00 00 00 00 00 00 00 00 00 00 00 00 00 00 00 00 00 63 8a e3 e1  
e2 87 1c 88 9e 00 00 c3 50 c3 50 00 00 00 00 00 15 00 16 00 15 00 17 00 ec 1c 60 e3 e1  
e2 88 0b 87 28 00 00 1a f8 d7 e3 e1  
e2 87 0d 88 29 00 00 00 00 1b d1 dc e3 e1  
e2 89 0b 87 28 00 00 06 93 0b e3 
e2 89 0b 87 28 00 00 06 93 0b e3 
e2 89 0b 87 28 00 00 06 93 0b e3 
e2 8a 0b 87 28 00 00 1a 98 34 e3 e1  
e2 87 0d 8a 29 00 00 00 00 1b b1 3f e3 e1  
e2 88 0b 87 28 00 00 1b e8 f6 e3 e1  
e2 87 0d 88 29 00 00 00 00 1c a1 3b e3 e1  
e2 89 0b 87 28 00 00 07 83 2a e3  
e2 89 0b 87 28 00 00 07 83 2a e3 
e2 89 0b 87 28 00 00 07 83 2a e3 
e2 8a 0b 87 28 00 00 1b 88 15 e3 e1  
e2 87 0d 8a 29 00 00 00 00 1c c1 d8 e3 e1  
e2 88 0b 87 28 00 00 1c 98 11 e3 e1  
e2 87 0d 88 29 00 00 00 00 1d b1 1a e3 e1  
e2 89 0b 87 28 00 00 08 72 c5 e3 
e2 89 0b 87 28 00 00 08 72 c5 e3  
e2 89 0b 87 28 00 00 08 72 c5 e3 
e2 8a 0b 87 28 00 00 1c f8 f2 e3 e1  
e2 87 0d 8a 29 00 00 00 00 1d d1 f9 e3 e1                                  
