 00 ad e2 86 18 81 f6 02 f2 2f 01 00 f3 20 08 00 
 00 00 00 00 00 00 00 c4 6d e3 
e2 85 1c 81 f6 03 
 f2 2f 01 d7 f3 20 08 00 00 00 00 00 00 00 00 f3 
 b4 01 01 82 a6 e3 
e2 85 1c 81 f6 03 f2 2f 01 d7 
 f3 20 08 00 00 00 00 00 00 00 01 f3 b4 01 01 28 
 f7 e3 
e2 86 18 81 f6 02 f2 2f 01 00 f3 20 08 00 
 00 00 00 00 00 00 00 c4 6d e3 
e2 85 1c 81 f6 03 
 f2 2f 01 d7 f3 20 08 00 00 00 00 00 00 00 01 f3 
 b4 01 01 28 f7 e3 
e2 86 18 81 f6 02 f2 2f 01 00 
 f3 20 08 00 00 00 00 00 00 00 00 c4 6d e3 
e2 85 
 1c 81 f6 03 f2 2f 01 d7 f3 20 08 00 00 00 00 00 
 00 00 01 f3 b4 01 01 28 f7 e3 
e2 86 18 81 f6 02 
 f2 2f 01 00 f3 20 08 00 00 00 00 00 00 00 00 c4 
 6d e3 
e2 85 1c 81 f6 03 f2 2f 01 d7 f3 20 08 00 
 00 00 00 00 00 00 00 f3 b4 01 01 82 a6 e3 
e2 86 
 18 81 f6 02 f2 2f 01 00 f3 20 08 00 00 00 00 00 
 00 00 00 c4 6d e3 
e2 85 1c 81 f6 03 f2 2f 01 d7 
 f3 20 08 00 00 00 00 00 00 00 00 f3 b4 01 01 82 
 a6 e3 
e2 86 18 81 f6 02 f2 2f 01 00 f3 20 08 00 
 00 00 00 00 00 00 00 c4 6d e3 
e2 85 1c 81 f6 03 
 f2 2f 01 d7 f3 20 08 00 00 00 00 00 00 00 00 f3 
 b4 01 01 82 a6 e3 
e2 86 18 81 f6 02 f2 2f 01 00 
 f3 20 08 00 00 00 00 00 00 00 00 c4 6d e3 
e2 85 
 1c 81 f6 03 f2 2f 01 d7 f3 20 08 00 00 00 00 00 
 00 00 00 f3 b4 01 01 82 a6 e3 
e2 86 18 81 f6 02 
 f2 2f 01 00 f3 20 08 00 00 00 00 00 00 00 00 c4 
 6d e3 
e2 85 1c 81 f6 03 f2 2f 01 d7 f3 20 08 00 
 00 00 00 00 00 00 00 f3 b4 01 01 82 a6 e3 
e2 86 
 18 81 f6 02 f2 2f 01 00 f3 20 08 00 00 00 00 00 
 00 00 00 c4 6d e3 
e2 85 1c 81 f6 03 f2 2f 01 d7 
 f3 20 08 00 00 00 00 00 00 00 00 f3 b4 01 01 82 
 a6 e3 
e2 86 18 81 f6 02 f2 2f 01 00 f3 20 08 00 
 00 00 00 00 00 00 00 c4 6d e3 
e2 85 1c 81 f6 03 
 f2 2f 01 d7 f3 20 08 00 00 00 00 00 00 00 01 f3 
 b4 01 01 28 f7 e3 
e2 85 1c 81 f6 03 f2 2f 01 d7 
 f3 20 08 00 00 00 00 00 00 00 00 f3 b4 01 01 82 
 a6 e3 
e2 85 1c 81 f6 03 f2 2f 01 d7 f3 20 08 00 
 00 00 00 00 00 00 01 f3 b4 01 01 28 f7 e3 
e2 85 
 1c 81 f6 03 f2 2f 01 d7 f3 20 08 00 00 00 00 00 
 00 00 00 f3 b4 01 01 82 a6 e3 
e2 86 18 81 f6 02 
 f2 2f 01 00 f3 20 08 00 00 00 00 00 00 00 00 c4 
 6d e3 
e2 85 1c 81 f6 03 f2 2f 01 d7 f3 20 08 00 
 00 00 00 00 00 00 01 f3 b4 01 01 28 f7 e3 
e2 85 
 1c 81 f6 03 f2 2f 01 d7 f3 20 08 00 00 00 00 00 
 00 00 00 f3 b4 01 01 82 a6 e3 
e2 85 1c 81 f6 03 
 f2 2f 01 d7 f3 20 08 00 00 00 00 00 00 00 01 f3 
 b4 01 01 28 f7 e3 
e2 85 1c 81 f6 03 f2 2f 01 d7 
 f3 20 08 00 00 00 00 00 00 00 00 f3 b4 01 01 82 
 a6 e3 
e2 86 18 81 f6 02 f2 2f 01 00 f3 20 08 00 
 00 00 00 00 00 00 00 c4 6d e3 
e2 85 1c 81 f6 03 
 f2 2f 01 d7 f3 20 08 00 00 00 00 00 00 00 01 f3 
 b4 01 01 28 f7 e3 
e2 85 1c 81 f6 03 f2 2f 01 d7 
 f3 20 08 00 00 00 00 00 00 00 00 f3 b4 01 01 82 
 a6 e3 
e2 86 18 81 f6 02 f2 2f 01 00 f3 20 08 00 
 00 00 00 00 00 00 00 c4 6d e3 
e2 85 1c 81 f6 03 
 f2 2f 01 d7 f3 20 08 00 00 00 00 00 00 00 00 f3 
 b4 01 01 82 a6 e3 
e2 86 18 81 f6 02 f2 2f 01 00 
 f3 20 08 00 00 00 00 00 00 00 00 c4 6d e3 
e2 85 
 1c 81 f6 03 f2 2f 01 d7 f3 20 08 00 00 00 00 00 
 00 00 00 f3 b4 01 01 82 a6 e3 
e2 86 18 81 f6 02 
 f2 2f 01 00 f3 20 08 00 00 00 00 00 00 00 00 c4 
 6d e3 
e2 85 1c 81 f6 03 f2 2f 01 d7 f3 20 08 00 
 00 00 00 00 00 00 00 f3 b4 01 01 82 a6 e3 
e2 86 
 18 81 f6 02 f2 2f 01 00 f3 20 08 00 00 00 00 00 
 00 00 00 c4 6d e3 
e2 85 1c 81 f6 03 f2 2f 01 d7 
 f3 20 08 00 00 00 00 00 00 00 00 f3 b4 01 01 82 
 a6 e3 
e2 86 18 81 f6 02 f2 2f 01 00 f3 20 08 00 
 00 00 00 00 00 00 00 c4 6d e3 
e2 85 1c 81 f6 03 
 f2 2f 01 d7 f3 20 08 00 00 00 00 00 00 00 00 f3 
 b4 01 01 82 a6 e3 
e2 86 18 81 f6 02 f2 2f 01 00 
 f3 20 08 00 00 00 00 00 00 00 00 c4 6d e3 
e2 85 
 1c 81 f6 03 f2 2f 01 d7 f3 20 08 00 00 00 00 00 
 00 00 00 f3 b4 01 01 82 a6 e3                   
