 00 f8 e2 c0 0d 42 a2 00 f1 01 01 88 f3 55 e3 
e2 
 c0 0d 42 a2 00 f1 01 01 89 e0 e3 74 e3 
e2 c0 0d 
 42 a2 00 f1 01 01 8a d3 17 e3 
e2 c0 0d 42 a2 00 
 f1 01 01 8b c3 36 e3 
e2 c0 0d 42 a2 00 f1 01 01 
 8c b3 d1 e3 
e2 c0 0d 42 a2 00 f1 01 01 8d a3 f0 
 e3 
e2 c0 0d 42 a2 00 f1 01 01 8e 93 93 e3 
e2 c0 
 0d 42 a2 00 f1 01 01 8f 83 b2 e3 
e2 c0 0d 42 a2 
 00 f1 01 01 90 60 6c e3 
e2 c0 0d 42 a2 00 f1 01 
 01 91 70 4d e3 
e2 c0 0d 42 a2 00 f1 01 01 92 40 
 2e e3 
e2 c0 0d 42 a2 00 f1 01 01 93 50 0f e3 
e2 
 c0 0d 42 a2 00 f1 01 01 94 20 e8 e3 
e2 c0 0d 42 
 a2 00 f1 01 01 95 30 c9 e3 
e2 c0 0d 42 a2 00 f1 
 01 01 96 00 aa e3 
e2 c0 0d 42 a2 00 f1 01 01 97 
 10 8b e3 
e2 c0 0d 42 a2 00 f1 01 01 98 e0 e1 64 
 e3 
e2 c0 0d 42 a2 00 f1 01 01 99 f1 45 e3 
e2 c0 
 0d 42 a2 00 f1 01 01 9a c1 26 e3 
e2 c0 0d 42 a2 
 00 f1 01 01 9b d1 07 e3 
e2 c0 0d 42 a2 00 f1 01 
 01 9c a1 e0 e0 e3 
e2 c0 0d 42 a2 00 f1 01 01 9d 
 b1 c1 e3 
e2 c0 0d 42 a2 00 f1 01 01 9e 81 a2 e3 
 e2 c0 0d 42 a2 00 f1 01 01 9f 91 83 e3 
e2 c0 0d 
 42 a2 00 f1 01 01 a0 56 3f e3 
e2 c0 0d 42 a2 00 
 f1 01 01 a1 46 1e e3 
e2 c0 0d 42 a2 00 f1 01 01 
 a2 76 7d e3 
e2 c0 0d 42 a2 00 f1 01 01 a3 66 5c 
 e3 
e2 c0 0d 42 a2 00 f1 01 01 a4 16 bb e3 
e2 c0 
 0d 42 a2 00 f1 01 01 a5 06 9a e3 
e2 c0 0d 42 a2 
 00 f1 01 01 a6 36 f9 e3                         
