e2 42 23 c0 b8 06 f1 01 01 f1 f1 02 01 00 f1 03 01 01 f1 04 02 00 00 f1 05 02 00 83 f1 06 01 04 55 25 e3 
e2 42 0c c0 a3 00 00 f1 01 8a 69 e3 
e2 42 23 c0 b8 06 f1 01 01 f2 f1 02 01 00 f1 03 01 01 f1 04 02 00 00 f1 05 02 00 83 f1 06 01 04 fa 38 e3 
e2 42 0c c0 a3 00 00 f1 01 8a 69 e3 
e2 42 23 c0 b8 06 f1 01 01 f3 f1 02 01 00 f1 03 01 01 f1 04 02 00 00 f1 05 02 00 83 f1 06 01 04 9f 33 e3 
e2 42 0c c0 a3 00 00 f1 01 8a 69 e3 
e2 42 23 c0 b8 06 f1 01 01 f4 f1 02 01 00 f1 03 01 01 f1 04 02 00 00 f1 05 02 00 83 f1 06 01 04 b4 23 e3 
e2 42 0c c0 a3 00 00 f1 01 8a 69 e3 
e2 42 23 c0 b8 06 f1 01 01 f5 f1 02 01 00 f1 03 01 01 f1 04 02 00 00 f1 05 02 00 83 f1 06 01 04 d1 28 e3 
e2 42 0c c0 a3 00 00 f1 01 8a 69 e3 
e2 42 23 c0 b8 06 f1 01 01 f6 f1 02 01 00 f1 03 01 01 f1 04 02 00 00 f1 05 02 00 83 f1 06 01 04 7e 35 e3 
e2 42 0c c0 a3 00 00 f1 01 8a 69 e3 
e2 42 23 c0 b8 06 f1 01 01 f7 f1 02 01 00 f1 03 01 01 f1 04 02 00 00 f1 05 02 00 83 f1 06 01 04 1b 3e e3 
e2 42 0c c0 a3 00 00 f1 01 8a 69 e3 
e2 42 23 c0 b8 06 f1 01 01 f8 f1 02 01 00 f1 03 01 01 f1 04 02 00 00 f1 05 02 00 83 f1 06 01 04 28 15 e3 
e2 42 0c c0 a3 00 00 f1 01 8a 69 e3 
e2 42 23 c0 b8 06 f1 01 01 f9 f1 02 01 00 f1 03 01 01 f1 04 02 00 00 f1 05 02 00 83 f1 06 01 04 4d 1e e3 
e2 42 0c c0 a3 00 00 f1 01 8a 69 e3 
e2 42 23 c0 b8 06 f1 01 01 fa f1 02 01 00 f1 03 01 01 f1 04 02 00 00 f1 05 02 00 83 f1 06 01 04 e0 e2 03 e3 
e2 42 0c c0 a3 00 00 f1 01 8a 69 e3 
e2 42 23 c0 b8 06 f1 01 01 fa f1 02 01 07 f1 03 01 01 f1 04 02 00 00 f1 05 02 00 83 f1 06 01 04 d8 1c e3 
e2 42 23 c0 b8 06 f1 01 01 fb f1 02 01 07 f1 03 01 01 f1 04 02 00 00 f1 05 02 00 83 f1 06 01 04 bd 17 e3 
e2 42 0c c0 a3 00 00 f1 01 8a 69 e3 
e2 42 23 c0 b8 06 f1 01 01 fc f1 02 01 07 f1 03 01 01 f1 04 02 00 00 f1 05 02 00 83 f1 06 01 04 96 07 e3 
e2 42 0c c0 a3 00 00 f1 01 8a 69 e3 
e2 42 23 c0 b8 06 f1 01 01 fd f1 02 01 07 f1 03 01 01 f1 04 02 00 00 f1 05 02 00 83 f1 06 01 04 f3 0c e3 
e2 42 0c c0 a3 00 00 f1 01 8a 69 e3 
e2 42 23 c0 b8 06 f1 01 01 fd f1 02 01 00 f1 03 01 01 f1 04 02 00 00 f1 05 02 00 83 f1 06 01 04 c9 13 e3 
e2 42 23 c0 b8 06 f1 01 01 fe f1 02 01 00 f1 03 01 01 f1 04 02 00 00 f1 05 02 00 83 f1 06 01 04 66 0e e3 
e2 42 0c c0 a3 00 00 f1 01 8a 69 e3 
e2 42 23 c0 b8 06 f1 01 01 ff f1 02 01 00 f1 03 01 01 f1 04 02 00 00 f1 05 02 00 83 f1 06 01 04 03 05 e3 
e2 42 0c c0 a3 00 00 f1 01 8a 69 e3 
e2 42 23 c0 b8 06 f1 01 01 00 f1 02 01 00 f1 03 01 01 f1 04 02 00 00 f1 05 02 00 83 f1 06 01 04 32 fd e3 N
e2 42 0c c0 a3 00 00 f1 01 8a 69 e3 
e2 42 23 c0 b8 06 f1 01 01 00 f1 02 01 01 f1 03 01 01 f1 04 02 00 00 f1 05 02 00 83 f1 06 01 04 ec e0 e2 e3 
e2 42 23 c0 b8 06 f1 01 01 01 f1 02 01 01 f1 03 01 01 f1 04 02 00 00 f1 05 02 00 83 f1 06 01 04 89 e9 e3 
e2 42 0c c0 a3 00 00 f1 01 8a 69 e3 
e2 42 23 c0 b8 06 f1 01 01 02 f1 02 01 01 f1 03 01 01 f1 04 02 00 00 f1 05 02 00 83 f1 06 01 04 26 f4 e3 
e2 42 0c c0 a3 00 00 f1 01 8a 69 e3 
e2 42 23 c0 b8 06 f1 01 01 03 f1 02 01 01 f1 03 01 01 f1 04 02 00 00 f1 05 02 00 83 f1 06 01 04 43 ff e3 
e2 42 0c c0 a3 00 00 f1 01 8a 69 e3 
e2 42 23 c0 b8 06 f1 01 01 04 f1 02 01 01 f1 03 01 01 f1 04 02 00 00 f1 05 02 00 83 f1 06 01 04 68 ef e3 
e2 42 0c c0 a3 00 00 f1 01 8a 69 e3 
e2 42 23 c0 b8 06 f1 01 01 05 f1 02 01 01 f1 03 01 01 f1 04 02 00 00 f1 05 02 00 83 f1 06 01 04 0d e4 e3 
e2 42 0c c0 a3 00 00 f1 01 8a 69 e3 
e2 42 23 c0 b8 06 f1 01 01 06 f1 02 01 01 f1 03 01 01 f1 04 02 00 00 f1 05 02 00 83 f1 06 01 04 a2 f9 e3 
e2 42 0c c0 a3 00 00 f1 01 8a 69 e3 
e2 42 23 c0 b8 06 f1 01 01 07 f1 02 01 01 f1 03 01 01 f1 04 02 00 00 f1 05 02 00 83 f1 06 01 04 c7 f2 e3 
e2 42 0c c0 a3 00 00 f1 01 8a 69 e3 
e2 42 23 c0 b8 06 f1 01 01 08 f1 02 01 01 f1 03 01 01 f1 04 02 00 00 f1 05 02 00 83 f1 06 01 04 f4 d9 e3 
e2 42 0c c0 a3 00 00 f1 01 8a 69 e3 
e2 42 23 c0 b8 06 f1 01 01 09 f1 02 01 01 f1 03 01 01 f1 04 02 00 00 f1 05 02 00 83 f1 06 01 04 91 d2 e3 
e2 42 0c c0 a3 00 00 f1 01 8a 69 e3 
e2 42 23 c0 b8 06 f1 01 01 0a f1 02 01 01 f1 03 01 01 f1 04 02 00 00 f1 05 02 00 83 f1 06 01 04 3e cf e3 
e2 42 0c c0 a3 00 00 f1 01 8a 69 e3 
e2 42 23 c0 b8 06 f1 01 01 0b f1 02 01 01 f1 03 01 01 f1 04 02 00 00 f1 05 02 00 83 f1 06 01 04 5b c4 e3 
e2 42 0c c0 a3 00 00 f1 01 8a 69 e3 
e2 42 23 c0 b8 06 f1 01 01 0c f1 02 01 01 f1 03 01 01 f1 04 02 00 00 f1 05 02 00 83 f1 06 01 04 70 d4 e3 
e2 42 0c c0 a3 00 00 f1 01 8a 69 e3 
e2 42 23 c0 b8 06 f1 01 01 0d f1 02 01 01 f1 03 01 01 f1 04 02 00 00 f1 05 02 00 83 f1 06 01 04 15 df e3 
e2 42 0c c0 a3 00 00 f1 01 8a 69 e3 
e2 42 23 c0 b8 06 f1 01 01 0e f1 02 01 01 f1 03 01 01 f1 04 02 00 00 f1 05 02 00 83 f1 06 01 04 ba c2 e3 
e2 42 0c c0 a3 00 00 f1 01 8a 69 e3 
e2 42 23 c0 b8 06 f1 01 01 0f f1 02 01 01 f1 03 01 01 f1 04 02 00 00 f1 05 02 00 83 f1 06 01 04 df c9 e3 
e2 42 0c c0 a3 00 00 f1 01 8a 69 e3 
e2 42 23 c0 b8 06 f1 01 01 10 f1 02 01 01 f1 03 01 01 f1 04 02 00 00 f1 05 02 00 83 f1 06 01 04 dc 94 e3 
e2 42 0c c0 a3 00 00 f1 01 8a 69 e3 
e2 42 23 c0 b8 06 f1 01 01 10 f1 02 01 00 f1 03 01 01 f1 04 02 00 00 f1 05 02 00 83 f1 06 01 04 02 8b e3 
e2 42 23 c0 b8 06 f1 01 01 11 f1 02 01 00 f1 03 01 01 f1 04 02 00 00 f1 05 02 00 83 f1 06 01 04 67 80 e3 
e2 42 0c c0 a3 00 00 f1 01 8a 69 e3 
e2 42 23 c0 b8 06 f1 01 01 12 f1 02 01 00 f1 03 01 01 f1 04 02 00 00 f1 05 02 00 83 f1 06 01 04 c8 9d e3 
e2 42 0c c0 a3 00 00 f1 01 8a 69 e3 
e2 42 23 c0 b8 06 f1 01 01 13 f1 02 01 00 f1 03 01 01 f1 04 02 00 00 f1 05 02 00 83 f1 06 01 04 ad 96 e3 
e2 42 0c c0 a3 00 00 f1 01 8a 69 e3 
e2 42 23 c0 b8 06 f1 01 01 14 f1 02 01 00 f1 03 01 01 f1 04 02 00 00 f1 05 02 00 83 f1 06 01 04 86 86 e3 
e2 42 0c c0 a3 00 00 f1 01 8a 69 e3 
e2 42 23 c0 b8 06 f1 01 01 15 f1 02 01 00 f1 03 01 01 f1 04 02 00 00 f1 05 02 00 83 f1 06 01 04 e0 e3 8d e3 
e2 42 0c c0 a3 00 00 f1 01 8a 69 e3                   
