00000000 00 e2 be 0c 87 f2 01 60   03 00 43 3c e3 e2 be 0c 	
00000016 87 f2 01 60 03 00 43 3c   e3 e2 be 0c 87 f2 01 60 	..␁`␃
00000032 03 00 43 3c e3 e2 be 0c   87 f2 01 60 03 00 43 3c 	␃
00000048 e3 e2 ff 08 87 01 da 7d   e3 e2 87 0c bc 01 00 01 	...␈.␁.}  ...␌.␁
00000064 01 25 a9 09 e3 e1 e2 ff   08 be f3 aa 2d e3 e2 be 	␁%.␉....  ␈...-...
00000080 09 bc f3 00 9a 4d e3 e1   e2 be 09 87 f3 00 af 19 	␉..
00000096 e3 e1 e2 ff 0b be f4 01   ff ff bf 15 e3 e2 be 09 	....␋..␁  ...␕...␉
00000112 87 f4 00 36 8e e3 e1 e2   be 09 bc f4 00 03 da e3 	..
00000128 e1 e2 ff 0b be f4 01 ff   ff bf 15 e3 e2 be 09 87 	...␋..␁.  ..␕...␉.
00000144 f4 00 36 8e e3 e1 e2 be   09 bc f4 00 03 da e3 e1 	.
00000160 e2 ff 0a be 02 02 01 e0   e1 d8 e3 e2 ff 08 be f3 	..␊.␂␂␁.  .....␈..
00000176 aa 2d e3 e2 be 09 bc f3   00 9a 4d e3 e1 e2 be 09 	.-...␉..  
00000192 87 f3 00 af 19 e3 e1 e2   ff 0a be 02 02 01 e0 e1 	..
00000208 d8 e3 e2 ff 0a be 02 02   01 e0 e1 d8 e3 e2 ff 08 	....␊.␂␂  ␁......␈
00000224 be 01 65 70 e3 22 e2 00   08 be 01 2e d3 e3 e2 be 	.␁ep.".
00000240 0c bc 01 00 01 01 25 b6   dc e3 e1 e2 be 10 87 01 	␌.␁
00000256 01 0e 01 38 00 00 00 00   de 4c e3 e1 e2 be 0c 88 	␁␎␁8
00000272 01 01 02 05 33 0e 26 e3   e1 e2 be 0c 8a 01 01 02 	␁␁␂␅3␎&.  ...␌.␁␁␂
00000288 05 33 85 66 e3 e1 e2 00   08 be 01 2e d3 e3 e2 00 	␅3.f...
00000304 08 be 01 2e d3 e3 e2 00   08 be 01 2e d3 e3 e2 00 	␈.␁....
00000320 08 be 01 2e d3 e3 e2 02   08 be 01 c3 bb e3 e2 02 	␈.␁....␂  ␈.␁....␂
00000336 08 be 01 c3 bb e3 e2 02   08 be 01 c3 bb e3 e2 02 	␈.␁....␂  ␈.␁....␂
00000352 08 be 01 c3 bb e3 e2 02   08 be 01 c3 bb e3 e2 03 	␈.␁....␂  ␈.␁....␃
00000368 08 be 01 b5 0f e3 e2 03   08 be 01 b5 0f e3 e2 03 	␈.␁.␏..␃  ␈.␁.␏..␃
00000384 08 be 01 b5 0f e3 e2 03   08 be 01 b5 0f e3 e2 03 	␈.␁.␏..␃  ␈.␁.␏..␃
00000400 08 be 01 b5 0f e3 e2 04   08 be 01 e4 22 e3 e2 04 	␈.␁.␏..␄  ␈.␁."..␄
00000416 08 be 01 e4 22 e3 e2 04   08 be 01 e4 22 e3 e2 04 	␈.␁."..␄  ␈.␁."..␄
00000432 08 be 01 e4 22 e3 e2 04   08 be 01 e4 22 e3 e2 80 	␈.␁."..␄  ␈.␁."...
00000448 08 be 01 f3 eb e3 e2 80   08 be 01 f3 eb e3 e2 80 	␈.␁.....  ␈.␁.....
00000464 08 be 01 f3 eb e3 e2 80   08 be 01 f3 eb e3 e2 80 	␈.␁.....  ␈.␁.....
00000480 08 be 01 f3 eb e3 e2 81   08 be 01 85 5f e3 e2 81 	␈.␁.....  ␈.␁._...
00000496 08 be 01 85 5f e3 e2 81   08 be 01 85 5f e3 e2 81 	␈.␁._...  ␈.␁._...
00000512 08 be 01 85 5f e3 e2 81   08 be 01 85 5f e3 e2 82 	␈.␁._...  ␈.␁._...
00000528 08 be 01 1e 83 e3 e2 82   08 be 01 1e 83 e3 e2 82 	␈.␁␞....  ␈.␁␞....
00000544 08 be 01 1e 83 e3 e2 82   08 be 01 1e 83 e3 e2 82 	␈.␁␞....  ␈.␁␞....
00000560 08 be 01 1e 83 e3 e2 83   08 be 01 68 37 e3 e2 83 	␈.␁␞....  ␈.␁h7...
00000576 08 be 01 68 37 e3 e2 83   08 be 01 68 37 e3 e2 83 	␈.␁h7...  ␈.␁h7...
00000592 08 be 01 68 37 e3 e2 83   08 be 01 68 37 e3 e2 84 	␈.␁h7...  ␈.␁h7...
00000608 08 be 01 39 1a e3 e2 84   08 be 01 39 1a e3 e2 84 	␈.␁9␚...  ␈.␁9␚...
00000624 08 be 01 39 1a e3 e2 84   08 be 01 39 1a e3 e2 84 	␈.␁9␚...  ␈.␁9␚...
00000640 08 be 01 39 1a e3 e2 85   08 be 01 4f ae e3 e2 85 	␈.␁9␚...  ␈.␁O....
00000656 08 be 01 4f ae e3 e2 85   08 be 01 4f ae e3 e2 85 	␈.␁O....  ␈.␁O....
00000672 08 be 01 4f ae e3 e2 85   08 be 01 4f ae e3 e2 86 	␈.␁O....  ␈.␁O....
00000688 08 be 01 d4 72 e3 e2 86   08 be 01 d4 72 e3 e2 86 	␈.␁.r...  ␈.␁.r...
00000704 08 be 01 d4 72 e3 e2 86   08 be 01 d4 72 e3 e2 86 	␈.␁.r...  ␈.␁.r...
00000720 08 be 01 d4 72 e3 e2 9f   08 be 01 3c a2 e3 e2 9f 	␈.␁.r...  ␈.␁<....
00000736 08 be 01 3c a2 e3 e2 9f   08 be 01 3c a2 e3 e2 9f 	␈.␁<....  ␈.␁<....
00000752 08 be 01 3c a2 e3 e2 9f   08 be 01 3c a2 e3 e2 ff 	␈.␁<....  ␈.␁<....
00000768 08 be 01 65 70 e3 02 e2   00 08 be 01 2e d3 e3 e2 	␈.␁ep.␂.  
00000784 be 0c bc 01 00 01 01 25   b6 dc e3 e1 e2 be 10 87 	.␌.␁
00000800 01 01 0e 01 38 00 00 00   00 de 4c e3 e1 e2 be 0c 	␁␁␎␁8
00000816 8a 01 01 02 05 33 85 66   e3 e1 e2 be 0c 88 01 01 	.␁␁␂␅3.f  ....␌.␁␁
00000832 02 05 33 0e 26 e3 e1 e2   00 08 be 01 2e d3 e3 e2 	␂␅3␎&...  
00000848 00 08 be 01 2e d3 e3 e2   00 08 be 01 2e d3 e3 e2 	
00000864 00 08 be 01 2e d3 e3 e2   02 08 be 01 c3 bb e3 e2 	
00000880 02 08 be 01 c3 bb e3 e2   02 08 be 01 c3 bb e3 e2 	␂␈.␁....  ␂␈.␁....
00000896 02 08 be 01 c3 bb e3 e2   02 08 be 01 c3 bb e3 e2 	␂␈.␁....  ␂␈.␁....
00000912 03 08 be 01 b5 0f e3 e2   03 08 be 01 b5 0f e3 e2 	␃␈.␁.␏..  ␃␈.␁.␏..
00000928 03 08 be 01 b5 0f e3 e2   03 08 be 01 b5 0f e3 e2 	␃␈.␁.␏..  ␃␈.␁.␏..
00000944 03 08 be 01 b5 0f e3 e2   04 08 be 01 e4 22 e3 e2 	␃␈.␁.␏..  ␄␈.␁."..
00000960 04 08 be 01 e4 22 e3 e2   04 08 be 01 e4 22 e3 e2 	␄␈.␁."..  ␄␈.␁."..
00000976 04 08 be 01 e4 22 e3 e2   04 08 be 01 e4 22 e3 e2 	␄␈.␁."..  ␄␈.␁."..
00000992 80 08 be 01 f3 eb e3 e2   80 08 be 01 f3 eb e3 e2 	.␈.␁....  .␈.␁....
00001008 80 08 be 01 f3 eb e3 e2   80 08 be 01 f3 eb e3 e2 	.␈.␁....  .␈.␁....
00001024 80 08 be 01 f3 eb e3 e2   81 08 be 01 85 5f e3 e2 	.␈.␁....  .␈.␁._..
00001040 81 08 be 01 85 5f e3 e2   81 08 be 01 85 5f e3 e2 	.␈.␁._..  .␈.␁._..
00001056 81 08 be 01 85 5f e3 e2   81 08 be 01 85 5f e3 e2 	.␈.␁._..  .␈.␁._..
00001072 82 08 be 01 1e 83 e3 e2   82 08 be 01 1e 83 e3 e2 	.␈.␁␞...  .␈.␁␞...
00001088 82 08 be 01 1e 83 e3 e2   82 08 be 01 1e 83 e3 e2 	.␈.␁␞...  .␈.␁␞...
00001104 82 08 be 01 1e 83 e3 e2   83 08 be 01 68 37 e3 e2 	.␈.␁␞...  .␈.␁h7..
00001120 83 08 be 01 68 37 e3 e2   83 08 be 01 68 37 e3 e2 	.␈.␁h7..  .␈.␁h7..
00001136 83 08 be 01 68 37 e3 e2   83 08 be 01 68 37 e3 e2 	.␈.␁h7..  .␈.␁h7..
00001152 84 08 be 01 39 1a e3 e2   84 08 be 01 39 1a e3 e2 	.␈.␁9␚..  .␈.␁9␚..
00001168 84 08 be 01 39 1a e3 e2   84 08 be 01 39 1a e3 e2 	.␈.␁9␚..  .␈.␁9␚..
00001184 84 08 be 01 39 1a e3 e2   85 08 be 01 4f ae e3 e2 	.␈.␁9␚..  .␈.␁O...
00001200 85 08 be 01 4f ae e3 e2   85 08 be 01 4f ae e3 e2 	.␈.␁O...  .␈.␁O...
00001216 85 08 be 01 4f ae e3 e2   85 08 be 01 4f ae e3 e2 	.␈.␁O...  .␈.␁O...
00001232 86 08 be 01 d4 72 e3 e2   86 08 be 01 d4 72 e3 e2 	.␈.␁.r..  .␈.␁.r..
00001248 86 08 be 01 d4 72 e3 e2   86 08 be 01 d4 72 e3 e2 	.␈.␁.r..  .␈.␁.r..
00001264 86 08 be 01 d4 72 e3 e2   9f 08 be 01 3c a2 e3 e2 	.␈.␁.r..  .␈.␁<...
00001280 9f 08 be 01 3c a2 e3 e2   9f 08 be 01 3c a2 e3 e2 	.␈.␁<...  .␈.␁<...
00001296 9f 08 be 01 3c a2 e3 e2   9f 08 be 01 3c a2 e3 e2 	.␈.␁<...  .␈.␁<...
00001312 ff 08 be 01 65 70 e3 e2   be 0c bc 01 00 01 01 25 	.␈.␁ep..  .␌.␁
00001328 b6 dc e3 e1 e2 be 10 87   01 01 0e 01 38 00 00 00 	......␐.  ␁␁␎␁8
00001344 00 de 4c e3 e1 e2 be 0c   88 01 01 02 05 33 0e 26 	
00001360 e3 e1 e2 be 0c 8a 01 01   02 05 33 85 66 e3 e1 e2 	....␌.␁␁  ␂␅3.f...
00001376 00 08 be 01 2e d3 e3 e2   00 08 be 01 2e d3 e3 e2 	
00001392 00 08 be 01 2e d3 e3 e2   00 08 be 01 2e d3 e3 e2 	
00001408 00 08 be 01 2e d3 e3 e2   02 08 be 01 c3 bb e3 e2 	
00001424 02 08 be 01 c3 bb e3 e2   02 08 be 01 c3 bb e3 e2 	␂␈.␁....  ␂␈.␁....
00001440 02 08 be 01 c3 bb e3 e2   02 08 be 01 c3 bb e3 e2 	␂␈.␁....  ␂␈.␁....
00001456 03 08 be 01 b5 0f e3 e2   03 08 be 01 b5 0f e3 e2 	␃␈.␁.␏..  ␃␈.␁.␏..
00001472 03 08 be 01 b5 0f e3 e2   03 08 be 01 b5 0f e3 e2 	␃␈.␁.␏..  ␃␈.␁.␏..
00001488 03 08 be 01 b5 0f e3 e2   04 08 be 01 e4 22 e3 e2 	␃␈.␁.␏..  ␄␈.␁."..
00001504 04 08 be 01 e4 22 e3 e2   04 08 be 01 e4 22 e3 e2 	␄␈.␁."..  ␄␈.␁."..
00001520 04 08 be 01 e4 22 e3 e2   04 08 be 01 e4 22 e3 e2 	␄␈.␁."..  ␄␈.␁."..
00001536 80 08 be 01 f3 eb e3 e2   80 08 be 01 f3 eb e3 e2 	.␈.␁....  .␈.␁....
00001552 80 08 be 01 f3 eb e3 e2   80 08 be 01 f3 eb e3 e2 	.␈.␁....  .␈.␁....
00001568 80 08 be 01 f3 eb e3 e2   81 08 be 01 85 5f e3 e2 	.␈.␁....  .␈.␁._..
00001584 81 08 be 01 85 5f e3 e2   81 08 be 01 85 5f e3 e2 	.␈.␁._..  .␈.␁._..
00001600 81 08 be 01 85 5f e3 e2   81 08 be 01 85 5f e3 e2 	.␈.␁._..  .␈.␁._..
00001616 82 08 be 01 1e 83 e3 e2   82 08 be 01 1e 83 e3 e2 	.␈.␁␞...  .␈.␁␞...
00001632 82 08 be 01 1e 83 e3 e2   82 08 be 01 1e 83 e3 e2 	.␈.␁␞...  .␈.␁␞...
00001648 82 08 be 01 1e 83 e3 e2   83 08 be 01 68 37 e3 e2 	.␈.␁␞...  .␈.␁h7..
00001664 83 08 be 01 68 37 e3 e2   83 08 be 01 68 37 e3 e2 	.␈.␁h7..  .␈.␁h7..
00001680 83 08 be 01 68 37 e3 e2   83 08 be 01 68 37 e3 e2 	.␈.␁h7..  .␈.␁h7..
00001696 84 08 be 01 39 1a e3 e2   84 08 be 01 39 1a e3 e2 	.␈.␁9␚..  .␈.␁9␚..
00001712 84 08 be 01 39 1a e3 e2   84 08 be 01 39 1a e3 e2 	.␈.␁9␚..  .␈.␁9␚..
00001728 84 08 be 01 39 1a e3 e2   85 08 be 01 4f ae e3 e2 	.␈.␁9␚..  .␈.␁O...
00001744 85 08 be 01 4f ae e3 e2   85 08 be 01 4f ae e3 e2 	.␈.␁O...  .␈.␁O...
00001760 85 08 be 01 4f ae e3 e2   85 08 be 01 4f ae e3 e2 	.␈.␁O...  .␈.␁O...
00001776 be 0c 87 f2 01 60 03 00   43 3c e3 e1 e2 86 08 be 	.␌..␁`␃
00001792 01 d4 72 e3 e2 86 08 be   01 d4 72 e3 e2 86 08 be 	␁.r...␈.  ␁.r...␈.
00001808 01 d4 72 e3 e2 86 08 be   01 d4 72 e3 e2 86 08 be 	␁.r...␈.  ␁.r...␈.
00001824 01 d4 72 e3 e2 9f 08 be   01 3c a2 e3 e2 9f 08 be 	␁.r...␈.  ␁<....␈.
00001840 01 3c a2 e3 e2 9f 08 be   01 3c a2 e3 e2 9f 08 be 	␁<....␈.  ␁<....␈.
00001856 01 3c a2 e3 e2 9f 08 be   01 3c a2 e3 e2 bc 0a be 	␁<....␈.  ␁<....␊.
00001872 dd 03 03 1f fe e3 e1 e2   bc 0a be dd 03 03 1f fe 	.␃␃␟....  .␊..␃␃␟.
00001888 e3 e1 e2 bc 0a be dd 03   03 1f fe e3 e1 e2 87 0b 	....␊..␃  ␃␟.....␋
00001904 be f2 01 60 03 a9 06 e3   e1 e2 87 0d be f5 01 60 	..␁`␃.␆.  ...␍..␁`
00001920 03 01 03 8c f8 e3 e1 e2   be 08 87 f5 6d ce e3 e1 	␃␁␃.....  .␈..m...
00001936 e2 87 0a be dd 03 03 f3   d0 e3 e1 e2 be 16 87 dd 	..␊..␃␃.  .....␖..
00001952 03 03 0b 5a 48 55 33 36   52 53 50 31 53 53 3d 2d 	␃␃␋ZHU36  RSP1SS=-
00001968 e3 e1 e2 bc 0a be dd 03   04 6f 19 e3 e1 e2 bc 0a 	....␊..␃  ␄o␙....␊
00001984 be dd 03 04 6f 19 e3 e1   e2 bc 0a be dd 03 04 6f 	..␃␄o␙..  ..␊..␃␄o
00002000 19 e3 e1 e2 87 0a be dd   03 04 83 37 e3 e1 e2 be 	␙....␊..  ␃␄.7....
00002016 16 87 dd 03 04 0b 53 4e   44 53 30 32 39 31 32 33 	␖..␃␄␋SN  DS029123
00002032 51 37 29 e3 e1 e2 bc 0b   be f0 01 00 08 ec 8d e3 	Q7)....␋  ..␁
00002048 e1 e2 be 09 bc f0 00 cf   1e e3 e1 e2 87 0b be f0 	...␉..
00002064 01 00 08 fe 2f e3 e1 e2   be 0d 87 f0 01 00 08 01 	␁
00002080 11 10 36 e3 e1 e2 87 0b   be f4 01 ff ff a8 d9 e3 	␑␐6....␋  ..␁.....
00002096 e1 e2 be 09 87 f4 00 36   8e e3 e1 e2 87 08 be f3 	...␉..
00002112 6d 9b e3 e1 e2 be 09 87   f3 00 af 19 e3 e1 e2 87 	m.....␉.  .
00002128 0b be f4 01 ff ff a8 d9   e3 e1 e2 be 09 87 f4 00 	␋..␁....  ....␉..
00002144 36 8e e3 e1 e2 87 08 be   f3 6d 9b e3 e1 e2 be 09 	6.....␈.  .m.....␉
00002160 87 f3 00 af 19 e3 e1 e2   87 0b be f4 01 ff ff a8 	..
00002176 d9 e3 e1 e2 be 09 87 f4   00 36 8e e3 e1 e2 87 08 	.....␉..  
00002192 be f3 6d 9b e3 e1 e2 be   09 87 f3 00 af 19 e3 e1 	..m.....  ␉..
00002208 e2 87 0b be f4 01 ff ff   a8 d9 e3 e1 e2 be 09 87 	..␋..␁..  ......␉.
00002224 f4 00 36 8e e3 e1 e2 87   08 be f3 6d 9b e3 e1 e2 	.
00002240 be 09 87 f3 00 af 19 e3   e1 e2 87 0b be f4 01 ff 	.␉..
00002256 ff a8 d9 e3 e1 e2 be 09   87 f4 00 36 8e e3 e1 e2 	.......␉  ..
00002272 87 12 bc f2 03 f3 33 00   f3 13 00 f3 36 00 c4 fe 	.␒..␃.3
00002288 e3 e1 e2 bc 09 87 f2 00   d8 ab e3 e1 e2 87 0d bc 	....␉..
00002304 f1 01 f3 38 01 01 a2 ef   e3 e1 e2 bc 18 87 f2 05 	.␁.8␁␁..  ....␘..␅
00002320 62 00 00 62 01 00 62 02   00 62 03 00 62 04 00 58 	b
00002336 3f e3 e1 e2 bc 0b 87 f1   01 f3 38 4e 6a e3 e1 e2 	?....␋..  ␁.8Nj...
00002352 87 13 bc f2 05 62 00 62   01 62 02 62 03 62 04 91 	.␓..␅b
00002368 94 e3 e1 e2 87 09 bc f1   00 58 bd e3 e1 e2 87 2c 	.....␉..  
00002384 bc f5 05 62 00 04 00 00   00 00 62 01 04 00 00 00 	..␅b
00002400 00 62 02 04 00 00 00 00   62 03 04 00 00 00 00 62 	
00002416 04 04 00 00 00 00 78 fa   e3 e1 e2 bc 08 87 f5 80 	␄␄
00002432 a6 e3 e1 e2 be 0c 87 f2   01 60 03 00 43 3c e3 e1 	.....␌..  ␁`␃
00002448 e2 87 0b be f2 01 60 03   a9 06 e3 e1 e2 87 0d be 	..␋..␁`␃  .␆....␍.
00002464 f5 01 60 03 01 03 8c f8   e3 e1 e2 be 08 87 f5 6d 	.␁`␃␁␃..  ....␈..m
00002480 ce e3 e1 e2 87 08 be f3   6d 9b e3 e1 e2 be 09 87 	.....␈..  m.....␉.
00002496 f3 00 af 19 e3 e1 e2 87   0b be f4 01 ff ff a8 d9 	.
00002512 e3 e1 e2 be 09 87 f4 00   36 8e e3 e1 e2 87 0b be 	....␉..
00002528 f4 01 ff ff a8 d9 e3 e1   e2 be 09 87 f4 00 36 8e 	.␁......  ..␉..
00002544 e3 e1 e2 87 0c be f2 01   00 09 00 4f 27 e3 e1 e2 	....␌..␁  
00002560 be 09 87 f2 00 9c 28 e3   e1 e2 87 0c be f2 01 00 	.␉..
00002576 09 00 4f 27 e3 e1 e2 be   09 87 f2 00 9c 28 e3 e1 	␉
00002592 e2 87 0c be f2 01 50 01   00 98 40 e3 e1 e2 be 09 	..␌..␁P␁  
00002608 87 f2 00 9c 28 e3 e1 e2   87 0c be f2 01 50 02 00 	..
00002624 cd 13 e3 e1 e2 be 09 87   f2 00 9c 28 e3 e1 e2 87 	.␓....␉.  .
00002640 0c be f2 01 50 05 00 54   84 e3 e1 e2 be 09 87 f2 	␌..␁P␅
00002656 00 9c 28 e3 e1 e2 87 0c   be f2 01 50 06 00 01 d7 	
00002672 e3 e1 e2 be 09 87 f2 00   9c 28 e3 e1 e2 87 0b be 	....␉..
00002688 f0 01 57 70 96 98 e3 e1   e2 be 0d 87 f0 01 57 70 	.␁Wp....  ..␍..␁Wp
00002704 01 02 67 db e3 e1 e2 87   0b be f0 01 62 3d f5 91 	␁␂g.....  ␋..␁b=..
00002720 e3 e1 e2 be 1e 87 f0 01   62 3d 12 00 00 00 00 00 	....␞..␁  b=␒
00002736 00 00 00 00 00 00 00 00   00 00 00 00 00 dd a5 e3 	
00002752 e1 e2 87 0c be f2 01 50   09 00 11 e9 e3 e1 e2 be 	...␌..␁P  ␉
00002768 09 87 f2 00 9c 28 e3 e1   e2 87 0c be f2 01 53 00 	␉..
00002784 00 f2 21 e3 e1 e2 be 09   87 f2 00 9c 28 e3 e1 e2 	
00002800 87 0c be f2 01 55 1c 00   06 9f e3 e1 e2 be 0b 87 	.␌..␁U␜
00002816 f2 01 55 1c 66 6b e3 e1   e2 be 0e 87 f5 01 55 1c 	.␁U␜fk..  ..␎..␁U␜
00002832 02 03 04 eb 24 e3 e1 e2   87 0c be f2 01 55 20 00 	␂␃␄.$...  .␌..␁U 
00002848 46 67 e3 e1 e2 be 0b 87   f2 01 55 20 91 b4 e3 e1 	Fg....␋.  .␁U ....
00002864 e2 87 0c be f2 01 56 70   00 11 88 e3 e1 e2 be 0b 	..␌..␁Vp  
00002880 87 f2 01 56 70 9e 12 e3   e1 e2 87 08 be f5 0d 5d 	..␁Vp.␒.  ...␈..␍]
00002896 e3 e1 e2 be 1d 87 f5 02   55 20 0d 00 03 00 03 00 	....␝..␂  U ␍
00002912 00 00 01 00 01 00 01 00   56 70 01 00 b9 a3 e3 e1 	
00002928 e2 87 0b be f0 01 57 78   17 90 e3 e1 e2 be 20 87 	..␋..␁Wx  ␗..... .
00002944 f0 01 57 78 14 00 00 00   00 00 00 00 00 00 00 00 	.␁Wx␔
00002960 00 00 00 00 00 00 00 00   00 ea ba e3 e1 e2 87 0b 	
00002976 be f0 01 57 7c 57 14 e3   e1 e2 be 20 87 f0 01 57 	..␁W|W␔.  ... ..␁W
00002992 7c 14 00 00 00 00 00 00   00 00 00 00 00 00 00 00 	|␔
00003008 00 00 00 00 00 00 4d fb   e3 e1 e2 87 0c be f2 01 	
00003024 56 72 00 77 ea e3 e1 e2   be 09 87 f2 00 9c 28 e3 	Vr
00003040 e1 e2 87 0c be f2 01 56   74 00 dd 4c e3 e1 e2 be 	...␌..␁V  t
00003056 0b 87 f2 01 56 74 de 96   e3 e1 e2 be 0e 87 f5 01 	␋..␁Vt..  ....␎..␁
00003072 56 74 02 00 00 cc 30 e3   e1 e2 87 08 be f5 0d 5d 	Vt␂
00003088 e3 e1 e2 87 0c be f2 01   56 75 00 ee 7d e3 e1 e2 	....␌..␁  Vu
00003104 be 0b 87 f2 01 56 75 ce   b7 e3 e1 e2 87 0c be f2 	.␋..␁Vu.  .....␌..
00003120 01 57 71 00 15 89 e3 e1   e2 be 0b 87 f2 01 57 71 	␁Wq
00003136 bd 02 e3 e1 e2 87 0b be   f0 01 00 8f 1f 40 e3 e1 	.␂....␋.  .␁
00003152 e2 be 20 87 f5 02 56 75   01 00 57 71 10 ff 00 00 	.. ..␂Vu  ␁
00003168 00 00 50 01 f4 ff 00 00   00 f4 20 fc ff 85 ed e3 	
00003184 e1 e2 be 09 87 f0 00 fa   4a e3 e1 e2 87 0b be f0 	...␉..
00003200 01 57 71 86 b9 e3 e1 e2   be 1c 87 f0 01 57 71 10 	␁Wq.....  .␜..␁Wq␐
00003216 ff 00 00 00 00 50 01 f4   ff 00 00 00 f4 20 fc ff 	.
00003232 99 ad e3 e1 e2 87 0b be   f0 01 57 79 07 b1 e3 e1 	......␋.  .␁Wy␇...
00003248 e2 be 20 87 f0 01 57 79   14 00 00 00 00 00 00 00 	.. ..␁Wy  ␔
00003264 00 00 00 00 00 00 00 00   00 00 00 00 00 87 62 e3 	
00003280 e1 e2 87 0b be f0 01 57   7d 47 35 e3 e1 e2 be 20 	...␋..␁W  }G5.... 
00003296 87 f0 01 57 7d 14 00 00   00 00 00 00 00 00 00 00 	..␁W}␔
00003312 00 00 00 00 00 00 00 00   00 00 20 23 e3 e1 e2 87 	
00003328 0b be f0 01 62 3d f5 91   e3 e1 e2 be 1e 87 f0 01 	␋..␁b=..  ....␞..␁
00003344 62 3d 12 00 00 00 00 00   00 00 00 00 00 00 00 00 	b=␒
00003360 00 00 00 00 00 dd a5 e3   e1 e2 87 08 be f5 0d 5d 	
00003376 e3 e1 e2 87 0c be f2 01   57 72 00 40 da e3 e1 e2 	....␌..␁  Wr
00003392 be 0b 87 f2 01 57 72 8d   61 e3 e1 e2 87 08 be f5 	.␋..␁Wr.  a....␈..
00003408 0d 5d e3 e1 e2 be 1c 87   f5 01 57 72 10 ff 00 00 	␍]....␜.  .␁Wr␐.
00003424 00 00 50 01 f4 ff 00 00   00 f4 20 fc ff 2b 92 e3 	
00003440 e1 e2 87 0c be f2 01 57   73 00 73 eb e3 e1 e2 be 	...␌..␁W  s
00003456 09 87 f2 00 9c 28 e3 e1   e2 87 0b be f0 01 56 73 	␉..
00003472 95 ca e3 e1 e2 be 0e 87   f0 01 56 73 02 00 00 e4 	......␎.  .␁Vs␂
00003488 ba e3 e1 e2 87 0b be f0   01 57 72 b6 da e3 e1 e2 	.....␋..  ␁Wr.....
00003504 be 1c 87 f0 01 57 72 10   ff 00 00 00 00 50 01 f4 	.␜..␁Wr␐  .
00003520 ff 00 00 00 f4 20 fc ff   99 df e3 e1 e2 87 0b be 	.
00003536 f0 01 57 7a 37 d2 e3 e1   e2 be 09 87 f0 00 fa 4a 	.␁Wz7...  ..␉..
00003552 e3 e1 e2 87 0b be f0 01   57 7e 77 56 e3 e1 e2 be 	....␋..␁  W~wV....
00003568 20 87 f0 01 57 7e 14 00   00 00 00 00 00 00 00 00 	 ..␁W~␔
00003584 00 00 00 00 00 00 00 00   00 00 00 96 4b e3 e1 e2 	
00003600 87 0b be f0 01 62 3e c5   f2 e3 e1 e2 be 1e 87 f0 	.␋..␁b>.  .....␞..
00003616 01 62 3e 12 00 00 00 00   00 00 00 00 00 00 00 00 	␁b>␒
00003632 00 00 00 00 00 00 83 70   e3 e1 e2 87 0b be f0 01 	
00003648 62 3f d5 d3 e3 e1 e2 be   1e 87 f0 01 62 3f 12 00 	b?......  ␞..␁b?␒
00003664 00 00 00 00 00 00 00 00   00 00 00 00 00 00 00 00 	
00003680 00 b6 c3 e3 e1 e2 87 0b   be f0 01 62 40 5a ab e3 	
00003696 e1 e2 be 1e 87 f0 01 62   40 12 00 00 00 00 00 00 	...␞..␁b  @␒
00003712 00 00 00 00 00 00 00 00   00 00 00 00 83 fb e3 e1 	
00003728 e2 87 0c be f2 01 57 73   00 73 eb e3 e1 e2 be 09 	..␌..␁Ws  
00003744 87 f2 00 9c 28 e3 e1 e2   87 0c be f2 01 57 74 00 	..
00003760 ea 7c e3 e1 e2 be 0b 87   f2 01 57 74 ed a7 e3 e1 	.|....␋.  .␁Wt....
00003776 e2 87 0b be f0 01 57 73   a6 fb e3 e1 e2 be 09 87 	..␋..␁Ws  ......␉.
00003792 f0 00 fa 4a e3 e1 e2 87   0b be f0 01 57 78 17 90 	.
00003808 e3 e1 e2 be 20 87 f0 01   57 78 14 00 00 00 00 00 	.... ..␁  Wx␔
00003824 00 00 00 00 00 00 00 00   00 00 00 00 00 00 00 ea 	
00003840 ba e3 e1 e2 be 1c 87 f5   01 57 74 10 ff 00 00 00 	.....␜..  ␁Wt␐.
00003856 00 50 01 f4 ff 00 00 00   f4 20 fc ff 2b 76 e3 e1 	
00003872 e2 87 0b be f0 01 57 7b   27 f3 e3 e1 e2 be 20 87 	..␋..␁W{  '..... .
00003888 f0 01 57 7b 14 00 00 00   00 00 00 00 00 00 00 00 	.␁W{␔
00003904 00 00 00 00 00 00 00 00   00 5c d2 e3 e1 e2 87 0b 	
00003920 be f0 01 57 7c 57 14 e3   e1 e2 be 20 87 f0 01 57 	..␁W|W␔.  ... ..␁W
00003936 7c 14 00 00 00 00 00 00   00 00 00 00 00 00 00 00 	|␔
00003952 00 00 00 00 00 00 4d fb   e3 e1 e2 87 0b be f0 01 	
00003968 62 3d f5 91 e3 e1 e2 be   1e 87 f0 01 62 3d 12 00 	b=......  ␞..␁b=␒
00003984 00 00 00 00 00 00 00 00   00 00 00 00 00 00 00 00 	
00004000 00 dd a5 e3 e1 e2 87 08   be f5 0d 5d e3 e1 e2 87 	
00004016 0c be f2 01 57 75 00 d9   4d e3 e1 e2 be 0b 87 f2 	␌..␁Wu
00004032 01 57 75 fd 86 e3 e1 e2   87 0b be f0 01 57 74 d6 	␁Wu.....  .␋..␁Wt.
00004048 1c e3 e1 e2 be 1c 87 f0   01 57 74 10 ff 00 00 00 	␜....␜..  ␁Wt␐.
00004064 00 50 01 f4 ff 00 00 00   f4 20 fc ff 99 3b e3 e1 	
00004080 e2 be 1c 87 f5 01 57 75   10 ff 00 00 00 00 50 01 	..␜..␁Wu  ␐.
00004096 f4 ff 00 00 00 f4 20 fc   ff db 47 e3 e1 e2 87 0b 	..
00004112 be f0 01 62 00 12 6f e3   e1 e2 be 10 87 f0 01 62 	..␁b
00004128 00 04 00 00 00 00 02 12   e3 e1 e2 87 0b be f0 01 	
00004144 62 01 02 4e e3 e1 e2 be   10 87 f0 01 62 01 04 00 	b␁␂N....  ␐..␁b␁␄
00004160 00 00 00 47 b2 e3 e1 e2   87 0b be f0 01 62 02 32 	
00004176 2d e3 e1 e2 be 10 87 f0   01 62 02 04 00 00 00 00 	-....␐..  ␁b␂␄
00004192 89 52 e3 e1 e2 87 0b be   f0 01 62 03 22 0c e3 e1 	.R....␋.  .␁b␃"␌..
00004208 e2 be 10 87 f0 01 62 03   04 00 00 00 00 cc f2 e3 	..␐..␁b␃  ␄
00004224 e1 e2 87 0b be f0 01 62   04 52 eb e3 e1 e2 be 10 	...␋..␁b  ␄R.....␐
00004240 87 f0 01 62 04 04 00 00   00 00 04 b3 e3 e1 e2 87 	..␁b␄␄
00004256 0c be f2 01 57 76 00 8c   1e e3 e1 e2 be 0b 87 f2 	␌..␁Wv
00004272 01 57 76 cd e5 e3 e1 e2   87 0b be f0 01 00 8f 1f 	␁Wv.....  .␋..␁
00004288 40 e3 e1 e2 be 1c 87 f5   01 57 76 10 ff 00 00 00 	@....␜..  ␁Wv␐.
00004304 00 50 01 f4 ff 00 00 00   f4 20 fc ff db 35 e3 e1 	
00004320 e2 be 09 87 f0 00 fa 4a   e3 e1 e2 87 0b be f0 01 	..␉..
00004336 57 75 c6 3d e3 e1 e2 be   1c 87 f0 01 57 75 10 ff 	Wu.=....  ␜..␁Wu␐.
00004352 00 00 00 00 50 01 f4 ff   00 00 00 f4 20 fc ff 69 	
00004368 0a e3 e1 e2 87 0b be f0   01 57 79 07 b1 e3 e1 e2 	␊....␋..  ␁Wy␇....
00004384 be 20 87 f0 01 57 79 14   00 00 00 00 00 00 00 00 	. ..␁Wy␔  
00004400 00 00 00 00 00 00 00 00   00 00 00 00 87 62 e3 e1 	
00004416 e2 87 0b be f0 01 57 7d   47 35 e3 e1 e2 be 20 87 	..␋..␁W}  G5.... .
00004432 f0 01 57 7d 14 00 00 00   00 00 00 00 00 00 00 00 	.␁W}␔
00004448 00 00 00 00 00 00 00 00   00 20 23 e3 e1 e2 87 0b 	
00004464 be f0 01 62 3d f5 91 e3   e1 e2 be 1e 87 f0 01 62 	..␁b=...  ...␞..␁b
00004480 3d 12 00 00 00 00 00 00   00 00 00 00 00 00 00 00 	=␒
00004496 00 00 00 00 dd a5 e3 e1   e2 87 0b be f0 01 63 00 	
00004512 21 5e e3 e1 e2 be 09 87   f0 00 fa 4a e3 e1 e2 87 	!^....␉.  .
00004528 0c be f2 01 57 77 00 bf   2f e3 e1 e2 be 0b 87 f2 	␌..␁Ww
00004544 01 57 77 dd c4 e3 e1 e2   87 08 be f5 0d 5d e3 e1 	␁Ww.....  .␈..␍]..
00004560 e2 be 1c 87 f5 01 57 77   10 ff 00 00 00 00 50 01 	..␜..␁Ww  ␐.
00004576 f4 ff 00 00 00 f4 20 fc   ff 2b 04 e3 e1 e2 87 0c 	..
00004592 be f2 01 62 00 00 00 b4   e3 e1 e2 be 0b 87 f2 01 	..␁b
00004608 62 00 29 d4 e3 e1 e2 87   0b be f0 01 57 76 f6 5e 	b
00004624 e3 e1 e2 be 1c 87 f0 01   57 76 10 ff 00 00 00 00 	....␜..␁  Wv␐.
00004640 50 01 f4 ff 00 00 00 f4   20 fc ff 69 78 e3 e1 e2 	P␁..
00004656 be 10 87 f5 01 62 00 04   00 00 00 00 75 de e3 e1 	.␐..␁b
00004672 e2 87 0b be f0 01 57 78   17 90 e3 e1 e2 be 20 87 	..␋..␁Wx  ␗..... .
00004688 f0 01 57 78 14 00 00 00   00 00 00 00 00 00 00 00 	.␁Wx␔
00004704 00 00 00 00 00 00 00 00   00 ea ba e3 e1 e2 87 0b 	
00004720 be f0 01 57 7c 57 14 e3   e1 e2 be 20 87 f0 01 57 	..␁W|W␔.  ... ..␁W
00004736 7c 14 00 00 00 00 00 00   00 00 00 00 00 00 00 00 	|␔
00004752 00 00 00 00 00 00 4d fb   e3 e1 e2 87 0b be f0 01 	
00004768 62 3c e5 b0 e3 e1 e2 be   1e 87 f0 01 62 3c 12 00 	b<......  ␞..␁b<␒
00004784 00 00 00 00 00 00 00 00   00 00 00 00 00 00 00 00 	
00004800 00 e8 16 e3 e1 e2 87 0c   be f2 01 62 00 00 00 b4 	
00004816 e3 e1 e2 be 0b 87 f2 01   62 00 29 d4 e3 e1 e2 87 	....␋..␁  b
00004832 08 be f5 0d 5d e3 e1 e2   be 10 87 f5 01 62 00 04 	␈..␍]...  .␐..␁b
00004848 00 00 00 00 75 de e3 e1   e2 87 0c be f2 01 62 01 	
00004864 00 33 85 e3 e1 e2 be 0b   87 f2 01 62 01 39 f5 e3 	
00004880 e1 e2 87 08 be f5 0d 5d   e3 e1 e2 be 10 87 f5 01 	...␈..␍]  ....␐..␁
00004896 62 01 04 00 00 00 00 30   7e e3 e1 e2 87 0c be f2 	b␁␄
00004912 01 62 02 00 66 d6 e3 e1   e2 be 0b 87 f2 01 62 02 	␁b␂
00004928 09 96 e3 e1 e2 be 10 87   f5 01 62 02 04 00 00 00 	␉.....␐.  .␁b␂␄
00004944 00 fe 9e e3 e1 e2 87 0c   be f2 01 62 03 00 55 e7 	
00004960 e3 e1 e2 be 0b 87 f2 01   62 03 19 b7 e3 e1 e2 87 	....␋..␁  b␃␙.....
00004976 0b be f0 01 50 05 21 3d   e3 e1 e2 be 09 87 f0 00 	␋..␁P␅!=  ....␉..
00004992 fa 4a e3 e1 e2 87 0b be   f0 01 53 00 24 cb e3 e1 	.J....␋.  .␁S
00005008 e2 be 09 87 f0 00 fa 4a   e3 e1 e2 be 10 87 f5 01 	..␉..
00005024 62 03 04 00 00 00 00 bb   3e e3 e1 e2 87 0b be f0 	b␃␄
00005040 01 56 71 b5 88 e3 e1 e2   be 10 87 f0 01 56 71 04 	␁Vq.....  .␐..␁Vq␄
00005056 00 00 00 00 9a 65 e3 e1   e2 87 0b be f0 01 56 73 	
00005072 95 ca e3 e1 e2 be 0e 87   f0 01 56 73 02 00 00 e4 	......␎.  .␁Vs␂
00005088 ba e3 e1 e2 87 0b be f0   01 57 7a 37 d2 e3 e1 e2 	.....␋..  ␁Wz7....
00005104 be 09 87 f0 00 fa 4a e3   e1 e2 87 0b be f0 01 57 	.␉..
00005120 7e 77 56 e3 e1 e2 be 20   87 f0 01 57 7e 14 00 00 	~wV....   ..␁W~␔
00005136 00 00 00 00 00 00 00 00   00 00 00 00 00 00 00 00 	
00005152 00 00 96 4b e3 e1 e2 87   0b be f0 01 62 3d f5 91 	
00005168 e3 e1 e2 be 1e 87 f0 01   62 3d 12 00 00 00 00 00 	....␞..␁  b=␒
00005184 00 00 00 00 00 00 00 00   00 00 00 00 00 dd a5 e3 	
00005200 e1 e2 87 0b be f0 01 62   3e c5 f2 e3 e1 e2 be 1e 	...␋..␁b  >......␞
00005216 87 f0 01 62 3e 12 00 00   00 00 00 00 00 00 00 00 	..␁b>␒
00005232 00 00 00 00 00 00 00 00   83 70 e3 e1 e2 87 0b be 	
00005248 f0 01 62 3f d5 d3 e3 e1   e2 be 1e 87 f0 01 62 3f 	.␁b?....  ..␞..␁b?
00005264 12 00 00 00 00 00 00 00   00 00 00 00 00 00 00 00 	␒
00005280 00 00 00 b6 c3 e3 e1 e2   87 0b be f0 01 62 40 5a 	
00005296 ab e3 e1 e2 be 1e 87 f0   01 62 40 12 00 00 00 00 	.....␞..  ␁b@␒
00005312 00 00 00 00 00 00 00 00   00 00 00 00 00 00 83 fb 	
00005328 e3 e1 e2 87 08 be f5 0d   5d e3 e1 e2 87 0b be f0 	....␈..␍  ]....␋..
00005344 01 50 06 11 5e e3 e1 e2   be 09 87 f0 00 fa 4a e3 	␁P␆␑^...  .␉..
00005360 e1 e2 87 08 be f5 0d 5d   e3 e1 e2 87 0c be f2 01 	...␈..␍]  ....␌..␁
00005376 62 04 00 cc 70 e3 e1 e2   be 0b 87 f2 01 62 04 69 	b␄
00005392 50 e3 e1 e2 87 0b be f0   01 00 8f 1f 40 e3 e1 e2 	P....␋..  ␁
00005408 be 09 87 f0 00 fa 4a e3   e1 e2 87 0b be f0 01 50 	.␉..
00005424 09 e0 e0 b1 e3 e1 e2 be   09 87 f0 00 fa 4a e3 e1 	␉.......  ␉..
00005440 e2 be 10 87 f5 01 62 04   04 00 00 00 00 73 7f e3 	..␐..␁b␄  ␄
00005456 e1 e2 87 0b be f0 01 57   73 a6 fb e3 e1 e2 be 09 	...␋..␁W  s......␉
00005472 87 f0 00 fa 4a e3 e1 e2   87 0b be f0 01 57 78 17 	..
00005488 90 e3 e1 e2 be 20 87 f0   01 57 78 14 00 00 00 00 	..... ..  ␁Wx␔
00005504 00 00 00 00 00 00 00 00   00 00 00 00 00 00 00 00 	
00005520 ea ba e3 e1 e2 87 0b be   f0 01 57 79 07 b1 e3 e1 	......␋.  .␁Wy␇...
00005536 e2 be 20 87 f0 01 57 79   14 00 00 00 00 00 00 00 	.. ..␁Wy  ␔
00005552 00 00 00 00 00 00 00 00   00 00 00 00 00 87 62 e3 	
00005568 e1 e2 87 0b be f0 01 57   7b 27 f3 e3 e1 e2 be 20 	...␋..␁W  {'..... 
00005584 87 f0 01 57 7b 14 00 00   00 00 00 00 00 00 00 00 	..␁W{␔
00005600 00 00 00 00 00 00 00 00   00 00 5c d2 e3 e1 e2 87 	
00005616 0b be f0 01 57 7c 57 14   e3 e1 e2 be 20 87 f0 01 	␋..␁W|W␔  .... ..␁
00005632 57 7c 14 00 00 00 00 00   00 00 00 00 00 00 00 00 	W|␔
00005648 00 00 00 00 00 00 00 4d   fb e3 e1 e2 87 0b be f0 	
00005664 01 57 7d 47 35 e3 e1 e2   be 20 87 f0 01 57 7d 14 	␁W}G5...  . ..␁W}␔
00005680 00 00 00 00 00 00 00 00   00 00 00 00 00 00 00 00 	
00005696 00 00 00 00 20 23 e3 e1   e2 87 0b be f0 01 62 3d 	
00005712 f5 91 e3 e1 e2 be 1e 87   f0 01 62 3d 12 00 00 00 	......␞.  .␁b=␒
00005728 00 00 00 00 00 00 00 00   00 00 00 00 00 00 00 dd 	
00005744 a5 e3 e1 e2 87 08 be f5   0d 5d e3 e1 e2 87 08 be 	.....␈..  ␍]....␈.
00005760 f3 6d 9b e3 e1 e2 be 39   87 f3 10 55 1c 00 55 20 	.m.....9  ..␐U␜
00005776 00 56 70 00 56 74 00 56   75 00 57 71 00 57 72 00 	
00005792 57 74 00 57 75 00 57 76   00 57 77 00 62 00 00 62 	Wt
00005808 01 00 62 02 00 62 03 00   62 04 00 72 11 e3 e1 e2 	␁
00005824 87 0b be f0 01 50 00 71   98 e3 e1 e2 be 09 87 f0 	.␋..␁P
00005840 00 fa 4a e3 e1 e2 87 08   be f5 0d 5d e3 e1 e2 87 	
00005856 0b be f0 01 50 03 41 fb   e3 e1 e2 be 09 87 f0 00 	␋..␁P␃A.  ....␉..
00005872 fa 4a e3 e1 e2 87 0b be   f0 01 62 3d f5 91 e3 e1 	.J....␋.  .␁b=....
00005888 e2 be 1e 87 f0 01 62 3d   12 00 00 00 00 00 00 00 	..␞..␁b=  ␒
00005904 00 00 00 00 00 00 00 00   00 00 00 dd a5 e3 e1 e2 	
00005920 87 08 be f5 0d 5d e3 e1   e2 87 0b be f0 01 00 07 	.␈..␍]..  ..␋..␁
00005936 0f c0 e3 e1 e2 be 0d 87   f0 01 00 07 01 00 3e 17 	␏.....␍.  .␁
00005952 e3 e1 e2 87 0b be f0 01   50 01 61 b9 e3 e1 e2 be 	....␋..␁  P␁a.....
00005968 09 87 f0 00 fa 4a e3 e1   e2 87 0b be f0 01 56 73 	␉..
00005984 95 ca e3 e1 e2 be 0e 87   f0 01 56 73 02 00 00 e4 	......␎.  .␁Vs␂
00006000 ba e3 e1 e2 87 0b be f0   01 56 76 c5 6f e3 e1 e2 	.....␋..  ␁Vv.o...
00006016 be 0e 87 f0 01 56 76 02   00 00 58 ff e3 e1 e2 87 	.␎..␁Vv␂  
00006032 0b be f0 01 56 77 d5 4e   e3 e1 e2 be 0d 87 f0 01 	␋..␁Vw.N  ....␍..␁
00006048 56 77 01 00 b4 bd e3 e1   e2 87 0b be f0 01 57 78 	Vw␁
00006064 17 90 e3 e1 e2 be 20 87   f0 01 57 78 14 00 00 00 	␗..... .  .␁Wx␔
00006080 00 00 00 00 00 00 00 00   00 00 00 00 00 00 00 00 	
00006096 00 ea ba e3 e1 e2 87 0b   be f0 01 57 7a 37 d2 e3 	
00006112 e1 e2 be 09 87 f0 00 fa   4a e3 e1 e2 87 0b be f0 	...␉..
00006128 01 57 7c 57 14 e3 e1 e2   be 20 87 f0 01 57 7c 14 	␁W|W␔...  . ..␁W|␔
00006144 00 00 00 00 00 00 00 00   00 00 00 00 00 00 00 00 	
00006160 00 00 00 00 4d fb e3 e1   e2 87 0b be f0 01 57 7e 	
00006176 77 56 e3 e1 e2 be 20 87   f0 01 57 7e 14 00 00 00 	wV.... .  .␁W~␔
00006192 00 00 00 00 00 00 00 00   00 00 00 00 00 00 00 00 	
00006208 00 96 4b e3 e1 e2 87 0b   be f0 01 62 3e c5 f2 e3 	
00006224 e1 e2 be 1e 87 f0 01 62   3e 12 00 00 00 00 00 00 	...␞..␁b  >␒
00006240 00 00 00 00 00 00 00 00   00 00 00 00 83 70 e3 e1 	
00006256 e2 87 0b be f0 01 62 3f   d5 d3 e3 e1 e2 be 1e 87 	..␋..␁b?  ......␞.
00006272 f0 01 62 3f 12 00 00 00   00 00 00 00 00 00 00 00 	.␁b?␒
00006288 00 00 00 00 00 00 00 b6   c3 e3 e1 e2 87 0b be f0 	
00006304 01 62 40 5a ab e3 e1 e2   be 1e 87 f0 01 62 40 12 	␁b@Z....  .␞..␁b@␒
00006320 00 00 00 00 00 00 00 00   00 00 00 00 00 00 00 00 	
00006336 00 00 83 fb e3 e1 e2 87   0b be f0 01 00 8f 1f 40 	
00006352 e3 e1 e2 be 09 87 f0 00   fa 4a e3 e1 e2 87 0b be 	....␉..
00006368 f0 01 50 02 51 da e3 e1   e2 be 09 87 f0 00 fa 4a 	.␁P␂Q...  ..␉..
00006384 e3 e1 e2 87 0b be f0 01   57 79 07 b1 e3 e1 e2 be 	....␋..␁  Wy␇.....
00006400 20 87 f0 01 57 79 14 00   00 00 00 00 00 00 00 00 	 ..␁Wy␔
00006416 00 00 00 00 00 00 00 00   00 00 00 87 62 e3 e1 e2 	
00006432 87 0b be f0 01 57 7d 47   35 e3 e1 e2 be 20 87 f0 	.␋..␁W}G  5.... ..
00006448 01 57 7d 14 00 00 00 00   00 00 00 00 00 00 00 00 	␁W}␔
00006464 00 00 00 00 00 00 00 00   20 23 e3 e1 e2 87 0b be 	
00006480 f0 01 62 3d f5 91 e3 e1   e2 be 1e 87 f0 01 62 3d 	.␁b=....  ..␞..␁b=
00006496 12 00 00 00 00 00 00 00   00 00 00 00 00 00 00 00 	␒
00006512 00 00 00 dd a5 e3 e1 e2   87 0b be f0 01 63 00 21 	
00006528 5e e3 e1 e2 be 09 87 f0   00 fa 4a e3 e1 e2 87 08 	^....␉..  
00006544 be f3 6d 9b e3 e1 e2 be   39 87 f3 10 55 1c 00 55 	..m.....  9..␐U␜
00006560 20 00 56 70 00 56 74 00   56 75 00 57 71 00 57 72 	 
00006576 00 57 74 00 57 75 00 57   76 00 57 77 00 62 00 00 	
00006592 62 01 00 62 02 00 62 03   00 62 04 00 72 11 e3 e1 	b␁
00006608 e2 87 0b be f0 01 57 73   a6 fb e3 e1 e2 be 09 87 	..␋..␁Ws  ......␉.
00006624 f0 00 fa 4a e3 e1 e2 87   0b be f0 01 57 78 17 90 	.
00006640 e3 e1 e2 be 20 87 f0 01   57 78 14 00 00 00 00 00 	.... ..␁  Wx␔
00006656 00 00 00 00 00 00 00 00   00 00 00 00 00 00 00 ea 	
00006672 ba e3 e1 e2 87 0b be f0   01 57 7b 27 f3 e3 e1 e2 	.....␋..  ␁W{'....
00006688 be 20 87 f0 01 57 7b 14   00 00 00 00 00 00 00 00 	. ..␁W{␔  
00006704 00 00 00 00 00 00 00 00   00 00 00 00 5c d2 e3 e1 	
00006720 e2 87 0b be f0 01 57 7c   57 14 e3 e1 e2 be 20 87 	..␋..␁W|  W␔.... .
00006736 f0 01 57 7c 14 00 00 00   00 00 00 00 00 00 00 00 	.␁W|␔
00006752 00 00 00 00 00 00 00 00   00 4d fb e3 e1 e2 87 0b 	
00006768 be f0 01 62 3c e5 b0 e3   e1 e2 be 1e 87 f0 01 62 	..␁b<...  ...␞..␁b
00006784 3c 12 00 00 00 00 00 00   00 00 00 00 00 00 00 00 	<␒
00006800 00 00 00 00 e8 16 e3 e1   e2 87 0b be f0 01 62 3d 	
00006816 f5 91 e3 e1 e2 be 1e 87   f0 01 62 3d 12 00 00 00 	......␞.  .␁b=␒
00006832 00 00 00 00 00 00 00 00   00 00 00 00 00 00 00 dd 	
00006848 a5 e3 e1 e2 87 0b be f0   01 00 8f 1f 40 e3 e1 e2 	.....␋..  ␁
00006864 be 09 87 f0 00 fa 4a e3   e1 e2 87 0b be f0 01 50 	.␉..
00006880 05 21 3d e3 e1 e2 be 09   87 f0 00 fa 4a e3 e1 e2 	␅!=....␉  ..
00006896 87 0b be f0 01 53 00 24   cb e3 e1 e2 be 09 87 f0 	.␋..␁S
00006912 00 fa 4a e3 e1 e2 87 0b   be f0 01 56 71 b5 88 e3 	
00006928 e1 e2 be 10 87 f0 01 56   71 04 00 00 00 00 9a 65 	...␐..␁V  q␄
00006944 e3 e1 e2 87 0b be f0 01   56 73 95 ca e3 e1 e2 be 	....␋..␁  Vs......
00006960 0e 87 f0 01 56 73 02 00   00 e4 ba e3 e1 e2 87 0b 	␎..␁Vs␂
00006976 be f0 01 57 79 07 b1 e3   e1 e2 be 20 87 f0 01 57 	..␁Wy␇..  ... ..␁W
00006992 79 14 00 00 00 00 00 00   00 00 00 00 00 00 00 00 	y␔
00007008 00 00 00 00 00 00 87 62   e3 e1 e2 be 0c 87 f2 01 	
00007024 60 03 00 43 3c e3 e1 e2   87 0b be f0 01 57 7a 37 	`␃
00007040 d2 e3 e1 e2 be 09 87 f0   00 fa 4a e3 e1 e2 87 0b 	.....␉..  
00007056 be f0 01 57 7d 47 35 e3   e1 e2 be 20 87 f0 01 57 	..␁W}G5.  ... ..␁W
00007072 7d 14 00 00 00 00 00 00   00 00 00 00 00 00 00 00 	}␔
00007088 00 00 00 00 00 00 20 23   e3 e1 e2 87 0b be f0 01 	
00007104 57 7e 77 56 e3 e1 e2 be   20 87 f0 01 57 7e 14 00 	W~wV....   ..␁W~␔
00007120 00 00 00 00 00 00 00 00   00 00 00 00 00 00 00 00 	
00007136 00 00 00 96 4b e3 e1 e2   87 0b be f0 01 62 3d f5 	
00007152 91 e3 e1 e2 be 1e 87 f0   01 62 3d 12 00 00 00 00 	.....␞..  ␁b=␒
00007168 00 00 00 00 00 00 00 00   00 00 00 00 00 00 dd a5 	
00007184 e3 e1 e2 87 0b be f0 01   62 3e c5 f2 e3 e1 e2 be 	....␋..␁  b>......
00007200 1e 87 f0 01 62 3e 12 00   00 00 00 00 00 00 00 00 	␞..␁b>␒
00007216 00 00 00 00 00 00 00 00   00 83 70 e3 e1 e2 87 0b 	
00007232 be f0 01 62 3f d5 d3 e3   e1 e2 be 1e 87 f0 01 62 	..␁b?...  ...␞..␁b
00007248 3f 12 00 00 00 00 00 00   00 00 00 00 00 00 00 00 	?␒
00007264 00 00 00 00 b6 c3 e3 e1   e2 87 0b be f0 01 62 40 	
00007280 5a ab e3 e1 e2 be 1e 87   f0 01 62 40 12 00 00 00 	Z.....␞.  .␁b@␒
00007296 00 00 00 00 00 00 00 00   00 00 00 00 00 00 00 83 	
00007312 fb e3 e1 e2 87 0b be f2   01 60 03 a9 06 e3 e1 e2 	.....␋..  ␁`␃.␆...
00007328 87 0d be f5 01 60 03 01   03 8c f8 e3 e1 e2 be 08 	.␍..␁`␃␁  ␃......␈
00007344 87 f5 6d ce e3 e1 e2 87   0b be f0 01 57 78 17 90 	..m.....  ␋..␁Wx␗.
00007360 e3 e1 e2 be 20 87 f0 01   57 78 14 00 00 00 00 00 	.... ..␁  Wx␔
00007376 00 00 00 00 00 00 00 00   00 00 00 00 00 00 00 ea 	
00007392 ba e3 e1 e2 87 0b be f0   01 57 7c 57 14 e3 e1 e2 	.....␋..  ␁W|W␔...
00007408 be 20 87 f0 01 57 7c 14   00 00 00 00 00 00 00 00 	. ..␁W|␔  
00007424 00 00 00 00 00 00 00 00   00 00 00 00 4d fb e3 e1 	
00007440 e2 87 08 be f3 6d 9b e3   e1 e2 be 39 87 f3 10 55 	..␈..m..  ...9..␐U
00007456 1c 00 55 20 00 56 70 00   56 74 00 56 75 00 57 71 	␜
00007472 00 57 72 00 57 74 00 57   75 00 57 76 00 57 77 00 	
00007488 62 00 00 62 01 00 62 02   00 62 03 00 62 04 00 72 	b
00007504 11 e3 e1 e2 87 0b be f0   01 50 06 11 5e e3 e1 e2 	␑....␋..  ␁P␆␑^...
00007520 be 09 87 f0 00 fa 4a e3   e1 e2 87 0b be f0 01 62 	.␉..
00007536 3d f5 91 e3 e1 e2 be 1e   87 f0 01 62 3d 12 00 00 	=......␞  ..␁b=␒
00007552 00 00 00 00 00 00 00 00   00 00 00 00 00 00 00 00 	
00007568 dd a5 e3 e1 e2 87 0b be   f0 01 00 8f 1f 40 e3 e1 	......␋.  .␁
00007584 e2 be 09 87 f0 00 fa 4a   e3 e1 e2 87 0b be f0 01 	..␉..
00007600 50 08 f0 90 e3 e1 e2 be   09 87 f0 00 fa 4a e3 e1 	P␈......  ␉..
00007616 e2 87 0b be f0 01 50 09   e0 e0 b1 e3 e1 e2 be 09 	..␋..␁P␉  .......␉
00007632 87 f0 00 fa 4a e3 e1 e2   87 0b be f0 01 57 73 a6 	..
00007648 fb e3 e1 e2 be 09 87 f0   00 fa 4a e3 e1 e2 87 0b 	.....␉..  
00007664 be f0 01 57 78 17 90 e3   e1 e2 be 20 87 f0 01 57 	..␁Wx␗..  ... ..␁W
00007680 78 14 00 00 00 00 00 00   00 00 00 00 00 00 00 00 	x␔
00007696 00 00 00 00 00 00 ea ba   e3 e1 e2 87 0b be f0 01 	
00007712 57 79 07 b1 e3 e1 e2 be   20 87 f0 01 57 79 14 00 	Wy␇.....   ..␁Wy␔
00007728 00 00 00 00 00 00 00 00   00 00 00 00 00 00 00 00 	
00007744 00 00 00 87 62 e3 e1 e2   87 0b be f0 01 57 7b 27 	
00007760 f3 e3 e1 e2 be 20 87 f0   01 57 7b 14 00 00 00 00 	..... ..  ␁W{␔
00007776 00 00 00 00 00 00 00 00   00 00 00 00 00 00 00 00 	
00007792 5c d2 e3 e1 e2 87 0b be   f0 01 57 7c 57 14 e3 e1 	\.....␋.  .␁W|W␔..
00007808 e2 be 20 87 f0 01 57 7c   14 00 00 00 00 00 00 00 	.. ..␁W|  ␔
00007824 00 00 00 00 00 00 00 00   00 00 00 00 00 4d fb e3 	
00007840 e1 e2 87 0b be f0 01 57   7d 47 35 e3 e1 e2 be 20 	...␋..␁W  }G5.... 
00007856 87 f0 01 57 7d 14 00 00   00 00 00 00 00 00 00 00 	..␁W}␔
00007872 00 00 00 00 00 00 00 00   00 00 20 23 e3 e1 e2 87 	
00007888 0b be f0 01 62 3d f5 91   e3 e1 e2 be 1e 87 f0 01 	␋..␁b=..  ....␞..␁
00007904 62 3d 12 00 00 00 00 00   00 00 00 00 00 00 00 00 	b=␒
00007920 00 00 00 00 00 dd a5 e3   e1 e2 87 0b be f0 01 63 	
00007936 00 21 5e e3 e1 e2 be 09   87 f0 00 fa 4a e3 e1 e2 	
00007952 87 0b be f0 01 56 73 95   ca e3 e1 e2 be 0e 87 f0 	.␋..␁Vs.  .....␎..
00007968 01 56 73 02 00 00 e4 ba   e3 e1 e2 87 0b be f0 01 	␁Vs␂
00007984 57 7a 37 d2 e3 e1 e2 be   09 87 f0 00 fa 4a e3 e1 	Wz7.....  ␉..
00008000 e2 87 0b be f0 01 57 7e   77 56 e3 e1 e2 be 20 87 	..␋..␁W~  wV.... .
00008016 f0 01 57 7e 14 00 00 00   00 00 00 00 00 00 00 00 	.␁W~␔
00008032 00 00 00 00 00 00 00 00   00 96 4b e3 e1 e2 87 0b 	
00008048 be f0 01 62 3e c5 f2 e3   e1 e2 be 1e 87 f0 01 62 	..␁b>...  ...␞..␁b
00008064 3e 12 00 00 00 00 00 00   00 00 00 00 00 00 00 00 	>␒
00008080 00 00 00 00 83 70 e3 e1   e2 87 0b be f0 01 62 3f 	
00008096 d5 d3 e3 e1 e2 be 1e 87   f0 01 62 3f 12 00 00 00 	......␞.  .␁b?␒
00008112 00 00 00 00 00 00 00 00   00 00 00 00 00 00 00 b6 	
00008128 c3 e3 e1 e2 87 0b be f0   01 62 40 5a ab e3 e1 e2 	.....␋..  ␁b@Z....
00008144 be 1e 87 f0 01 62 40 12   00 00 00 00 00 00 00 00 	.␞..␁b@␒  
00008160 00 00 00 00 00 00 00 00   00 00 83 fb e3 e1 e2 87 	
00008176 0b be f0 01 50 00 71 98   e3 e1 e2 be 09 87 f0 00 	␋..␁P
00008192 fa 4a e3 e1 e2 87 0b be   f0 01 62 3d f5 91 e3 e1 	.J....␋.  .␁b=....
00008208 e2 be 1e 87 f0 01 62 3d   12 00 00 00 00 00 00 00 	..␞..␁b=  ␒
00008224 00 00 00 00 00 00 00 00   00 00 00 dd a5 e3 e1 e2 	
00008240 87 08 be f3 6d 9b e3 e1   e2 be 39 87 f3 10 55 1c 	.␈..m...  ..9..␐U␜
00008256 00 55 20 00 56 70 00 56   74 00 56 75 00 57 71 00 	
00008272 57 72 00 57 74 00 57 75   00 57 76 00 57 77 00 62 	Wr
00008288 00 00 62 01 00 62 02 00   62 03 00 62 04 00 72 11 	
00008304 e3 e1 e2 87 0b be f0 01   57 78 17 90 e3 e1 e2 be 	....␋..␁  Wx␗.....
00008320 20 87 f0 01 57 78 14 00   00 00 00 00 00 00 00 00 	 ..␁Wx␔
00008336 00 00 00 00 00 00 00 00   00 00 00 ea ba e3 e1 e2 	
00008352 87 0b be f0 01 57 7c 57   14 e3 e1 e2 be 20 87 f0 	.␋..␁W|W  ␔.... ..
00008368 01 57 7c 14 00 00 00 00   00 00 00 00 00 00 00 00 	␁W|␔
00008384 00 00 00 00 00 00 00 00   4d fb e3 e1 e2 87 0b be 	
00008400 f0 01 62 3c e5 b0 e3 e1   e2 be 1e 87 f0 01 62 3c 	.␁b<....  ..␞..␁b<
00008416 12 00 00 00 00 00 00 00   00 00 00 00 00 00 00 00 	␒
00008432 00 00 00 e8 16 e3 e1                              	
