00000000 e2 5f 08 c0 51 fe a5 e3   e2 5f 08 c0 51 fe a5 e3 	._␈.Q...  ._␈.Q...
00000016 00 00 00 00 00 00 00 00   00 00 00 00 00 00 00 00 	
00000032 00 00 00 00 00 00 00 e2   5f 08 c0 51 fe a5 e3 e1 	
00000048 e2 c0 12 5f 51 00 00 00   00 00 10 00 00 00 00 7a 	..␒_Q
00000064 47 e3 e1 e2 5f 0e c0 50   0c 4e 01 f4 10 00 65 b3 	G..._␎.P  ␌N␁.␐
00000080 e3 e1 e2 5f 0e c0 50 0c   4e 01 f4 10 00 65 b3 e3 	..._␎.P␌  N␁.␐
00000096 e1 e2 5f 0e c0 50 0c 4e   01 f4 10 00 65 b3 e3 e1 	.._␎.P␌N  ␁.␐
00000112 e2 5f 08 c0 51 fe a5 e3   e1 e2 c0 12 5f 51 00 00 	._␈.Q...  ...␒_Q
00000128 0c 4e 01 10 00 00 00 00   c1 34 e3 e1 e2 5f 0e c0 	␌N␁␐
00000144 50 0c 4e 01 f4 10 00 65   b3 e3 e1 e2 5f 0e c0 50 	P␌N␁.␐
00000160 0c 4e 01 f4 10 00 65 b3   e3 e1 e2 5f 0e c0 50 0c 	␌N␁.␐
00000176 4e 01 f4 10 00 65 b3 e3   e1 e2 5f 0e c0 50 0c 4e 	N␁.␐
00000192 01 f4 10 00 65 b3 e3 e1   e2 5f 08 c0 51 fe a5 e3 	␁.␐
00000208 e1 e2 c0 12 5f 51 00 00   0c 4e 01 10 00 00 00 00 	...␒_Q
00000224 c1 34 e3 e1 e2 5f 0e c0   50 0c 4e 01 f4 10 00 65 	.4..._␎.  P␌N␁.␐
00000240 b3 e3 e1 e2 5f 0e c0 50   0c 4e 01 f4 10 00 65 b3 	...._␎.P  ␌N␁.␐
00000256 e3 e1 e2 5f 0e c0 50 0c   4e 01 f4 10 00 65 b3 e3 	..._␎.P␌  N␁.␐
00000272 e1 e2 5f 0e c0 50 0c 4e   01 f4 10 00 65 b3 e3 e1 	.._␎.P␌N  ␁.␐
00000288 e2 5f 08 c0 51 fe a5 e3   e1 e2 c0 12 5f 51 02 c9 	._␈.Q...  ...␒_Q␂.
00000304 0c 4e 01 10 00 00 00 00   3d 09 e3 e1 e2 5f 0e c0 	␌N␁␐
00000320 50 0c 4e 01 f4 10 00 65   b3 e3 e2 5f 0e c0 50 0c 	P␌N␁.␐
00000336 4e 01 f4 10 00 65 b3 e3   e1 e2 5f 0e c0 50 0c 4e 	N␁.␐
00000352 01 f4 10 00 65 b3 e3 e1   e2 5f 0e c0 50 0c 4e 01 	␁.␐
00000368 f4 10 00 65 b3 e3 e2 5f   0e c0 50 0c 4e 01 f4 10 	.␐
00000384 00 65 b3 e3 e1 e2 5f 0e   c0 50 0c 4e 01 f4 10 00 	
00000400 65 b3 e3 e1 e2 5f 08 c0   51 fe a5 e3 e1 e2 c0 12 	e...._␈.  Q......␒
00000416 5f 51 03 c6 0c 4e 01 10   00 00 00 00 ca 18 e3 e1 	_Q␃.␌N␁␐  
00000432 e2 5f 0e c0 50 0c 4e 01   f4 10 00 65 b3 e3 e1 e2 	._␎.P␌N␁  .␐
00000448 5f 0e c0 50 0c 4e 01 f4   10 00 65 b3 e3 e1 e2 5f 	_␎.P␌N␁.  ␐
00000464 0e c0 50 0c 4e 01 f4 10   00 65 b3 e3 e1 e2 5f 0e 	␎.P␌N␁.␐  
00000480 c0 50 0c 4e 01 f4 10 00   65 b3 e3 e2 5f 0e c0 50 	.P␌N␁.␐
00000496 0c 4e 01 f4 10 00 65 b3   e3 e1 e2 5f 08 c0 51 fe 	␌N␁.␐
00000512 a5 e3 e1 e2 c0 12 5f 51   0c 5a 0c 4e 01 10 00 00 	.....␒_Q  ␌Z␌N␁␐
00000528 e2 5f 0e c0 50 0c 4e 01   f4 10 00 65 b3 e3 e1 e2 	._␎.P␌N␁  .␐
00000544 c0 12 5f 51 0c 5a 0c 4e   01 10 00 00 00 00 c5 f5 	.␒_Q␌Z␌N  ␁␐
00000560 e3 e1 e2 5f 0e c0 50 0c   4e 01 f4 10 00 65 b3 e3 	..._␎.P␌  N␁.␐
00000576 e1 e2 5f 0e c0 50 0c 4e   01 f4 10 00 65 b3 e3 e1 	.._␎.P␌N  ␁.␐
00000592 e2 5f 0e c0 50 00 00 01   f4 10 00 b0 90 e3 e1 e2 	._␎.P
00000608 5f 08 c0 51 fe a5 e3 e1   e2 c0 12 5f 51 00 00 00 	_␈.Q....  ..␒_Q
00000624 00 01 10 00 00 00 00 3f   e7 e3 e1 e2 5f 0e c0 50 	
00000640 00 00 01 f4 10 00 b0 90   e3 e1 e2 5f 0e c0 50 00 	
00000656 00 01 f4 10 00 b0 90 e3   e1 e2 5f 0e c0 50 00 00 	
00000672 01 f4 10 00 b0 90 e3 e1   e2 5f 0e c0 50 00 00 01 	␁.␐
00000688 f4 10 00 b0 90 e3 e1 e2   5f 08 c0 51 fe a5 e3 e1 	.␐
00000704 e2 c0 12 5f 51 00 00 00   00 01 10 00 00 00 00 3f 	..␒_Q
00000720 e7 e3 e1 e2 5f 0e c0 50   00 00 01 f4 10 00 b0 90 	...._␎.P  
00000736 e3 e1 e2 5f 0e c0 50 00   00 01 f4 10 00 b0 90 e3 	..._␎.P
00000752 e1 e2 5f 0e c0 50 00 00   01 f4 10 00 b0 90 e3 e1 	.._␎.P
00000768 e2 5f 0e c0 50 00 00 01   f4 10 00 b0 90 e3 e1 e2 	._␎.P
00000784 5f 08 c0 51 fe a5 e3 e1   e2 c0 12 5f 51 00 00 00 	_␈.Q....  ..␒_Q
00000800 00 01 10 00 00 00 00 3f   e7 e3 e1 e2 5f 0e c0 50 	
00000816 00 00 01 f4 10 00 b0 90   e3 e1 e2 5f 0e c0 50 00 	
00000832 00 01 f4 10 00 b0 90 e3   e1 e2 5f 0e c0 50 00 00 	
00000848 01 f4 10 00 b0 90 e3 e1   e2 5f 0e c0 50 00 00 01 	␁.␐
00000864 f4 10 00 b0 90 e3 e1 e2   5f 08 c0 51 fe a5 e3 e1 	.␐
00000880 e2 c0 12 5f 51 00 00 00   00 01 10 00 00 00 00 3f 	..␒_Q
00000896 e7 e3 e1 e2 5f 0e c0 50   00 00 01 f4 10 00 b0 90 	...._␎.P  
00000912 e3 e1 e2 5f 0e c0 50 00   00 01 f4 10 00 b0 90 e3 	..._␎.P
00000928 e1 e2 5f 0e c0 50 00 00   01 f4 10 00 b0 90 e3 e1 	.._␎.P
00000944 e2 5f 0e c0 50 00 00 01   f4 10 00 b0 90 e3 e1 e2 	._␎.P
00000960 5f 08 c0 51 fe a5 e3 e1   e2 c0 12 5f 51 00 00 00 	_␈.Q....  ..␒_Q
00000976 00 01 10 00 00 00 00 3f   e7 e3 e1 e2 5f 0e c0 50 	
00000992 00 00 01 f4 10 00 b0 90   e3 e1 e2 5f 0e c0 50 00 	
00001008 00 01 f4 10 00 b0 90 e3   e1 e2 5f 0e c0 50 00 00 	
00001024 01 f4 10 00 b0 90 e3 e1   e2 5f 0e c0 50 00 00 01 	␁.␐
00001040 f4 10 00 b0 90 e3 e1 e2   5f 08 c0 51 fe a5 e3 e1 	.␐
00001056 c0 e2 5f 0e c0 50 00 00   01 f4 10 00 b0 90 e3 e1 	.._␎.P
00001072 e2 c0 12 5f 51 00 00 00   00 01 10 00 00 00 00 3f 	..␒_Q
00001088 e7 e3 e1 e2 5f 0e c0 50   00 00 01 f4 10 00 b0 90 	...._␎.P  
00001104 e3 e1 e2 5f 0e c0 50 00   00 01 f4 10 00 b0 90 e3 	..._␎.P
00001120 e1 e2 5f 0e c0 50 00 00   01 f4 10 00 b0 90 e3 e1 	.._␎.P
00001136 e2 5f 08 c0 51 fe a5 e3   e1 02 ff e2 5f 0e c0 50 	._␈.Q...  .␂.._␎.P
00001152 00 00 01 f4 10 00 b0 90   e3 e1 e2 c0 12 5f 51 00 	
00001168 00 00 00 01 10 00 00 00   00 3f e7 e3 e1 e2 5f 0e 	
00001184 c0 50 00 00 01 f4 10 00   b0 90 e3 e1 e2 5f 0e c0 	.P
00001200 50 00 00 01 f4 10 00 b0   90 e3 e1 e2 5f 0e c0 50 	P
00001216 00 00 01 f4 10 00 b0 90   e3 e1 e2 5f 08 c0 51 fe 	
00001232 a5 e3 e1 e2 5f 0e c0 50   00 00 01 f4 10 00 b0 90 	...._␎.P  
00001248 e3 e1 e2 c0 12 5f 51 00   00 00 00 01 10 00 00 00 	....␒_Q
00001264 00 3f e7 e3 e1 e2 5f 0e   c0 50 00 00 01 f4 10 00 	
00001280 b0 90 e3 e1 e2 5f 0e c0   50 00 00 01 f4 10 00 b0 	....._␎.  P
00001296 90 e3 e1 e2 5f 0e c0 50   00 00 01 f4 10 00 b0 90 	...._␎.P  
00001312 e3 e1 e2 5f 08 c0 51 fe   a5 e3 e1 e2 5f 0e c0 50 	..._␈.Q.  ...._␎.P
00001328 00 00 01 f4 10 00 b0 90   e3 e1 e2 c0 12 5f 51 00 	
00001344 00 00 00 01 10 00 00 00   00 3f e7 e3 e1 e2 5f 0e 	
00001360 c0 50 00 00 01 f4 10 00   b0 90 e3 e1 e2 5f 0e c0 	.P
00001376 50 00 00 01 f4 10 00 b0   90 e3 e1 e2 5f 0e c0 50 	P
00001392 00 00 01 f4 10 00 b0 90   e3 e1 e2 5f 08 c0 51 fe 	
00001408 a5 e3 e1 e2 5f 0e c0 50   00 00 01 f4 10 00 b0 90 	...._␎.P  
00001424 e3 e1 e2 c0 12 5f 51 00   00 00 00 01 10 00 00 00 	....␒_Q
00001440 00 3f e7 e3 e1 e2 5f 0e   c0 50 00 00 01 f4 10 00 	
00001456 b0 90 e3 e1 e2 5f 0e c0   50 00 00 01 f4 10 00 b0 	....._␎.  P
00001472 90 e3 e1 e2 5f 0e c0 50   00 00 01 f4 10 00 b0 90 	...._␎.P  
00001488 e3 e1 e2 5f 08 c0 51 fe   a5 e3 e1 e2 5f 0e c0 50 	..._␈.Q.  ...._␎.P
00001504 00 00 01 f4 10 00 b0 90   e3 e1 e2 c0 12 5f 51 00 	
00001520 00 00 00 01 10 00 00 00   00 3f e7 e3 e1 e2 5f 0e 	
00001536 c0 50 00 00 01 f4 10 00   b0 90 e3 e1 e2 5f 0e c0 	.P
00001552 50 00 00 01 f4 10 00 b0   90 e3 e1 e2 5f 0e c0 50 	P
00001568 00 00 01 f4 10 00 b0 90   e3 e1 e2 5f 08 c0 51 fe 	
00001584 a5 e3 e1 e2 5f 0e c0 50   00 00 01 f4 10 00 b0 90 	...._␎.P  
00001600 e3 e1 e2 c0 12 5f 51 00   00 00 00 01 10 00 00 00 	....␒_Q
00001616 00 3f e7 e3 e1 e2 5f 0e   c0 50 00 00 01 f4 10 00 	
00001632 b0 90 e3 e1 e2 5f 0e c0   50 00 00 01 f4 10 00 b0 	....._␎.  P
00001648 90 e3 e1 e2 5f 0e c0 50   00 00 01 f4 10 00 b0 90 	...._␎.P  
00001664 e3 e1 e2 5f 08 c0 51 fe   a5 e3 e1 e2 5f 0e c0 50 	..._␈.Q.  ...._␎.P
00001680 00 00 01 f4 10 00 b0 90   e3 e1 e2 c0 12 5f 51 00 	
00001696 00 00 00 01 10 00 00 00   00 3f e7 e3 e1 e2 57 0e 	
00001712 c0 50 00 00 01 f4 10 00   b0 90 e3 e1 e2 5f 0e c0 	.P
00001728 50 00 00 01 f4 10 00 b0   90 e3 e1 e2 5f 0e c0 50 	P
00001744 00 00 01 f4 10 00 b0 90   e3 e1 e2 5f 08 c0 51 fe 	
00001760 a5 e3 e1 e2 5f 0e c0 50   00 00 01 f4 10 00 b0 90 	...._␎.P  
00001776 e3 e1 e2 c0 12 5f 51 00   00 00 00 01 10 00 00 00 	....␒_Q
00001792 00 3f e7 e3 e1 e2 5f 0e   c0 50 00 00 01 f4 10 00 	
00001808 b0 90 e3 e1 e2 5f 0e c0   50 00 00 01 f4 10 00 b0 	....._␎.  P
00001824 90 e3 e1 e2 5f 0e c0 50   00 00 01 f4 10 00 b0 90 	...._␎.P  
00001840 e3 e1 e2 5f 08 c0 51 fe   a5 e3 e1 e2 5f 0e c0 50 	..._␈.Q.  ...._␎.P
00001856 00 00 01 f4 10 00 b0 90   e3 e1 e2 c0 12 5f 51 00 	
00001872 00 00 00 01 10 00 00 00   00 3f e7 e3 e1 e2 5f 0e 	
00001888 c0 50 00 00 01 f4 10 00   b0 90 e3 e1 e2 5f 0e c0 	.P
00001904 50 00 00 01 f4 10 00 b0   90 e3 e1 e2 5f 0e c0 50 	P
00001920 00 00 01 f4 10 00 b0 90   e3 e1 e2 5f 08 c0 51 fe 	
00001936 a5 e3 e1 e2 5f 0e c0 50   00 00 01 f4 10 00 b0 90 	...._␎.P  
00001952 e3 e1 e2 c0 12 5f 51 00   00 00 00 01 10 00 00 00 	....␒_Q
00001968 00 3f e7 e3 e1 e2 5f 0e   c0 50 00 00 01 f4 10 00 	
00001984 b0 90 e3 e1 e2 5f 0e c0   50 00 00 01 f4 10 00 b0 	....._␎.  P
00002000 90 e3 e1 e2 5f 0e c0 50   00 00 01 f4 10 00 b0 90 	...._␎.P  
00002016 e3 e1 e2 5f 08 c0 51 fe   a5 e3 e1 e2 c0 12 5f 51 	..._␈.Q.  .....␒_Q
00002032 00 00 00 00 01 10 00 00   00 00 3f e7 e3 e1 e2 5f 	
00002048 0e c0 50 00 00 01 f4 10   00 b0 90 e3 e1 e2 5f 0e 	␎.P
00002064 c0 50 00 00 01 f4 10 00   b0 90 e3 e1 e2 5f 0e c0 	.P
00002080 50 00 00 01 f4 10 00 b0   90 e3 e1 e2 5f 0e c0 50 	P
00002096 00 00 01 f4 10 00 b0 90   e3 e1 e2 5f 08 c0 51 fe 	
00002112 a5 e3 e1 e2 c0 12 5f 51   00 00 00 00 01 10 00 00 	.....␒_Q  
00002128 00 00 3f e7 e3 e1 e2 5f   0e c0 50 00 00 01 f4 10 	
00002144 00 b0 90 e3 e1 e2 5f 0e   c0 50 00 00 01 f4 10 00 	
00002160 b0 90 e3 e1 e2 5f 0e c0   50 00 00 01 f4 10 00 b0 	....._␎.  P
00002176 90 e3 e1 e2 5f 0e c0 50   00 00 01 f4 10 00 b0 90 	...._␎.P  
00002192 e3 e1 e2 5f 08 c0 51 fe   a5 e3 e1 e2 5f 0e c0 50 	..._␈.Q.  ...._␎.P
00002208 00 00 01 f4 10 00 b0 90   e3 e1 e2 c0 12 5f 51 00 	
00002224 00 00 00 01 10 00 00 00   00 3f e7 e3 e1 e2 5f 0e 	
00002240 c0 50 00 00 01 f4 10 00   b0 90 e3 e1 e2 5f 0e c0 	.P
00002256 50 00 00 01 f4 10 00 b0   90 e3 e1 e2 5f 0e c0 50 	P
00002272 00 00 01 f4 10 00 b0 90   e3 e1 e2 5f 08 c0 51 fe 	
00002288 a5 e3 e1 e2 5f 0e c0 50   00 00 01 f4 10 00 b0 90 	...._␎.P  
00002304 e3 e1 e2 c0 12 5f 51 00   00 00 00 01 10 00 00 00 	....␒_Q
00002320 00 3f e7 e3 e1 e2 5f 0e   c0 50 00 00 01 f4 10 00 	
00002336 b0 90 e3 e1 e2 5f 0e c0   50 00 00 01 f4 10 00 b0 	....._␎.  P
00002352 90 e3 e1 e2 5f 0e c0 50   00 00 01 f4 10 00 b0 90 	...._␎.P  
00002368 e3 e1 e2 5f 08 c0 51 fe   a5 e3 e1 e2 5f 0e c0 50 	..._␈.Q.  ...._␎.P
00002384 00 00 01 f4 10 00 b0 90   e3 e1 e2 c0 12 5f 51 00 	
00002400 00 00 00 01 10 00 00 00   00 3f e7 e3 e1 e2 5f 0e 	
00002416 c0 50 00 00 01 f4 10 00   b0 90 e3 e1 e2 5f 0e c0 	.P
00002432 50 00 00 01 f4 10 00 b0   90 e3 e1 e2 5f 0e c0 50 	P
00002448 00 00 01 f4 10 00 b0 90   e3 e1 e2 5f 08 c0 51 fe 	
00002464 a5 e3 e1 e2 5f 0e c0 50   00 00 01 f4 10 00 b0 90 	...._␎.P  
00002480 e3 e1 e2 c0 12 5f 51 00   00 00 00 01 10 00 00 00 	....␒_Q
00002496 00 3f e7 e3 e1 e2 5f 0e   c0 50 00 00 01 f4 10 00 	
00002512 b0 90 e3 e1 e2 5f 0e c0   50 00 00 01 f4 10 00 b0 	....._␎.  P
00002528 90 e3 e1 e2 5f 0e c0 50   00 00 01 f4 10 00 b0 90 	...._␎.P  
00002544 e3 e1 e2 5f 08 c0 51 fe   a5 e3 e1 e2 5f 0e c0 50 	..._␈.Q.  ...._␎.P
00002560 00 00 01 f4 10 00 b0 90   e3 e1 e2 c0 12 5f 51 00 	
00002576 00 00 00 01 10 00 00 00   00 3f e7 e3 e1 e2 5f 0e 	
00002592 c0 50 00 00 01 f4 10 00   b0 90 e3 e1 e2 5f 0e c0 	.P
00002608 50 00 00 01 f4 10 00 b0   90 e3 e1 e2 5f 0e c0 50 	P
00002624 00 00 01 f4 10 00 b0 90   e3 e1 e2 5f 08 c0 51 fe 	
00002640 a5 e3 e1 e2 5f 0e c0 50   00 00 01 f4 10 00 b0 90 	...._␎.P  
00002656 e3 e1 e2 c0 12 5f 51 00   00 00 00 01 10 00 00 00 	....␒_Q
00002672 00 3f e7 e3 e1 e2 5f 0e   c0 50 00 00 01 f4 10 00 	
00002688 b0 90 e3 e1 e2 5f 0e c0   50 00 00 01 f4 10 00 b0 	....._␎.  P
00002704 90 e3 e1 e2 5f 0e c0 50   00 00 01 f4 10 00 b0 90 	...._␎.P  
00002720 e3 e1 e2 5f 08 c0 51 fe   a5 e3 e1 e2 5f 0e c0 50 	..._␈.Q.  ...._␎.P
00002736 00 00 01 f4 10 00 b0 90   e3 e1 e2 c0 12 5f 51 00 	
00002752 00 00 00 01 10 00 00 00   00 3f e7 e3 e1 e2 5f 0e 	
00002768 c0 50 00 00 01 f4 10 00   b0 90 e3 e1 e2 5f 0e c0 	.P
00002784 50 00 00 01 f4 10 00 b0   90 e3 e1 e2 5f 0e c0 50 	P
00002800 00 00 01 f4 10 00 b0 90   e3 e1 e2 5f 08 c0 51 fe 	
00002816 a5 e3 e1 e2 5f 0e c0 50   00 00 01 f4 10 00 b0 90 	...._␎.P  
00002832 e3 e1 e2 c0 12 5f 51 00   00 00 00 01 10 00 00 00 	....␒_Q
00002848 00 3f e7 e3 e1 e2 5f 0e   c0 50 00 00 01 f4 10 00 	
00002864 b0 90 e3 e1 e2 5f 0e c0   50 00 00 01 f4 10 00 b0 	....._␎.  P
00002880 90 e3 e1 e2 5f 0e c0 50   00 00 01 f4 10 00 b0 90 	...._␎.P  
00002896 e3 e1 e2 5f 08 c0 51 fe   a5 e3 e1 e2 5f 0e c0 50 	..._␈.Q.  ...._␎.P
00002912 00 00 01 f4 10 00 b0 90   e3 e1 e2 c0 12 5f 51 00 	
00002928 00 00 00 01 10 00 00 00   00 3f e7 e3 e1 e2 5f 0e 	
00002944 c0 50 00 00 01 f4 10 00   b0 90 e3 e1 e2 5f 0e c0 	.P
00002960 50 00 00 01 f4 10 00 b0   90 e3 e1 e2 5f 0e c0 50 	P
00002976 00 00 01 f4 10 00 b0 90   e3 e1 e2 5f 08 c0 51 fe 	
00002992 a5 e3 e1 e2 5f 0e c0 50   00 00 01 f4 10 00 b0 90 	...._␎.P  
00003008 e3 e1 e2 c0 12 5f 51 00   00 00 00 01 10 00 00 00 	....␒_Q
00003024 00 3f e7 e3 e1 e2 5f 0e   c0 50 00 00 01 f4 10 00 	
00003040 b0 90 e3 e1 e2 5f 0e c0   50 00 00 01 f4 10 00 b0 	....._␎.  P
00003056 90 e3 e1 e2 5f 0e c0 50   00 00 01 f4 10 00 b0 90 	...._␎.P  
00003072 e3 e1 e2 5f 08 c0 51 fe   a5 e3 e1 e2 5f 0e c0 50 	..._␈.Q.  ...._␎.P
00003088 00 00 01 f4 10 00 b0 90   e3 e1 e2 c0 12 5f 51 00 	
00003104 00 00 00 01 10 00 00 00   00 3f e7 e3 e1 e2 5f 0e 	
00003120 c0 50 00 00 01 f4 10 00   b0 90 e3 e1 e2 5f 0e c0 	.P
00003136 50 00 00 01 f4 10 00 b0   90 e3 e1 e2 5f 0e c0 50 	P
00003152 00 00 01 f4 10 00 b0 90   e3 e1 e2 5f 08 c0 51 fe 	
00003168 a5 e3 e1 e2 5f 0e c0 50   00 00 01 f4 10 00 b0 90 	...._␎.P  
00003184 e3 e1 e2 c0 12 5f 51 00   00 00 00 01 10 00 00 00 	....␒_Q
00003200 00 3f e7 e3 e1 e2 5f 0e   c0 50 00 00 01 f4 10 00 	
00003216 b0 90 e3 e1 e2 5f 0e c0   50 00 00 01 f4 10 00 b0 	....._␎.  P
00003232 90 e3 e1 e2 5f 0e c0 50   00 00 01 f4 10 00 b0 90 	...._␎.P  
00003248 e3 e1 e2 5f 08 c0 51 fe   a5 e3 e1 e2 5f 0e c0 50 	..._␈.Q.  ...._␎.P
00003264 00 00 01 f4 10 00 b0 90   e3 e1 e2 c0 12 5f 51 00 	
00003280 00 00 00 01 10 00 00 00   00 3f e7 e3 e1 e2 5f 0e 	
00003296 c0 50 00 00 01 f4 10 00   b0 90 e3 e1 e2 5f 0e c0 	.P
00003312 50 00 00 01 f4 10 00 b0   90 e3 e1 e2 5f 0e c0 50 	P
00003328 00 00 01 f4 10 00 b0 90   e3 e1 e2 5f 08 c0 51 fe 	
00003344 a5 e3 e1 e2 5f 0e c0 50   00 00 01 f4 10 00 b0 90 	...._␎.P  
00003360 e3 e1 e2 c0 12 5f 51 00   00 00 00 01 10 00 00 00 	....␒_Q
00003376 00 3f e7 e3 e1 e2 5f 0e   c0 50 00 00 01 f4 10 00 	
00003392 b0 90 e3 e1 e2 5f 0e c0   50 00 00 01 f4 10 00 b0 	....._␎.  P
00003408 90 e3 e1 e2 5f 0e c0 50   00 00 01 f4 10 00 b0 90 	...._␎.P  
00003424 e3 e1 e2 5f 08 c0 51 fe   a5 e3 e1 e2 5f 0e c0 50 	..._␈.Q.  ...._␎.P
00003440 00 00 01 f4 10 00 b0 90   e3 e1 e2 c0 12 5f 51 00 	
00003456 00 00 00 01 10 00 00 00   00 3f e7 e3 e1 e2 5f 0e 	
00003472 c0 50 00 00 01 f4 10 00   b0 90 e3 e1 e2 5f 0e c0 	.P
00003488 50 00 00 01 f4 10 00 b0   90 e3 e1 e2 5f 0e c0 50 	P
00003504 00 00 01 f4 10 00 b0 90   e3 e1 e2 5f 08 c0 51 fe 	
00003520 a5 e3 e1 e2 5f 0e c0 50   00 00 01 f4 10 00 b0 90 	...._␎.P  
00003536 e3 e1 e2 c0 12 5f 51 00   00 00 00 01 10 00 00 00 	....␒_Q
00003552 00 3f e7 e3 e1 e2 5f 0e   c0 50 00 00 01 f4 10 00 	
00003568 b0 90 e3 e1 e2 5f 0e c0   50 00 00 01 f4 10 00 b0 	....._␎.  P
00003584 90 e3 e1 e2 5f 08 c0 51   fe a5 e3 e1 e2 c0 12 5f 	...._␈.Q  ......␒_
00003600 51 00 00 00 00 01 10 00   00 00 00 3f e7 e3 e1 e2 	Q
00003616 5f 0e c0 50 0c 4e 01 f4   10 00 65 b3 e3 e1 e2 5f 	_␎.P␌N␁.  ␐
00003632 0e c0 50 0c 4e 01 f4 10   00 65 b3 e3 e1 e2 5f 0e 	␎.P␌N␁.␐  
00003648 c0 50 0c 4e 01 f4 10 00   65 b3 e3 e1 e2 5f 0e c0 	.P␌N␁.␐
00003664 50 0c 4e 01 f4 10 00 65   b3 e3 e1 e2 5f 08 c0 51 	P␌N␁.␐
00003680 fe a5 e3 e1 e2 c0 12 5f   51 00 00 0c 4e 01 10 00 	......␒_  Q
00003696 00 00 00 c1 34 e3 e1 e2   5f 0e c0 50 0c 4e 01 f4 	
00003712 10 00 65 b3 e3 e1 e2 5f   0e c0 50 0c 4e 01 f4 10 	␐
00003728 00 65 b3 e3 e1 e2 5f 0e   c0 50 0c 4e 01 f4 10 00 	
00003744 65 b3 e3 e1 00 e2 5f 08   c0 51 fe a5 e3 e2 5f 08 	e...
00003760 c0 51 fe a5 e3 00 00 00   00 00 00 00 00 00 00 00 	.Q...
00003776 00 00 00 00 00 00 00 00   00 00 00 00 e2 5f 08 c0 	
00003792 51 fe a5 e3 e2 5f 08 c0   51 fe a5 e3 00 00 00 00 	Q...._␈.  Q...
00003808 e2 5f 08 c0 51 fe a5 e3   00 00 00 00 00 00 00 00 	._␈.Q...  
00003824 00 00 00 00 00 00 00 00   00 00 00 e2 5f 08 c0 51 	
00003840 fe a5 e3 e1 e2 c0 12 5f   51 00 00 00 00 00 10 00 	......␒_  Q
00003856 00 00 00 7a 47 e3 e1 e2   5f 0e c0 50 0c 4e 01 f4 	
00003872 10 00 65 b3 e3 e1 e2 5f   0e c0 50 0c 4e 01 f4 10 	␐
00003888 00 65 b3 e3 e1 e2 5f 0e   c0 50 0c 4e 01 f4 10 00 	
00003904 65 b3 e3 e1 e2 5f 0e c0   50 0c 4e 01 f4 10 00 65 	e...._␎.  P␌N␁.␐
00003920 b3 e3 e1 e2 5f 08 c0 51   fe a5 e3 e1 e2 c0 12 5f 	...._␈.Q  ......␒_
00003936 51 00 00 0c 4e 01 10 00   00 00 00 c1 34 e3 e1 e2 	Q
00003952 5f 0e c0 50 0c 4e 01 f4   10 00 65 b3 e3 e1 e2 5f 	_␎.P␌N␁.  ␐
00003968 0e c0 50 0c 4e 01 f4 10   00 65 b3 e3 e1 e2 5f 0e 	␎.P␌N␁.␐  
00003984 c0 50 0c 4e 01 f4 10 00   65 b3 e3 e2 5f 0e c0 50 	.P␌N␁.␐
00004000 0c 4e 01 f4 10 00 65 b3   e3 e1 e2 5f 0e c0 50 0c 	␌N␁.␐
00004016 4e 01 f4 10 00 65 b3 e3   e1 e2 5f 08 c0 51 fe a5 	N␁.␐
00004032 e3 e1 e2 c0 12 5f 51 00   00 0c 4e 01 10 00 00 00 	....␒_Q
00004048 00 c1 34 e3 e1 e2 5f 0e   c0 50 0c 4e 01 f4 10 00 	
00004064 65 b3 e3 e1 e2 5f 0e c0   50 0c 4e 01 f4 10 00 65 	e...._␎.  P␌N␁.␐
00004080 b3 e3 e1 e2 5f 0e c0 50   0c 4e 01 f4 10 00 65 b3 	...._␎.P  ␌N␁.␐
00004096 e3 e1 e2 5f 0e c0 50 0c   4e 01 f4 10 00 65 b3 e3 	..._␎.P␌  N␁.␐
00004112 e1 e2 5f 08 c0 51 fe a5   e3 e1 e2 c0 12 5f 51 02 	.._␈.Q..  ....␒_Q␂
00004128 3e 0c 4e 01 10 00 00 00   00 98 cb e3 e1 e2 5f 0e 	>␌N␁␐
00004144 c0 50 0c 4e 01 f4 10 00   65 b3 e3 e1 e2 5f 0e c0 	.P␌N␁.␐
00004160 50 0c 4e 01 f4 10 00 65   b3 e3 e1 e2 5f 0e c0 50 	P␌N␁.␐
00004176 0c 4e 01 f4 10 00 65 b3   e3 e1 e2 5f 0e c0 50 0c 	␌N␁.␐
00004192 4e 01 f4 10 00 65 b3 e3   e1 e2 5f 08 c0 51 fe a5 	N␁.␐
00004208 e3 e1 e2 c0 12 5f 51 04   1f 0c 4e 01 10 00 00 00 	....␒_Q␄  ␟␌N␁␐
00004224 00 a7 ab e3 e1 e2 5f 0e   c0 50 0c 4e 01 f4 10 00 	
00004240 65 b3 e3 e1 e2 5f 0e c0   50 0c 4e 01 f4 10 00 65 	e...._␎.  P␌N␁.␐
00004256 b3 e3 e1 e2 5f 0e c0 50   0c 4e 01 f4 10 00 65 b3 	...._␎.P  ␌N␁.␐
00004272 e3 e1 e2 5f 0e c0 50 0c   4e 01 f4 10 00 65 b3 e3 	..._␎.P␌  N␁.␐
00004288 e1 e2 5f 08 c0 51 fe a5   e3 e1 e2 c0 12 5f 51 0c 	.._␈.Q..  ....␒_Q␌
00004304 3f 0c 4e 01 10 00 00 00   00 4a 1c e3 e1 e2 5f 0e 	?␌N␁␐
00004320 c0 50 0c 4e 01 f4 10 00   65 b3 e3 e1 e2 5f 0e c0 	.P␌N␁.␐
00004336 50 0c 4e 01 f4 10 00 65   b3 e3 e1 e2 5f 0e c0 50 	P␌N␁.␐
00004352 0c 4e 01 f4 10 00 65 b3   e3 e1 e2 5f 0e c0 50 00 	␌N␁.␐
00004368 00 01 f4 10 00 b0 90 e3   e1 e2 5f 08 c0 51 fe a5 	
00004384 e3 e1 e2 c0 12 5f 51 00   00 00 00 01 10 00 00 00 	....␒_Q
00004400 00 3f e7 e3 e1 e2 5f 0e   c0 50 00 00 01 f4 10 00 	
00004416 b0 90 e3 e1 e2 5f 0e c0   50 00 00 01 f4 10 00 b0 	....._␎.  P
00004432 90 e3 e1 e2 5f 0e c0 50   00 00 01 f4 10 00 b0 90 	...._␎.P  
00004448 e3 e1 e2 5f 0e c0 50 00   00 01 f4 10 00 b0 90 e3 	..._␎.P
00004464 e1 e2 5f 08 c0 51 fe a5   e3 e1 e2 c0 12 5f 51 00 	.._␈.Q..  ....␒_Q
00004480 00 00 00 01 10 00 00 00   00 3f e7 e3 e1 e2 5f 0e 	
00004496 c0 50 00 00 01 f4 10 00   b0 90 e3 e1 e2 5f 0e c0 	.P
00004512 50 00 00 01 f4 10 00 b0   90 e3 e1 e2 5f 0e c0 50 	P
00004528 00 00 01 f4 10 00 b0 90   e3 e1 e2 5f 0e c0 50 00 	
00004544 00 01 f4 10 00 b0 90 e3   e1 e2 5f 08 c0 51 fe a5 	
00004560 e3 e1 e2 c0 12 5f 51 00   00 00 00 01 10 00 00 00 	....␒_Q
00004576 00 3f e7 e3 e1 e2 5f 0e   c0 50 00 00 01 f4 10 00 	
00004592 b0 90 e3 e1 e2 5f 0e c0   50 00 00 01 f4 10 00 b0 	....._␎.  P
00004608 90 e3 e1 e2 5f 0e c0 50   00 00 01 f4 10 00 b0 90 	...._␎.P  
00004624 e3 e1 e2 5f 0e c0 50 00   00 01 f4 10 00 b0 90 e3 	..._␎.P
00004640 e1 e2 5f 08 c0 51 fe a5   e3 e1 e2 c0 12 5f 51 00 	.._␈.Q..  ....␒_Q
00004656 00 00 00 01 10 00 00 00   00 3f e7 e3 e1 e2 5f 0e 	
00004672 c0 50 00 00 01 f4 10 00   b0 90 e3 e1 e2 5f 0e c0 	.P
00004688 50 00 00 01 f4 10 00 b0   90 e3 e1 e2 5f 0e c0 50 	P
00004704 00 00 01 f4 10 00 b0 90   e3 e1 e2 5f 0e c0 50 00 	
00004720 00 01 f4 10 00 b0 90 e3   e1 e2 5f 08 c0 51 fe a5 	
00004736 e3 e1 e2 c0 12 5f 51 00   00 00 00 01 10 00 00 00 	....␒_Q
00004752 00 3f e7 e3 e1 e2 5f 0e   c0 50 00 00 01 f4 10 00 	
00004768 b0 90 e3 e1 e2 5f 0e c0   50 00 00 01 f4 10 00 b0 	....._␎.  P
00004784 90 e3 e1 e2 5f 0e c0 50   00 00 01 f4 10 00 b0 90 	...._␎.P  
00004800 e3 e1 e2 5f 0e c0 50 00   00 01 f4 10 00 b0 90 e3 	..._␎.P
00004816 e1 e2 5f 08 c0 51 fe a5   e3 e1 e2 c0 12 5f 51 00 	.._␈.Q..  ....␒_Q
00004832 00 00 00 01 10 00 00 00   00 3f e7 e3 e1 e2 5f 0e 	
00004848 c0 50 00 00 01 f4 10 00   b0 90 e3 e1 e2 5f 0e c0 	.P
00004864 50 00 00 01 f4 10 00 b0   90 e3 e1 e2 5f 0e c0 50 	P
00004880 00 00 01 f4 10 00 b0 90   e3 e1 e2 5f 0e c0 50 00 	
00004896 00 01 f4 10 00 b0 90 e3   e1 e2 5f 08 c0 51 fe a5 	
00004912 e3 e1 e2 c0 12 5f 51 00   00 00 00 01 10 00 00 00 	....␒_Q
00004928 00 3f e7 e3 e1 e2 5f 0e   c0 50 00 00 01 f4 10 00 	
00004944 b0 90 e3 e1 e2 5f 0e c0   50 00 00 01 f4 10 00 b0 	....._␎.  P
00004960 90 e3 e1 e2 5f 0e c0 50   00 00 01 f4 10 00 b0 90 	...._␎.P  
00004976 e3 e1 e2 5f 0e c0 50 00   00 01 f4 10 00 b0 90 e3 	..._␎.P
00004992 e1 e2 5f 08 c0 51 fe a5   e3 e1 e2 c0 12 5f 51 00 	.._␈.Q..  ....␒_Q
00005008 00 00 00 01 10 00 00 00   00 3f e7 e3 e1 e2 5f 0e 	
00005024 c0 50 00 00 01 f4 10 00   b0 90 e3 e1 e2 5f 0e c0 	.P
00005040 50 00 00 01 f4 10 00 b0   90 e3 e1 e2 5f 0e c0 50 	P
00005056 00 00 01 f4 10 00 b0 90   e3 e1 e2 5f 0e c0 50 00 	
00005072 00 01 f4 10 00 b0 90 e3   e1 e2 5f 08 c0 51 fe a5 	
00005088 e3 e1 e2 c0 12 5f 51 00   00 00 00 01 10 00 00 00 	....␒_Q
00005104 00 3f e7 e3 e1 e2 5f 0e   c0 50 00 00 01 f4 10 00 	
00005120 b0 90 e3 e1 e2 5f 0e c0   50 00 00 01 f4 10 00 b0 	....._␎.  P
00005136 90 e3 e1 e2 5f 0e c0 50   00 00 01 f4 10 00 b0 90 	...._␎.P  
00005152 e3 e1 e2 5f 0e c0 50 00   00 01 f4 10 00 b0 90 e3 	..._␎.P
00005168 e1 e2 5f 08 c0 51 fe a5   e3 e1 e2 c0 12 5f 51 00 	.._␈.Q..  ....␒_Q
00005184 00 00 00 01 10 00 00 00   00 3f e7 e3 e1 e2 5f 0e 	
00005200 c0 50 00 00 01 f4 10 00   b0 90 e3 e1 e2 5f 0e c0 	.P
00005216 50 00 00 01 f4 10 00 b0   90 e3 e1 e2 5f 0e c0 50 	P
00005232 00 00 01 f4 10 00 b0 90   e3 e1 e2 5f 0e c0 50 00 	
00005248 00 01 f4 10 00 b0 90 e3   e1 e2 5f 08 c0 51 fe a5 	
00005264 e3 e1 e2 c0 12 5f 51 00   00 00 00 01 10 00 00 00 	....␒_Q
00005280 00 3f e7 e3 e1 e2 5f 0e   c0 50 00 00 01 f4 10 00 	
00005296 b0 90 e3 e1 e2 5f 0e c0   50 00 00 01 f4 10 00 b0 	....._␎.  P
00005312 90 e3 e1 e2 5f 0e c0 50   00 00 01 f4 10 00 b0 90 	...._␎.P  
00005328 e3 e1 e2 5f 0e c0 50 00   00 01 f4 10 00 b0 90 e3 	..._␎.P
00005344 e1 e2 5f 08 c0 51 7e a5   e3 e1 e2 c0 12 5f 51 00 	.._␈.Q~.  ....␒_Q
00005360 00 00 00 01 10 00 00 00   00 3f e7 e3 e1 e2 5f 0e 	
00005376 c0 50 00 00 01 f4 10 00   b0 90 e3 e1 e2 5f 0e c0 	.P
00005392 50 00 00 01 f4 10 00 b0   90 e3 e1 e2 5f 0e c0 50 	P
00005408 00 00 01 f4 10 00 b0 90   e3 e1 e2 5f 0e c0 50 00 	
00005424 00 01 f4 10 00 b0 90 e3   e1 e2 5f 08 c0 51 fe a5 	
00005440 e3 e1 e2 c0 12 5f 51 00   00 00 00 01 10 00 00 00 	....␒_Q
00005456 00 3f e7 e3 e1 e2 5f 0e   c0 50 00 00 01 f4 10 00 	
00005472 b0 90 e3 e1 e2 5f 0e c0   50 00 00 01 f4 10 00 b0 	....._␎.  P
00005488 90 e3 e1 e2 5f 0e c0 50   00 00 01 f4 10 00 b0 90 	...._␎.P  
00005504 e3 e1 e2 5f 0e c0 50 00   00 01 f4 10 00 b0 90 e3 	..._␎.P
00005520 e1 e2 5f 08 c0 51 fe a5   e3 e1 e2 c0 12 5f 51 00 	.._␈.Q..  ....␒_Q
00005536 00 00 00 01 10 00 00 00   00 3f e7 e3 e1 e2 5f 0e 	
00005552 c0 50 00 00 01 f4 10 00   b0 90 e3 e1 e2 5f 0e c0 	.P
00005568 50 00 00 01 f4 10 00 b0   90 e3 e1 e2 5f 0e c0 50 	P
00005584 00 00 01 f4 10 00 b0 90   e3 e1 e2 5f 0e c0 50 00 	
00005600 00 01 f4 10 00 b0 90 e3   e1 e2 5f 08 c0 51 fe a5 	
00005616 e3 e1 e2 c0 12 5f 51 00   00 00 00 01 10 00 00 00 	....␒_Q
00005632 00 3f e7 e3 e1 e2 5f 0e   c0 50 00 00 01 f4 10 00 	
00005648 b0 90 e3 e1 e2 5f 0e c0   50 00 00 01 f4 10 00 b0 	....._␎.  P
00005664 90 e3 e1 e2 5f 0e c0 50   00 00 01 f4 10 00 b0 90 	...._␎.P  
00005680 e3 e1 e2 5f 0e c0 50 00   00 01 f4 10 00 b0 90 e3 	..._␎.P
00005696 e1 e2 5f 08 c0 51 fe a5   e3 e1 e2 c0 12 5f 51 00 	.._␈.Q..  ....␒_Q
00005712 00 00 00 01 10 00 00 00   00 3f e7 e3 e1 e2 5f 0e 	
00005728 c0 50 00 00 01 f4 10 00   b0 90 e3 e1 e2 5f 0e c0 	.P
00005744 50 00 00 01 f4 10 00 b0   90 e3 e1 e2 5f 0e c0 50 	P
00005760 00 00 01 f4 10 00 b0 90   e3 e1 e2 5f 0e c0 50 00 	
00005776 00 01 f4 10 00 b0 90 e3   e1 e2 5f 08 c0 51 fe a5 	
00005792 e3 e1 e2 c0 12 5f 51 00   00 00 00 01 10 00 00 00 	....␒_Q
00005808 00 3f e7 e3 e1 e2 5f 0e   c0 50 00 00 01 f4 10 00 	
00005824 b0 90 e3 e1 e2 5f 0e c0   50 00 00 01 f4 10 00 b0 	....._␎.  P
00005840 90 e3 e1 e2 5f 0e c0 50   00 00 01 f4 10 00 b0 90 	...._␎.P  
00005856 e3 e1 e2 5f 0e c0 50 00   00 01 f4 10 00 b0 90 e3 	..._␎.P
00005872 e1 e2 5f 08 c0 51 fe a5   e3 e1 e2 c0 12 5f 51 00 	.._␈.Q..  ....␒_Q
00005888 00 00 00 01 10 00 00 00   00 3f e7 e3 e1 e2 5f 0e 	
00005904 c0 50 00 00 01 f4 10 00   b0 90 e3 e1 e2 5f 0e c0 	.P
00005920 50 00 00 01 f4 10 00 b0   90 e3 e1 e2 5f 0e c0 50 	P
00005936 00 00 01 f4 10 00 b0 90   e3 e1 e2 5f 0e c0 50 00 	
00005952 00 01 f4 10 00 b0 90 e3   e1 e2 5f 08 c0 51 fe a5 	
00005968 e3 e1 e2 c0 12 5f 51 00   00 00 00 01 10 00 00 00 	....␒_Q
00005984 00 3f e7 e3 e1 e2 5f 0e   c0 50 00 00 01 f4 10 00 	
00006000 b0 90 e3 e1 e2 5f 0e c0   50 00 00 01 f4 10 00 b0 	....._␎.  P
00006016 90 e3 e1 e2 5f 0e c0 50   00 00 01 f4 10 00 b0 90 	...._␎.P  
00006032 e3 e1 e2 5f 0e c0 50 00   00 01 f4 10 00 b0 90 e3 	..._␎.P
00006048 e1 e2 5f 08 c0 51 fe a5   e3 e1 e2 c0 12 5f 51 00 	.._␈.Q..  ....␒_Q
00006064 00 00 00 01 10 00 00 00   00 3f e7 e3 e1 e2 5f 0e 	
00006080 c0 50 00 00 01 f4 10 00   b0 90 e3 e1 e2 5f 0e c0 	.P
00006096 50 00 00 01 f4 10 00 b0   90 e3 e1 e2 5f 0e c0 50 	P
00006112 00 00 01 f4 10 00 b0 90   e3 e1 e2 5f 0e c0 50 00 	
00006128 00 01 f4 10 00 b0 90 e3   e1 e2 5f 08 c0 51 fe a5 	
00006144 e3 e1 e2 c0 12 5f 51 00   00 00 00 01 10 00 00 00 	....␒_Q
00006160 00 3f e7 e3 e1 e2 5f 0e   c0 50 00 00 01 f4 10 00 	
00006176 b0 90 e3 e1 e2 5f 0e c0   50 00 00 01 f4 10 00 b0 	....._␎.  P
00006192 90 e3 e1 e2 5f 0e c0 50   00 00 01 f4 10 00 b0 90 	...._␎.P  
00006208 e3 e1 e2 5f 0e c0 50 00   00 01 f4 10 00 b0 90 e3 	..._␎.P
00006224 e1 e2 5f 08 c0 51 fe a5   e3 e1 e2 c0 12 5f 51 00 	.._␈.Q..  ....␒_Q
00006240 00 00 00 01 10 00 00 00   00 3f e7 e3 e1 e2 5f 0e 	
00006256 c0 50 00 00 01 f4 10 00   b0 90 e3 e1 e2 5f 0e c0 	.P
00006272 50 00 00 01 f4 10 00 b0   90 e3 e1 e2 5f 0e c0 50 	P
00006288 00 00 01 f4 10 00 b0 90   e3 e1 e2 5f 0e c0 50 00 	
00006304 00 01 f4 10 00 b0 90 e3   e1 e2 5f 08 c0 51 fe a5 	
00006320 e3 e1 e2 c0 12 5f 51 00   00 00 00 01 10 00 00 00 	....␒_Q
00006336 00 3f e7 e3 e1 e2 5f 0e   c0 50 00 00 01 f4 10 00 	
00006352 b0 90 e3 e1 e2 5f 0e c0   50 00 00 01 f4 10 00 b0 	....._␎.  P
00006368 90 e3 e1 e2 5f 0e c0 50   00 00 01 f4 10 00 b0 90 	...._␎.P  
00006384 e3 e1 e2 5f 0e c0 50 00   00 01 f4 10 00 b0 90 e3 	..._␎.P
00006400 e1 e2 5f 08 c0 51 fe a5   e3 e1 e2 c0 12 5f 51 00 	.._␈.Q..  ....␒_Q
00006416 00 00 00 01 10 00 00 00   00 3f e7 e3 e1 e2 5f 0e 	
00006432 c0 50 00 00 01 f4 10 00   b0 90 e3 e1 e2 5f 0e c0 	.P
00006448 50 00 00 01 f4 10 00 b0   90 e3 e1 e2 5f 0e c0 50 	P
00006464 00 00 01 f4 10 00 b0 90   e3 e1 e2 5f 0e c0 50 00 	
00006480 00 01 f4 10 00 b0 90 e3   e1 e2 5f 08 c0 51 fe a5 	
00006496 e3 e1 e2 c0 12 5f 51 00   00 00 00 01 10 00 00 00 	....␒_Q
00006512 00 3f e7 e3 e1 e2 5f 0e   c0 50 00 00 01 f4 10 00 	
00006528 b0 90 e3 e1 e2 5f 0e c0   50 00 00 01 f4 10 00 b0 	....._␎.  P
00006544 90 e3 e1 e2 5f 0e c0 50   00 00 01 f4 10 00 b0 90 	...._␎.P  
00006560 e3 e1 e2 5f 0e c0 50 00   00 01 f4 10 00 b0 90 e3 	..._␎.P
00006576 e1 e2 5f 08 c0 51 fe a5   e3 e1 e2 c0 12 5f 51 00 	.._␈.Q..  ....␒_Q
00006592 00 00 00 01 10 00 00 00   00 3f e7 e3 e1 e2 5f 0e 	
00006608 c0 50 00 00 01 f4 10 00   b0 90 e3 e1 e2 5f 0e c0 	.P
00006624 50 00 00 01 f4 10 00 b0   90 e3 e1 e2 5f 0e c0 50 	P
00006640 00 00 01 f4 10 00 b0 90   e3 e1 e2 5f 0e c0 50 00 	
00006656 00 01 f4 10 00 b0 90 e3   e1 e2 5f 08 c0 51 fe a5 	
00006672 e3 e1 e2 c0 12 5f 51 00   00 00 00 01 10 00 00 00 	....␒_Q
00006688 00 3f e7 e3 e1 e2 5f 0e   c0 50 00 00 01 f4 10 00 	
00006704 b0 90 e3 e1 e2 5f 0e c0   50 00 00 01 f4 10 00 b0 	....._␎.  P
00006720 90 e3 e1 e2 5f 0e c0 50   00 00 01 f4 10 00 b0 90 	...._␎.P  
00006736 e3 e1 e2 5f 0e c0 50 00   00 01 f4 10 00 b0 90 e3 	..._␎.P
00006752 e1 e2 5f 08 c0 51 fe a5   e3 e1 e2 c0 12 5f 51 00 	.._␈.Q..  ....␒_Q
00006768 00 00 00 01 10 00 00 00   00 3f e7 e3 e1 e2 5f 0e 	
00006784 c0 50 00 00 01 f4 10 00   b0 90 e3 e1 e2 5f 0e c0 	.P
00006800 50 00 00 01 f4 10 00 b0   90 e3 e1 e2 5f 0e c0 50 	P
00006816 00 00 01 f4 10 00 b0 90   e3 e1 e2 5f 0e c0 50 00 	
00006832 00 01 f4 10 00 b0 90 e3   e1 e2 5f 08 c0 51 fe a5 	
00006848 e3 e1 e2 c0 12 5f 51 00   00 00 00 01 10 00 00 00 	....␒_Q
00006864 00 3f e7 e3 e1 e2 5f 0e   c0 50 00 00 01 f4 10 00 	
00006880 b0 90 e3 e1 e2 5f 0e c0   50 00 00 01 f4 10 00 b0 	....._␎.  P
00006896 90 e3 e1 e2 5f 0e c0 50   00 00 01 f4 10 00 b0 90 	...._␎.P  
00006912 e3 e1 e2 5f 0e c0 50 00   00 01 f4 10 00 b0 90 e3 	..._␎.P
00006928 e1 e2 5f 08 c0 51 fe a5   e3 e1 e2 c0 12 5f 51 00 	.._␈.Q..  ....␒_Q
00006944 00 00 00 01 10 00 00 00   00 3f e7 e3 e1 e2 5f 0e 	
00006960 c0 50 00 00 01 f4 10 00   b0 90 e3 e1 e2 5f 0e c0 	.P
00006976 50 00 00 01 f4 10 00 b0   90 e3 e1 e2 5f 0e c0 50 	P
00006992 00 00 01 f4 10 00 b0 90   e3 e1 00 e2 5f 08 c0 51 	
00007008 fe a5 e3 e2 5f 08 c0 51   fe a5 e3 00 00 00 e2 5f 	...._␈.Q  ...
00007024 08 c0 51 fe a5 e3 00 00   00 00 00 00 00 00 00 00 	␈.Q...
00007040 00 00 00 00 00 00 00 00   00 e2 5f 08 c0 51 fe a5 	
00007056 e3 e1 e2 c0 12 5f 51 00   00 00 00 00 10 00 00 00 	....␒_Q
00007072 00 7a 47 e3 e1 e2 5f 0e   c0 50 00 00 01 f4 00 00 	
00007088 b3 e0 e3 e3 e1 e2 5f 0e   c0 50 0c 4e 01 f4 10 00 	......_␎  .P␌N␁.␐
00007104 65 b3 e3 e1 e2 5f 0e c0   50 0c 4e 01 f4 10 00 65 	e...._␎.  P␌N␁.␐
00007120 b3 e3 e1 e2 5f 0e c0 50   0c 4e 01 f4 10 00 65 b3 	...._␎.P  ␌N␁.␐
00007136 e3 e1 e2 5f 08 c0 51 fe   a5 e3 e1 e2 c0 12 5f 51 	..._␈.Q.  .....␒_Q
00007152 00 00 0c 4e 01 10 00 00   00 00 c1 34 e3 e1 e2 5f 	
00007168 0e c0 50 0c 4e 01 f4 10   00 65 b3 e3 e1 e2 5f 0e 	␎.P␌N␁.␐  
00007184 c0 50 0c 4e 01 f4 10 00   65 b3 e3 e1 e2 5f 0e c0 	.P␌N␁.␐
00007200 50 0c 4e 01 f4 10 00 65   b3 e3 e2 5f 0e c0 50 0c 	P␌N␁.␐
00007216 4e 01 f4 10 00 65 b3 e3   e1 e2 5f 0e c0 50 0c 4e 	N␁.␐
00007232 01 f4 10 00 65 b3 e3 e1   e2 5f 08 c0 51 fe a5 e3 	␁.␐
00007248 e1 e2 c0 12 5f 51 00 00   0c 4e 01 10 00 00 00 00 	...␒_Q
00007264 c1 34 e3 e1 e2 5f 0e c0   50 0c 4e 01 f4 10 00 65 	.4..._␎.  P␌N␁.␐
00007280 b3 e3 e2 5f 0e c0 50 0c   4e 01 f4 10 00 65 b3 e3 	..._␎.P␌  N␁.␐
00007296 e1 e2 5f 0e c0 50 0c 4e   01 f4 10 00 65 b3 e3 e1 	.._␎.P␌N  ␁.␐
00007312 e2 5f 0e c0 50 0c 4e 01   f4 10 00 65 b3 e3 e1 e2 	._␎.P␌N␁  .␐
00007328 5f 0e c0 50 0c 4e 01 f4   10 00 65 b3 e3 e2 5f 0e 	_␎.P␌N␁.  ␐
00007344 c0 50 0c 4e 01 f4 10 00   65 b3 e3 e1 e2 5f 08 c0 	.P␌N␁.␐
00007360 51 fe a5 e3 e1 e2 c0 12   5f 51 00 2b 0c 4e 01 10 	Q......␒  _Q
00007376 00 00 00 00 62 73 e3 e1   e2 5f 0e c0 50 0c 4e 01 	
00007392 f4 10 00 65 b3 e3 e1 e2   5f 0e c0 50 0c 4e 01 f4 	.␐
00007408 10 00 65 b3 e3 e1 e2 5f   0e c0 50 0c 4e 01 f4 10 	␐
00007424 00 65 b3 e3 e1 e2 5f 0e   c0 50 0c 4e 01 f4 10 00 	
00007440 65 b3 e3 e2 5f 0e c0 50   0c 4e 01 f4 10 00 65 b3 	e..._␎.P  ␌N␁.␐
00007456 e3 e2 5f 0e c0 50 0c 4e   01 f4 10 00 65 b3 e3 e1 	.._␎.P␌N  ␁.␐
00007472 e2 5f 08 c0 51 fe a5 e3   e1 e2 c0 12 5f 51 03 a8 	._␈.Q...  ...␒_Q␃.
00007488 0c 4e 01 10 00 00 00 00   41 4a e3 e1 e2 5f 0e c0 	␌N␁␐
00007504 50 0c 4e 01 f4 10 00 65   b3 e3 e2 5f 0e c0 50 0c 	P␌N␁.␐
00007520 4e 01 f4 10 00 65 b3 e3   e1 e2 5f 0e c0 50 0c 4e 	N␁.␐
00007536 01 f4 10 00 65 b3 e3 e1   e2 5f 0e c0 50 0c 4e 01 	␁.␐
00007552 f4 10 00 65 b3 e3 e1 e2   5f 0e c0 50 0c 4e 01 f4 	.␐
00007568 10 00 65 b3 e3 e1 e2 5f   08 c0 51 fe a5 e3 e1 e2 	␐
00007584 c0 12 5f 51 0c 64 0c 4e   01 10 00 00 00 00 42 80 	.␒_Q␌d␌N  ␁␐
00007600 e3 e1 e2 5f 0e c0 50 0c   4e 01 f4 10 00 65 b3 e3 	..._␎.P␌  N␁.␐
00007616 e1 e2 5f 0e c0 50 0c 4e   01 f4 10 00 65 b3 e3 e2 	.._␎.P␌N  ␁.␐
00007632 5f 0e c0 50 0c 4e 01 f4   10 00 65 b3 e3 e1 e2 5f 	_␎.P␌N␁.  ␐
00007648 0e c0 50 0c 4e 01 f4 10   00 65 b3 e3 e1 e2 5f 0e 	␎.P␌N␁.␐  
00007664 c0 50 0c 4e 01 f4 10 00   65 b3 e3 e1 e2 5f 08 c0 	.P␌N␁.␐
00007680 51 fe a5 e3 e1 e2 c0 12   5f 51 0c 0b 0c 4e 01 10 	Q......␒  _Q␌␋␌N␁␐
00007696 00 e2 c0 12 5f 51 0c 0b   0c e2 5f 0e c0 50 0c 4e 	
00007712 01 f4 10 00 65 b3 e3 e1   e2 5f 0e c0 50 0c 4e 01 	␁.␐
00007728 f4 10 00 65 b3 e3 e1 e2   5f 0e c0 50 0c 4e 01 f4 	.␐
00007744 10 00 65 b3 e3 e1 e2 5f   0e c0 50 0c 4e 01 f4 10 	␐
00007760 00 65 b3 e3 e2 5f 0e c0   50 0c 4e 01 f4 10 00 65 	
00007776 b3 e3 e1 e2 5f 08 c0 51   fe a5 e3 e1 e2 c0 12 5f 	...._␈.Q  ......␒_
00007792 e2 c0 12 5f 51 0a ca 0c   4e 01 10 00 00 00 00 5a 	..␒_Q␊.␌  N␁␐
00007808 06 e3 e1 e2 5f 0e c0 50   0c 4e 01 f4 10 00 65 b3 	␆..._␎.P  ␌N␁.␐
00007824 e3 e1 e2 5f 0e c0 50 0c   4e 01 f4 10 00 65 b3 e3 	..._␎.P␌  N␁.␐
00007840 e1 e2 5f 0e c0 50 0c 4e   01 f4 10 00 65 b3 e3 e1 	.._␎.P␌N  ␁.␐
00007856 e2 5f 0e c0 50 0c 4e 01   f4 10 00 65 b3 e3 e1 e2 	._␎.P␌N␁  .␐
00007872 5f 08 c0 51 fe a5 e3 e1   e2 c0 12 5f 51 0d 20 0c 	_␈.Q....  ..␒_Q␍ ␌
00007888 4e 01 10 00 00 00 00 ee   f3 e3 e1 e2 5f 0e c0 50 	N␁␐
00007904 0c 4e 01 f4 10 00 65 b3   e3 e1 e2 5f 0e c0 50 0c 	␌N␁.␐
00007920 4e 01 f4 10 00 65 b3 e3   e1 e2 5f 0e c0 50 0c 4e 	N␁.␐
00007936 01 f4 10 00 65 b3 e3 e1   e2 5f 0e c0 50 0c 4e 01 	␁.␐
00007952 f4 10 00 65 b3 e3 e1 e2   5f 08 c0 51 fe a5 e3 e1 	.␐
00007968 e2 c0 12 5f 51 0c 06 0c   4e 01 10 00 00 00 00 7c 	..␒_Q␌␆␌  N␁␐
00007984 c2 e3 e1 e2 5f 0e c0 50   0c 4e 01 f4 10 00 65 b3 	...._␎.P  ␌N␁.␐
00008000 e3 e1 e2 5f 0e c0 50 0c   4e 01 f4 10 00 65 b3 e3 	..._␎.P␌  N␁.␐
00008016 e1 e2 5f 0e c0 50 0c 4e   01 f4 10 00 65 b3 e3 e1 	.._␎.P␌N  ␁.␐
00008032 e2 5f 0e c0 50 0c 4e 01   f4 10 00 65 b3 e3 e1 e2 	._␎.P␌N␁  .␐
00008048 5f 08 c0 51 fe a5 e3 e1   e2 c0 12 5f 51 0d 0c 0c 	_␈.Q....  ..␒_Q␍␌␌
00008064 4e 01 10 00 00 00 00 fc   1f e3 e1 e2 5f 0e c0 50 	N␁␐
00008080 0c 4e 01 f4 10 00 65 b3   e3 e1 e2 5f 0e c0 50 0c 	␌N␁.␐
00008096 4e 01 f4 10 00 65 b3 e3   e1 e2 5f 0e c0 50 0c 4e 	N␁.␐
00008112 01 f4 10 00 65 b3 e3 e1   e2 5f 0e c0 50 0c 4e 01 	␁.␐
00008128 f4 10 00 65 b3 e3 e1 e2   5f 08 c0 51 fe a5 e3 e1 	.␐
00008144 e2 c0 12 5f 51 0b a4 0c   4e 01 10 00 00 00 00 be 	..␒_Q␋.␌  N␁␐
00008160 11 e3 e1 e2 5f 0e c0 50   0c 4e 01 f4 10 00 65 b3 	␑..._␎.P  ␌N␁.␐
00008176 e3 e1 e2 5f 0e c0 50 0c   4e 01 f4 10 00 65 b3 e3 	..._␎.P␌  N␁.␐
00008192 e1 e2 5f 0e c0 50 0c 4e   01 f4 10 00 65 b3 e3 e1 	.._␎.P␌N  ␁.␐
00008208 e2 5f 0e c0 50 0c 4e 01   f4 10 00 65 b3 e3 e2 5f 	._␎.P␌N␁  .␐
00008224 0e c0 50 0c 4e 01 f4 10   00 65 b3 e3 e1 e2 5f 08 	␎.P␌N␁.␐  
00008240 c0 51 fe a5 e3 e1 e2 c0   12 5f 51 0b 77 0c 4e 01 	.Q......  ␒_Q␋w␌N␁
00008256 10 00 00 00 00 20 c0 e3   e1 e2 5f 0e c0 50 0c 4e 	␐
00008272 01 f4 10 00 65 b3 e3 e1   e2 5f 0e c0 50 0c 4e 01 	␁.␐
00008288 f4 10 00 65 b3 e3 e1 e2   5f 0e c0 50 0c 4e 01 f4 	.␐
00008304 10 00 65 b3 e3 e1 e2 5f   0e c0 50 0c 4e 01 f4 10 	␐
00008320 00 65 b3 e3 e1 e2 5f 08   c0 51 7e a5 e3 e1 e2 c0 	
00008336 12 5f 51 0d 56 0c 4e 01   10 00 00 00 00 1f a0 e3 	␒_Q␍V␌N␁  ␐
00008352 e1 e2 5f 0e c0 50 0c 4e   01 f4 10 00 65 b3 e3 e1 	.._␎.P␌N  ␁.␐
00008368 e2 5f 0e c0 50 0c 4e 01   f4 10 00 65 b3 e3 e1 e2 	._␎.P␌N␁  .␐
00008384 5f 0e c0 50 0c 4e 01 f4   10 00 65 b3 e3 e1 e2 5f 	_␎.P␌N␁.  ␐
00008400 0e c0 50 0c 4e 01 f4 10   00 65 b3 e3 e1 e2 57 08 	␎.P␌N␁.␐  
00008416 c0 51 fe a5 e3 e1 e2 c0   12 5f 51 0d 0b 0c 4e 01 	.Q......  ␒_Q␍␋␌N␁
00008432 10 00 00 00 00 4d b4 e3   e1 e2 5f 0e c0 50 0c 4e 	␐
00008448 01 f4 10 00 65 b3 e3 e1   e2 5f 0e c0 50 0c 4e 01 	␁.␐
00008464 f4 10 00 65 b3 e3 e1 e2   5f 0e c0 50 0c 4e 01 f4 	.␐
00008480 10 00 65 b3 e3 e1 e2 57   0e c0 50 0c 4e 01 f4 10 	␐
00008496 00 65 b3 e3 e1 e2 5f 08   c0 51 fe a5 e3 e1 e2 c0 	
00008512 12 5f 51 0c b0 0c 4e 01   10 00 00 00 00 6d fa e3 	␒_Q␌.␌N␁  ␐
00008528 e1 e2 5f 0e c0 50 0c 4e   01 f4 10 00 65 b3 e3 e1 	.._␎.P␌N  ␁.␐
00008544 e2 5f 0e c0 50 0c 4e 01   f4 10 00 65 b3 e3 e1 e2 	._␎.P␌N␁  .␐
00008560 5f 0e c0 50 0c 4e 01 f4   10 00 65 b3 e3 e1 e2 5f 	_␎.P␌N␁.  ␐
00008576 0e c0 50 0c 4e 01 f4 10   00 65 b3 e3 e1 e2 5f 08 	␎.P␌N␁.␐  
00008592 c0 51 fe a5 e3 e1 e2 c0   12 5f 51 0c c7 0c 4e 01 	.Q......  ␒_Q␌.␌N␁
00008608 10 00 00 00 00 77 8a e3   e1 e2 5f 0e c0 50 0c 4e 	␐
00008624 01 f4 10 00 65 b3 e3 e1   e2 5f 0e c0 50 0c 4e 01 	␁.␐
00008640 f4 10 00 65 b3 e3 e1 e2   57 0e c0 50 0c 4e 01 f4 	.␐
00008656 10 00 65 b3 e3 e1 e2 5f   0e c0 50 0c 4e 01 f4 10 	␐
00008672 00 65 b3 e3 e1 e2 5f 08   c0 51 7e a5 e3 e1 e2 c0 	
00008688 12 5f 51 0c 84 0c 4e 01   10 00 00 00 00 05 17 e3 	␒_Q␌.␌N␁  ␐
00008704 e1 e2 5f 0e c0 50 0c 4e   01 f4 10 00 65 b3 e3 e1 	.._␎.P␌N  ␁.␐
00008720 e2 5f 0e c0 50 0c 4e 01   f4 10 00 65 b3 e3 e1 e2 	._␎.P␌N␁  .␐
00008736 5f 0e c0 50 0c 4e 01 f4   10 00 65 b3 e3 e1 e2 5f 	_␎.P␌N␁.  ␐
00008752 0e c0 50 0c 4e 01 f4 10   00 65 b3 e3 e1 e2 5f 08 	␎.P␌N␁.␐  
00008768 c0 51 fe a5 e3 e1 e2 c0   12 5f 51 0c 58 0c 4e 01 	.Q......  ␒_Q␌X␌N␁
00008784 10 00 00 00 00 03 92 e3   e1 e2 5f 0e c0 50 0c 4e 	␐
00008800 01 f4 10 00 65 b3 e3 e1   e2 5f 0e c0 50 0c 4e 01 	␁.␐
00008816 f4 10 00 65 b3 e3 e1 e2   5f 0e c0 50 0c 4e 01 f4 	.␐
00008832 10 00 65 b3 e3 e1 e2 5f   0e c0 50 0c 4e 01 f4 10 	␐
00008848 00 65 b3 e3 e1 e2 5f 08   c0 51 fe a5 e3 e1 e2 c0 	
00008864 12 5f 51 0c 4f 0c 4e 01   10 00 00 00 00 e0 e1 c7 	␒_Q␌O␌N␁  ␐
00008880 e3 e1 e2 5f 0e c0 50 0c   4e 01 f4 10 00 65 b3 e3 	..._␎.P␌  N␁.␐
00008896 e2 5f 0e c0 50 0c 4e 01   f4 10 00 65 b3 e3 e1 e2 	._␎.P␌N␁  .␐
00008912 5f 0e c0 50 0c 4e 01 f4   10 00 65 b3 e3 e1 e2 5f 	_␎.P␌N␁.  ␐
00008928 0e c0 50 0c 4e 01 f4 10   00 65 b3 e3 e2 5f 0e c0 	␎.P␌N␁.␐  
00008944 50 0c 4e 01 f4 10 00 65   b3 e3 e1 e2 5f 0e c0 50 	P␌N␁.␐
00008960 0c 4e 01 f4 10 00 65 b3   e3 e2 5f 0e c0 50 0c 4e 	␌N␁.␐
00008976 01 f4 10 00 65 b3 e3 e1   e2 5f 08 c0 51 fe a5 e3 	␁.␐
00008992 e1 e2 c0 12 5f 51 0c 45   0c 4e 01 10 00 00 00 00 	...␒_Q␌E  ␌N␁␐
00009008 0e 5f e3 e1 e2 5f 0e c0   50 0c 4e 01 f4 10 00 65 	␎_..._␎.  P␌N␁.␐
00009024 b3 e3 e1 e2 5f 0e c0 50   0c 4e 01 f4 10 00 65 b3 	...._␎.P  ␌N␁.␐
00009040 e3 e1 e2 5f 0e c0 50 0c   4e 01 f4 10 00 65 b3 e3 	..._␎.P␌  N␁.␐
00009056 e1 e2 5f 0e c0 50 0c 4e   01 f4 10 00 65 b3 e3 e1 	.._␎.P␌N  ␁.␐
00009072 e2 57 08 c0 51 fe a5 e3   e1 e2 c0 12 5f 51 0c 7c 	.W␈.Q...  ...␒_Q␌|
00009088 0c 4e 01 10 00 00 00 00   38 81 e3 e1 e2 5f 0e c0 	␌N␁␐
00009104 50 0c 4e 01 f4 10 00 65   b3 e3 e2 5f 0e c0 50 0c 	P␌N␁.␐
00009120 4e 01 f4 10 00 65 b3 e3   e1 e2 5f 0e c0 50 0c 4e 	N␁.␐
00009136 01 f4 10 00 65 b3 e3 e2   5f 0e c0 50 0c 4e 01 f4 	␁.␐
00009152 10 00 65 b3 e3 e1 e2 5f   0e c0 50 0c 4e 01 f4 10 	␐
00009168 00 65 b3 e3 e1 e2 5f 0e   c0 50 0c 4e 01 f4 10 00 	
00009184 65 b3 e3 e1 e2 5f 08 c0   51 fe a5 e3 e1 e2 c0 12 	e...._␈.  Q......␒
00009200 5f 51 0c 75 0c 4e 01 10   00 00 00 00 fa 5d e3 e1 	_Q␌u␌N␁␐  
00009216 e2 5f 0e c0 50 0c 4e 01   f4 10 00 65 b3 e3 e1 e2 	._␎.P␌N␁  .␐
00009232 5f 0e c0 50 0c 4e 01 f4   10 00 65 b3 e3 e1 e2 5f 	_␎.P␌N␁.  ␐
00009248 0e c0 50 0c 4e 01 f4 10   00 65 b3 e3 e1 e2 5f 0e 	␎.P␌N␁.␐  
00009264 c0 50 0c 4e 01 f4 10 00   65 b3 e3 e1 e2 5f 08 c0 	.P␌N␁.␐
00009280 51 fe a5 e3 e1 e2 c0 12   5f 51 0c 42 0c 4e 01 10 	Q......␒  _Q␌B␌N␁␐
00009296 00 00 00 00 bf f4 e3 e1   e2 5f 0e c0 50 0c 4e 01 	
00009312 f4 10 00 65 b3 e3 e1 e2   5f 0e c0 50 0c 4e 01 f4 	.␐
00009328 10 00 65 b3 e3 e1 e2 5f   0e c0 50 0c 4e 01 f4 10 	␐
00009344 00 65 b3 e3 e1 e2 5f 0e   c0 50 0c 4e 01 f4 10 00 	
00009360 65 b3 e3 e1 e2 5f 08 c0   51 fe a5 e3 e1 e2 c0 12 	e...._␈.  Q......␒
00009376 5f 51 0c e2 c0 12 5f 51   0c 2f 0c 4e 01 10 00 00 	_Q␌..␒_Q  ␌/␌N␁␐
00009392 00 00 19 e0 e2 e3 e1 e2   5f 0e c0 50 0c 4e 01 f4 	
00009408 10 00 65 b3 e3 e1 e2 5f   0e c0 50 0c 4e 01 f4 10 	␐
00009424 00 65 b3 e3 e1 e2 5f 0e   c0 50 0c 4e 01 f4 10 00 	
00009440 65 b3 e3 e1 e2 5f 0e c0   50 0c 4e 01 f4 10 00 65 	e...._␎.  P␌N␁.␐
00009456 b3 e3 e1 e2 5f 08 c0 51   fe a5 e3 e1 e2 c0 12 5f 	...._␈.Q  ......␒_
00009472 51 0c 4c 0c 4e 01 10 00   00 00 00 cc 83 e3 e1 e2 	Q␌L␌N␁␐
00009488 5f 0e c0 50 0c 4e 01 f4   10 00 65 b3 e3 e1 e2 5f 	_␎.P␌N␁.  ␐
00009504 0e c0 50 0c 4e 01 f4 10   00 65 b3 e3 e1 e2 5f 0e 	␎.P␌N␁.␐  
00009520 c0 50 0c 4e 01 f4 10 00   65 b3 e3 e1 e2 5f 0e c0 	.P␌N␁.␐
00009536 50 0c 4e 01 f4 10 00 65   b3 e3 e1 e2 5f 08 c0 51 	P␌N␁.␐
00009552 fe a5 e3 e1 e2 c0 12 5f   51 0c 85 0c 4e 01 10 00 	......␒_  Q␌.␌N␁␐
00009568 00 00 00 ee 34 e3 e1 e2   5f 0e c0 50 0c 4e 01 f4 	
00009584 10 00 65 b3 e3 e1 e2 5f   0e c0 50 0c 4e 01 f4 10 	␐
00009600 00 65 b3 e3 e1 e2 5f 0e   c0 50 0c 4e 01 f4 10 00 	
00009616 65 b3 e3 e1 e2 5f 0e c0   50 0c 4e 01 f4 10 00 65 	e...._␎.  P␌N␁.␐
00009632 b3 e3 e1 e2 5f 08 c0 51   fe a5 e3 e2 5f 08 c0 51 	...._␈.Q  ...._␈.Q
00009648 fe a5 e3 e1 e2 c0 12 5f   51 0c 30 0c 4e 01 10 00 	......␒_  Q␌0␌N␁␐
00009664 00 00 00 d2 48 e3 e1 e2   5f 0e c0 50 0c 4e 01 f4 	
00009680 10 00 65 b3 e3 e1 e2 5f   0e c0 50 0c 4e 01 f4 10 	␐
00009696 00 65 b3 e3 e1 e2 5f 0e   c0 50 0c 4e 01 f4 10 00 	
00009712 65 b3 e3 e1 e2 5f 0e c0   50 0c 4e 01 f4 10 00 65 	e...._␎.  P␌N␁.␐
00009728 b3 e3 e1 e2 5f 08 c0 51   fe a5 e3 e1 e2 c0 12 5f 	...._␈.Q  ......␒_
00009744 51 0c 7e 0c 4e 01 10 00   00 00 00 fe e6 e3 e1 e2 	Q␌~␌N␁␐
00009760 5f 0e c0 50 0c 4e 01 f4   10 00 65 b3 e3 e1 e2 5f 	_␎.P␌N␁.  ␐
00009776 0e c0 50 0c 4e 01 f4 10   00 65 b3 e3 e1 e2 5f 0e 	␎.P␌N␁.␐  
00009792 c0 50 0c 4e 01 f4 10 00   65 b3 e3 e2 5f 0e c0 50 	.P␌N␁.␐
00009808 0c 4e 01 f4 10 00 65 b3   e3 e1 e2 5f 0e c0 50 0c 	␌N␁.␐
00009824 4e 01 f4 10 00 65 b3 e3   e1 e2 5f 08 c0 51 fe a5 	N␁.␐
00009840 e3 e1 e2 c0 12 5f 51 0c   51 0c 4e 01 10 00 00 00 	....␒_Q␌  Q␌N␁␐
00009856 00 c1 4e e3 e1 e2 5f 0e   c0 50 0c 4e 01 f4 10 00 	
00009872 65 b3 e3 e1 e2 5f 0e c0   50 0c 4e 01 f4 10 00 65 	e...._␎.  P␌N␁.␐
00009888 b3 e3 e1 e2 5f 0e c0 50   0c 4e 01 f4 10 00 65 b3 	...._␎.P  ␌N␁.␐
00009904 e3 e1 e2 5f 0e c0 50 0c   4e 01 f4 10 00 65 b3 e3 	..._␎.P␌  N␁.␐
00009920 e1 e2 5f 08 c0 51 fe a5   e3 e1 e2 c0 12 5f 51 0c 	.._␈.Q..  ....␒_Q␌
00009936 54 0c 4e 01 10 00 00 00   00 b6 82 e3 e1 e2 5f 0e 	T␌N␁␐
00009952 c0 50 0c 4e 01 f4 10 00   65 b3 e3 e1 e2 5f 0e c0 	.P␌N␁.␐
00009968 50 0c 4e 01 f4 10 00 65   b3 e3 e2 5f 0e c0 50 0c 	P␌N␁.␐
00009984 4e 01 f4 10 00 65 b3 e3   e1 e2 5f 0e c0 50 0c 4e 	N␁.␐
00010000 01 f4 10 00 65 b3 e3 e1   e2 5f 0e c0 50 0c 4e 01 	␁.␐
00010016 f4 10 00 65 b3 e3 e1 e2   5f 08 c0 51 fe a5 e3 e1 	.␐
00010032 e2 c0 12 5f 51 0c 21 0c   4e 01 10 00 00 00 00 6a 	..␒_Q␌!␌  N␁␐
00010048 95 e3 e1 e2 5f 0e c0 50   0c 4e 01 f4 10 00 65 b3 	...._␎.P  ␌N␁.␐
00010064 e3 e1 e2 5f 0e c0 50 0c   4e 01 f4 10 00 65 b3 e3 	..._␎.P␌  N␁.␐
00010080 e1 e2 5f 0e c0 50 0c 4e   01 f4 10 00 65 b3 e3 e1 	.._␎.P␌N  ␁.␐
00010096 e2 5f 0e c0 50 0c 4e 01   f4 10 00 65 b3 e3 e1 e2 	._␎.P␌N␁  .␐
00010112 5f 08 c0 51 fe a5 e3 e1   e2 c0 12 5f 51 0c 70 0c 	_␈.Q....  ..␒_Q␌p␌
00010128 4e 01 10 00 00 00 00 8d   91 e3 e1 e2 5f 0e c0 50 	N␁␐
00010144 0c 4e 01 f4 10 00 65 b3   e3 e1 e2 5f 0e c0 50 0c 	␌N␁.␐
00010160 4e 01 f4 10 00 65 b3 e3   e1 e2 5f 0e c0 50 0c 4e 	N␁.␐
00010176 01 f4 10 00 65 b3 e3 e1   e2 5f 0e c0 50 0c 4e 01 	␁.␐
00010192 f4 10 00 65 b3 e3 e2 5f   0e c0 50 0c 4e 01 f4 10 	.␐
00010208 00 65 b3 e3 e2 57 0e c0   50 0c 4e 01 f4 10 00 65 	
00010224 b3 e3 e1 e2 5f 08 c0 51   fe a5 e3 e1 e2 c0 12 5f 	...._␈.Q  ......␒_
00010240 51 0c 2a 0c 4e 01 10 00   00 00 00 6e 2e e3 e1 e2 	Q␌*␌N␁␐
00010256 c0 12 5f 51 0c 2a 0c 4e   01 10 00 00 00 00 6e 2e 	.␒_Q␌*␌N  ␁␐
00010272 e3 e1 e2 5f 0e c0 50 0c   4e 01 f4 10 00 65 b3 e3 	..._␎.P␌  N␁.␐
00010288 e1 e2 5f 0e c0 50 0c 4e   01 f4 10 00 65 b3 e3 e1 	.._␎.P␌N  ␁.␐
00010304 e2 5f 0e c0 50 0c 4e 01   f4 10 00 65 b3 e3 e1 e2 	._␎.P␌N␁  .␐
00010320 5f 0e c0 50 0c 4e 01 f4   10 00 65 b3 e3 e1 e2 5f 	_␎.P␌N␁.  ␐
00010336 08 c0 51 fe a5 e3 e1 e2   c0 12 5f 51 0c 59 0c 4e 	␈.Q.....  .␒_Q␌Y␌N
00010352 01 10 e2 c0 12 5f 51 0c   59 0c 4e 01 10 00 00 00 	␁␐..␒_Q␌  Y␌N␁␐
00010368 00 e8 b1 e3 e1 e2 5f 0e   c0 50 0c 4e 01 f4 10 00 	
00010384 65 b3 e3 e2 5f 0e c0 50   0c 4e 01 f4 10 00 65 b3 	e..._␎.P  ␌N␁.␐
00010400 e3 e1 e2 5f 0e c0 50 0c   4e 01 f4 10 00 65 b3 e3 	..._␎.P␌  N␁.␐
00010416 e1 e2 5f 0e c0 50 0c 4e   01 f4 10 00 65 b3 e3 e1 	.._␎.P␌N  ␁.␐
00010432 e2 5f 0e c0 50 0c 4e 01   f4 10 00 65 b3 e3 e1 e2 	._␎.P␌N␁  .␐
00010448 5f 08 c0 51 fe a5 e3 e1   e2 c0 12 5f 51 0c 47 0c 	_␈.Q....  ..␒_Q␌G␌
00010464 4e 01 10 00 00 00 00 c8   38 e3 e1 e2 5f 0e c0 50 	N␁␐
00010480 0c 4e 01 f4 10 00 65 b3   e3 e1 e2 5f 0e c0 50 0c 	␌N␁.␐
00010496 4e 01 f4 10 00 65 b3 e3   e1 e2 5f 0e c0 50 0c 4e 	N␁.␐
00010512 01 f4 10 00 65 b3 e3 e1   e2 5f 0e c0 50 0c 4e 01 	␁.␐
00010528 f4 10 00 65 b3 e3 e1 e2   5f 08 c0 51 fe a5 e3 e1 	.␐
00010544 e2 c0 12 5f 51 0c 38 0c   4e 01 10 00 00 00 00 fb 	..␒_Q␌8␌  N␁␐
00010560 b7 e3 e1 e2 5f 0e c0 50   0c 4e 01 f4 10 00 65 b3 	...._␎.P  ␌N␁.␐
00010576 e3 e1 e2 5f 0e c0 50 0c   4e 01 f4 10 00 65 b3 e3 	..._␎.P␌  N␁.␐
00010592 e2 5f 0e c0 50 0c 4e 01   f4 10 00 65 b3 e3 e2 5f 	._␎.P␌N␁  .␐
00010608 0e c0 50 0c 4e 01 f4 10   00 65 b3 e3 e1 e2 5f 0e 	␎.P␌N␁.␐  
00010624 c0 50 0c 4e 01 f4 10 00   65 b3 e3 e1 e2 5f 0e c0 	.P␌N␁.␐
00010640 50 0c 4e 01 f4 10 00 65   b3 e3 e1 e2 5f 08 c0 51 	P␌N␁.␐
00010656 fe a5 e3 e1 e2 c0 12 5f   51 0c 5d e2 c0 12 5f 51 	......␒_  Q␌]..␒_Q
00010672 0c 5d e2 5f 0e c0 50 0c   4e 01 f4 10 00 65 b3 e3 	␌]._␎.P␌  N␁.␐
00010688 e2 5f 0e c0 50 0c 4e 01   f4 10 00 65 b3 e3 e1 e2 	._␎.P␌N␁  .␐
00010704 5f 0e c0 50 0c 4e 01 f4   10 00 65 b3 e3 e1 e2 5f 	_␎.P␌N␁.  ␐
00010720 0e c0 50 0c 4e 01 f4 10   00 65 b3 e3 e1 e2 5f 0e 	␎.P␌N␁.␐  
00010736 c0 50 0c 4e 01 f4 10 00   65 b3 e3 e1 e2 5f 08 c0 	.P␌N␁.␐
00010752 51 fe a5 e3 e1 e2 c0 12   5f 51 0c 4e 0c 4e 01 10 	Q......␒  _Q␌N␌N␁␐
00010768 00 00 00 00 0a e4 e3 e1   e2 5f 0e c0 50 0c 4e 01 	
00010784 f4 10 00 65 b3 e3 e1 e2   5f 0e c0 50 0c 4e 01 f4 	.␐
00010800 10 00 65 b3 e3 e1 e2 5f   0e c0 50 0c 4e 01 f4 10 	␐
00010816 00 65 b3 e3 e1 e2 5f 0e   c0 50 0c 4e 01 f4 10 00 	
00010832 65 b3 e3 e1 e2 5f 08 c0   51 fe a5 e3 e1 e2 c0 12 	e...._␈.  Q......␒
00010848 5f 51 0c 7b 0c 4e 01 10   00 00 00 00 89 2a e3 e1 	_Q␌{␌N␁␐  
00010864 e2 5f 0e c0 50 0c 4e 01   f4 10 00 65 b3 e3 e1 e2 	._␎.P␌N␁  .␐
00010880 5f 0e c0 50 0c 4e 01 f4   10 00 65 b3 e3 e1 e2 5f 	_␎.P␌N␁.  ␐
00010896 0e c0 50 0c 4e 01 f4 10   00 65 b3 e3 e1 e2 5f 0e 	␎.P␌N␁.␐  
00010912 c0 50 0c 4e 01 f4 10 00   65 b3 e3 e1 e2 5f 08 c0 	.P␌N␁.␐
00010928 51 fe a5 e3 e1 e2 c0 12   5f 51 0c 66 0c 4e 01 10 	Q......␒  _Q␌f␌N␁␐
00010944 e2 c0 12 5f 51 0c 66 0c   4e 01 10 00 00 00 00 84 	..␒_Q␌f␌  N␁␐
00010960 e7 e3 e1 e2 5f 0e c0 50   0c 4e 01 f4 10 00 65 b3 	...._␎.P  ␌N␁.␐
00010976 e3 e1 e2 5f 0e c0 50 0c   4e 01 f4 10 00 65 b3 e3 	..._␎.P␌  N␁.␐
00010992 e1 e2 5f 0e c0 50 0c 4e   01 f4 10 00 65 b3 e3 e1 	.._␎.P␌N  ␁.␐
00011008 e2 5f 0e c0 50 0c 4e 01   f4 10 00 65 b3 e3 e1 e2 	._␎.P␌N␁  .␐
00011024 5f 08 c0 51 7e a5 e3 e1   e2 c0 12 5f 51 0c 7a 0c 	_␈.Q~...  ..␒_Q␌z␌
00011040 4e 01 10 00 00 00 00 62   09 e3 e1 e2 5f 0e c0 50 	N␁␐
00011056 0c 4e 01 f4 10 00 65 b3   e3 e1 e2 5f 0e c0 50 0c 	␌N␁.␐
00011072 4e 01 f4 10 00 65 b3 e3   e1 e2 5f 0e c0 50 0c 4e 	N␁.␐
00011088 01 f4 10 00 65 b3 e3 e1   e2 5f 0e c0 50 0c 4e 01 	␁.␐
00011104 f4 10 00 65 b3 e3 e1 e2   5f 08 c0 51 fe a5 e3 e1 	.␐
00011120 e2 c0 12 5f 51 0c 88 0c   4e 01 10 00 00 00 00 b0 	..␒_Q␌.␌  N␁␐
00011136 07 e3 e1 e2 5f 0e c0 50   0c 4e 01 f4 10 00 65 b3 	␇..._␎.P  ␌N␁.␐
00011152 e3 e1 e2 5f 0e c0 50 0c   4e 01 f4 10 00 65 b3 e3 	..._␎.P␌  N␁.␐
00011168 e1 e2 5f 0e c0 50 0c 4e   01 f4 10 00 65 b3 e3 e1 	.._␎.P␌N  ␁.␐
00011184 e2 5f 0e c0 50 0c 4e 01   f4 10 00 65 b3 e3 e1 e2 	._␎.P␌N␁  .␐
00011200 5f 08 c0 51 fe a5 e3 e1   e2 c0 12 5f 51 0c 6e 0c 	_␈.Q....  ..␒_Q␌n␌
00011216 4e 01 10 00 00 00 00 ad   18 e3 e1 e2 5f 0e c0 50 	N␁␐
00011232 0c 4e 01 f4 10 00 65 b3   e3 e1 e2 5f 0e c0 50 0c 	␌N␁.␐
00011248 4e 01 f4 10 00 65 b3 e3   e1 e2 5f 0e c0 50 0c 4e 	N␁.␐
00011264 01 f4 10 00 65 b3 e3 e1   e2 5f 0e c0 50 0c 4e 01 	␁.␐
00011280 f4 10 00 65 b3 e3 e1 e2   5f 08 c0 51 fe a5 e3 e1 	.␐
00011296 e2 c0 12 e2 c0 12 5f 51   0c 44 0c 4e 01 10 00 00 	..␒..␒_Q  ␌D␌N␁␐
00011312 00 00 e5 7c e3 e1 e2 5f   0e c0 50 0c 4e 01 f4 10 	
00011328 00 65 b3 e3 e1 e2 5f 0e   c0 50 0c 4e 01 f4 10 00 	
00011344 65 b3 e3 e1 e2 5f 0e c0   50 0c 4e 01 f4 10 00 65 	e...._␎.  P␌N␁.␐
00011360 b3 e3 e1 e2 5f 0e c0 50   0c 4e 01 f4 10 00 65 b3 	...._␎.P  ␌N␁.␐
00011376 e3 e2 5f 0e c0 50 0c 4e   01 f4 10 00 65 b3 e3 e1 	.._␎.P␌N  ␁.␐
00011392 e2 5f 08 c0 51 fe a5 e3   e1 e2 c0 12 5f 51 0c 69 	._␈.Q...  ...␒_Q␌i
00011408 0c 4e 01 10 00 00 00 00   1c b3 e3 e1 e2 5f 0e c0 	␌N␁␐
00011424 50 0c 4e 01 f4 10 00 65   b3 e3 e1 e2 5f 0e c0 50 	P␌N␁.␐
00011440 00 00 01 f4 00 00 b3 e0   e3 e3 e1 e2 5f 0e c0 50 	
00011456 00 00 01 f4 00 00 b3 e0   e3 e3 e1 00 e2 5f 08 c0 	
00011472 51 fe a5 e3 e2 5f 08 c0   51 fe a5 e3 00 00 00 00 	Q...._␈.  Q...
00011488 00 00 00 00 00 00 00 00   00 00 00 00 00 00 00 00 	
00011504 00 00 e2 5f 08 c0 51 fe   a5 e3 e1 e2 c0 12 5f 51 	
00011520 00 00 00 00 00 10 00 00   00 00 7a 47 e3 e1 e2 5f 	
00011536 0e c0 50 0c 4e 01 f4 10   00 65 b3 e3 e1 e2 5f 0e 	␎.P␌N␁.␐  
00011552 c0 50 0c 4e 01 f4 10 00   65 b3 e3 e1 e2 5f 0e c0 	.P␌N␁.␐
00011568 50 0c 4e 01 f4 10 00 65   b3 e3 e1 e2 5f 0e c0 50 	P␌N␁.␐
00011584 0c 4e 01 f4 10 00 65 b3   e3 e1 e2 5f 08 c0 51 fe 	␌N␁.␐
00011600 a5 e3 e1 e2 c0 12 5f 51   00 00 0c 4e 01 10 00 00 	.....␒_Q  
00011616 00 00 c1 34 e3 e1 e2 5f   0e c0 50 0c 4e 01 f4 10 	
00011632 00 65 b3 e3 e1 e2 5f 0e   c0 50 0c 4e 01 f4 10 00 	
00011648 65 b3 e3 e1 e2 5f 0e c0   50 0c 4e 01 f4 10 00 65 	e...._␎.  P␌N␁.␐
00011664 b3 e3 e1 e2 5f 0e c0 50   0c 4e 01 f4 10 00 65 b3 	...._␎.P  ␌N␁.␐
00011680 e3 e1 e2 5f 08 c0 51 fe   a5 e3 e1 e2 c0 12 5f 51 	..._␈.Q.  .....␒_Q
00011696 00 00 0c 4e 01 10 00 00   00 00 c1 34 e3 e1 e2 5f 	
00011712 0e c0 50 0c 4e 01 f4 10   00 65 b3 e3 e1 e2 5f 0e 	␎.P␌N␁.␐  
00011728 c0 50 0c 4e 01 f4 10 00   65 b3 e3 e1 e2 5f 0e c0 	.P␌N␁.␐
00011744 50 0c 4e 01 f4 10 00 65   b3 e3 e1 e2 57 0e c0 50 	P␌N␁.␐
00011760 0c 4e 01 f4 10 00 65 b3   e3 e1 e2 5f 08 c0 51 fe 	␌N␁.␐
00011776 a5 e3 e1 e2 c0 12 5f 51   02 58 0c 4e 01 10 00 00 	.....␒_Q  ␂X␌N␁␐
00011792 00 00 3a 66 e3 e1 e2 5f   0e c0 50 0c 4e 01 f4 10 	
00011808 00 65 b3 e3 e1 e2 5f 0e   c0 50 0c 4e 01 f4 10 00 	
00011824 65 b3 e3 e1 e2 5f 0e c0   50 0c 4e 01 f4 10 00 65 	e...._␎.  P␌N␁.␐
00011840 b3 e3 e1 e2 5f 0e c0 50   0c 4e 01 f4 10 00 65 b3 	...._␎.P  ␌N␁.␐
00011856 e3 e1 e2 5f 08 c0 51 fe   a5 e3 e1 e2 c0 12 5f 51 	..._␈.Q.  .....␒_Q
00011872 07 e9 0c 4e 01 10 00 00   00 00 58 85 e3 e1 e2 5f 	␇.␌N␁␐
00011888 0e c0 50 0c 4e 01 f4 10   00 65 b3 e3 e1 e2 5f 0e 	␎.P␌N␁.␐  
00011904 c0 50 0c 4e 01 f4 10 00   65 b3 e3 e2 5f 0e c0 50 	.P␌N␁.␐
00011920 0c 4e 01 f4 10 00 65 b3   e3 e1 e2 5f 0e c0 50 0c 	␌N␁.␐
00011936 4e 01 f4 10 00 65 b3 e3   e1 e2 5f 0e c0 50 00 00 	N␁.␐
00011952 01 f4 10 00 b0 90 e3 e1   e2 5f 08 c0 51 fe a5 e3 	␁.␐
00011968 e1 e2 c0 12 5f 51 00 00   00 00 01 10 00 00 00 00 	...␒_Q
00011984 3f e7 e3 e1 e2 5f 0e c0   50 00 00 01 f4 10 00 b0 	?...._␎.  P
00012000 90 e3 e1 e2 5f 0e c0 50   00 00 01 f4 10 00 b0 90 	...._␎.P  
00012016 e3 e1 e2 5f 0e c0 50 00   00 01 f4 10 00 b0 90 e3 	..._␎.P
00012032 e1 e2 5f 0e c0 50 00 00   01 f4 10 00 b0 90 e3 e1 	.._␎.P
00012048 e2 5f 08 c0 51 fe a5 e3   e1 e2 c0 12 5f 51 00 00 	._␈.Q...  ...␒_Q
00012064 00 00 01 10 00 00 00 00   3f e7 e3 e1 e2 5f 0e c0 	
00012080 50 00 00 01 f4 10 00 b0   90 e3 e1 e2 5f 0e c0 50 	P
00012096 00 00 01 f4 10 00 b0 90   e3 e1 e2 5f 0e c0 50 00 	
00012112 00 01 f4 10 00 b0 90 e3   e1 e2 5f 0e c0 50 00 00 	
00012128 01 f4 10 00 b0 90 e3 e1   e2 5f 08 c0 51 fe a5 e3 	␁.␐
00012144 e1 e2 c0 12 5f 51 00 00   00 00 01 10 00 00 00 00 	...␒_Q
00012160 3f e7 e3 e1 e2 5f 0e c0   50 00 00 01 f4 10 00 b0 	?...._␎.  P
00012176 90 e3 e1 e2 5f 0e c0 50   00 00 01 f4 10 00 b0 90 	...._␎.P  
00012192 e3 e1 e2 5f 0e c0 50 00   00 01 f4 10 00 b0 90 e3 	..._␎.P
00012208 e1 e2 5f 0e c0 50 00 00   01 f4 10 00 b0 90 e3 e1 	.._␎.P
00012224 e2 5f 08 c0 51 fe a5 e3   e1 e2 c0 12 5f 51 00 00 	._␈.Q...  ...␒_Q
00012240 00 00 01 10 00 00 00 00   3f e7 e3 e1 e2 5f 0e c0 	
00012256 50 00 00 01 f4 10 00 b0   90 e3 e1 e2 5f 0e c0 50 	P
00012272 00 00 01 f4 10 00 b0 90   e3 e1 e2 5f 0e c0 50 00 	
00012288 00 01 f4 10 00 b0 90 e3   e1 e2 5f 0e c0 50 00 00 	
00012304 01 f4 10 00 b0 90 e3 e1   e2 5f 08 c0 51 fe a5 e3 	␁.␐
00012320 e1 e2 c0 12 5f 51 00 00   00 00 01 10 00 00 00 00 	...␒_Q
00012336 3f e7 e3 e1 e2 5f 0e c0   50 00 00 01 f4 10 00 b0 	?...._␎.  P
00012352 90 e3 e1 e2 5f 0e c0 50   00 00 01 f4 10 00 b0 90 	...._␎.P  
00012368 e3 e1 e2 5f 0e c0 50 00   00 01 f4 10 00 b0 90 e3 	..._␎.P
00012384 e1 e2 5f 0e c0 50 00 00   01 f4 10 00 b0 90 e3 e1 	.._␎.P
00012400 e2 5f 08 c0 51 fe a5 e3   e1 e2 c0 12 5f 51 00 00 	._␈.Q...  ...␒_Q
00012416 00 00 01 10 00 00 00 00   3f e7 e3 e1 e2 5f 0e c0 	
00012432 50 00 00 01 f4 10 00 b0   90 e3 e1 e2 5f 0e c0 50 	P
00012448 00 00 01 f4 10 00 b0 90   e3 e1 e2 5f 0e c0 50 00 	
00012464 00 01 f4 10 00 b0 90 e3   e1 e2 5f 0e c0 50 00 00 	
00012480 01 f4 10 00 b0 90 e3 e1   e2 5f 08 c0 51 fe a5 e3 	␁.␐
00012496 e1 e2 c0 12 5f 51 00 00   00 00 01 10 00 00 00 00 	...␒_Q
00012512 3f e7 e3 e1 e2 5f 0e c0   50 00 00 01 f4 10 00 b0 	?...._␎.  P
00012528 90 e3 e1 e2 5f 0e c0 50   00 00 01 f4 10 00 b0 90 	...._␎.P  
00012544 e3 e1 e2 5f 0e c0 50 00   00 01 f4 10 00 b0 90 e3 	..._␎.P
00012560 e1 e2 5f 0e c0 50 00 00   01 f4 10 00 b0 90 e3 e1 	.._␎.P
00012576 e2 5f 08 c0 51 fe a5 e3   e1 e2 c0 12 5f 51 00 00 	._␈.Q...  ...␒_Q
00012592 00 00 01 10 00 00 00 00   3f e7 e3 e1 e2 5f 0e c0 	
00012608 50 00 00 01 f4 10 00 b0   90 e3 e1 e2 5f 0e c0 50 	P
00012624 00 00 01 f4 10 00 b0 90   e3 e1 e2 5f 0e c0 50 00 	
00012640 00 01 f4 10 00 b0 90 e3   e1 e2 5f 0e c0 50 00 00 	
00012656 01 f4 10 00 b0 90 e3 e1   e2 5f 08 c0 51 fe a5 e3 	␁.␐
00012672 e1 e2 c0 12 5f 51 00 00   00 00 01 10 00 00 00 00 	...␒_Q
00012688 3f e7 e3 e1 e2 5f 0e c0   50 00 00 01 f4 10 00 b0 	?...._␎.  P
00012704 90 e3 e1 e2 5f 0e c0 50   00 00 01 f4 10 00 b0 90 	...._␎.P  
00012720 e3 e1 e2 5f 0e c0 50 00   00 01 f4 10 00 b0 90 e3 	..._␎.P
00012736 e1 e2 5f 0e c0 50 00 00   01 f4 10 00 b0 90 e3 e1 	.._␎.P
00012752 e2 5f 08 c0 51 fe a5 e3   e1 e2 c0 12 5f 51 00 00 	._␈.Q...  ...␒_Q
00012768 00 00 01 10 00 00 00 00   3f e7 e3 e1 e2 5f 0e c0 	
00012784 50 00 00 01 f4 10 00 b0   90 e3 e1 e2 5f 0e c0 50 	P
00012800 00 00 01 f4 10 00 b0 90   e3 e1 e2 5f 0e c0 50 00 	
00012816 00 01 f4 10 00 b0 90 e3   e1 e2 5f 0e c0 50 00 00 	
00012832 01 f4 10 00 b0 90 e3 e1   e2 5f 08 c0 51 fe a5 e3 	␁.␐
00012848 e1 e2 c0 12 5f 51 00 00   00 00 01 10 00 00 00 00 	...␒_Q
00012864 3f e7 e3 e1 e2 5f 0e c0   50 00 00 01 f4 10 00 b0 	?...._␎.  P
00012880 90 e3 e1 e2 5f 0e c0 50   00 00 01 f4 10 00 b0 90 	...._␎.P  
00012896 e3 e1 e2 5f 0e c0 50 00   00 01 f4 10 00 b0 90 e3 	..._␎.P
00012912 e1 e2 5f 0e c0 50 00 00   01 f4 10 00 b0 90 e3 e1 	.._␎.P
00012928 e2 5f 08 c0 51 fe a5 e3   e1 e2 c0 12 5f 51 00 00 	._␈.Q...  ...␒_Q
00012944 00 00 01 10 00 00 00 00   3f e7 e3 e1 e2 5f 0e c0 	
00012960 50 00 00 01 f4 10 00 b0   90 e3 e1 e2 5f 0e c0 50 	P
00012976 00 00 01 f4 10 00 b0 90   e3 e1 e2 5f 0e c0 50 00 	
00012992 00 01 f4 10 00 b0 90 e3   e1 e2 5f 0e c0 50 00 00 	
00013008 01 f4 10 00 b0 90 e3 e1   e2 5f 08 c0 51 fe a5 e3 	␁.␐
00013024 e1 e2 c0 12 5f 51 00 00   00 00 01 10 00 00 00 00 	...␒_Q
00013040 3f e7 e3 e1 e2 5f 0e c0   50 00 00 01 f4 10 00 b0 	?...._␎.  P
00013056 90 e3 e1 e2 5f 0e c0 50   00 00 01 f4 10 00 b0 90 	...._␎.P  
00013072 e3 e1 e2 5f 0e c0 50 00   00 01 f4 10 00 b0 90 e3 	..._␎.P
00013088 e1 e2 5f 0e c0 50 00 00   01 f4 10 00 b0 90 e3 e1 	.._␎.P
00013104 e2 5f 08 c0 51 fe a5 e3   e1 e2 c0 12 5f 51 00 00 	._␈.Q...  ...␒_Q
00013120 00 00 01 10 00 00 00 00   3f e7 e3 e1 e2 5f 0e c0 	
00013136 50 00 00 01 f4 10 00 b0   90 e3 e1 e2 5f 0e c0 50 	P
00013152 00 00 01 f4 10 00 b0 90   e3 e1 e2 5f 0e c0 50 00 	
00013168 00 01 f4 10 00 b0 90 e3   e1 e2 5f 0e c0 50 00 00 	
00013184 01 f4 10 00 b0 90 e3 e1   e2 5f 08 c0 51 fe a5 e3 	␁.␐
00013200 e1 e2 c0 12 5f 51 00 00   00 00 01 10 00 00 00 00 	...␒_Q
00013216 3f e7 e3 e1 e2 5f 0e c0   50 00 00 01 f4 10 00 b0 	?...._␎.  P
00013232 90 e3 e1 e2 5f 0e c0 50   00 00 01 f4 10 00 b0 90 	...._␎.P  
00013248 e3 e1 e2 5f 0e c0 50 00   00 01 f4 10 00 b0 90 e3 	..._␎.P
00013264 e1 e2 5f 0e c0 50 00 00   01 f4 10 00 b0 90 e3 e1 	.._␎.P
00013280 e2 5f 08 c0 51 fe a5 e3   e1 e2 c0 12 5f 51 00 00 	._␈.Q...  ...␒_Q
00013296 00 00 01 10 00 00 00 00   3f e7 e3 e1 e2 5f 0e c0 	
00013312 50 00 00 01 f4 10 00 b0   90 e3 e1 e2 5f 0e c0 50 	P
00013328 00 00 01 f4 10 00 b0 90   e3 e1 e2 5f 0e c0 50 00 	
00013344 00 01 f4 10 00 b0 90 e3   e1 e2 5f 0e c0 50 00 00 	
00013360 01 f4 10 00 b0 90 e3 e1   e2 5f 08 c0 51 fe a5 e3 	␁.␐
00013376 e1 e2 c0 12 5f 51 00 00   00 00 01 10 00 00 00 00 	...␒_Q
00013392 3f e7 e3 e1 e2 5f 0e c0   50 00 00 01 f4 10 00 b0 	?...._␎.  P
00013408 90 e3 e1 e2 5f 0e c0 50   00 00 01 f4 10 00 b0 90 	...._␎.P  
00013424 e3 e1 e2 5f 0e c0 50 00   00 01 f4 10 00 b0 90 e3 	..._␎.P
00013440 e1 e2 5f 0e c0 50 00 00   01 f4 10 00 b0 90 e3 e1 	.._␎.P
00013456 e2 5f 08 c0 51 fe a5 e3   e1 e2 c0 12 5f 51 00 00 	._␈.Q...  ...␒_Q
00013472 00 00 01 10 00 00 00 00   3f e7 e3 e1 e2 5f 0e c0 	
00013488 50 00 00 01 f4 10 00 b0   90 e3 e1 e2 5f 0e c0 50 	P
00013504 00 00 01 f4 10 00 b0 90   e3 e1 e2 5f 0e c0 50 00 	
00013520 00 01 f4 10 00 b0 90 e3   e1 e2 5f 0e c0 50 00 00 	
00013536 01 f4 10 00 b0 90 e3 e1   e2 5f 08 c0 51 fe a5 e3 	␁.␐
00013552 e1 e2 c0 12 5f 51 00 00   00 00 01 10 00 00 00 00 	...␒_Q
00013568 3f e7 e3 e1 e2 5f 0e c0   50 00 00 01 f4 10 00 b0 	?...._␎.  P
00013584 90 e3 e1 e2 5f 0e c0 50   00 00 01 f4 10 00 b0 90 	...._␎.P  
00013600 e3 e1 e2 5f 0e c0 50 00   00 01 f4 10 00 b0 90 e3 	..._␎.P
00013616 e1 e2 5f 0e c0 50 00 00   01 f4 10 00 b0 90 e3 e1 	.._␎.P
00013632 e2 5f 08 c0 51 fe a5 e3   e1 e2 c0 12 5f 51 00 00 	._␈.Q...  ...␒_Q
00013648 00 00 01 10 00 00 00 00   3f e7 e3 e1 e2 5f 0e c0 	
00013664 50 00 00 01 f4 10 00 b0   90 e3 e1 e2 5f 0e c0 50 	P
00013680 00 00 01 f4 10 00 b0 90   e3 e1 e2 5f 0e c0 50 00 	
00013696 00 01 f4 10 00 b0 90 e3   e1 e2 5f 0e c0 50 00 00 	
00013712 01 f4 10 00 b0 90 e3 e1   e2 5f 08 c0 51 fe a5 e3 	␁.␐
00013728 e1 e2 c0 12 5f 51 00 00   00 00 01 10 00 00 00 00 	...␒_Q
00013744 3f e7 e3 e1 e2 5f 0e c0   50 00 00 01 f4 10 00 b0 	?...._␎.  P
00013760 90 e3 e1 e2 5f 0e c0 50   00 00 01 f4 10 00 b0 90 	...._␎.P  
00013776 e3 e1 e2 5f 0e c0 50 00   00 01 f4 10 00 b0 90 e3 	..._␎.P
00013792 e1 e2 5f 0e c0 50 00 00   01 f4 10 00 b0 90 e3 e1 	.._␎.P
00013808 e2 5f 08 c0 51 fe a5 e3   e1 e2 c0 12 5f 51 00 00 	._␈.Q...  ...␒_Q
00013824 00 00 01 10 00 00 00 00   3f e7 e3 e1 e2 5f 0e c0 	
00013840 50 00 00 01 f4 10 00 b0   90 e3 e1 e2 5f 0e c0 50 	P
00013856 00 00 01 f4 10 00 b0 90   e3 e1 e2 5f 0e c0 50 00 	
00013872 00 01 f4 10 00 b0 90 e3   e1 e2 5f 0e c0 50 00 00 	
00013888 01 f4 10 00 b0 90 e3 e1   e2 5f 08 c0 51 fe a5 e3 	␁.␐
00013904 e1 e2 c0 12 5f 51 00 00   00 00 01 10 00 00 00 00 	...␒_Q
00013920 3f e7 e3 e1 e2 5f 0e c0   50 00 00 01 f4 10 00 b0 	?...._␎.  P
00013936 90 e3 e1 e2 5f 0e c0 50   00 00 01 f4 10 00 b0 90 	...._␎.P  
00013952 e3 e1 e2 5f 0e c0 50 00   00 01 f4 10 00 b0 90 e3 	..._␎.P
00013968 e1 e2 5f 0e c0 50 00 00   01 f4 10 00 b0 90 e3 e1 	.._␎.P
00013984 e2 5f 08 c0 51 7e a5 e3   e1 e2 c0 12 5f 51 00 00 	._␈.Q~..  ...␒_Q
00014000 00 00 01 10 00 00 00 00   3f e7 e3 e1 e2 5f 0e c0 	
00014016 50 00 00 01 f4 10 00 b0   90 e3 e1 e2 5f 0e c0 50 	P
00014032 00 00 01 f4 10 00 b0 90   e3 e1 e2 5f 0e c0 50 00 	
00014048 00 01 f4 10 00 b0 90 e3   e1 e2 5f 0e c0 50 00 00 	
00014064 01 f4 10 00 b0 90 e3 e1   e2 5f 08 c0 51 fe a5 e3 	␁.␐
00014080 e1 e2 c0 12 5f 51 00 00   00 00 01 10 00 00 00 00 	...␒_Q
00014096 3f e7 e3 e1 e2 5f 0e c0   50 00 00 01 f4 10 00 b0 	?...._␎.  P
00014112 90 e3 e1 e2 5f 0e c0 50   00 00 01 f4 10 00 b0 90 	...._␎.P  
00014128 e3 e1 e2 5f 0e c0 50 00   00 01 f4 10 00 b0 90 e3 	..._␎.P
00014144 e1 e2 5f 0e c0 50 00 00   01 f4 10 00 b0 90 e3 e1 	.._␎.P
00014160 e2 5f 08 c0 51 fe a5 e3   e1 e2 c0 12 5f 51 00 00 	._␈.Q...  ...␒_Q
00014176 00 00 01 10 00 00 00 00   3f e7 e3 e1 e2 5f 0e c0 	
00014192 50 00 00 01 f4 10 00 b0   90 e3 e1 e2 5f 0e c0 50 	P
00014208 00 00 01 f4 10 00 b0 90   e3 e1 e2 5f 0e c0 50 00 	
00014224 00 01 f4 10 00 b0 90 e3   e1 e2 5f 0e c0 50 00 00 	
00014240 01 f4 10 00 b0 90 e3 e1   e2 5f 08 c0 51 fe a5 e3 	␁.␐
00014256 e1 e2 c0 12 5f 51 00 00   00 00 01 10 00 00 00 00 	...␒_Q
00014272 3f e7 e3 e1 e2 5f 0e c0   50 00 00 01 f4 10 00 b0 	?...._␎.  P
00014288 90 e3 e1 e2 5f 0e c0 50   00 00 01 f4 10 00 b0 90 	...._␎.P  
00014304 e3 e1 e2 5f 0e c0 50 00   00 01 f4 10 00 b0 90 e3 	..._␎.P
00014320 e1 e2 5f 0e c0 50 00 00   01 f4 10 00 b0 90 e3 e1 	.._␎.P
00014336 e2 5f 08 c0 51 fe a5 e3   e1 e2 c0 12 5f 51 00 00 	._␈.Q...  ...␒_Q
00014352 00 00 01 10 00 00 00 00   3f e7 e3 e1 e2 5f 0e c0 	
00014368 50 00 00 01 f4 10 00 b0   90 e3 e1 e2 5f 0e c0 50 	P
00014384 00 00 01 f4 10 00 b0 90   e3 e1 e2 5f 0e c0 50 00 	
00014400 00 01 f4 10 00 b0 90 e3   e1 e2 5f 0e c0 50 00 00 	
00014416 01 f4 10 00 b0 90 e3 e1   e2 5f 08 c0 51 fe a5 e3 	␁.␐
00014432 e1 e2 c0 12 5f 51 00 00   00 00 01 10 00 00 00 00 	...␒_Q
00014448 3f e7 e3 e1 e2 5f 0e c0   50 00 00 01 f4 10 00 b0 	?...._␎.  P
00014464 90 e3 e1 e2 5f 0e c0 50   00 00 01 f4 10 00 b0 90 	...._␎.P  
00014480 e3 e1 e2 5f 0e c0 50 00   00 01 f4 10 00 b0 90 e3 	..._␎.P
00014496 e1 e2 5f 0e c0 50 00 00   01 f4 10 00 b0 90 e3 e1 	.._␎.P
00014512 e2 5f 08 c0 51 fe a5 e3   e1 e2 c0 12 5f 51 00 00 	._␈.Q...  ...␒_Q
00014528 00 00 01 10 00 00 00 00   3f e7 e3 e1 e2 5f 0e c0 	
00014544 50 00 00 01 f4 10 00 b0   90 e3 e1 e2 5f 0e c0 50 	P
00014560 00 00 01 f4 10 00 b0 90   e3 e1 e2 5f 0e c0 50 00 	
00014576 00 01 f4 10 00 b0 90 e3   e1 00 e2 5f 08 c0 51 fe 	
00014592 a5 e3 e2 5f 08 c0 51 fe   a5 e3 00 00 00 00 00 00 	..._␈.Q.  ..
00014608 00 00 00 00 00 00 00 00   00 00 00 00 00 00 00 00 	
00014624 00 e2 5f 08 c0 51 fe a5   e3 e1 e2 c0 12 5f 51 00 	
00014640 00 00 00 00 10 00 00 00   00 7a 47 e3 e1 e2 5f 0e 	
00014656 c0 50 00 00 01 f4 00 00   b3 e0 e3 e3 e1 e2 5f 0e 	.P
00014672 c0 50 00 00 01 f4 00 00   b3 e0 e3 e3 e1 e2 5f 08 	.P
00014688 c0 51 fe a5 e3 e1 e2 c0   12 5f 51 00 00 00 00 00 	.Q......  ␒_Q
00014704 10 00 00 00 00 7a 47 e3   e1 e2 5f 0e c0 50 0c 4e 	␐
00014720 01 f4 10 00 65 b3 e3 e1   e2 5f 0e c0 50 0c 4e 01 	␁.␐
00014736 f4 10 00 65 b3 e3 e1 e2   5f 0e c0 50 0c 4e 01 f4 	.␐
00014752 10 00 65 b3 e3 e1 e2 5f   0e c0 50 0c 4e 01 f4 10 	␐
00014768 00 65 b3 e3 e1 e2 5f 08   c0 51 fe a5 e3 e1 e2 c0 	
00014784 12 5f 51 00 00 0c 4e 01   10 00 00 00 00 c1 34 e3 	␒_Q
00014800 e1 e2 5f 0e c0 50 0c 4e   01 f4 10 00 65 b3 e3 e1 	.._␎.P␌N  ␁.␐
00014816 e2 5f 0e c0 50 0c 4e 01   f4 10 00 65 b3 e3 e1 e2 	._␎.P␌N␁  .␐
00014832 5f 0e c0 50 0c 4e 01 f4   10 00 65 b3 e3 e2 5f 0e 	_␎.P␌N␁.  ␐
00014848 c0 50 0c 4e 01 f4 10 00   65 b3 e3 e1 e2 5f 0e c0 	.P␌N␁.␐
00014864 50 0c 4e 01 f4 10 00 65   b3 e3 e1 e2 5f 08 c0 51 	P␌N␁.␐
00014880 fe a5 e3 e1 e2 c0 12 5f   51 00 00 0c 4e 01 10 00 	......␒_  Q
00014896 00 00 00 c1 34 e3 e1 e2   5f 0e c0 50 0c 4e 01 f4 	
00014912 10 00 65 b3 e3 e2 5f 0e   c0 50 0c 4e 01 f4 10 00 	␐
00014928 65 b3 e3 e2 5f 0e c0 50   0c 4e 01 f4 10 00 65 b3 	e..._␎.P  ␌N␁.␐
00014944 e3 e1 e2 5f 0e c0 50 0c   4e 01 f4 10 00 65 b3 e3 	..._␎.P␌  N␁.␐
00014960 e1 e2 5f 0e c0 50 0c 4e   01 f4 10 00 65 b3 e3 e1 	.._␎.P␌N  ␁.␐
00014976 e2 5f 0e c0 50 0c 4e 01   f4 10 00 65 b3 e3 e1 e2 	._␎.P␌N␁  .␐
00014992 5f 08 c0 51 fe a5 e3 e1   e2 c0 12 5f 51 01 5c 0c 	_␈.Q....  ..␒_Q␁\␌
00015008 4e 01 10 00 00 00 00 17   46 e3 e1 e2 5f 0e c0 50 	N␁␐
00015024 0c 4e 01 f4 10 00 65 b3   e3 e1 e2 5f 0e c0 50 0c 	␌N␁.␐
00015040 4e 01 f4 10 00 65 b3 e3   e1 e2 5f 0e c0 50 0c 4e 	N␁.␐
00015056 01 f4 10 00 65 b3 e3 e1   e2 5f 0e c0 50 0c 4e 01 	␁.␐
00015072 f4 10 00 65 b3 e3 e1 e2   5f 08 c0 51 fe a5 e3 e1 	.␐
00015088 e2 c0 12 5f 51 04 15 0c   4e 01 10 00 00 00 00 48 	..␒_Q␄␕␌  N␁␐
00015104 33 e2 c0 12 5f 51 04 15   0c e2 5f 0e c0 50 0c 4e 	3..␒_Q␄␕  ␌._␎.P␌N
00015120 01 f4 10 00 65 b3 e3 e1   e2 5f 0e c0 50 0c 4e 01 	␁.␐
00015136 f4 10 00 65 b3 e3 e1 e2   5f 0e c0 50 0c 4e 01 f4 	.␐
00015152 10 00 65 b3 e3 e1 e2 5f   0e c0 50 0c 4e 01 f4 10 	␐
00015168 00 65 b3 e3 e1 e2 5f 08   c0 51 fe a5 e3 e1 e2 c0 	
00015184 e2 c0 12 5f 51 0c a8 0c   4e 01 10 00 00 00 00 17 	..␒_Q␌.␌  N␁␐
00015200 fb e3 e1 e2 5f 0e c0 50   0c 4e 01 f4 10 00 65 b3 	...._␎.P  ␌N␁.␐
00015216 e3 e1 e2 5f 0e c0 50 0c   4e 01 f4 10 00 65 b3 e3 	..._␎.P␌  N␁.␐
00015232 e2 5f 0e c0 50 0c 4e 01   f4 10 00 65 b3 e3 e1 e2 	._␎.P␌N␁  .␐
00015248 5f 0e c0 50 0c 4e 01 f4   10 00 65 b3 e3 e1 e2 5f 	_␎.P␌N␁.  ␐
00015264 0e c0 50 00 00 01 f4 10   00 b0 90 e3 e1 e2 5f 08 	␎.P
00015280 c0 51 fe a5 e3 e1 e2 c0   12 5f 51 00 00 00 00 01 	.Q......  ␒_Q
00015296 10 00 00 00 00 3f e7 e3   e1 e2 5f 0e c0 50 00 00 	␐
00015312 01 f4 10 00 b0 90 e3 e1   e2 5f 0e c0 50 00 00 01 	␁.␐
00015328 f4 10 00 b0 90 e3 e1 e2   5f 0e c0 50 00 00 01 f4 	.␐
00015344 10 00 b0 90 e3 e1 e2 5f   0e c0 50 00 00 01 f4 10 	␐
00015360 00 b0 90 e3 e1 e2 5f 08   c0 51 fe a5 e3 e1 e2 c0 	
00015376 12 5f 51 00 00 00 00 01   10 00 00 00 00 3f e7 e3 	␒_Q
00015392 e1 e2 5f 0e c0 50 00 00   01 f4 10 00 b0 90 e3 e1 	.._␎.P
00015408 e2 5f 0e c0 50 00 00 01   f4 10 00 b0 90 e3 e1 e2 	._␎.P
00015424 5f 0e c0 50 00 00 01 f4   10 00 b0 90 e3 e1 e2 5f 	_␎.P
00015440 0e c0 50 00 00 01 f4 10   00 b0 90 e3 e1 e2 5f 08 	␎.P
00015456 c0 51 fe a5 e3 e1 e2 c0   12 5f 51 00 00 00 00 01 	.Q......  ␒_Q
00015472 10 00 00 00 00 3f e7 e3   e1 e2 5f 0e c0 50 00 00 	␐
00015488 01 f4 10 00 b0 90 e3 e1   e2 5f 0e c0 50 00 00 01 	␁.␐
00015504 f4 10 00 b0 90 e3 e1 e2   5f 0e c0 50 00 00 01 f4 	.␐
00015520 10 00 b0 90 e3 e1 e2 5f   0e c0 50 00 00 01 f4 10 	␐
00015536 00 b0 90 e3 e1 e2 5f 08   c0 51 fe a5 e3 e1 e2 c0 	
00015552 12 5f 51 00 00 00 00 01   10 00 00 00 00 3f e7 e3 	␒_Q
00015568 e1 e2 5f 0e c0 50 00 00   01 f4 10 00 b0 90 e3 e1 	.._␎.P
00015584 e2 5f 0e c0 50 00 00 01   f4 10 00 b0 90 e3 e1 e2 	._␎.P
00015600 5f 0e c0 50 00 00 01 f4   10 00 b0 90 e3 e1 e2 5f 	_␎.P
00015616 0e c0 50 00 00 01 f4 10   00 b0 90 e3 e1 e2 5f 08 	␎.P
00015632 c0 51 fe a5 e3 e1 e2 c0   12 5f 51 00 00 00 00 01 	.Q......  ␒_Q
00015648 10 00 00 00 00 3f e7 e3   e1 e2 5f 0e c0 50 00 00 	␐
00015664 01 f4 10 00 b0 90 e3 e1   e2 5f 0e c0 50 00 00 01 	␁.␐
00015680 f4 10 00 b0 90 e3 e1 e2   5f 0e c0 50 00 00 01 f4 	.␐
00015696 10 00 b0 90 e3 e1 e2 5f   0e c0 50 00 00 01 f4 10 	␐
00015712 00 b0 90 e3 e1 e2 5f 08   c0 51 fe a5 e3 e1 e2 c0 	
00015728 12 5f 51 00 00 00 00 01   10 00 00 00 00 3f e7 e3 	␒_Q
00015744 e1 e2 57 0e c0 50 00 00   01 f4 10 00 b0 90 e3 e1 	..W␎.P
00015760 e2 5f 0e c0 50 00 00 01   f4 10 00 b0 90 e3 e1 e2 	._␎.P
00015776 5f 0e c0 50 00 00 01 f4   10 00 b0 90 e3 e1 e2 5f 	_␎.P
00015792 0e c0 50 00 00 01 f4 10   00 b0 90 e3 e1 e2 5f 08 	␎.P
00015808 c0 51 fe a5 e3 e1 e2 c0   12 5f 51 00 00 00 00 01 	.Q......  ␒_Q
00015824 10 00 00 00 00 3f e7 e3   e1 e2 5f 0e c0 50 00 00 	␐
00015840 01 f4 10 00 b0 90 e3 e1   e2 5f 0e c0 50 00 00 01 	␁.␐
00015856 f4 10 00 b0 90 e3 e1 e2   5f 0e c0 50 00 00 01 f4 	.␐
00015872 10 00 b0 90 e3 e1 e2 5f   0e c0 50 00 00 01 f4 10 	␐
00015888 00 b0 90 e3 e1 e2 5f 08   c0 51 fe a5 e3 e1 e2 c0 	
00015904 12 5f 51 00 00 00 00 01   10 00 00 00 00 3f e7 e3 	␒_Q
00015920 e1 e2 5f 0e c0 50 00 00   01 f4 10 00 b0 90 e3 e1 	.._␎.P
00015936 e2 5f 0e c0 50 00 00 01   f4 10 00 b0 90 e3 e1 e2 	._␎.P
00015952 5f 0e c0 50 00 00 01 f4   10 00 b0 90 e3 e1 e2 5f 	_␎.P
00015968 0e c0 50 00 00 01 f4 10   00 b0 90 e3 e1 e2 5f 08 	␎.P
00015984 c0 51 fe a5 e3 e1 e2 c0   12 5f 51 00 00 00 00 01 	.Q......  ␒_Q
00016000 10 00 00 00 00 3f e7 e3   e1 e2 5f 0e c0 50 00 00 	␐
00016016 01 f4 10 00 b0 90 e3 e1   e2 5f 0e c0 50 00 00 01 	␁.␐
00016032 f4 10 00 b0 90 e3 e1 e2   5f 0e c0 50 00 00 01 f4 	.␐
00016048 10 00 b0 90 e3 e1 e2 5f   0e c0 50 00 00 01 f4 10 	␐
00016064 00 b0 90 e3 e1 e2 5f 08   c0 51 fe a5 e3 e1 e2 c0 	
00016080 12 5f 51 00 00 00 00 01   10 00 00 00 00 3f e7 e3 	␒_Q
00016096 e1 e2 5f 0e c0 50 00 00   01 f4 10 00 b0 90 e3 e1 	.._␎.P
00016112 e2 5f 0e c0 50 00 00 01   f4 10 00 b0 90 e3 e1 e2 	._␎.P
00016128 5f 0e c0 50 00 00 01 f4   10 00 b0 90 e3 e1 e2 5f 	_␎.P
00016144 0e c0 50 00 00 01 f4 10   00 b0 90 e3 e1 e2 5f 08 	␎.P
00016160 c0 51 fe a5 e3 e1 e2 c0   12 5f 51 00 00 00 00 01 	.Q......  ␒_Q
00016176 10 00 00 00 00 3f e7 e3   e1 e2 5f 0e c0 50 00 00 	␐
00016192 01 f4 10 00 b0 90 e3 e1   e2 5f 0e c0 50 00 00 01 	␁.␐
00016208 f4 10 00 b0 90 e3 e1 e2   5f 0e c0 50 00 00 01 f4 	.␐
00016224 10 00 b0 90 e3 e1 e2 5f   0e c0 50 00 00 01 f4 10 	␐
00016240 00 b0 90 e3 e1 e2 5f 08   c0 51 fe a5 e3 e1 e2 c0 	
00016256 12 5f 51 00 00 00 00 01   10 00 00 00 00 3f e7 e3 	␒_Q
00016272 e1 e2 5f 0e c0 50 00 00   01 f4 10 00 b0 90 e3 e1 	.._␎.P
00016288 e2 5f 0e c0 50 00 00 01   f4 10 00 b0 90 e3 e1 e2 	._␎.P
00016304 5f 0e c0 50 00 00 01 f4   10 00 b0 90 e3 e1 e2 5f 	_␎.P
00016320 0e c0 50 00 00 01 f4 10   00 b0 90 e3 e1 e2 5f 08 	␎.P
00016336 c0 51 fe a5 e3 e1 e2 c0   12 5f 51 00 00 00 00 01 	.Q......  ␒_Q
00016352 10 00 00 00 00 3f e7 e3   e1 e2 5f 0e c0 50 00 00 	␐
00016368 01 f4 10 00 b0 90 e3 e1   e2 5f 0e c0 50 00 00 01 	␁.␐
00016384 f4 10 00 b0 90 e3 e1 e2   5f 0e c0 50 00 00 01 f4 	.␐
00016400 10 00 b0 90 e3 e1 e2 5f   0e c0 50 00 00 01 f4 10 	␐
00016416 00 b0 90 e3 e1 e2 5f 08   c0 51 fe a5 e3 e1 e2 c0 	
00016432 12 5f 51 00 00 00 00 01   10 00 00 00 00 3f e7 e3 	␒_Q
00016448 e1 e2 5f 0e c0 50 00 00   01 f4 10 00 b0 90 e3 e1 	.._␎.P
00016464 e2 5f 0e c0 50 00 00 01   f4 10 00 b0 90 e3 e1 e2 	._␎.P
00016480 5f 0e c0 50 00 00 01 f4   10 00 b0 90 e3 e1 e2 57 	_␎.P
00016496 0e c0 50 00 00 01 f4 10   00 b0 90 e3 e1 e2 5f 08 	␎.P
00016512 c0 51 fe a5 e3 e1 e2 c0   12 5f 51 00 00 00 00 01 	.Q......  ␒_Q
00016528 10 00 00 00 00 3f e7 e3   e1 e2 5f 0e c0 50 00 00 	␐
00016544 01 f4 10 00 b0 90 e3 e1   e2 5f 0e c0 50 00 00 01 	␁.␐
00016560 f4 10 00 b0 90 e3 e1 e2   5f 0e c0 50 00 00 01 f4 	.␐
00016576 10 00 b0 90 e3 e1 e2 57   0e c0 50 00 00 01 f4 10 	␐
00016592 00 b0 90 e3 e1 e2 5f 08   c0 51 fe a5 e3 e1 e2 c0 	
00016608 12 5f 51 00 00 00 00 01   10 00 00 00 00 3f e7 e3 	␒_Q
00016624 e1 e2 5f 0e c0 50 00 00   01 f4 10 00 b0 90 e3 e1 	.._␎.P
00016640 e2 5f 0e c0 50 00 00 01   f4 10 00 b0 90 e3 e1 e2 	._␎.P
00016656 5f 0e c0 50 00 00 01 f4   10 00 b0 90 e3 e1 e2 5f 	_␎.P
00016672 0e c0 50 00 00 01 f4 10   00 b0 90 e3 e1 e2 5f 08 	␎.P
00016688 c0 51 fe a5 e3 e1 e2 c0   12 5f 51 00 00 00 00 01 	.Q......  ␒_Q
00016704 10 00 00 00 00 3f e7 e3   e1 e2 5f 0e c0 50 00 00 	␐
00016720 01 f4 10 00 b0 90 e3 e1   e2 5f 0e c0 50 00 00 01 	␁.␐
00016736 f4 10 00 b0 90 e3 e1 e2   5f 0e c0 50 00 00 01 f4 	.␐
00016752 10 00 b0 90 e3 e1 e2 5f   0e c0 50 00 00 01 f4 10 	␐
00016768 00 b0 90 e3 e1 e2 5f 08   c0 51 fe a5 e3 e1 e2 c0 	
00016784 12 5f 51 00 00 00 00 01   10 00 00 00 00 3f e7 e3 	␒_Q
00016800 e1 e2 5f 0e c0 50 00 00   01 f4 10 00 b0 90 e3 e1 	.._␎.P
00016816 e2 5f 0e c0 50 00 00 01   f4 10 00 b0 90 e3 e1 e2 	._␎.P
00016832 5f 0e c0 50 00 00 01 f4   10 00 b0 90 e3 e1 e2 5f 	_␎.P
00016848 0e c0 50 00 00 01 f4 10   00 b0 90 e3 e1 e2 5f 08 	␎.P
00016864 c0 51 fe a5 e3 e1 e2 c0   12 5f 51 00 00 00 00 01 	.Q......  ␒_Q
00016880 10 00 00 00 00 3f e7 e3   e1 e2 5f 0e c0 50 00 00 	␐
00016896 01 f4 10 00 b0 90 e3 e1   e2 5f 0e c0 50 00 00 01 	␁.␐
00016912 f4 10 00 b0 90 e3 e1 e2   5f 0e c0 50 00 00 01 f4 	.␐
00016928 10 00 b0 90 e3 e1 e2 5f   0e c0 50 00 00 01 f4 10 	␐
00016944 00 b0 90 e3 e1 e2 5f 08   c0 51 fe a5 e3 e1 e2 c0 	
00016960 12 5f 51 00 00 00 00 01   10 00 00 00 00 3f e7 e3 	␒_Q
00016976 e1 e2 5f 0e c0 50 00 00   01 f4 10 00 b0 90 e3 e1 	.._␎.P
00016992 e2 5f 0e c0 50 00 00 01   f4 10 00 b0 90 e3 e1 e2 	._␎.P
00017008 5f 0e c0 50 00 00 01 f4   10 00 b0 90 e3 e1 e2 5f 	_␎.P
00017024 0e c0 50 00 00 01 f4 10   00 b0 90 e3 e1 e2 5f 08 	␎.P
00017040 c0 51 fe a5 e3 e1 e2 c0   12 5f 51 00 00 00 00 01 	.Q......  ␒_Q
00017056 10 00 00 00 00 3f e7 e3   e1 e2 5f 0e c0 50 00 00 	␐
00017072 01 f4 10 00 b0 90 e3 e1   e2 5f 0e c0 50 00 00 01 	␁.␐
00017088 f4 10 00 b0 90 e3 e1 e2   5f 0e c0 50 00 00 01 f4 	.␐
00017104 10 00 b0 90 e3 e1 e2 5f   0e c0 50 00 00 01 f4 10 	␐
00017120 00 b0 90 e3 e1 e2 5f 08   c0 51 fe a5 e3 e1 e2 c0 	
00017136 12 5f 51 00 00 00 00 01   10 00 00 00 00 3f e7 e3 	␒_Q
00017152 e1 e2 5f 0e c0 50 00 00   01 f4 10 00 b0 90 e3 e1 	.._␎.P
00017168 e2 5f 0e c0 50 00 00 01   f4 10 00 b0 90 e3 e1 e2 	._␎.P
00017184 5f 0e c0 50 00 00 01 f4   10 00 b0 90 e3 e1 e2 5f 	_␎.P
00017200 0e c0 50 00 00 01 f4 10   00 b0 90 e3 e1 e2 5f 08 	␎.P
00017216 c0 51 fe a5 e3 e1 e2 c0   12 5f 51 00 00 00 00 01 	.Q......  ␒_Q
00017232 10 00 00 00 00 3f e7 e3   e1 e2 5f 0e c0 50 00 00 	␐
00017248 01 f4 10 00 b0 90 e3 e1   e2 5f 0e c0 50 00 00 01 	␁.␐
00017264 f4 10 00 b0 90 e3 e1 e2   5f 0e c0 50 00 00 01 f4 	.␐
00017280 10 00 b0 90 e3 e1 e2 5f   0e c0 50 00 00 01 f4 10 	␐
00017296 00 b0 90 e3 e1 e2 5f 08   c0 51 fe a5 e3 e1 e2 c0 	
00017312 12 5f 51 00 00 00 00 01   10 00 00 00 00 3f e7 e3 	␒_Q
00017328 e1 e2 5f 0e c0 50 00 00   01 f4 10 00 b0 90 e3 e1 	.._␎.P
00017344 e2 5f 0e c0 50 00 00 01   f4 10 00 b0 90 e3 e1 e2 	._␎.P
00017360 5f 0e c0 50 00 00 01 f4   10 00 b0 90 e3 e1 e2 5f 	_␎.P
00017376 0e c0 50 00 00 01 f4 10   00 b0 90 e3 e1 e2 5f 08 	␎.P
00017392 c0 51 fe a5 e3 e1 e2 c0   12 5f 51 00 00 00 00 01 	.Q......  ␒_Q
00017408 10 00 00 00 00 3f e7 e3   e1 e2 5f 0e c0 50 00 00 	␐
00017424 01 f4 10 00 b0 90 e3 e1   e2 5f 0e c0 50 00 00 01 	␁.␐
00017440 f4 10 00 b0 90 e3 e1 e2   5f 0e c0 50 00 00 01 f4 	.␐
00017456 10 00 b0 90 e3 e1 e2 5f   0e c0 50 00 00 01 f4 10 	␐
00017472 00 b0 90 e3 e1 e2 5f 08   c0 51 fe a5 e3 e1 e2 c0 	
00017488 12 5f 51 00 00 00 00 01   10 00 00 00 00 3f e7 e3 	␒_Q
00017504 e1 e2 5f 0e c0 50 00 00   01 f4 10 00 b0 90 e3 e1 	.._␎.P
00017520 e2 5f 0e c0 50 00 00 01   f4 10 00 b0 90 e3 e1 e2 	._␎.P
00017536 5f 0e c0 50 00 00 01 f4   10 00 b0 90 e3 e1 e2 5f 	_␎.P
00017552 0e c0 50 00 00 01 f4 10   00 b0 90 e3 e1 e2 5f 08 	␎.P
00017568 c0 51 fe a5 e3 e1 e2 c0   12 5f 51 00 00 00 00 01 	.Q......  ␒_Q
00017584 10 00 00 00 00 3f e7 e3   e1 e2 5f 0e c0 50 00 00 	␐
00017600 01 f4 10 00 b0 90 e3 e1   e2 5f 0e c0 50 00 00 01 	␁.␐
00017616 f4 10 00 b0 90 e3 e1 e2   5f 0e c0 50 00 00 01 f4 	.␐
00017632 10 00 b0 90 e3 e1 e2 5f   0e c0 50 00 00 01 f4 10 	␐
00017648 00 b0 90 e3 e1 e2 5f 08   c0 51 fe a5 e3 e1 e2 c0 	
00017664 12 5f 51 00 00 00 00 01   10 00 00 00 00 3f e7 e3 	␒_Q
00017680 e1 e2 5f 0e c0 50 00 00   01 f4 10 00 b0 90 e3 e1 	.._␎.P
00017696 e2 5f 0e c0 50 00 00 01   f4 10 00 b0 90 e3 e1 e2 	._␎.P
00017712 5f 0e c0 50 00 00 01 f4   10 00 b0 90 e3 e1 e2 5f 	_␎.P
00017728 0e c0 50 00 00 01 f4 10   00 b0 90 e3 e1 e2 5f 08 	␎.P
00017744 c0 51 fe a5 e3 e1 e2 c0   12 5f 51 00 00 00 00 01 	.Q......  ␒_Q
00017760 10 00 00 00 00 3f e7 e3   e1 e2 5f 0e c0 50 00 00 	␐
00017776 01 f4 10 00 b0 90 e3 e1   e2 5f 0e c0 50 00 00 01 	␁.␐
00017792 f4 10 00 b0 90 e3 e1 e2   5f 0e c0 50 00 00 01 f4 	.␐
00017808 10 00 b0 90 e3 e1 e2 5f   0e c0 50 00 00 01 f4 10 	␐
00017824 00 b0 90 e3 e1 e2 5f 08   c0 51 fe a5 e3 e1 e2 c0 	
00017840 12 5f 51 00 00 00 00 01   10 00 00 00 00 3f e7 e3 	␒_Q
00017856 e1 e2 5f 0e c0 50 00 00   01 f4 10 00 b0 90 e3 e1 	.._␎.P
00017872 e2 5f 0e c0 50 00 00 01   f4 10 00 b0 90 e3 e1 e2 	._␎.P
00017888 5f 0e c0 50 00 00 01 f4   10 00 b0 90 e3 e1 00 e2 	_␎.P
00017904 5f 08 c0 51 fe a5 e3 00   00 00 00 e2 5f 08 c0 51 	_␈.Q...
00017920 fe a5 e3 00 00 00 00 00   00 00 00 00 00 00 00 00 	...
00017936 00 00 00 00 00 00 e2 5f   08 c0 51 fe a5 e3 e1 e2 	
00017952 c0 12 5f 51 00 00 00 00   00 10 00 00 00 00 7a 47 	.␒_Q
00017968 e3 e1 e2 5f 0e c0 50 00   00 01 f4 00 00 b3 e0 e3 	..._␎.P
00017984 e3 e1 e2 5f 0e c0 50 0c   4e 01 f4 10 00 65 b3 e3 	..._␎.P␌  N␁.␐
00018000 e1 e2 5f 0e c0 50 00 00   01 f4 00 00 b3 e0 e3 e3 	.._␎.P
00018016 e1 e2 5f 08 c0 51 fe a5   e3 e1 e2 c0 12 5f 51 00 	.._␈.Q..  ....␒_Q
00018032 00 00 00 00 10 00 00 00   00 7a 47 e3 e1 e2 5f 0e 	
00018048 c0 50 0c 4e 01 f4 10 00   65 b3 e3 e1 e2 5f 0e c0 	.P␌N␁.␐
00018064 50 0c 4e 01 f4 10 00 65   b3 e3 e1 e2 5f 0e c0 50 	P␌N␁.␐
00018080 0c 4e 01 f4 10 00 65 b3   e3 e1 e2 5f 0e c0 50 0c 	␌N␁.␐
00018096 4e 01 f4 10 00 65 b3 e3   e1 e2 5f 08 c0 51 fe a5 	N␁.␐
00018112 e3 e1 e2 c0 12 5f 51 00   00 0c 4e 01 10 00 00 00 	....␒_Q
00018128 00 c1 34 e3 e1 e2 5f 0e   c0 50 0c 4e 01 f4 10 00 	
00018144 65 b3 e3 e1 e2 5f 0e c0   50 0c 4e 01 f4 10 00 65 	e...._␎.  P␌N␁.␐
00018160 b3 e3 e1 e2 5f 0e c0 50   0c 4e 01 f4 10 00 65 b3 	...._␎.P  ␌N␁.␐
00018176 e3 e1 e2 5f 0e c0 50 0c   4e 01 f4 10 00 65 b3 e3 	..._␎.P␌  N␁.␐
00018192 e1 e2 5f 08 c0 51 fe a5   e3 e1 e2 c0 12 5f 51 00 	.._␈.Q..  ....␒_Q
00018208 00 0c 4e 01 10 00 00 00   00 c1 34 e3 e1 e2 5f 0e 	
00018224 c0 50 0c 4e 01 f4 10 00   65 b3 e3 e1 e2 5f 0e c0 	.P␌N␁.␐
00018240 50 0c 4e 01 f4 10 00 65   b3 e3 e1 e2 5f 0e c0 50 	P␌N␁.␐
00018256 0c 4e 01 f4 10 00 65 b3   e3 e1 e2 5f 0e c0 50 0c 	␌N␁.␐
00018272 4e 01 f4 10 00 65 b3 e3   e1 e2 5f 08 c0 51 fe a5 	N␁.␐
00018288 e3 e1 e2 c0 12 5f 51 01   a2 0c 4e 01 10 00 00 00 	....␒_Q␁  .␌N␁␐
00018304 00 70 58 e3 e1 e2 5f 0e   c0 50 0c 4e 01 f4 10 00 	
00018320 65 b3 e3 e1 e2 5f 0e c0   50 0c 4e 01 f4 10 00 65 	e...._␎.  P␌N␁.␐
00018336 b3 e3 e1 e2 5f 0e c0 50   0c 4e 01 f4 10 00 65 b3 	...._␎.P  ␌N␁.␐
00018352 e3 e2 5f 0e c0 50 0c 4e   01 f4 10 00 65 b3 e3 e1 	.._␎.P␌N  ␁.␐
00018368 e2 5f 0e c0 50 0c 4e 01   f4 10 00 65 b3 e3 e1 e2 	._␎.P␌N␁  .␐
00018384 5f 08 c0 51 fe a5 e3 e1   e2 c0 12 5f 51 04 d6 0c 	_␈.Q....  ..␒_Q␄.␌
00018400 4e 01 10 00 00 00 00 85   1c e3 e1 e2 5f 0e c0 50 	N␁␐
00018416 0c 4e 01 f4 10 00 65 b3   e3 e1 e2 5f 0e c0 50 0c 	␌N␁.␐
00018432 4e 01 f4 10 00 65 b3 e3   e2 5f 0e c0 50 0c 4e 01 	N␁.␐
00018448 f4 10 00 65 b3 e3 e2 57   0e c0 50 0c 4e 01 f4 10 	.␐
00018464 00 65 b3 e3 e1 e2 5f 0e   c0 50 0c 4e 01 f4 10 00 	
00018480 65 b3 e3 e1 e2 5f 0e c0   50 0c 4e 01 f4 10 00 65 	e...._␎.  P␌N␁.␐
00018496 b3 e3 e1 e2 5f 08 c0 51   fe a5 e3 e1 e2 c0 12 5f 	...._␈.Q  ......␒_
00018512 51 0d 27 0c 4e 01 10 00   00 00 00 5f 58 e3 e1 e2 	Q␍'␌N␁␐
00018528 5f 0e c0 50 0c 4e 01 f4   10 00 65 b3 e3 e1 e2 5f 	_␎.P␌N␁.  ␐
00018544 0e c0 50 0c 4e 01 f4 10   00 65 b3 e3 e1 e2 5f 0e 	␎.P␌N␁.␐  
00018560 c0 50 0c 4e 01 f4 10 00   65 b3 e3 e1 e2 5f 0e c0 	.P␌N␁.␐
00018576 50 00 00 01 f4 10 00 b0   90 e3 e1 e2 5f 08 c0 51 	P
00018592 fe a5 e3 e1 e2 c0 12 5f   51 00 00 00 00 01 10 00 	......␒_  Q
00018608 00 00 00 3f e7 e3 e1 e2   5f 0e c0 50 00 00 01 f4 	
00018624 10 00 b0 90 e3 e1 e2 5f   0e c0 50 00 00 01 f4 10 	␐
00018640 00 b0 90 e3 e1 e2 5f 0e   c0 50 00 00 01 f4 10 00 	
00018656 b0 90 e3 e1 e2 5f 0e c0   50 00 00 01 f4 10 00 b0 	....._␎.  P
00018672 90 e3 e1 e2 5f 08 c0 51   fe a5 e3 e1 e2 c0 12 5f 	...._␈.Q  ......␒_
00018688 51 00 00 00 00 01 10 00   00 00 00 3f e7 e3 e1 e2 	Q
00018704 5f 0e c0 50 00 00 01 f4   10 00 b0 90 e3 e1 e2 5f 	_␎.P
00018720 0e c0 50 00 00 01 f4 10   00 b0 90 e3 e1 e2 5f 0e 	␎.P
00018736 c0 50 00 00 01 f4 10 00   b0 90 e3 e1 e2 5f 0e c0 	.P
00018752 50 00 00 01 f4 10 00 b0   90 e3 e1 e2 5f 08 c0 51 	P
00018768 fe a5 e3 e1 e2 c0 12 5f   51 00 00 00 00 01 10 00 	......␒_  Q
00018784 00 00 00 3f e7 e3 e1 e2   5f 0e c0 50 00 00 01 f4 	
00018800 10 00 b0 90 e3 e1 e2 5f   0e c0 50 00 00 01 f4 10 	␐
00018816 00 b0 90 e3 e1 e2 5f 0e   c0 50 00 00 01 f4 10 00 	
00018832 b0 90 e3 e1 e2 5f 0e c0   50 00 00 01 f4 10 00 b0 	....._␎.  P
00018848 90 e3 e1 e2 5f 08 c0 51   fe a5 e3 e1 e2 c0 12 5f 	...._␈.Q  ......␒_
00018864 51 00 00 00 00 01 10 00   00 00 00 3f e7 e3 e1 e2 	Q
00018880 5f 0e c0 50 00 00 01 f4   10 00 b0 90 e3 e1 e2 5f 	_␎.P
00018896 0e c0 50 00 00 01 f4 10   00 b0 90 e3 e1 e2 5f 0e 	␎.P
00018912 c0 50 00 00 01 f4 10 00   b0 90 e3 e1 e2 5f 0e c0 	.P
00018928 50 00 00 01 f4 10 00 b0   90 e3 e1 e2 5f 08 c0 51 	P
00018944 fe a5 e3 e1 e2 c0 12 5f   51 00 00 00 00 01 10 00 	......␒_  Q
00018960 00 00 00 3f e7 e3 e1 e2   5f 0e c0 50 00 00 01 f4 	
00018976 00 00 b3 e0 e3 e3 e1 e2   5f 0e c0 50 0c 4e 01 f4 	
00018992 10 00 65 b3 e3 e1 e2 5f   0e c0 50 0c 4e 01 f4 10 	␐
00019008 00 65 b3 e3 e1 e2 5f 0e   c0 50 0c 4e 01 f4 10 00 	
00019024 65 b3 e3 e1 e2 5f 08 c0   51 fe a5 e3 e1 e2 c0 12 	e...._␈.  Q......␒
00019040 5f 51 00 00 0c 4e 01 10   00 00 00 00 c1 34 e3 e1 	_Q
00019056 e2 5f 0e c0 50 0c 4e 01   f4 10 00 65 b3 e3 e1 e2 	._␎.P␌N␁  .␐
00019072 5f 0e c0 50 0c 4e 01 f4   10 00 65 b3 e3 e1 e2 5f 	_␎.P␌N␁.  ␐
00019088 0e c0 50 0c 4e 01 f4 10   00 65 b3 e3 e1 e2 5f 0e 	␎.P␌N␁.␐  
00019104 c0 50 0c 4e 01 f4 10 00   65 b3 e3 e1 e2 5f 08 c0 	.P␌N␁.␐
00019120 51 fe a5 e3 e1 e2 c0 12   5f 51 00 00 0c 4e 01 10 	Q......␒  _Q
00019136 00 00 00 00 c1 34 e3 e1   e2 5f 0e c0 50 0c 4e 01 	
00019152 f4 10 00 65 b3 e3 e1 e2   5f 0e c0 50 0c 4e 01 f4 	.␐
00019168 10 00 65 b3 e3 e1 e2 5f   0e c0 50 0c 4e 01 f4 10 	␐
00019184 00 65 b3 e3 e1 e2 5f 0e   c0 50 0c 4e 01 f4 10 00 	
00019200 65 b3 e3 e1 e2 5f 08 c0   51 fe a5 e3 e2 5f 08 c0 	e...._␈.  Q...._␈.
00019216 51 fe a5 e3 e2 5f 08 c0   51 fe a5 e3 e1 e2 5f 0e 	Q...._␈.  Q....._␎
00019232 c0 50 0c 4e 01 f4 10 00   65 b3 e3 e1 e2 c0 12 5f 	.P␌N␁.␐
00019248 51 00 00 0c 4e 01 10 00   00 00 00 c1 34 e3 e1 e2 	Q
00019264 5f 0e c0 50 0c 4e 01 f4   10 00 65 b3 e3 e1 e2 5f 	_␎.P␌N␁.  ␐
00019280 0e c0 50 0c 4e 01 f4 10   00 65 b3 e3 e1 e2 5f 0e 	␎.P␌N␁.␐  
00019296 c0 50 0c 4e 01 f4 10 00   65 b3 e3 e1 e2 5f 08 c0 	.P␌N␁.␐
00019312 51 fe a5 e3 e1 e2 c0 12   5f 51 01 b6 0c 4e 01 10 	Q......␒  _Q␁.␌N␁␐
00019328 00 00 00 00 bf 49 e3 e1   e2 5f 0e c0 50 0c 4e 01 	
00019344 f4 10 00 65 b3 e3 e1 e2   5f 0e c0 50 0c 4e 01 f4 	.␐
00019360 10 00 65 b3 e3 e1 e2 5f   0e c0 50 0c 4e 01 f4 10 	␐
00019376 00 65 b3 e3 e1 e2 5f 0e   c0 50 0c 4e 01 f4 10 00 	
00019392 65 b3 e3 e1 e2 5f 08 c0   51 fe a5 e3 e1 e2 c0 12 	e...._␈.  Q......␒
00019408 5f 51 03 cd 0c 4e 01 10   00 00 00 00 ce a3 e3 e1 	_Q␃.␌N␁␐  
00019424 e2 5f 0e c0 50 0c 4e 01   f4 10 00 65 b3 e3 e1 e2 	._␎.P␌N␁  .␐
00019440 5f 0e c0 50 0c 4e 01 f4   10 00 65 b3 e3 e1 e2 5f 	_␎.P␌N␁.  ␐
00019456 0e c0 50 0c 4e 01 f4 10   00 65 b3 e3 e1 e2 5f 0e 	␎.P␌N␁.␐  
00019472 c0 50 0c 4e 01 f4 10 00   65 b3 e3 e1 e2 5f 08 c0 	.P␌N␁.␐
00019488 51 fe a5 e3 e1 e2 c0 12   5f 51 0c e2 c0 12 5f 51 	Q......␒  _Q␌..␒_Q
00019504 0c 51 0c 4e 01 10 00 00   00 00 c1 4e e3 e1 e2 5f 	␌Q␌N␁␐
00019520 0e c0 50 0c 4e 01 f4 10   00 65 b3 e3 e1 e2 5f 0e 	␎.P␌N␁.␐  
00019536 c0 50 0c 4e 01 f4 10 00   65 b3 e3 e1 e2 5f 0e c0 	.P␌N␁.␐
00019552 50 0c 4e 01 f4 10 00 65   b3 e3 e2 5f 0e c0 50 0c 	P␌N␁.␐
00019568 4e 01 f4 10 00 65 b3 e3   e1 e2 5f 0e c0 50 0c 4e 	N␁.␐
00019584 01 f4 10 00 65 b3 e3 e1   e2 5f 08 c0 51 fe a5 e3 	␁.␐
00019600 e1 e2 c0 12 5f 51 0a b4   0c 4e 01 10 00 00 00 00 	...␒_Q␊.  ␌N␁␐
00019616 82 aa e3 e1 e2 5f 0e c0   50 0c 4e 01 f4 10 00 65 	....._␎.  P␌N␁.␐
00019632 b3 e3 e1 e2 5f 0e c0 50   0c 4e 01 f4 10 00 65 b3 	...._␎.P  ␌N␁.␐
00019648 e3 e1 e2 5f 0e c0 50 0c   4e 01 f4 10 00 65 b3 e3 	..._␎.P␌  N␁.␐
00019664 e1 e2 5f 0e c0 50 0c 4e   01 f4 10 00 65 b3 e3 e1 	.._␎.P␌N  ␁.␐
00019680 e2 5f 08 c0 51 fe a5 e3   e1 e2 c0 12 5f 51 09 fb 	._␈.Q...  ...␒_Q␉.
00019696 0c 4e 01 10 00 00 00 00   f4 e8 e3 e1 e2 5f 0e c0 	␌N␁␐
00019712 50 0c 4e 01 f4 10 00 65   b3 e3 e2 5f 0e c0 50 0c 	P␌N␁.␐
00019728 4e 01 f4 10 00 65 b3 e3   e1 e2 5f 0e c0 50 0c 4e 	N␁.␐
00019744 01 f4 10 00 65 b3 e3 e1   e2 5f 0e c0 50 0c 4e 01 	␁.␐
00019760 f4 10 00 65 b3 e3 e1 e2   5f 0e c0 50 0c 4e 01 f4 	.␐
00019776 10 00 65 b3 e3 e1 e2 5f   08 c0 51 fe a5 e3 e1 e2 	␐
00019792 c0 12 5f 51 0e 65 0c 4e   01 10 00 00 00 00 77 29 	.␒_Q␎e␌N  ␁␐
00019808 e3 e1 e2 5f 0e c0 50 0c   4e 01 f4 10 00 65 b3 e3 	..._␎.P␌  N␁.␐
00019824 e2 5f 0e c0 50 0c 4e 01   f4 10 00 65 b3 e3 e2 5f 	._␎.P␌N␁  .␐
00019840 0e c0 50 0c 4e 01 f4 10   00 65 b3 e3 e2 5f 0e c0 	␎.P␌N␁.␐  
00019856 50 0c 4e 01 f4 10 00 65   b3 e3 e1 e2 5f 0e c0 50 	P␌N␁.␐
00019872 0c 4e 01 f4 10 00 65 b3   e3 e1 e2 5f 0e c0 50 0c 	␌N␁.␐
00019888 4e 01 f4 10 00 65 b3 e3   e1 e2 5f 08 c0 51 fe a5 	N␁.␐
00019904 e3 e1 e2 c0 12 5f 51 0e   30 e2 c0 12 5f 51 0e 30 	....␒_Q␎  0..␒_Q␎0
00019920 0c 4e 01 10 00 00 00 00   0c c2 e3 e1 e2 5f 0e c0 	␌N␁␐
00019936 50 0c 4e 01 f4 10 00 65   b3 e3 e2 5f 0e c0 50 0c 	P␌N␁.␐
00019952 4e 01 f4 10 00 65 b3 e3   e1 e2 5f 0e c0 50 0c 4e 	N␁.␐
00019968 01 f4 10 00 65 b3 e3 e1   e2 5f 0e c0 50 0c 4e 01 	␁.␐
00019984 f4 10 00 65 b3 e3 e2 5f   0e c0 50 0c 4e 01 f4 10 	.␐
00020000 00 65 b3 e3 e1 e2 5f 0e   c0 50 0c 4e 01 f4 10 00 	
00020016 65 b3 e3 e1 e2 57 08 c0   51 fe a5 e3 e1 e2 c0 12 	e....W␈.  Q......␒
00020032 e2 c0 12 5f 51 0d 93 0c   4e 01 10 00 00 00 00 88 	..␒_Q␍.␌  N␁␐
00020048 07 e3 e1 e2 5f 0e c0 50   0c 4e 01 f4 10 00 65 b3 	␇..._␎.P  ␌N␁.␐
00020064 e3 e1 e2 5f 0e c0 50 0c   4e 01 f4 10 00 65 b3 e3 	..._␎.P␌  N␁.␐
00020080 e1 e2 5f 0e c0 50 0c 4e   01 f4 10 00 65 b3 e3 e1 	.._␎.P␌N  ␁.␐
00020096 e2 5f 0e c0 50 0c 4e 01   f4 10 00 65 b3 e3 e2 5f 	._␎.P␌N␁  .␐
00020112 0e c0 50 0c 4e 01 f4 10   00 65 b3 e3 e2 5f 0e c0 	␎.P␌N␁.␐  
00020128 50 0c 4e 01 f4 10 00 65   b3 e3 e1 e2 5f 08 c0 51 	P␌N␁.␐
00020144 fe a5 e3 e1 e2 c0 12 5f   51 0d 5a 0c 4e 01 10 00 	......␒_  Q␍Z␌N␁␐
00020160 00 00 00 aa b0 e3 e1 e2   5f 0e c0 50 0c 4e 01 f4 	
00020176 10 00 65 b3 e3 e1 e2 5f   0e c0 50 0c 4e 01 f4 10 	␐
00020192 00 65 b3 e3 e1 e2 5f 0e   c0 50 0c 4e 01 f4 10 00 	
00020208 65 b3 e3 e2 5f 0e c0 50   0c 4e 01 f4 10 00 65 b3 	e..._␎.P  ␌N␁.␐
00020224 e3 e1 e2 5f 0e c0 50 0c   4e 01 f4 10 00 65 b3 e3 	..._␎.P␌  N␁.␐
00020240 e2 5f 0e c0 50 0c 4e 01   f4 10 00 65 b3 e3 e1 e2 	._␎.P␌N␁  .␐
00020256 5f 08 c0 51 fe a5 e3 e1   e2 c0 12 5f 51 0c d5 0c 	_␈.Q....  ..␒_Q␌.␌
00020272 4e 01 10 00 00 e2 c0 12   5f 51 0c d5 0c 4e 01 10 	N␁␐
00020288 00 00 00 00 e0 e2 13 e3   e1 e2 5f 0e c0 50 0c 4e 	
00020304 01 f4 10 00 65 b3 e3 e1   e2 5f 0e c0 50 0c 4e 01 	␁.␐
00020320 f4 10 00 65 b3 e3 e1 e2   5f 0e c0 50 0c 4e 01 f4 	.␐
00020336 10 00 65 b3 e3 e1 e2 5f   0e c0 50 0c 4e 01 f4 10 	␐
00020352 00 65 b3 e3 e1 e2 5f 08   c0 51 fe a5 e3 e1 e2 c0 	
00020368 12 5f 51 0c bc 0c 4e 01   10 00 00 00 00 d8 ea e3 	␒_Q␌.␌N␁  ␐
00020384 e1 e2 5f 0e c0 50 0c 4e   01 f4 10 00 65 b3 e3 e1 	.._␎.P␌N  ␁.␐
00020400 e2 5f 0e c0 50 0c 4e 01   f4 10 00 65 b3 e3 e1 e2 	._␎.P␌N␁  .␐
00020416 5f 0e c0 50 0c 4e 01 f4   10 00 65 b3 e3 e1 e2 5f 	_␎.P␌N␁.  ␐
00020432 0e c0 50 0c 4e 01 f4 10   00 65 b3 e3 e1 e2 5f 08 	␎.P␌N␁.␐  
00020448 c0 51 fe a5 e3 e1 e2 c0   12 5f 51 0c a4 0c 4e 01 	.Q......  ␒_Q␌.␌N␁
00020464 10 00 00 00 00 a2 eb e3   e1 e2 5f 0e c0 50 0c 4e 	␐
00020480 01 f4 10 00 65 b3 e3 e2   5f 0e c0 50 0c 4e 01 f4 	␁.␐
00020496 10 00 65 b3 e3 e1 e2 5f   0e c0 50 0c 4e 01 f4 10 	␐
00020512 00 65 b3 e3 e1 e2 5f 0e   c0 50 0c 4e 01 f4 10 00 	
00020528 65 b3 e3 e1 e2 5f 0e c0   50 0c 4e 01 f4 10 00 65 	e...._␎.  P␌N␁.␐
00020544 b3 e3 e1 e2 5f 08 c0 51   fe a5 e3 e1 e2 c0 12 5f 	...._␈.Q  ......␒_
00020560 51 0c e0 e0 0c 4e 01 10   00 00 00 00 61 dd e3 e1 	Q␌..␌N␁␐  
00020576 e2 5f 0e c0 50 0c 4e 01   f4 10 00 65 b3 e3 e1 e2 	._␎.P␌N␁  .␐
00020592 5f 0e c0 50 0c 4e 01 f4   10 00 65 b3 e3 e1 e2 5f 	_␎.P␌N␁.  ␐
00020608 0e c0 50 0c 4e 01 f4 10   00 65 b3 e3 e2 5f 0e c0 	␎.P␌N␁.␐  
00020624 50 0c 4e 01 f4 10 00 65   b3 e3 e1 e2 5f 0e c0 50 	P␌N␁.␐
00020640 0c 4e 01 f4 10 00 65 b3   e3 e1 e2 5f 08 c0 51 fe 	␌N␁.␐
00020656 a5 e3 e1 e2 c0 12 5f 51   0c b7 0c 4e 01 10 00 00 	.....␒_Q  ␌.␌N␁␐
00020672 00 00 dc 51 e3 e1 e2 5f   0e c0 50 0c 4e 01 f4 10 	
00020688 00 65 b3 e3 e1 e2 5f 0e   c0 50 0c 4e 01 f4 10 00 	
00020704 65 b3 e3 e2 5f 0e c0 50   0c 4e 01 f4 10 00 65 b3 	e..._␎.P  ␌N␁.␐
00020720 e3 e1 e2 5f 0e c0 50 0c   4e 01 f4 10 00 65 b3 e3 	..._␎.P␌  N␁.␐
00020736 e1 e2 5f 0e c0 50 0c 4e   01 f4 10 00 65 b3 e3 e1 	.._␎.P␌N  ␁.␐
00020752 e2 5f 08 c0 51 fe a5 e3   e1 e2 c0 12 5f 51 0c 2b 	._␈.Q...  ...␒_Q␌+
00020768 0c 4e 01 10 00 00 00 00   85 0d e3 e1 e2 5f 0e c0 	␌N␁␐
00020784 50 0c 4e 01 f4 10 00 65   b3 e3 e1 e2 5f 0e c0 50 	P␌N␁.␐
00020800 0c 4e 01 f4 10 00 65 b3   e3 e1 e2 5f 0e c0 50 0c 	␌N␁.␐
00020816 4e 01 f4 10 00 65 b3 e3   e1 e2 5f 0e c0 50 0c 4e 	N␁.␐
00020832 01 f4 10 00 65 b3 e3 e1   e2 5f 08 c0 51 fe a5 e3 	␁.␐
00020848 e1 e2 c0 12 5f 51 0c 4c   0c 4e 01 10 00 00 00 00 	...␒_Q␌L  ␌N␁␐
00020864 cc 83 e3 e1 e2 5f 0e c0   50 0c 4e 01 f4 10 00 65 	....._␎.  P␌N␁.␐
00020880 b3 e3 e1 e2 5f 0e c0 50   0c 4e 01 f4 10 00 65 b3 	...._␎.P  ␌N␁.␐
00020896 e3 e1 e2 5f 0e c0 50 0c   4e 01 f4 10 00 65 b3 e3 	..._␎.P␌  N␁.␐
00020912 e1 e2 5f 0e c0 50 0c 4e   01 f4 10 00 65 b3 e3 e1 	.._␎.P␌N  ␁.␐
00020928 e2 5f 08 c0 51 fe a5 e3   e1 e2 c0 12 5f 51 0c 66 	._␈.Q...  ...␒_Q␌f
00020944 0c 4e 01 10 00 00 00 00   84 e7 e3 e1 e2 5f 0e c0 	␌N␁␐
00020960 50 0c 4e 01 f4 10 00 65   b3 e3 e1 e2 5f 0e c0 50 	P␌N␁.␐
00020976 0c 4e 01 f4 10 00 65 b3   e3 e1 e2 5f 0e c0 50 0c 	␌N␁.␐
00020992 4e 01 f4 10 00 65 b3 e3   e1 e2 5f 0e c0 50 0c 4e 	N␁.␐
00021008 01 f4 10 00 65 b3 e3 e1   e2 5f 08 c0 51 fe a5 e3 	␁.␐
00021024 e1 e2 c0 12 5f 51 0c 45   0c 4e 01 10 00 00 00 e2 	...␒_Q␌E  ␌N␁␐
00021040 c0 12 5f 51 0c 45 0c 4e   01 10 00 00 00 00 0e 5f 	.␒_Q␌E␌N  ␁␐
00021056 e3 e1 e2 5f 0e c0 50 0c   4e 01 f4 10 00 65 b3 e3 	..._␎.P␌  N␁.␐
00021072 e1 e2 5f 0e c0 50 0c 4e   01 f4 10 00 65 b3 e3 e2 	.._␎.P␌N  ␁.␐
00021088 5f 0e c0 50 0c 4e 01 f4   10 00 65 b3 e3 e1 e2 5f 	_␎.P␌N␁.  ␐
00021104 0e c0 50 0c 4e 01 f4 10   00 65 b3 e3 e1 e2 5f 0e 	␎.P␌N␁.␐  
00021120 c0 50 0c 4e 01 f4 10 00   65 b3 e3 e1 e2 5f 08 c0 	.P␌N␁.␐
00021136 51 fe a5 e3 e1 e2 c0 12   5f 51 0c 5a 0c 4e 01 10 	Q......␒  _Q␌Z␌N␁␐
00021152 00 00 00 00 c5 f5 e3 e1   e2 5f 0e c0 50 0c 4e 01 	
00021168 f4 10 00 65 b3 e3 e1 e2   5f 0e c0 50 0c 4e 01 f4 	.␐
00021184 10 00 65 b3 e3 e2 5f 0e   c0 50 0c 4e 01 f4 10 00 	␐
00021200 65 b3 e3 e1 e2 5f 0e c0   50 0c 4e 01 f4 10 00 65 	e...._␎.  P␌N␁.␐
00021216 b3 e3 e1 e2 5f 0e c0 50   0c 4e 01 f4 10 00 65 b3 	...._␎.P  ␌N␁.␐
00021232 e3 e1 e2 5f 08 c0 51 fe   a5 e3 e1 e2 c0 12 5f 51 	..._␈.Q.  .....␒_Q
00021248 0c 32 0c 4e 01 10 00 00   00 00 14 2f e3 e1 e2 5f 	␌2␌N␁␐
00021264 0e c0 50 0c 4e 01 f4 10   00 65 b3 e3 e1 e2 5f 0e 	␎.P␌N␁.␐  
00021280 c0 50 0c 4e 01 f4 10 00   65 b3 e3 e1 e2 5f 0e c0 	.P␌N␁.␐
00021296 50 0c 4e 01 f4 10 00 65   b3 e3 e1 e2 5f 0e c0 50 	P␌N␁.␐
00021312 0c 4e 01 f4 10 00 65 b3   e3 e1 e2 5f 08 c0 51 fe 	␌N␁.␐
00021328 a5 e3 e2 5f 08 c0 51 fe   a5 e3 e1 e2 c0 12 5f 51 	..._␈.Q.  .....␒_Q
00021344 0c 28 e2 5f 0e c0 50 0c   4e 01 f4 10 00 65 b3 e3 	␌(._␎.P␌  N␁.␐
00021360 e1 e2 c0 12 5f 51 0c 28   0c 4e 01 10 00 00 00 00 	...␒_Q␌(  ␌N␁␐
00021376 a8 49 e3 e1 e2 5f 0e c0   50 0c 4e 01 f4 10 00 65 	.I..._␎.  P␌N␁.␐
00021392 b3 e3 e1 e2 5f 0e c0 50   0c 4e 01 f4 10 00 65 b3 	...._␎.P  ␌N␁.␐
00021408 e3 e1 e2 5f 0e c0 50 0c   4e 01 f4 10 00 65 b3 e3 	..._␎.P␌  N␁.␐
00021424 e1 e2 5f 08 c0 51 fe a5   e3 e1 e2 c0 12 5f 51 0c 	.._␈.Q..  ....␒_Q␌
00021440 31 0c 4e 01 10 00 00 00   00 39 6b e3 e1 e2 5f 0e 	1␌N␁␐
00021456 c0 50 0c 4e 01 f4 10 00   65 b3 e3 e1 e2 5f 0e c0 	.P␌N␁.␐
00021472 50 0c 4e 01 f4 10 00 65   b3 e3 e1 e2 5f 0e c0 50 	P␌N␁.␐
00021488 0c 4e 01 f4 10 00 65 b3   e3 e1 e2 5f 0e c0 50 0c 	␌N␁.␐
00021504 4e 01 f4 10 00 65 b3 e3   e1 e2 5f 08 c0 51 fe a5 	N␁.␐
00021520 e3 e1 e2 c0 12 5f 51 0c   cd 0c 4e 01 10 00 00 00 	....␒_Q␌  .␌N␁␐
00021536 00 98 12 e3 e1 e2 5f 0e   c0 50 0c 4e 01 f4 10 00 	
00021552 65 b3 e3 e1 e2 5f 0e c0   50 0c 4e 01 f4 10 00 65 	e...._␎.  P␌N␁.␐
00021568 b3 e3 e1 e2 5f 0e c0 50   0c 4e 01 f4 10 00 65 b3 	...._␎.P  ␌N␁.␐
00021584 e3 e1 e2 5f 0e c0 50 0c   4e 01 f4 10 00 65 b3 e3 	..._␎.P␌  N␁.␐
00021600 e2 5f 0e c0 50 0c 4e 01   f4 10 00 65 b3 e3 e1 e2 	._␎.P␌N␁  .␐
00021616 5f 08 c0 51 fe a5 e3 e1   e2 c0 12 5f 51 0c 74 0c 	_␈.Q....  ..␒_Q␌t␌
00021632 4e 01 10 00 00 00 00 11   7e e3 e1 e2 5f 0e c0 50 	N␁␐
00021648 0c 4e 01 f4 10 00 65 b3   e3 e1 e2 5f 0e c0 50 0c 	␌N␁.␐
00021664 4e 01 f4 10 00 65 b3 e3   e1 e2 5f 0e c0 50 0c 4e 	N␁.␐
00021680 01 f4 10 00 65 b3 e3 e1   e2 5f 0e c0 50 0c 4e 01 	␁.␐
00021696 f4 10 00 65 b3 e3 e1 e2   5f 08 c0 51 fe a5 e3 e2 	.␐
00021712 5f 08 c0 51 fe a5 e3 e1   e2 c0 12 5f 51 0c 64 0c 	_␈.Q....  ..␒_Q␌d␌
00021728 4e 01 10 00 00 00 00 42   80 e3 e1 e2 5f 0e c0 50 	N␁␐
00021744 0c 4e 01 f4 10 00 65 b3   e3 e1 e2 5f 0e c0 50 0c 	␌N␁.␐
00021760 4e 01 f4 10 00 65 b3 e3   e1 e2 5f 0e c0 50 0c 4e 	N␁.␐
00021776 01 f4 10 00 65 b3 e3 e1   e2 5f 0e c0 50 0c 4e 01 	␁.␐
00021792 f4 10 00 65 b3 e3 e1 e2   5f 08 c0 51 fe a5 e3 e1 	.␐
00021808 e2 c0 12 5f 51 0c 6b 0c   4e 01 10 00 00 00 00 da 	..␒_Q␌k␌  N␁␐
00021824 d4 e3 e1 e2 5f 0e c0 50   0c 4e 01 f4 10 00 65 b3 	...._␎.P  ␌N␁.␐
00021840 e3 e1 e2 5f 0e c0 50 0c   4e 01 f4 10 00 65 b3 e3 	..._␎.P␌  N␁.␐
00021856 e2 5f 0e c0 50 0c 4e 01   f4 10 00 65 b3 e3 e1 e2 	._␎.P␌N␁  .␐
00021872 5f 0e c0 50 0c 4e 01 f4   10 00 65 b3 e3 e1 e2 5f 	_␎.P␌N␁.  ␐
00021888 0e c0 50 0c 4e 01 f4 10   00 65 b3 e3 e1 e2 5f 08 	␎.P␌N␁.␐  
00021904 c0 51 fe a5 e3 e1 e2 c0   12 5f 51 0c 73 0c 4e 01 	.Q......  ␒_Q␌s␌N␁
00021920 10 00 00 00 00 a0 d5 e3   e1 e2 c0 12 5f 51 0c 73 	␐
00021936 0c 4e 01 10 00 00 00 00   a0 d5 e3 e1 e2 5f 0e c0 	␌N␁␐
00021952 50 0c 4e 01 f4 10 00 65   b3 e3 e1 e2 5f 0e c0 50 	P␌N␁.␐
00021968 0c 4e 01 f4 10 00 65 b3   e3 e1 e2 5f 0e c0 50 0c 	␌N␁.␐
00021984 4e 01 f4 10 00 65 b3 e3   e1 e2 5f 0e c0 50 0c 4e 	N␁.␐
00022000 01 f4 10 00 65 b3 e3 e2   5f 0e c0 50 0c 4e 01 f4 	␁.␐
00022016 10 00 65 b3 e3 e1 e2 5f   08 c0 51 fe a5 e3 e1 e2 	␐
00022032 c0 12 5f 51 0c 4c 0c 4e   01 10 00 00 00 00 cc 83 	.␒_Q␌L␌N  ␁␐
00022048 e3 e1 e2 5f 0e c0 50 0c   4e 01 f4 10 00 65 b3 e3 	..._␎.P␌  N␁.␐
00022064 e1 e2 5f 0e c0 50 0c 4e   01 f4 10 00 65 b3 e3 e1 	.._␎.P␌N  ␁.␐
00022080 e2 5f 0e c0 50 0c 4e 01   f4 10 00 65 b3 e3 e1 e2 	._␎.P␌N␁  .␐
00022096 5f 0e c0 50 0c 4e 01 f4   10 00 65 b3 e3 e1 e2 5f 	_␎.P␌N␁.  ␐
00022112 08 c0 51 7e a5 e3 e1 e2   c0 12 5f 51 0c 52 0c 4e 	␈.Q~....  .␒_Q␌R␌N
00022128 01 10 00 00 00 00 ec 0a   e3 e1 e2 5f 0e c0 50 0c 	␁␐
00022144 4e 01 f4 10 00 65 b3 e3   e1 e2 5f 0e c0 50 0c 4e 	N␁.␐
00022160 01 f4 10 00 65 b3 e3 e1   e2 5f 0e c0 50 0c 4e 01 	␁.␐
00022176 f4 10 00 65 b3 e3 e1 e2   5f 0e c0 50 0c 4e 01 f4 	.␐
00022192 10 00 65 b3 e3 e2 5f 0e   c0 50 0c 4e 01 f4 10 00 	␐
00022208 65 b3 e3 e1 e2 5f 08 c0   51 fe a5 e3 e1 e2 c0 12 	e...._␈.  Q......␒
00022224 5f 51 0c 30 0c 4e 01 10   00 00 00 00 d2 48 e3 e1 	_Q␌0␌N␁␐  
00022240 e2 5f 0e c0 50 0c 4e 01   f4 10 00 65 b3 e3 e1 e2 	._␎.P␌N␁  .␐
00022256 5f 0e c0 50 0c 4e 01 f4   10 00 65 b3 e3 e1 e2 5f 	_␎.P␌N␁.  ␐
00022272 0e c0 50 0c 4e 01 f4 10   00 65 b3 e3 e1 e2 5f 0e 	␎.P␌N␁.␐  
00022288 c0 50 0c 4e 01 f4 10 00   65 b3 e3 e1 e2 5f 08 c0 	.P␌N␁.␐
00022304 51 fe a5 e3 e1 e2 c0 12   5f 51 0c 2d 0c 4e 01 10 	Q......␒  _Q␌-␌N␁␐
00022320 00 00 00 00 df 85 e3 e1   e2 5f 0e c0 50 0c 4e 01 	
00022336 f4 10 00 65 b3 e3 e1 e2   5f 0e c0 50 0c 4e 01 f4 	.␐
00022352 10 00 65 b3 e3 e1 e2 5f   0e c0 50 0c 4e 01 f4 10 	␐
00022368 00 65 b3 e3 e1 e2 5f 0e   c0 50 0c 4e 01 f4 10 00 	
00022384 65 b3 e3 e1 e2 5f 08 c0   51 fe a5 e3 e1 e2 c0 12 	e...._␈.  Q......␒
00022400 5f 51 0c 3b 0c 4e e2 c0   12 5f 51 0c 3b 0c 4e 01 	_Q␌;␌N..  ␒_Q␌;␌N␁
00022416 10 00 00 00 00 d6 f3 e3   e1 e2 5f 0e c0 50 0c 4e 	␐
00022432 01 f4 10 00 65 b3 e3 e1   e2 5f 0e c0 50 0c 4e 01 	␁.␐
00022448 f4 10 00 65 b3 e3 e1 e2   5f 0e c0 50 0c 4e 01 f4 	.␐
00022464 10 00 65 b3 e3 e2 5f 0e   c0 50 0c 4e 01 f4 10 00 	␐
00022480 65 b3 e3 e1 e2 5f 0e c0   50 0c 4e 01 f4 10 00 65 	e...._␎.  P␌N␁.␐
00022496 b3 e3 e2 5f 0e c0 50 0c   4e 01 f4 10 00 65 b3 e3 	..._␎.P␌  N␁.␐
00022512 e1 e2 5f 08 c0 51 fe a5   e3 e1 e2 c0 12 5f 51 0c 	.._␈.Q..  ....␒_Q␌
00022528 7b 0c 4e 01 10 00 00 00   00 89 2a e3 e1 e2 5f 0e 	{␌N␁␐
00022544 c0 50 0c 4e 01 f4 10 00   65 b3 e3 e1 e2 5f 0e c0 	.P␌N␁.␐
00022560 50 0c 4e 01 f4 10 00 65   b3 e3 e1 e2 5f 0e c0 50 	P␌N␁.␐
00022576 0c 4e 01 f4 10 00 65 b3   e3 e2 5f 0e c0 50 0c 4e 	␌N␁.␐
00022592 01 f4 10 00 65 b3 e3 e1   e2 5f 0e c0 50 0c 4e 01 	␁.␐
00022608 f4 10 00 65 b3 e3 e1 e2   5f 08 c0 51 fe a5 e3 e1 	.␐
00022624 e2 c0 12 5f 51 0c 49 0c   4e 01 10 00 00 00 00 bb 	..␒_Q␌I␌  N␁␐
00022640 4f e3 e1 e2 5f 0e c0 50   0c 4e 01 f4 10 00 65 b3 	O..._␎.P  ␌N␁.␐
00022656 e3 e1 e2 5f 0e c0 50 0c   4e 01 f4 10 00 65 b3 e3 	..._␎.P␌  N␁.␐
00022672 e2 5f 0e c0 50 0c 4e 01   f4 10 00 65 b3 e3 e1 e2 	._␎.P␌N␁  .␐
00022688 5f 0e c0 50 0c 4e 01 f4   10 00 65 b3 e3 e1 e2 5f 	_␎.P␌N␁.  ␐
00022704 0e c0 50 0c 4e 01 f4 10   00 65 b3 e3 e1 e2 5f 08 	␎.P␌N␁.␐  
00022720 c0 51 fe a5 e3 e1 e2 c0   12 5f 51 0c 12 0c 4e 01 	.Q......  ␒_Q␌␒␌N␁
00022736 10 00 00 00 00 b3 d3 e3   e1 e2 5f 0e c0 50 0c 4e 	␐
00022752 01 f4 10 00 65 b3 e3 e1   e2 5f 0e c0 50 0c 4e 01 	␁.␐
00022768 f4 10 00 65 b3 e3 e1 e2   5f 0e c0 50 0c 4e 01 f4 	.␐
00022784 10 00 65 b3 e3 e1 e2 5f   0e c0 50 0c 4e 01 f4 10 	␐
00022800 00 65 b3 e3 e1 e2 5f 08   c0 51 fe a5 e3 e1 e2 c0 	
00022816 12 5f 51 e2 c0 12 5f 51   0c 48 0c 4e 01 10 00 00 	␒_Q..␒_Q  ␌H␌N␁␐
00022832 00 00 50 6c e3 e1 e2 5f   0e c0 50 0c 4e 01 f4 10 	
00022848 00 65 b3 e3 e1 e2 5f 0e   c0 50 0c 4e 01 f4 10 00 	
00022864 65 b3 e3 e1 e2 5f 0e c0   50 0c 4e 01 f4 10 00 65 	e...._␎.  P␌N␁.␐
00022880 b3 e3 e1 e2 5f 0e c0 50   0c 4e 01 f4 10 00 65 b3 	...._␎.P  ␌N␁.␐
00022896 e3 e1 e2 5f 08 c0 51 fe   a5 e3 e1 e2 c0 12 5f 51 	..._␈.Q.  .....␒_Q
00022912 0c 93 0c 4e 01 10 00 00   00 00 e7 42 e3 e1 e2 5f 	␌.␌N␁␐
00022928 0e c0 50 0c 4e 01 f4 10   00 65 b3 e3 e1 e2 5f 0e 	␎.P␌N␁.␐  
00022944 c0 50 0c 4e 01 f4 10 00   65 b3 e3 e1 e2 5f 0e c0 	.P␌N␁.␐
00022960 50 0c 4e 01 f4 10 00 65   b3 e3 e1 e2 5f 0e c0 50 	P␌N␁.␐
00022976 0c 4e 01 f4 10 00 65 b3   e3 e1 e2 5f 08 c0 51 fe 	␌N␁.␐
00022992 a5 e3 e2 5f 08 c0 51 fe   a5 e3 e1 e2 c0 12 5f 51 	..._␈.Q.  .....␒_Q
00023008 0c 67 0c 4e 01 10 00 00   00 00 6f c4 e3 e1 e2 5f 	␌g␌N␁␐
00023024 0e c0 50 0c 4e 01 f4 10   00 65 b3 e3 e1 e2 5f 0e 	␎.P␌N␁.␐  
00023040 c0 50 0c 4e 01 f4 10 00   65 b3 e3 e1 e2 5f 0e c0 	.P␌N␁.␐
00023056 50 0c 4e 01 f4 10 00 65   b3 e3 e2 5f 0e c0 50 0c 	P␌N␁.␐
00023072 4e 01 f4 10 00 65 b3 e3   e1 e2 5f 0e c0 50 0c 4e 	N␁.␐
00023088 01 f4 10 00 65 b3 e3 e1   e2 5f 08 c0 51 fe a5 e3 	␁.␐
00023104 e1 e2 c0 12 5f 51 0c 23   0c 4e 01 10 00 00 00 00 	...␒_Q␌#  ␌N␁␐
00023120 ac f2 e3 e1 e2 5f 0e c0   50 0c 4e 01 f4 10 00 65 	....._␎.  P␌N␁.␐
00023136 b3 e3 e1 e2 5f 0e c0 50   0c 4e 01 f4 10 00 65 b3 	...._␎.P  ␌N␁.␐
00023152 e3 e1 e2 5f 0e c0 50 0c   4e 01 f4 10 00 65 b3 e3 	..._␎.P␌  N␁.␐
00023168 e1 e2 5f 0e c0 50 0c 4e   01 f4 10 00 65 b3 e3 e1 	.._␎.P␌N  ␁.␐
00023184 e2 5f 08 c0 51 fe a5 e3   e1 e2 c0 12 5f 51 0c a2 	._␈.Q...  ...␒_Q␌.
00023200 0c 4e 01 10 00 00 00 00   f8 63 e3 e1 e2 5f 0e c0 	␌N␁␐
00023216 50 0c 4e 01 f4 10 00 65   b3 e3 e1 e2 5f 0e c0 50 	P␌N␁.␐
00023232 0c 4e 01 f4 10 00 65 b3   e3 e1 e2 5f 0e c0 50 0c 	␌N␁.␐
00023248 4e 01 f4 10 00 65 b3 e3   e1 e2 5f 0e c0 50 0c 4e 	N␁.␐
00023264 01 f4 10 00 65 b3 e3 e1   e2 5f 08 c0 51 fe a5 e3 	␁.␐
00023280 e1 e2 c0 12 5f 51 0c b7   0c 4e 01 10 00 00 00 00 	...␒_Q␌.  ␌N␁␐
00023296 dc 51 e3 e1 e2 5f 0e c0   50 0c 4e 01 f4 10 00 65 	.Q..._␎.  P␌N␁.␐
00023312 b3 e3 e2 5f 0e c0 50 0c   4e 01 f4 10 00 65 b3 e3 	..._␎.P␌  N␁.␐
00023328 e1 e2 5f 0e c0 50 0c 4e   01 f4 10 00 65 b3 e3 e1 	.._␎.P␌N  ␁.␐
00023344 e2 5f 0e c0 50 0c 4e 01   f4 10 00 65 b3 e3 e1 e2 	._␎.P␌N␁  .␐
00023360 5f 0e c0 50 0c 4e 01 f4   10 00 65 b3 e3 e1 e2 5f 	_␎.P␌N␁.  ␐
00023376 08 c0 51 fe a5 e3 e2 5f   08 c0 51 fe a5 e3 e1 e2 	␈.Q...._  ␈.Q.....
00023392 c0 12 5f 51 0c 52 0c 4e   01 10 00 00 00 00 ec 0a 	.␒_Q␌R␌N  ␁␐
00023408 e3 e1 e2 5f 0e c0 50 0c   4e 01 f4 10 00 65 b3 e3 	..._␎.P␌  N␁.␐
00023424 e1 e2 5f 0e c0 50 00 00   01 f4 00 00 b3 e0 e3 e3 	.._␎.P
00023440 e1 e2 5f 0e c0 50 00 00   01 f4 00 00 b3 e0 e3 e3 	.._␎.P
00023456 e1 e2 5f 0e c0 50 00 00   01 f4 00 00 b3 e0 e3 e3 	.._␎.P
00023472 e1 00                                             	.
