00000000 e2 88 0b 87 28 00 00 00   4b ac e3 e1 e2 87 0d 88 	..␋.(
00000016 29 00 00 00 00 01 62 a7   e3 e1 e2 88 0a 87 26 02 	)
00000032 02 d9 fe e3 e1 e2 89 0a   87 26 04 00 16 ba e3 e2 	␂......␊  .&␄
00000048 87 08 88 26 59 70 e3 e2   87 08 88 26 59 70 e3 e1 	.␈.&Yp..  .␈.&Yp..
00000064 e2 89 0a 87 26 04 00 16   ba e3 e2 89 0a 87 26 04 	..␊.&␄
00000080 00 16 ba e3 e2 8a 0a 87   26 01 03 17 cc e3 e1 e2 	
00000096 88 08 87 01 c9 25 e3 e1   e2 87 08 8a 26 3f 12 e3 	.␈.␁.%..  ..␈.&?␒.
00000112 e1 e2 87 0c 88 01 01 02   05 33 11 f3 e3 e1 e2 89 	...␌.␁␁␂  ␅3␑.....
00000128 0b 87 28 00 00 00 f3 cd   e3 e2 89 0b 87 28 00 00 	␋.(
00000144 00 f3 cd e3 e2 89 0b 87   28 00 00 00 f3 cd e3 e2 	
00000160 8a 0b 87 28 00 00 00 2b   4f e3 e1 e2 87 0d 8a 29 	.␋.(
00000176 00 00 00 00 01 02 44 e3   e1 e2 88 0b 87 28 00 00 	
00000192 01 5b 8d e3 e1 e2 87 0d   88 29 00 00 00 00 02 52 	␁[.....␍  .)
00000208 c4 e3 e1 e2 89 0b 87 28   00 00 01 e0 e3 ec e3 e2 	.....␋.(  
00000224 89 0b 87 28 00 00 01 e0   e3 ec e3 e2 89 0b 87 28 	.␋.(
00000240 00 00 01 e0 e3 ec e3 e2   89 08 87 01 bf 91 e3 e2 	
00000256 89 08 87 01 bf 91 e3 e2   89 08 87 01 bf 91 e3 e2 	.␈.␁....  .␈.␁....
00000272 8a 0b 87 28 00 00 01 3b   6e e3 e1 e2 88 0b 87 28 	.␋.(
00000288 00 00 02 6b ee e3 e1 e2   87 0d 8a 29 00 00 00 00 	
00000304 02 32 27 e3 e1 e2 87 0d   88 29 00 00 00 00 03 42 	␂2'....␍  .)
00000320 e5 e3 e1 e2 89 0b 87 28   00 00 02 d3 8f e3 e2 89 	.....␋.(  
00000336 0b 87 28 00 00 02 d3 8f   e3 e2 89 0b 87 28 00 00 	␋.(
00000352 02 d3 8f e3 e2 8a 0b 87   28 00 00 02 0b 0d e3 e1 	␂.....␋.  (
00000368 e2 87 0d 8a 29 00 00 00   00 03 22 06 e3 e1 e2 8a 	..␍.)
00000384 08 87 01 24 4d e3 e1 e2   87 0c 8a 01 01 02 05 33 	␈.␁$M...  .␌.␁␁␂␅3
00000400 9a b3 e3 e1 e2 88 0b 87   28 00 00 03 7b cf e3 e1 	......␋.  (
00000416 e2 87 0d 88 29 00 00 00   00 04 32 02 e3 e1 e2 89 	..␍.)
00000432 0b 87 28 00 00 03 c3 ae   e3 e2 89 0b 87 28 00 00 	␋.(
00000448 03 c3 ae e3 e2 89 0b 87   28 00 00 03 c3 ae e3 e2 	␃.....␋.  (
00000464 8a 0b 87 28 00 00 03 1b   2c e3 e1 e2 87 0d 8a 29 	.␋.(
00000480 00 00 00 00 04 52 e0 e1   e3 e1 e2 ff 08 87 01 da 	
00000496 7d e3 e2 87 0c 88 01 01   02 05 33 11 f3 e3 e1 e2 	}...␌.␁␁  ␂␅3␑....
00000512 87 0c 8a 01 01 02 05 33   9a b3 e3 e1 e2 88 0b 87 	.␌.␁␁␂␅3  ......␋.
00000528 28 00 00 04 0b 28 e3 e1   e2 87 0d 88 29 00 00 00 	(
00000544 00 05 22 23 e3 e1 e2 89   0b 87 28 00 00 04 b3 49 	
00000560 e3 e2 89 0b 87 28 00 00   04 b3 49 e3 e2 89 0b 87 	...␋.(
00000576 28 00 00 04 b3 49 e3 e2   8a 0b 87 28 00 00 04 6b 	(
00000592 cb e3 e1 e2 87 0d 8a 29   00 00 00 00 05 42 c0 e3 	.....␍.)  
00000608 e1 e2 88 0b 87 28 00 00   05 1b 09 e3 e1 e2 87 0d 	...␋.(
00000624 88 29 00 00 00 00 06 12   40 e3 e1 e2 89 0b 87 28 	.)
00000640 00 00 05 a3 68 e3 e2 89   0b 87 28 00 00 05 a3 68 	
00000656 e3 e2 89 0b 87 28 00 00   05 a3 68 e3 e2 8a 0b 87 	...␋.(
00000672 28 00 00 05 7b ea e3 e1   e2 87 0d 8a 29 00 00 00 	(
00000688 00 06 72 a3 e3 e1 e2 88   0b 87 28 00 00 06 2b 6a 	
00000704 e3 e1 e2 87 0d 88 29 00   00 00 00 07 02 61 e3 e1 	....␍.)
00000720 e2 88 1c 87 9e 00 00 00   00 00 00 00 00 00 00 00 	..␜..
00000736 00 00 00 00 00 00 00 00   00 63 8a e3 e1 e2 87 1c 	
00000752 88 9e 00 00 c3 50 c3 50   00 00 00 00 00 15 00 16 	..
00000768 00 15 00 17 00 eb 6c 87   e3 e1 e2 89 0b 87 28 00 	
00000784 00 06 93 0b e3 e2 89 0b   87 28 00 00 06 93 0b e3 	
00000800 e2 89 0b 87 28 00 00 06   93 0b e3 e2 8a 0b 87 28 	..␋.(
00000816 00 00 06 4b 89 e3 e1 e2   87 0d 8a 29 00 00 00 00 	
00000832 07 62 82 e3 e1 e2 88 0b   87 28 00 00 07 3b 4b e3 	␇b.....␋  .(
00000848 e1 e2 87 0d 88 29 00 00   00 00 08 f3 8e e3 e1 e2 	...␍.)
00000864 89 0b 87 28 00 00 07 83   2a e3 e2 89 0b 87 28 00 	.␋.(
00000880 00 07 83 2a e3 e2 89 0b   87 28 00 00 07 83 2a e3 	
00000896 e2 8a 0b 87 28 00 00 07   5b a8 e3 e1 e2 87 0d 8a 	..␋.(
00000912 29 00 00 00 00 08 93 6d   e3 e1 e2 88 0b 87 28 00 	)
00000928 00 08 ca a4 e3 e1 e2 87   0d 88 29 00 00 00 00 09 	
00000944 e0 e3 af e3 e1 e2 89 0b   87 28 00 00 08 72 c5 e3 	.......␋  .(
00000960 e2 89 0b 87 28 00 00 08   72 c5 e3 e2 89 0b 87 28 	..␋.(
00000976 00 00 08 72 c5 e3 e2 8a   0b 87 28 00 00 08 aa 47 	
00000992 e3 e1 e2 87 0d 8a 29 00   00 00 00 09 83 4c e3 e1 	....␍.)
00001008 e2 88 0b 87 28 00 00 09   da 85 e3 e1 e2 87 0d 88 	..␋.(
00001024 29 00 00 00 00 0a d3 cc   e3 e1 e2 89 0b 87 28 00 	)
00001040 00 09 62 e4 e3 e2 89 0b   87 28 00 00 09 62 e4 e3 	
00001056 e2 89 0b 87 28 00 00 09   62 e4 e3 e2 8a 0b 87 28 	..␋.(
00001072 00 00 09 ba 66 e3 e1 e2   87 0d 8a 29 00 00 00 00 	
00001088 0a b3 2f e3 e1 e2 88 0b   87 28 00 00 0a ea e6 e3 	␊./....␋  .(
00001104 e1 e2 87 0d 88 29 00 00   00 00 0b c3 ed e3 e1 e2 	...␍.)
00001120 89 0b 87 28 00 00 0a 52   87 e3 e2 89 0b 87 28 00 	.␋.(
00001136 00 0a 52 87 e3 e2 89 0b   87 28 00 00 0a 52 87 e3 	
00001152 e2 8a 0b 87 28 00 00 0a   8a 05 e3 e1 e2 87 0d 8a 	..␋.(
00001168 29 00 00 00 00 0b a3 0e   e3 e1 e2 88 0b 87 28 00 	)
00001184 00 0b fa c7 e3 e1 e2 87   0d 88 29 00 00 00 00 0c 	
00001200 b3 0a e3 e1 e2 89 0b 87   28 00 00 0b 42 a6 e3 e2 	.␊....␋.  (
00001216 89 0b 87 28 00 00 0b 42   a6 e3 e2 89 0b 87 28 00 	.␋.(
00001232 00 0b 42 a6 e3 e2 8a 0b   87 28 00 00 0b 9a 24 e3 	
00001248 e1 e2 87 0d 8a 29 00 00   00 00 0c d3 e9 e3 e1 e2 	...␍.)
00001264 88 0b 87 28 00 00 0c 8a   20 e3 e1 e2 87 0d 88 29 	.␋.(
00001280 00 00 00 00 0d a3 2b e3   e1 e2 89 0b 87 28 00 00 	
00001296 0c 32 41 e3 e2 89 0b 87   28 00 00 0c 32 41 e3 e2 	␌2A...␋.  (
00001312 89 0b 87 28 00 00 0c 32   41 e3 e2 8a 0b 87 28 00 	.␋.(
00001328 00 0c ea c3 e3 e1 e2 87   0d 8a 29 00 00 00 00 0d 	
00001344 c3 c8 e3 e1 e2 89 1c 87   9e 00 00 00 00 00 00 00 	......␜.  .
00001360 00 00 00 00 00 00 00 00   00 00 00 00 00 54 89 e3 	
00001376 e2 89 1c 87 9e 00 00 00   00 00 00 00 00 00 00 00 	..␜..
00001392 00 00 00 00 00 00 00 00   00 54 89 e3 e2 89 1c 87 	
00001408 9e 00 00 00 00 00 00 00   00 00 00 00 00 00 00 00 	.
00001424 00 00 00 00 00 54 89 e3   e2 88 0b 87 28 00 00 0d 	
00001440 9a 01 e3 e1 e2 87 0d 88   29 00 00 00 00 0e 93 48 	.␁....␍.  )
00001456 e3 e1 e2 89 0b 87 28 00   00 0d 22 60 e3 e2 89 0b 	....␋.(
00001472 87 28 00 00 0d 22 60 e3   e2 89 0b 87 28 00 00 0d 	.(
00001488 22 60 e3 e2 8a 0b 87 28   00 00 0d fa e0 e2 e3 e1 	"`...␋.(  
00001504 e2 87 0d 8a 29 00 00 00   00 0e f3 ab e3 e1 e2 88 	..␍.)
00001520 0b 87 28 00 00 0e aa 62   e3 e1 e2 87 0d 88 29 00 	␋.(
00001536 00 00 00 0f 83 69 e3 e1   e2 89 0b 87 28 00 00 0e 	
00001552 12 03 e3 e2 89 0b 87 28   00 00 0e 12 03 e3 e2 89 	␒␃...␋.(  
00001568 0b 87 28 00 00 0e 12 03   e3 e2 8a 0b 87 28 00 00 	␋.(
00001584 0e ca 81 e3 e1 e2 87 0d   8a 29 00 00 00 00 0f e0 	␎......␍  .)
00001600 e3 8a e3 e1 e2 88 0b 87   28 00 00 0f ba 43 e3 e1 	......␋.  (
00001616 e2 87 0d 88 29 00 00 00   00 10 60 b7 e3 e1 e2 89 	..␍.)
00001632 0b 87 28 00 00 0f 02 22   e3 e2 89 0b 87 28 00 00 	␋.(
00001648 0f 02 22 e3 e2 89 0b 87   28 00 00 0f 02 22 e3 e2 	␏␂"...␋.  (
00001664 8a 0b 87 28 00 00 0f da   a0 e3 e1 e2 87 0d 8a 29 	.␋.(
00001680 00 00 00 00 10 00 54 e3   e1 e2 88 0b 87 28 00 00 	
00001696 10 59 9d e3 e1 e2 87 0d   88 29 00 00 00 00 11 70 	␐Y.....␍  .)
00001712 96 e3 e1 e2 89 0b 87 28   00 00 10 e0 e1 fc e3 e2 	.....␋.(  
00001728 89 0b 87 28 00 00 10 e0   e1 fc e3 e2 89 0b 87 28 	.␋.(
00001744 00 00 10 e0 e1 fc e3 e2   8a 0b 87 28 00 00 10 39 	
00001760 7e e3 e1 e2 87 0d 8a 29   00 00 00 00 11 10 75 e3 	~....␍.)  
00001776 e1 e2 88 0b 87 28 00 00   11 49 bc e3 e1 e2 87 0d 	...␋.(
00001792 88 29 00 00 00 00 12 40   f5 e3 e1 e2 89 0b 87 28 	.)
00001808 00 00 11 f1 dd e3 e2 89   0b 87 28 00 00 11 f1 dd 	
00001824 e3 e2 89 0b 87 28 00 00   11 f1 dd e3 e2 8a 0b 87 	...␋.(
00001840 28 00 00 11 29 5f e3 e1   e2 87 0d 8a 29 00 00 00 	(
00001856 00 12 20 16 e3 e1 e2 88   0b 87 28 00 00 12 79 df 	
00001872 e3 e1 e2 87 0d 88 29 00   00 00 00 13 50 d4 e3 e1 	....␍.)
00001888 e2 89 0b 87 28 00 00 12   c1 be e3 e2 89 0b 87 28 	..␋.(
00001904 00 00 12 c1 be e3 e2 89   0b 87 28 00 00 12 c1 be 	
00001920 e3 e2 8a 0b 87 28 00 00   12 19 3c e3 e1 e2 87 0d 	...␋.(
00001936 8a 29 00 00 00 00 13 30   37 e3 e1 e2 88 0b 87 28 	.)
00001952 00 00 13 69 fe e3 e1 e2   87 0d 88 29 00 00 00 00 	
00001968 14 20 33 e3 e1 e2 8a 1c   87 9e 00 00 00 00 00 00 	␔ 3....␜  ..
00001984 00 00 00 00 00 00 00 00   00 00 00 00 00 00 0d 8c 	
00002000 e3 e1 e2 87 1c 8a 9e 00   00 c3 50 c3 50 00 00 00 	....␜..
00002016 00 00 15 00 16 00 15 00   14 00 ed 8e a1 e3 e1 e2 	
00002032 89 0b 87 28 00 00 13 d1   9f e3 e2 89 0b 87 28 00 	.␋.(
00002048 00 13 d1 9f e3 e2 89 0b   87 28 00 00 13 d1 9f e3 	
00002064 e2 8a 0b 87 28 00 00 13   09 1d e3 e1 e2 87 0d 8a 	..␋.(
00002080 29 00 00 00 00 14 40 d0   e3 e1 e2 88 0b 87 28 00 	)
00002096 00 14 19 19 e3 e1 e2 87   0d 88 29 00 00 00 00 15 	
00002112 30 12 e3 e1 e2 89 0b 87   28 00 00 00 f3 cd e3 e2 	0␒....␋.  (
00002128 89 0b 87 28 00 00 00 f3   cd e3 e2 89 0b 87 28 00 	.␋.(
00002144 00 00 f3 cd e3 e2 8a 0b   87 28 00 00 14 79 fa e3 	
00002160 e1 e2 87 0d 8a 29 00 00   00 00 15 50 f1 e3 e1 e2 	...␍.)
00002176 88 0b 87 28 00 00 15 09   38 e3 e1 e2 87 0d 88 29 	.␋.(
00002192 00 00 00 00 16 00 71 e3   e1 e2 89 0b 87 28 00 00 	
00002208 01 e0 e3 ec e3 e2 89 0b   87 28 00 00 01 e0 e3 ec 	␁......␋  .(
00002224 e3 e2 89 0b 87 28 00 00   01 e0 e3 ec e3 e2 8a 0b 	...␋.(
00002240 87 28 00 00 15 69 db e3   e1 e2 87 0d 8a 29 00 00 	.(
00002256 00 00 16 60 92 e3 e1 e2   88 0b 87 28 00 00 16 39 	
00002272 5b e3 e1 e2 87 0d 88 29   00 00 00 00 17 10 50 e3 	[....␍.)  
00002288 e1 e2 89 0b 87 28 00 00   02 d3 8f e3 e2 89 0b 87 	...␋.(
00002304 28 00 00 02 d3 8f e3 e2   89 0b 87 28 00 00 02 d3 	(
00002320 8f e3 e2 8a 0b 87 28 00   00 16 59 b8 e3 e1 e2 87 	....␋.(
00002336 0d 8a 29 00 00 00 00 17   70 b3 e3 e1 e2 88 0b 87 	␍.)
00002352 28 00 00 17 29 7a e3 e1   e2 87 0d 88 29 00 00 00 	(
00002368 00 18 e0 e1 bf e3 e1 e2   89 0b 87 28 00 00 03 c3 	
00002384 ae e3 e2 89 0b 87 28 00   00 03 c3 ae e3 e2 89 0b 	....␋.(
00002400 87 28 00 00 03 c3 ae e3   e2 8a 0b 87 28 00 00 17 	.(
00002416 49 99 e3 e1 e2 87 0d 8a   29 00 00 00 00 18 81 5c 	I.....␍.  )
00002432 e3 e1 e2 88 0b 87 28 00   00 18 d8 95 e3 e1 e2 87 	....␋.(
00002448 0d 88 29 00 00 00 00 19   f1 9e e3 e1 e2 89 0b 87 	␍.)
00002464 28 00 00 04 b3 49 e3 e2   89 0b 87 28 00 00 04 b3 	(
00002480 49 e3 e2 89 0b 87 28 00   00 04 b3 49 e3 e2 8a 0b 	I...␋.(
00002496 87 28 00 00 18 b8 76 e3   e1 e2 87 0d 8a 29 00 00 	.(
00002512 00 00 19 91 7d e3 e1 e2   88 0b 87 28 00 00 19 c8 	
00002528 b4 e3 e1 e2 87 0d 88 29   00 00 00 00 1a c1 fd e3 	.....␍.)  
00002544 e1 e2 89 0b 87 28 00 00   05 a3 68 e3 e2 89 0b 87 	...␋.(
00002560 28 00 00 05 a3 68 e3 e2   89 0b 87 28 00 00 05 a3 	(
00002576 68 e3 e2 8a 0b 87 28 00   00 19 a8 57 e3 e1 e2 87 	h...␋.(
00002592 0d 8a 29 00 00 00 00 1a   a1 1e e3 e1 e2 88 1c 87 	␍.)
00002608 9e 00 00 00 00 00 00 00   00 00 00 00 00 00 00 00 	.
00002624 00 00 00 00 00 63 8a e3   e1 e2 87 1c 88 9e 00 00 	
00002640 c3 50 c3 50 00 00 00 00   00 15 00 16 00 15 00 17 	.P.P
00002656 00 ec 1c 60 e3 e1 e2 88   0b 87 28 00 00 1a f8 d7 	
00002672 e3 e1 e2 87 0d 88 29 00   00 00 00 1b d1 dc e3 e1 	....␍.)
00002688 e2 89 0b 87 28 00 00 06   93 0b e3 e2 89 0b 87 28 	..␋.(
00002704 00 00 06 93 0b e3 e2 89   0b 87 28 00 00 06 93 0b 	
00002720 e3 e2 8a 0b 87 28 00 00   1a 98 34 e3 e1 e2 87 0d 	...␋.(
00002736 8a 29 00 00 00 00 1b b1   3f e3 e1 e2 88 0b 87 28 	.)
00002752 00 00 1b e8 f6 e3 e1 e2   87 0d 88 29 00 00 00 00 	
00002768 1c a1 3b e3 e1 e2 89 0b   87 28 00 00 07 83 2a e3 	␜.;....␋  .(
00002784 e2 89 0b 87 28 00 00 07   83 2a e3 e2 89 0b 87 28 	..␋.(
00002800 00 00 07 83 2a e3 e2 8a   0b 87 28 00 00 1b 88 15 	
00002816 e3 e1 e2 87 0d 8a 29 00   00 00 00 1c c1 d8 e3 e1 	....␍.)
00002832 e2 88 0b 87 28 00 00 1c   98 11 e3 e1 e2 87 0d 88 	..␋.(
00002848 29 00 00 00 00 1d b1 1a   e3 e1 e2 89 0b 87 28 00 	)
00002864 00 08 72 c5 e3 e2 89 0b   87 28 00 00 08 72 c5 e3 	
00002880 e2 89 0b 87 28 00 00 08   72 c5 e3 e2 8a 0b 87 28 	..␋.(
00002896 00 00 1c f8 f2 e3 e1 e2   87 0d 8a 29 00 00 00 00 	
00002912 1d d1 f9 e3 e1                                    	␝....
