00000000 00 ad e2 86 18 81 f6 02   f2 2f 01 00 f3 20 08 00 	
00000016 00 00 00 00 00 00 00 c4   6d e3 e2 85 1c 81 f6 03 	
00000032 f2 2f 01 d7 f3 20 08 00   00 00 00 00 00 00 00 f3 	./␁.. ␈
00000048 b4 01 01 82 a6 e3 e2 85   1c 81 f6 03 f2 2f 01 d7 	.␁␁.....  ␜..␃./␁.
00000064 f3 20 08 00 00 00 00 00   00 00 01 f3 b4 01 01 28 	. ␈
00000080 f7 e3 e2 86 18 81 f6 02   f2 2f 01 00 f3 20 08 00 	....␘..␂  ./␁
00000096 00 00 00 00 00 00 00 c4   6d e3 e2 85 1c 81 f6 03 	
00000112 f2 2f 01 d7 f3 20 08 00   00 00 00 00 00 00 01 f3 	./␁.. ␈
00000128 b4 01 01 28 f7 e3 e2 86   18 81 f6 02 f2 2f 01 00 	.␁␁(....  ␘..␂./␁
00000144 f3 20 08 00 00 00 00 00   00 00 00 c4 6d e3 e2 85 	. ␈
00000160 1c 81 f6 03 f2 2f 01 d7   f3 20 08 00 00 00 00 00 	␜..␃./␁.  . ␈
00000176 00 00 01 f3 b4 01 01 28   f7 e3 e2 86 18 81 f6 02 	
00000192 f2 2f 01 00 f3 20 08 00   00 00 00 00 00 00 00 c4 	./␁
00000208 6d e3 e2 85 1c 81 f6 03   f2 2f 01 d7 f3 20 08 00 	m...␜..␃  ./␁.. ␈
00000224 00 00 00 00 00 00 00 f3   b4 01 01 82 a6 e3 e2 86 	
00000240 18 81 f6 02 f2 2f 01 00   f3 20 08 00 00 00 00 00 	␘..␂./␁
00000256 00 00 00 c4 6d e3 e2 85   1c 81 f6 03 f2 2f 01 d7 	
00000272 f3 20 08 00 00 00 00 00   00 00 00 f3 b4 01 01 82 	. ␈
00000288 a6 e3 e2 86 18 81 f6 02   f2 2f 01 00 f3 20 08 00 	....␘..␂  ./␁
00000304 00 00 00 00 00 00 00 c4   6d e3 e2 85 1c 81 f6 03 	
00000320 f2 2f 01 d7 f3 20 08 00   00 00 00 00 00 00 00 f3 	./␁.. ␈
00000336 b4 01 01 82 a6 e3 e2 86   18 81 f6 02 f2 2f 01 00 	.␁␁.....  ␘..␂./␁
00000352 f3 20 08 00 00 00 00 00   00 00 00 c4 6d e3 e2 85 	. ␈
00000368 1c 81 f6 03 f2 2f 01 d7   f3 20 08 00 00 00 00 00 	␜..␃./␁.  . ␈
00000384 00 00 00 f3 b4 01 01 82   a6 e3 e2 86 18 81 f6 02 	
00000400 f2 2f 01 00 f3 20 08 00   00 00 00 00 00 00 00 c4 	./␁
00000416 6d e3 e2 85 1c 81 f6 03   f2 2f 01 d7 f3 20 08 00 	m...␜..␃  ./␁.. ␈
00000432 00 00 00 00 00 00 00 f3   b4 01 01 82 a6 e3 e2 86 	
00000448 18 81 f6 02 f2 2f 01 00   f3 20 08 00 00 00 00 00 	␘..␂./␁
00000464 00 00 00 c4 6d e3 e2 85   1c 81 f6 03 f2 2f 01 d7 	
00000480 f3 20 08 00 00 00 00 00   00 00 00 f3 b4 01 01 82 	. ␈
00000496 a6 e3 e2 86 18 81 f6 02   f2 2f 01 00 f3 20 08 00 	....␘..␂  ./␁
00000512 00 00 00 00 00 00 00 c4   6d e3 e2 85 1c 81 f6 03 	
00000528 f2 2f 01 d7 f3 20 08 00   00 00 00 00 00 00 01 f3 	./␁.. ␈
00000544 b4 01 01 28 f7 e3 e2 85   1c 81 f6 03 f2 2f 01 d7 	.␁␁(....  ␜..␃./␁.
00000560 f3 20 08 00 00 00 00 00   00 00 00 f3 b4 01 01 82 	. ␈
00000576 a6 e3 e2 85 1c 81 f6 03   f2 2f 01 d7 f3 20 08 00 	....␜..␃  ./␁.. ␈
00000592 00 00 00 00 00 00 01 f3   b4 01 01 28 f7 e3 e2 85 	
00000608 1c 81 f6 03 f2 2f 01 d7   f3 20 08 00 00 00 00 00 	␜..␃./␁.  . ␈
00000624 00 00 00 f3 b4 01 01 82   a6 e3 e2 86 18 81 f6 02 	
00000640 f2 2f 01 00 f3 20 08 00   00 00 00 00 00 00 00 c4 	./␁
00000656 6d e3 e2 85 1c 81 f6 03   f2 2f 01 d7 f3 20 08 00 	m...␜..␃  ./␁.. ␈
00000672 00 00 00 00 00 00 01 f3   b4 01 01 28 f7 e3 e2 85 	
00000688 1c 81 f6 03 f2 2f 01 d7   f3 20 08 00 00 00 00 00 	␜..␃./␁.  . ␈
00000704 00 00 00 f3 b4 01 01 82   a6 e3 e2 85 1c 81 f6 03 	
00000720 f2 2f 01 d7 f3 20 08 00   00 00 00 00 00 00 01 f3 	./␁.. ␈
00000736 b4 01 01 28 f7 e3 e2 85   1c 81 f6 03 f2 2f 01 d7 	.␁␁(....  ␜..␃./␁.
00000752 f3 20 08 00 00 00 00 00   00 00 00 f3 b4 01 01 82 	. ␈
00000768 a6 e3 e2 86 18 81 f6 02   f2 2f 01 00 f3 20 08 00 	....␘..␂  ./␁
00000784 00 00 00 00 00 00 00 c4   6d e3 e2 85 1c 81 f6 03 	
00000800 f2 2f 01 d7 f3 20 08 00   00 00 00 00 00 00 01 f3 	./␁.. ␈
00000816 b4 01 01 28 f7 e3 e2 85   1c 81 f6 03 f2 2f 01 d7 	.␁␁(....  ␜..␃./␁.
00000832 f3 20 08 00 00 00 00 00   00 00 00 f3 b4 01 01 82 	. ␈
00000848 a6 e3 e2 86 18 81 f6 02   f2 2f 01 00 f3 20 08 00 	....␘..␂  ./␁
00000864 00 00 00 00 00 00 00 c4   6d e3 e2 85 1c 81 f6 03 	
00000880 f2 2f 01 d7 f3 20 08 00   00 00 00 00 00 00 00 f3 	./␁.. ␈
00000896 b4 01 01 82 a6 e3 e2 86   18 81 f6 02 f2 2f 01 00 	.␁␁.....  ␘..␂./␁
00000912 f3 20 08 00 00 00 00 00   00 00 00 c4 6d e3 e2 85 	. ␈
00000928 1c 81 f6 03 f2 2f 01 d7   f3 20 08 00 00 00 00 00 	␜..␃./␁.  . ␈
00000944 00 00 00 f3 b4 01 01 82   a6 e3 e2 86 18 81 f6 02 	
00000960 f2 2f 01 00 f3 20 08 00   00 00 00 00 00 00 00 c4 	./␁
00000976 6d e3 e2 85 1c 81 f6 03   f2 2f 01 d7 f3 20 08 00 	m...␜..␃  ./␁.. ␈
00000992 00 00 00 00 00 00 00 f3   b4 01 01 82 a6 e3 e2 86 	
00001008 18 81 f6 02 f2 2f 01 00   f3 20 08 00 00 00 00 00 	␘..␂./␁
00001024 00 00 00 c4 6d e3 e2 85   1c 81 f6 03 f2 2f 01 d7 	
00001040 f3 20 08 00 00 00 00 00   00 00 00 f3 b4 01 01 82 	. ␈
00001056 a6 e3 e2 86 18 81 f6 02   f2 2f 01 00 f3 20 08 00 	....␘..␂  ./␁
00001072 00 00 00 00 00 00 00 c4   6d e3 e2 85 1c 81 f6 03 	
00001088 f2 2f 01 d7 f3 20 08 00   00 00 00 00 00 00 00 f3 	./␁.. ␈
00001104 b4 01 01 82 a6 e3 e2 86   18 81 f6 02 f2 2f 01 00 	.␁␁.....  ␘..␂./␁
00001120 f3 20 08 00 00 00 00 00   00 00 00 c4 6d e3 e2 85 	. ␈
00001136 1c 81 f6 03 f2 2f 01 d7   f3 20 08 00 00 00 00 00 	␜..␃./␁.  . ␈
00001152 00 00 00 f3 b4 01 01 82   a6 e3                   	
