00000000 00 fd e2 fe 08 85 42 b2   0c e3 e2 81 34 85 f6 03 	
00000016 ff 38 01 c9 f1 00 01 00   f1 01 20 00 03 00 00 00 	.8␁..
00000032 00 46 50 01 00 00 00 00   00 00 00 00 00 00 00 00 	
00000048 00 00 01 00 00 00 00 03   00 00 00 ec 44 e3 e2 fe 	
00000064 08 85 42 b2 0c e3 e2 81   34 85 f6 03 ff 38 01 ca 	␈.B.␌...  4..␃.8␁.
00000080 f1 00 01 00 f1 01 20 00   03 00 00 00 00 46 50 01 	.
00000096 00 00 00 00 00 00 00 00   00 00 00 00 00 00 01 00 	
00000112 00 00 00 03 00 00 00 cf   89 e3 e2 fe 08 85 42 b2 	
00000128 0c e3 e2 81 34 85 f6 03   ff 38 01 cb f1 00 01 00 	␌...4..␃  .8␁..
00000144 f1 01 20 00 03 00 00 00   00 46 50 01 00 00 00 00 	.␁ 
00000160 00 00 00 00 00 00 00 00   00 00 01 00 00 00 00 03 	
00000176 00 00 00 21 2d e3 e2 fe   08 85 42 b2 0c e3 e2 81 	
00000192 34 85 f6 03 ff 38 01 cc   f1 00 01 00 f1 01 20 00 	4..␃.8␁.  .
00000208 03 00 00 00 00 46 50 01   00 00 00 00 00 00 00 00 	␃
00000224 00 00 00 00 00 00 01 00   00 00 00 03 00 00 00 88 	
00000240 13 e3 e2 fe 08 85 42 b2   0c e3 e2 81 34 85 f6 03 	␓...␈.B.  ␌...4..␃
00000256 ff 38 01 cd f1 00 01 00   f1 01 20 00 03 00 00 00 	.8␁..
00000272 00 46 50 01 00 00 00 00   00 00 00 00 00 00 00 00 	
00000288 00 00 01 00 00 00 00 03   00 00 00 66 b7 e3 e2 fe 	
00000304 08 85 42 b2 0c e3 e2 81   34 85 f6 03 ff 38 01 ce 	␈.B.␌...  4..␃.8␁.
00000320 f1 00 01 00 f1 01 20 00   03 00 00 00 00 46 50 01 	.
00000336 00 00 00 00 00 00 00 00   00 00 00 00 00 00 01 00 	
00000352 00 00 00 03 00 00 00 45   7a e3 e2 fe 08 85 42 b2 	
00000368 0c e3 e2 81 34 85 f6 03   ff 38 01 cf f1 00 01 00 	␌...4..␃  .8␁..
00000384 f1 01 20 00 03 00 00 00   00 46 50 01 00 00 00 00 	.␁ 
00000400 00 00 00 00 00 00 00 00   00 00 01 00 00 00 00 03 	
00000416 00 00 00 ab de e3 e2 fe   08 85 42 b2 0c e3 e2 81 	
00000432 34 85 f6 03 ff 38 01 d0   f1 00 01 00 f1 01 20 00 	4..␃.8␁.  .
00000448 03 00 00 00 00 46 50 01   00 00 00 00 00 00 00 00 	␃
00000464 00 00 00 00 00 00 01 00   00 00 00 03 00 00 00 0c 	
00000480 a9 e3 e2 fe 08 85 42 b2   0c e3 e2 81 34 85 f6 03 	....␈.B.  ␌...4..␃
00000496 ff 38 01 d1 f1 00 01 00   f1 01 20 00 03 00 00 00 	.8␁..
00000512 00 46 50 01 00 00 00 00   00 00 00 00 00 00 00 00 	
00000528 00 00 01 00 00 00 00 03   00 00 00 e0 e2 0d e3 e2 	
00000544 fe 08 85 42 b2 0c e3 e2   81 34 85 f6 03 ff 38 01 	.␈.B.␌..  .4..␃.8␁
00000560 d2 f1 00 01 00 f1 01 20   00 03 00 00 00 00 46 50 	..
00000576 01 00 00 00 00 00 00 00   00 00 00 00 00 00 00 01 	␁
00000592 00 00 00 00 03 00 00 00   c1 c0 e3 e2 fe 08 85 42 	
00000608 b2 0c e3 e2 81 34 85 f6   03 ff 38 01 d3 f1 00 01 	.␌...4..  ␃.8␁..
00000624 00 f1 01 20 00 03 00 00   00 00 46 50 01 00 00 00 	
00000640 00 00 00 00 00 00 00 00   00 00 00 01 00 00 00 00 	
00000656 03 00 00 00 2f 64 e3 e2   fe 08 85 42 b2 0c e3 e2 	␃
00000672 81 34 85 f6 03 ff 38 01   d4 f1 00 01 00 f1 01 20 	.4..␃.8␁  ..
00000688 00 03 00 00 00 00 46 50   01 00 00 00 00 00 00 00 	
00000704 00 00 00 00 00 00 00 01   00 00 00 00 03 00 00 00 	
00000720 86 5a e3 e2 fe 08 85 42   b2 0c e3 e2 81 34 85 f6 	.Z...␈.B  .␌...4..
00000736 03 ff 38 01 d5 f1 00 01   00 f1 01 20 00 03 00 00 	␃.8␁..
00000752 00 00 46 50 01 00 00 00   00 00 00 00 00 00 00 00 	
00000768 00 00 00 01 00 00 00 00   03 00 00 00 68 fe e3 e2 	
00000784 fe 08 85 42 b2 0c e3 e2   81 34 85 f6 03 ff 38 01 	.␈.B.␌..  .4..␃.8␁
00000800 d6 f1 00 01 00 f1 01 20   00 03 00 00 00 00 46 50 	..
00000816 01 00 00 00 00 00 00 00   00 00 00 00 00 00 00 01 	␁
00000832 00 00 00 00 03 00 00 00   4b 33 e3 e2 fe 08 85 42 	
00000848 b2 0c e3 e2 81 34 85 f6   03 ff 38 01 d7 f1 00 01 	.␌...4..  ␃.8␁..
00000864 01 f1 01 20 00 03 00 00   00 00 46 50 01 00 00 00 	␁.␁ 
00000880 00 00 00 00 00 00 00 00   00 00 00 01 00 00 00 00 	
00000896 03 00 00 00 8c d6 e3 e2   fe 08 85 42 b2 0c e3 e2 	␃
00000912 81 34 85 f6 03 ff 38 01   d8 f1 00 01 01 f1 01 20 	.4..␃.8␁  ..
00000928 00 03 00 00 00 00 46 50   01 00 00 00 00 00 00 00 	
00000944 00 00 00 00 00 00 00 01   00 00 00 00 03 00 00 00 	
00000960 20 2f e3 e2 fe 08 85 42   b2 0c e3 e2 81 34 85 f6 	 /...␈.B  .␌...4..
00000976 03 ff 38 01 d9 f1 00 01   01 f1 01 20 00 03 00 00 	␃.8␁..
00000992 00 00 46 50 01 00 00 00   00 00 00 00 00 00 00 00 	
00001008 00 00 00 01 00 00 00 00   03 00 00 00 ce 8b e3 e2 	
00001024 fe 08 85 42 b2 0c e3 e2   81 34 85 f6 03 ff 38 01 	.␈.B.␌..  .4..␃.8␁
00001040 da f1 00 01 01 f1 01 20   00 03 00 00 00 00 46 50 	..
00001056 01 00 00 00 00 00 00 00   00 00 00 00 00 00 00 01 	␁
00001072 00 00 00 00 03 00 00 00   ed 46 e3                	
