e2 5f 08 c0 51 fe a5 e3 
e2 5f 08 c0 51 fe a5 e3 
e2 5f 08 c0 51 fe a5 e3 e1 
e2 c0 12 5f 51 00 00 00 00 00 10 00 00 00 00 7a 47 e3 e1 
e2 5f 0e c0 50 0c 4e 01 f4 10 00 65 b3 e3 e1 
e2 5f 0e c0 50 0c 4e 01 f4 10 00 65 b3 e3 e1 
e2 5f 0e c0 50 0c 4e 01 f4 10 00 65 b3 e3 e1 
e2 5f 08 c0 51 fe a5 e3 e1 
e2 c0 12 5f 51 00 00 0c 4e 01 10 00 00 00 00 c1 34 e3 e1 
e2 5f 0e c0 50 0c 4e 01 f4 10 00 65 b3 e3 e1 
e2 5f 0e c0 50 0c 4e 01 f4 10 00 65 b3 e3 e1 
e2 5f 0e c0 50 0c 4e 01 f4 10 00 65 b3 e3 e1 
e2 5f 0e c0 50 0c 4e 01 f4 10 00 65 b3 e3 e1 
e2 5f 08 c0 51 fe a5 e3 e1 
e2 c0 12 5f 51 00 00 0c 4e 01 10 00 00 00 00 c1 34 e3 e1 
e2 5f 0e c0 50 0c 4e 01 f4 10 00 65 b3 e3 e1 
e2 5f 0e c0 50 0c 4e 01 f4 10 00 65 b3 e3 e1 
e2 5f 0e c0 50 0c 4e 01 f4 10 00 65 b3 e3 e1 
e2 5f 0e c0 50 0c 4e 01 f4 10 00 65 b3 e3 e1 
e2 5f 08 c0 51 fe a5 e3 e1 
e2 c0 12 5f 51 02 c9 0c 4e 01 10 00 00 00 00 3d 09 e3 e1 
e2 5f 0e c0 50 0c 4e 01 f4 10 00 65 b3 e3 
e2 5f 0e c0 50 0c 4e 01 f4 10 00 65 b3 e3 e1 
e2 5f 0e c0 50 0c 4e 01 f4 10 00 65 b3 e3 e1 
e2 5f 0e c0 50 0c 4e 01 f4 10 00 65 b3 e3 
e2 5f 0e c0 50 0c 4e 01 f4 10 00 65 b3 e3 e1 
e2 5f 0e c0 50 0c 4e 01 f4 10 00 65 b3 e3 e1 
e2 5f 08 c0 51 fe a5 e3 e1 
e2 c0 12 5f 51 03 c6 0c 4e 01 10 00 00 00 00 ca 18 e3 e1 
e2 5f 0e c0 50 0c 4e 01 f4 10 00 65 b3 e3 e1 
e2 5f 0e c0 50 0c 4e 01 f4 10 00 65 b3 e3 e1 
e2 5f 0e c0 50 0c 4e 01 f4 10 00 65 b3 e3 e1 
e2 5f 0e c0 50 0c 4e 01 f4 10 00 65 b3 e3 
e2 5f 0e c0 50 0c 4e 01 f4 10 00 65 b3 e3 e1 
e2 5f 08 c0 51 fe a5 e3 e1 
e2 c0 12 5f 51 0c 5a 0c 4e 01 10 00 00 00 00 c5 f5 e3 e1
e2 5f 0e c0 50 0c 4e 01 f4 10 00 65 b3 e3 e1 
e2 c0 12 5f 51 0c 5a 0c 4e 01 10 00 00 00 00 c5 f5 e3 e1 
e2 5f 0e c0 50 0c 4e 01 f4 10 00 65 b3 e3 e1 
e2 5f 0e c0 50 0c 4e 01 f4 10 00 65 b3 e3 e1 
e2 5f 0e c0 50 00 00 01 f4 10 00 b0 90 e3 e1 
e2 5f 08 c0 51 fe a5 e3 e1 
e2 c0 12 5f 51 00 00 00 00 01 10 00 00 00 00 3f e7 e3 e1 
e2 5f 0e c0 50 00 00 01 f4 10 00 b0 90 e3 e1 
e2 5f 0e c0 50 00 00 01 f4 10 00 b0 90 e3 e1 
e2 5f 0e c0 50 00 00 01 f4 10 00 b0 90 e3 e1 
e2 5f 0e c0 50 00 00 01 f4 10 00 b0 90 e3 e1 
e2 5f 08 c0 51 fe a5 e3 e1 
e2 c0 12 5f 51 00 00 00 00 01 10 00 00 00 00 3f e7 e3 e1 
e2 5f 0e c0 50 00 00 01 f4 10 00 b0 90 e3 e1 
e2 5f 0e c0 50 00 00 01 f4 10 00 b0 90 e3 e1 
e2 5f 0e c0 50 00 00 01 f4 10 00 b0 90 e3 e1 
e2 5f 0e c0 50 00 00 01 f4 10 00 b0 90 e3 e1 
e2 5f 08 c0 51 fe a5 e3 e1 
e2 c0 12 5f 51 00 00 00 00 01 10 00 00 00 00 3f e7 e3 e1 
e2 5f 0e c0 50 00 00 01 f4 10 00 b0 90 e3 e1 
e2 5f 0e c0 50 00 00 01 f4 10 00 b0 90 e3 e1 
e2 5f 0e c0 50 00 00 01 f4 10 00 b0 90 e3 e1 
e2 5f 0e c0 50 00 00 01 f4 10 00 b0 90 e3 e1 
e2 5f 08 c0 51 fe a5 e3 e1 
e2 c0 12 5f 51 00 00 00 00 01 10 00 00 00 00 3f e7 e3 e1 
e2 5f 0e c0 50 00 00 01 f4 10 00 b0 90 e3 e1 
e2 5f 0e c0 50 00 00 01 f4 10 00 b0 90 e3 e1 
e2 5f 0e c0 50 00 00 01 f4 10 00 b0 90 e3 e1 
e2 5f 0e c0 50 00 00 01 f4 10 00 b0 90 e3 e1 
e2 5f 08 c0 51 fe a5 e3 e1 
e2 c0 12 5f 51 00 00 00 00 01 10 00 00 00 00 3f e7 e3 e1 
e2 5f 0e c0 50 00 00 01 f4 10 00 b0 90 e3 e1 
e2 5f 0e c0 50 00 00 01 f4 10 00 b0 90 e3 e1 
e2 5f 0e c0 50 00 00 01 f4 10 00 b0 90 e3 e1 
e2 5f 0e c0 50 00 00 01 f4 10 00 b0 90 e3 e1 
e2 5f 08 c0 51 fe a5 e3 e1
e2 5f 0e c0 50 00 00 01 f4 10 00 b0 90 e3 e1 
e2 c0 12 5f 51 00 00 00 00 01 10 00 00 00 00 3f e7 e3 e1 
e2 5f 0e c0 50 00 00 01 f4 10 00 b0 90 e3 e1 
e2 5f 0e c0 50 00 00 01 f4 10 00 b0 90 e3 e1 
e2 5f 0e c0 50 00 00 01 f4 10 00 b0 90 e3 e1 
e2 5f 08 c0 51 fe a5 e3 e1 
e2 5f 0e c0 50 00 00 01 f4 10 00 b0 90 e3 e1 
e2 c0 12 5f 51 00 00 00 00 01 10 00 00 00 00 3f e7 e3 e1 
e2 5f 0e c0 50 00 00 01 f4 10 00 b0 90 e3 e1 
e2 5f 0e c0 50 00 00 01 f4 10 00 b0 90 e3 e1 
e2 5f 0e c0 50 00 00 01 f4 10 00 b0 90 e3 e1 
e2 5f 08 c0 51 fe a5 e3 e1 
e2 5f 0e c0 50 00 00 01 f4 10 00 b0 90 e3 e1 
e2 c0 12 5f 51 00 00 00 00 01 10 00 00 00 00 3f e7 e3 e1 
e2 5f 0e c0 50 00 00 01 f4 10 00 b0 90 e3 e1 
e2 5f 0e c0 50 00 00 01 f4 10 00 b0 90 e3 e1 
e2 5f 0e c0 50 00 00 01 f4 10 00 b0 90 e3 e1 
e2 5f 08 c0 51 fe a5 e3 e1 
e2 5f 0e c0 50 00 00 01 f4 10 00 b0 90 e3 e1 
e2 c0 12 5f 51 00 00 00 00 01 10 00 00 00 00 3f e7 e3 e1 
e2 5f 0e c0 50 00 00 01 f4 10 00 b0 90 e3 e1 
e2 5f 0e c0 50 00 00 01 f4 10 00 b0 90 e3 e1 
e2 5f 0e c0 50 00 00 01 f4 10 00 b0 90 e3 e1 
e2 5f 08 c0 51 fe a5 e3 e1 
e2 5f 0e c0 50 00 00 01 f4 10 00 b0 90 e3 e1 
e2 c0 12 5f 51 00 00 00 00 01 10 00 00 00 00 3f e7 e3 e1 
e2 5f 0e c0 50 00 00 01 f4 10 00 b0 90 e3 e1 
e2 5f 0e c0 50 00 00 01 f4 10 00 b0 90 e3 e1 
e2 5f 0e c0 50 00 00 01 f4 10 00 b0 90 e3 e1 
e2 5f 08 c0 51 fe a5 e3 e1 
e2 5f 0e c0 50 00 00 01 f4 10 00 b0 90 e3 e1 
e2 c0 12 5f 51 00 00 00 00 01 10 00 00 00 00 3f e7 e3 e1 
e2 5f 0e c0 50 00 00 01 f4 10 00 b0 90 e3 e1 
e2 5f 0e c0 50 00 00 01 f4 10 00 b0 90 e3 e1 
e2 5f 0e c0 50 00 00 01 f4 10 00 b0 90 e3 e1 
e2 5f 08 c0 51 fe a5 e3 e1 
e2 5f 0e c0 50 00 00 01 f4 10 00 b0 90 e3 e1 
e2 c0 12 5f 51 00 00 00 00 01 10 00 00 00 00 3f e7 e3 e1 
e2 5f 0e c0 50 00 00 01 f4 10 00 b0 90 e3 e1 
e2 5f 0e c0 50 00 00 01 f4 10 00 b0 90 e3 e1 
e2 5f 0e c0 50 00 00 01 f4 10 00 b0 90 e3 e1 
e2 5f 08 c0 51 fe a5 e3 e1 
e2 5f 0e c0 50 00 00 01 f4 10 00 b0 90 e3 e1 
e2 c0 12 5f 51 00 00 00 00 01 10 00 00 00 00 3f e7 e3 e1 
e2 57 0e c0 50 00 00 01 f4 10 00 b0 90 e3 e1 
e2 5f 0e c0 50 00 00 01 f4 10 00 b0 90 e3 e1 
e2 5f 0e c0 50 00 00 01 f4 10 00 b0 90 e3 e1 
e2 5f 08 c0 51 fe a5 e3 e1 
e2 5f 0e c0 50 00 00 01 f4 10 00 b0 90 e3 e1 
e2 c0 12 5f 51 00 00 00 00 01 10 00 00 00 00 3f e7 e3 e1 
e2 5f 0e c0 50 00 00 01 f4 10 00 b0 90 e3 e1 
e2 5f 0e c0 50 00 00 01 f4 10 00 b0 90 e3 e1 
e2 5f 0e c0 50 00 00 01 f4 10 00 b0 90 e3 e1 
e2 5f 08 c0 51 fe a5 e3 e1 
e2 5f 0e c0 50 00 00 01 f4 10 00 b0 90 e3 e1 
e2 c0 12 5f 51 00 00 00 00 01 10 00 00 00 00 3f e7 e3 e1 
e2 5f 0e c0 50 00 00 01 f4 10 00 b0 90 e3 e1 
e2 5f 0e c0 50 00 00 01 f4 10 00 b0 90 e3 e1 
e2 5f 0e c0 50 00 00 01 f4 10 00 b0 90 e3 e1 
e2 5f 08 c0 51 fe a5 e3 e1 
e2 5f 0e c0 50 00 00 01 f4 10 00 b0 90 e3 e1 
e2 c0 12 5f 51 00 00 00 00 01 10 00 00 00 00 3f e7 e3 e1 
e2 5f 0e c0 50 00 00 01 f4 10 00 b0 90 e3 e1 
e2 5f 0e c0 50 00 00 01 f4 10 00 b0 90 e3 e1 
e2 5f 0e c0 50 00 00 01 f4 10 00 b0 90 e3 e1 
e2 5f 08 c0 51 fe a5 e3 e1 
e2 c0 12 5f 51 00 00 00 00 01 10 00 00 00 00 3f e7 e3 e1 
e2 5f 0e c0 50 00 00 01 f4 10 00 b0 90 e3 e1 
e2 5f 0e c0 50 00 00 01 f4 10 00 b0 90 e3 e1 
e2 5f 0e c0 50 00 00 01 f4 10 00 b0 90 e3 e1 
e2 5f 0e c0 50 00 00 01 f4 10 00 b0 90 e3 e1 
e2 5f 08 c0 51 fe a5 e3 e1 
e2 c0 12 5f 51 00 00 00 00 01 10 00 00 00 00 3f e7 e3 e1 
e2 5f 0e c0 50 00 00 01 f4 10 00 b0 90 e3 e1 
e2 5f 0e c0 50 00 00 01 f4 10 00 b0 90 e3 e1 
e2 5f 0e c0 50 00 00 01 f4 10 00 b0 90 e3 e1 
e2 5f 0e c0 50 00 00 01 f4 10 00 b0 90 e3 e1 
e2 5f 08 c0 51 fe a5 e3 e1 
e2 5f 0e c0 50 00 00 01 f4 10 00 b0 90 e3 e1 
e2 c0 12 5f 51 00 00 00 00 01 10 00 00 00 00 3f e7 e3 e1 
e2 5f 0e c0 50 00 00 01 f4 10 00 b0 90 e3 e1 
e2 5f 0e c0 50 00 00 01 f4 10 00 b0 90 e3 e1 
e2 5f 0e c0 50 00 00 01 f4 10 00 b0 90 e3 e1 
e2 5f 08 c0 51 fe a5 e3 e1 
e2 5f 0e c0 50 00 00 01 f4 10 00 b0 90 e3 e1 
e2 c0 12 5f 51 00 00 00 00 01 10 00 00 00 00 3f e7 e3 e1 
e2 5f 0e c0 50 00 00 01 f4 10 00 b0 90 e3 e1 
e2 5f 0e c0 50 00 00 01 f4 10 00 b0 90 e3 e1 
e2 5f 0e c0 50 00 00 01 f4 10 00 b0 90 e3 e1 
e2 5f 08 c0 51 fe a5 e3 e1 
e2 5f 0e c0 50 00 00 01 f4 10 00 b0 90 e3 e1 
e2 c0 12 5f 51 00 00 00 00 01 10 00 00 00 00 3f e7 e3 e1 
e2 5f 0e c0 50 00 00 01 f4 10 00 b0 90 e3 e1 
e2 5f 0e c0 50 00 00 01 f4 10 00 b0 90 e3 e1 
e2 5f 0e c0 50 00 00 01 f4 10 00 b0 90 e3 e1 
e2 5f 08 c0 51 fe a5 e3 e1 
e2 5f 0e c0 50 00 00 01 f4 10 00 b0 90 e3 e1 
e2 c0 12 5f 51 00 00 00 00 01 10 00 00 00 00 3f e7 e3 e1 
e2 5f 0e c0 50 00 00 01 f4 10 00 b0 90 e3 e1 
e2 5f 0e c0 50 00 00 01 f4 10 00 b0 90 e3 e1 
e2 5f 0e c0 50 00 00 01 f4 10 00 b0 90 e3 e1 
e2 5f 08 c0 51 fe a5 e3 e1 
e2 5f 0e c0 50 00 00 01 f4 10 00 b0 90 e3 e1 
e2 c0 12 5f 51 00 00 00 00 01 10 00 00 00 00 3f e7 e3 e1 
e2 5f 0e c0 50 00 00 01 f4 10 00 b0 90 e3 e1 
e2 5f 0e c0 50 00 00 01 f4 10 00 b0 90 e3 e1 
e2 5f 0e c0 50 00 00 01 f4 10 00 b0 90 e3 e1 
e2 5f 08 c0 51 fe a5 e3 e1 
e2 5f 0e c0 50 00 00 01 f4 10 00 b0 90 e3 e1 
e2 c0 12 5f 51 00 00 00 00 01 10 00 00 00 00 3f e7 e3 e1 
e2 5f 0e c0 50 00 00 01 f4 10 00 b0 90 e3 e1 
e2 5f 0e c0 50 00 00 01 f4 10 00 b0 90 e3 e1 
e2 5f 0e c0 50 00 00 01 f4 10 00 b0 90 e3 e1 
e2 5f 08 c0 51 fe a5 e3 e1 
e2 5f 0e c0 50 00 00 01 f4 10 00 b0 90 e3 e1 
e2 c0 12 5f 51 00 00 00 00 01 10 00 00 00 00 3f e7 e3 e1 
e2 5f 0e c0 50 00 00 01 f4 10 00 b0 90 e3 e1 
e2 5f 0e c0 50 00 00 01 f4 10 00 b0 90 e3 e1 
e2 5f 0e c0 50 00 00 01 f4 10 00 b0 90 e3 e1 
e2 5f 08 c0 51 fe a5 e3 e1 
e2 5f 0e c0 50 00 00 01 f4 10 00 b0 90 e3 e1 
e2 c0 12 5f 51 00 00 00 00 01 10 00 00 00 00 3f e7 e3 e1 
e2 5f 0e c0 50 00 00 01 f4 10 00 b0 90 e3 e1 
e2 5f 0e c0 50 00 00 01 f4 10 00 b0 90 e3 e1 
e2 5f 0e c0 50 00 00 01 f4 10 00 b0 90 e3 e1 
e2 5f 08 c0 51 fe a5 e3 e1 
e2 5f 0e c0 50 00 00 01 f4 10 00 b0 90 e3 e1 
e2 c0 12 5f 51 00 00 00 00 01 10 00 00 00 00 3f e7 e3 e1 
e2 5f 0e c0 50 00 00 01 f4 10 00 b0 90 e3 e1 
e2 5f 0e c0 50 00 00 01 f4 10 00 b0 90 e3 e1 
e2 5f 0e c0 50 00 00 01 f4 10 00 b0 90 e3 e1 
e2 5f 08 c0 51 fe a5 e3 e1 
e2 5f 0e c0 50 00 00 01 f4 10 00 b0 90 e3 e1 
e2 c0 12 5f 51 00 00 00 00 01 10 00 00 00 00 3f e7 e3 e1 
e2 5f 0e c0 50 00 00 01 f4 10 00 b0 90 e3 e1 
e2 5f 0e c0 50 00 00 01 f4 10 00 b0 90 e3 e1 
e2 5f 0e c0 50 00 00 01 f4 10 00 b0 90 e3 e1 
e2 5f 08 c0 51 fe a5 e3 e1 
e2 5f 0e c0 50 00 00 01 f4 10 00 b0 90 e3 e1 
e2 c0 12 5f 51 00 00 00 00 01 10 00 00 00 00 3f e7 e3 e1 
e2 5f 0e c0 50 00 00 01 f4 10 00 b0 90 e3 e1 
e2 5f 0e c0 50 00 00 01 f4 10 00 b0 90 e3 e1 
e2 5f 0e c0 50 00 00 01 f4 10 00 b0 90 e3 e1 
e2 5f 08 c0 51 fe a5 e3 e1 
e2 5f 0e c0 50 00 00 01 f4 10 00 b0 90 e3 e1 
e2 c0 12 5f 51 00 00 00 00 01 10 00 00 00 00 3f e7 e3 e1 
e2 5f 0e c0 50 00 00 01 f4 10 00 b0 90 e3 e1 
e2 5f 0e c0 50 00 00 01 f4 10 00 b0 90 e3 e1 
e2 5f 0e c0 50 00 00 01 f4 10 00 b0 90 e3 e1 
e2 5f 08 c0 51 fe a5 e3 e1 
e2 5f 0e c0 50 00 00 01 f4 10 00 b0 90 e3 e1 
e2 c0 12 5f 51 00 00 00 00 01 10 00 00 00 00 3f e7 e3 e1 
e2 5f 0e c0 50 00 00 01 f4 10 00 b0 90 e3 e1 
e2 5f 0e c0 50 00 00 01 f4 10 00 b0 90 e3 e1 
e2 5f 0e c0 50 00 00 01 f4 10 00 b0 90 e3 e1 
e2 5f 08 c0 51 fe a5 e3 e1 
e2 5f 0e c0 50 00 00 01 f4 10 00 b0 90 e3 e1 
e2 c0 12 5f 51 00 00 00 00 01 10 00 00 00 00 3f e7 e3 e1 
e2 5f 0e c0 50 00 00 01 f4 10 00 b0 90 e3 e1 
e2 5f 0e c0 50 00 00 01 f4 10 00 b0 90 e3 e1 
e2 5f 0e c0 50 00 00 01 f4 10 00 b0 90 e3 e1 
e2 5f 08 c0 51 fe a5 e3 e1 
e2 5f 0e c0 50 00 00 01 f4 10 00 b0 90 e3 e1 
e2 c0 12 5f 51 00 00 00 00 01 10 00 00 00 00 3f e7 e3 e1 
e2 5f 0e c0 50 00 00 01 f4 10 00 b0 90 e3 e1 
e2 5f 0e c0 50 00 00 01 f4 10 00 b0 90 e3 e1 
e2 5f 0e c0 50 00 00 01 f4 10 00 b0 90 e3 e1 
e2 5f 08 c0 51 fe a5 e3 e1 
e2 5f 0e c0 50 00 00 01 f4 10 00 b0 90 e3 e1 
e2 c0 12 5f 51 00 00 00 00 01 10 00 00 00 00 3f e7 e3 e1 
e2 5f 0e c0 50 00 00 01 f4 10 00 b0 90 e3 e1 
e2 5f 0e c0 50 00 00 01 f4 10 00 b0 90 e3 e1 
e2 5f 08 c0 51 fe a5 e3 e1 
e2 c0 12 5f 51 00 00 00 00 01 10 00 00 00 00 3f e7 e3 e1 
e2 5f 0e c0 50 0c 4e 01 f4 10 00 65 b3 e3 e1 
e2 5f 0e c0 50 0c 4e 01 f4 10 00 65 b3 e3 e1 
e2 5f 0e c0 50 0c 4e 01 f4 10 00 65 b3 e3 e1 
e2 5f 0e c0 50 0c 4e 01 f4 10 00 65 b3 e3 e1 
e2 5f 08 c0 51 fe a5 e3 e1 
e2 c0 12 5f 51 00 00 0c 4e 01 10 00 00 00 00 c1 34 e3 e1 
e2 5f 0e c0 50 0c 4e 01 f4 10 00 65 b3 e3 e1 
e2 5f 0e c0 50 0c 4e 01 f4 10 00 65 b3 e3 e1 
e2 5f 0e c0 50 0c 4e 01 f4 10 00 65 b3 e3 e1
e2 5f 08 c0 51 fe a5 e3 
e2 5f 08 c0 51 fe a5 e3 
e2 5f 08 c0 51 fe a5 e3 
e2 5f 08 c0 51 fe a5 e3
e2 5f 08 c0 51 fe a5 e3
e2 5f 08 c0 51 fe a5 e3 e1 
e2 c0 12 5f 51 00 00 00 00 00 10 00 00 00 00 7a 47 e3 e1 
e2 5f 0e c0 50 0c 4e 01 f4 10 00 65 b3 e3 e1 
e2 5f 0e c0 50 0c 4e 01 f4 10 00 65 b3 e3 e1 
e2 5f 0e c0 50 0c 4e 01 f4 10 00 65 b3 e3 e1 
e2 5f 0e c0 50 0c 4e 01 f4 10 00 65 b3 e3 e1 
e2 5f 08 c0 51 fe a5 e3 e1 
e2 c0 12 5f 51 00 00 0c 4e 01 10 00 00 00 00 c1 34 e3 e1 
e2 5f 0e c0 50 0c 4e 01 f4 10 00 65 b3 e3 e1 
e2 5f 0e c0 50 0c 4e 01 f4 10 00 65 b3 e3 e1 
e2 5f 0e c0 50 0c 4e 01 f4 10 00 65 b3 e3 
e2 5f 0e c0 50 0c 4e 01 f4 10 00 65 b3 e3 e1 
e2 5f 0e c0 50 0c 4e 01 f4 10 00 65 b3 e3 e1 
e2 5f 08 c0 51 fe a5 e3 e1 
e2 c0 12 5f 51 00 00 0c 4e 01 10 00 00 00 00 c1 34 e3 e1 
e2 5f 0e c0 50 0c 4e 01 f4 10 00 65 b3 e3 e1 
e2 5f 0e c0 50 0c 4e 01 f4 10 00 65 b3 e3 e1 
e2 5f 0e c0 50 0c 4e 01 f4 10 00 65 b3 e3 e1 
e2 5f 0e c0 50 0c 4e 01 f4 10 00 65 b3 e3 e1 
e2 5f 08 c0 51 fe a5 e3 e1 
e2 c0 12 5f 51 02 3e 0c 4e 01 10 00 00 00 00 98 cb e3 e1 
e2 5f 0e c0 50 0c 4e 01 f4 10 00 65 b3 e3 e1 
e2 5f 0e c0 50 0c 4e 01 f4 10 00 65 b3 e3 e1 
e2 5f 0e c0 50 0c 4e 01 f4 10 00 65 b3 e3 e1 
e2 5f 0e c0 50 0c 4e 01 f4 10 00 65 b3 e3 e1 
e2 5f 08 c0 51 fe a5 e3 e1 
e2 c0 12 5f 51 04 1f 0c 4e 01 10 00 00 00 00 a7 ab e3 e1 
e2 5f 0e c0 50 0c 4e 01 f4 10 00 65 b3 e3 e1 
e2 5f 0e c0 50 0c 4e 01 f4 10 00 65 b3 e3 e1 
e2 5f 0e c0 50 0c 4e 01 f4 10 00 65 b3 e3 e1 
e2 5f 0e c0 50 0c 4e 01 f4 10 00 65 b3 e3 e1 
e2 5f 08 c0 51 fe a5 e3 e1 
e2 c0 12 5f 51 0c 3f 0c 4e 01 10 00 00 00 00 4a 1c e3 e1 
e2 5f 0e c0 50 0c 4e 01 f4 10 00 65 b3 e3 e1 
e2 5f 0e c0 50 0c 4e 01 f4 10 00 65 b3 e3 e1 
e2 5f 0e c0 50 0c 4e 01 f4 10 00 65 b3 e3 e1 
e2 5f 0e c0 50 00 00 01 f4 10 00 b0 90 e3 e1 
e2 5f 08 c0 51 fe a5 e3 e1 
e2 c0 12 5f 51 00 00 00 00 01 10 00 00 00 00 3f e7 e3 e1 
e2 5f 0e c0 50 00 00 01 f4 10 00 b0 90 e3 e1 
e2 5f 0e c0 50 00 00 01 f4 10 00 b0 90 e3 e1 
e2 5f 0e c0 50 00 00 01 f4 10 00 b0 90 e3 e1 
e2 5f 0e c0 50 00 00 01 f4 10 00 b0 90 e3 e1 
e2 5f 08 c0 51 fe a5 e3 e1 
e2 c0 12 5f 51 00 00 00 00 01 10 00 00 00 00 3f e7 e3 e1 
e2 5f 0e c0 50 00 00 01 f4 10 00 b0 90 e3 e1 
e2 5f 0e c0 50 00 00 01 f4 10 00 b0 90 e3 e1 
e2 5f 0e c0 50 00 00 01 f4 10 00 b0 90 e3 e1 
e2 5f 0e c0 50 00 00 01 f4 10 00 b0 90 e3 e1 
e2 5f 08 c0 51 fe a5 e3 e1 
e2 c0 12 5f 51 00 00 00 00 01 10 00 00 00 00 3f e7 e3 e1 
e2 5f 0e c0 50 00 00 01 f4 10 00 b0 90 e3 e1 
e2 5f 0e c0 50 00 00 01 f4 10 00 b0 90 e3 e1 
e2 5f 0e c0 50 00 00 01 f4 10 00 b0 90 e3 e1 
e2 5f 0e c0 50 00 00 01 f4 10 00 b0 90 e3 e1 
e2 5f 08 c0 51 fe a5 e3 e1 
e2 c0 12 5f 51 00 00 00 00 01 10 00 00 00 00 3f e7 e3 e1 
e2 5f 0e c0 50 00 00 01 f4 10 00 b0 90 e3 e1 
e2 5f 0e c0 50 00 00 01 f4 10 00 b0 90 e3 e1 
e2 5f 0e c0 50 00 00 01 f4 10 00 b0 90 e3 e1 
e2 5f 0e c0 50 00 00 01 f4 10 00 b0 90 e3 e1 
e2 5f 08 c0 51 fe a5 e3 e1 
e2 c0 12 5f 51 00 00 00 00 01 10 00 00 00 00 3f e7 e3 e1 
e2 5f 0e c0 50 00 00 01 f4 10 00 b0 90 e3 e1 
e2 5f 0e c0 50 00 00 01 f4 10 00 b0 90 e3 e1 
e2 5f 0e c0 50 00 00 01 f4 10 00 b0 90 e3 e1 
e2 5f 0e c0 50 00 00 01 f4 10 00 b0 90 e3 e1 
e2 5f 08 c0 51 fe a5 e3 e1 
e2 c0 12 5f 51 00 00 00 00 01 10 00 00 00 00 3f e7 e3 e1 
e2 5f 0e c0 50 00 00 01 f4 10 00 b0 90 e3 e1 
e2 5f 0e c0 50 00 00 01 f4 10 00 b0 90 e3 e1 
e2 5f 0e c0 50 00 00 01 f4 10 00 b0 90 e3 e1 
e2 5f 0e c0 50 00 00 01 f4 10 00 b0 90 e3 e1 
e2 5f 08 c0 51 fe a5 e3 e1 
e2 c0 12 5f 51 00 00 00 00 01 10 00 00 00 00 3f e7 e3 e1 
e2 5f 0e c0 50 00 00 01 f4 10 00 b0 90 e3 e1 
e2 5f 0e c0 50 00 00 01 f4 10 00 b0 90 e3 e1 
e2 5f 0e c0 50 00 00 01 f4 10 00 b0 90 e3 e1 
e2 5f 0e c0 50 00 00 01 f4 10 00 b0 90 e3 e1 
e2 5f 08 c0 51 fe a5 e3 e1 
e2 c0 12 5f 51 00 00 00 00 01 10 00 00 00 00 3f e7 e3 e1 
e2 5f 0e c0 50 00 00 01 f4 10 00 b0 90 e3 e1 
e2 5f 0e c0 50 00 00 01 f4 10 00 b0 90 e3 e1 
e2 5f 0e c0 50 00 00 01 f4 10 00 b0 90 e3 e1 
e2 5f 0e c0 50 00 00 01 f4 10 00 b0 90 e3 e1 
e2 5f 08 c0 51 fe a5 e3 e1 
e2 c0 12 5f 51 00 00 00 00 01 10 00 00 00 00 3f e7 e3 e1 
e2 5f 0e c0 50 00 00 01 f4 10 00 b0 90 e3 e1 
e2 5f 0e c0 50 00 00 01 f4 10 00 b0 90 e3 e1 
e2 5f 0e c0 50 00 00 01 f4 10 00 b0 90 e3 e1 
e2 5f 0e c0 50 00 00 01 f4 10 00 b0 90 e3 e1 
e2 5f 08 c0 51 fe a5 e3 e1 
e2 c0 12 5f 51 00 00 00 00 01 10 00 00 00 00 3f e7 e3 e1 
e2 5f 0e c0 50 00 00 01 f4 10 00 b0 90 e3 e1 
e2 5f 0e c0 50 00 00 01 f4 10 00 b0 90 e3 e1 
e2 5f 0e c0 50 00 00 01 f4 10 00 b0 90 e3 e1 
e2 5f 0e c0 50 00 00 01 f4 10 00 b0 90 e3 e1 
e2 5f 08 c0 51 fe a5 e3 e1 
e2 c0 12 5f 51 00 00 00 00 01 10 00 00 00 00 3f e7 e3 e1 
e2 5f 0e c0 50 00 00 01 f4 10 00 b0 90 e3 e1 
e2 5f 0e c0 50 00 00 01 f4 10 00 b0 90 e3 e1 
e2 5f 0e c0 50 00 00 01 f4 10 00 b0 90 e3 e1 
e2 5f 0e c0 50 00 00 01 f4 10 00 b0 90 e3 e1 
e2 5f 08 c0 51 7e a5 e3 e1 
e2 c0 12 5f 51 00 00 00 00 01 10 00 00 00 00 3f e7 e3 e1 
e2 5f 0e c0 50 00 00 01 f4 10 00 b0 90 e3 e1 
e2 5f 0e c0 50 00 00 01 f4 10 00 b0 90 e3 e1 
e2 5f 0e c0 50 00 00 01 f4 10 00 b0 90 e3 e1 
e2 5f 0e c0 50 00 00 01 f4 10 00 b0 90 e3 e1 
e2 5f 08 c0 51 fe a5 e3 e1 
e2 c0 12 5f 51 00 00 00 00 01 10 00 00 00 00 3f e7 e3 e1 
e2 5f 0e c0 50 00 00 01 f4 10 00 b0 90 e3 e1 
e2 5f 0e c0 50 00 00 01 f4 10 00 b0 90 e3 e1 
e2 5f 0e c0 50 00 00 01 f4 10 00 b0 90 e3 e1 
e2 5f 0e c0 50 00 00 01 f4 10 00 b0 90 e3 e1 
e2 5f 08 c0 51 fe a5 e3 e1 
e2 c0 12 5f 51 00 00 00 00 01 10 00 00 00 00 3f e7 e3 e1 
e2 5f 0e c0 50 00 00 01 f4 10 00 b0 90 e3 e1 
e2 5f 0e c0 50 00 00 01 f4 10 00 b0 90 e3 e1 
e2 5f 0e c0 50 00 00 01 f4 10 00 b0 90 e3 e1 
e2 5f 0e c0 50 00 00 01 f4 10 00 b0 90 e3 e1 
e2 5f 08 c0 51 fe a5 e3 e1 
e2 c0 12 5f 51 00 00 00 00 01 10 00 00 00 00 3f e7 e3 e1 
e2 5f 0e c0 50 00 00 01 f4 10 00 b0 90 e3 e1 
e2 5f 0e c0 50 00 00 01 f4 10 00 b0 90 e3 e1 
e2 5f 0e c0 50 00 00 01 f4 10 00 b0 90 e3 e1 
e2 5f 0e c0 50 00 00 01 f4 10 00 b0 90 e3 e1 
e2 5f 08 c0 51 fe a5 e3 e1 
e2 c0 12 5f 51 00 00 00 00 01 10 00 00 00 00 3f e7 e3 e1 
e2 5f 0e c0 50 00 00 01 f4 10 00 b0 90 e3 e1 
e2 5f 0e c0 50 00 00 01 f4 10 00 b0 90 e3 e1 
e2 5f 0e c0 50 00 00 01 f4 10 00 b0 90 e3 e1 
e2 5f 0e c0 50 00 00 01 f4 10 00 b0 90 e3 e1 
e2 5f 08 c0 51 fe a5 e3 e1 
e2 c0 12 5f 51 00 00 00 00 01 10 00 00 00 00 3f e7 e3 e1 
e2 5f 0e c0 50 00 00 01 f4 10 00 b0 90 e3 e1 
e2 5f 0e c0 50 00 00 01 f4 10 00 b0 90 e3 e1 
e2 5f 0e c0 50 00 00 01 f4 10 00 b0 90 e3 e1 
e2 5f 0e c0 50 00 00 01 f4 10 00 b0 90 e3 e1 
e2 5f 08 c0 51 fe a5 e3 e1 
e2 c0 12 5f 51 00 00 00 00 01 10 00 00 00 00 3f e7 e3 e1 
e2 5f 0e c0 50 00 00 01 f4 10 00 b0 90 e3 e1 
e2 5f 0e c0 50 00 00 01 f4 10 00 b0 90 e3 e1 
e2 5f 0e c0 50 00 00 01 f4 10 00 b0 90 e3 e1 
e2 5f 0e c0 50 00 00 01 f4 10 00 b0 90 e3 e1 
e2 5f 08 c0 51 fe a5 e3 e1 
e2 c0 12 5f 51 00 00 00 00 01 10 00 00 00 00 3f e7 e3 e1 
e2 5f 0e c0 50 00 00 01 f4 10 00 b0 90 e3 e1 
e2 5f 0e c0 50 00 00 01 f4 10 00 b0 90 e3 e1 
e2 5f 0e c0 50 00 00 01 f4 10 00 b0 90 e3 e1 
e2 5f 0e c0 50 00 00 01 f4 10 00 b0 90 e3 e1 
e2 5f 08 c0 51 fe a5 e3 e1 
e2 c0 12 5f 51 00 00 00 00 01 10 00 00 00 00 3f e7 e3 e1 
e2 5f 0e c0 50 00 00 01 f4 10 00 b0 90 e3 e1 
e2 5f 0e c0 50 00 00 01 f4 10 00 b0 90 e3 e1 
e2 5f 0e c0 50 00 00 01 f4 10 00 b0 90 e3 e1 
e2 5f 0e c0 50 00 00 01 f4 10 00 b0 90 e3 e1 
e2 5f 08 c0 51 fe a5 e3 e1 
e2 c0 12 5f 51 00 00 00 00 01 10 00 00 00 00 3f e7 e3 e1 
e2 5f 0e c0 50 00 00 01 f4 10 00 b0 90 e3 e1 
e2 5f 0e c0 50 00 00 01 f4 10 00 b0 90 e3 e1 
e2 5f 0e c0 50 00 00 01 f4 10 00 b0 90 e3 e1 
e2 5f 0e c0 50 00 00 01 f4 10 00 b0 90 e3 e1 
e2 5f 08 c0 51 fe a5 e3 e1 
e2 c0 12 5f 51 00 00 00 00 01 10 00 00 00 00 3f e7 e3 e1 
e2 5f 0e c0 50 00 00 01 f4 10 00 b0 90 e3 e1 
e2 5f 0e c0 50 00 00 01 f4 10 00 b0 90 e3 e1 
e2 5f 0e c0 50 00 00 01 f4 10 00 b0 90 e3 e1 
e2 5f 0e c0 50 00 00 01 f4 10 00 b0 90 e3 e1 
e2 5f 08 c0 51 fe a5 e3 e1 
e2 c0 12 5f 51 00 00 00 00 01 10 00 00 00 00 3f e7 e3 e1 
e2 5f 0e c0 50 00 00 01 f4 10 00 b0 90 e3 e1 
e2 5f 0e c0 50 00 00 01 f4 10 00 b0 90 e3 e1 
e2 5f 0e c0 50 00 00 01 f4 10 00 b0 90 e3 e1 
e2 5f 0e c0 50 00 00 01 f4 10 00 b0 90 e3 e1 
e2 5f 08 c0 51 fe a5 e3 e1 
e2 c0 12 5f 51 00 00 00 00 01 10 00 00 00 00 3f e7 e3 e1 
e2 5f 0e c0 50 00 00 01 f4 10 00 b0 90 e3 e1 
e2 5f 0e c0 50 00 00 01 f4 10 00 b0 90 e3 e1 
e2 5f 0e c0 50 00 00 01 f4 10 00 b0 90 e3 e1 
e2 5f 0e c0 50 00 00 01 f4 10 00 b0 90 e3 e1 
e2 5f 08 c0 51 fe a5 e3 e1 
e2 c0 12 5f 51 00 00 00 00 01 10 00 00 00 00 3f e7 e3 e1 
e2 5f 0e c0 50 00 00 01 f4 10 00 b0 90 e3 e1 
e2 5f 0e c0 50 00 00 01 f4 10 00 b0 90 e3 e1 
e2 5f 0e c0 50 00 00 01 f4 10 00 b0 90 e3 e1 
e2 5f 0e c0 50 00 00 01 f4 10 00 b0 90 e3 e1 
e2 5f 08 c0 51 fe a5 e3 e1 
e2 c0 12 5f 51 00 00 00 00 01 10 00 00 00 00 3f e7 e3 e1 
e2 5f 0e c0 50 00 00 01 f4 10 00 b0 90 e3 e1 
e2 5f 0e c0 50 00 00 01 f4 10 00 b0 90 e3 e1 
e2 5f 0e c0 50 00 00 01 f4 10 00 b0 90 e3 e1 
e2 5f 0e c0 50 00 00 01 f4 10 00 b0 90 e3 e1 
e2 5f 08 c0 51 fe a5 e3 e1 
e2 c0 12 5f 51 00 00 00 00 01 10 00 00 00 00 3f e7 e3 e1 
e2 5f 0e c0 50 00 00 01 f4 10 00 b0 90 e3 e1 
e2 5f 0e c0 50 00 00 01 f4 10 00 b0 90 e3 e1 
e2 5f 0e c0 50 00 00 01 f4 10 00 b0 90 e3 e1 
e2 5f 0e c0 50 00 00 01 f4 10 00 b0 90 e3 e1 
e2 5f 08 c0 51 fe a5 e3 e1 
e2 c0 12 5f 51 00 00 00 00 01 10 00 00 00 00 3f e7 e3 e1 
e2 5f 0e c0 50 00 00 01 f4 10 00 b0 90 e3 e1 
e2 5f 0e c0 50 00 00 01 f4 10 00 b0 90 e3 e1 
e2 5f 0e c0 50 00 00 01 f4 10 00 b0 90 e3 e1 
e2 5f 0e c0 50 00 00 01 f4 10 00 b0 90 e3 e1 
e2 5f 08 c0 51 fe a5 e3 e1 
e2 c0 12 5f 51 00 00 00 00 01 10 00 00 00 00 3f e7 e3 e1 
e2 5f 0e c0 50 00 00 01 f4 10 00 b0 90 e3 e1 
e2 5f 0e c0 50 00 00 01 f4 10 00 b0 90 e3 e1 
e2 5f 0e c0 50 00 00 01 f4 10 00 b0 90 e3 e1 
e2 5f 0e c0 50 00 00 01 f4 10 00 b0 90 e3 e1 
e2 5f 08 c0 51 fe a5 e3 e1 
e2 c0 12 5f 51 00 00 00 00 01 10 00 00 00 00 3f e7 e3 e1 
e2 5f 0e c0 50 00 00 01 f4 10 00 b0 90 e3 e1 
e2 5f 0e c0 50 00 00 01 f4 10 00 b0 90 e3 e1 
e2 5f 0e c0 50 00 00 01 f4 10 00 b0 90 e3 e1
e2 5f 08 c0 51 fe a5 e3 
e2 5f 08 c0 51 fe a5 e3 00 00 00 e2 5f 08 c0 51 fe a5 e3
e2 5f 08 c0 51 fe a5 e3 e1 
e2 c0 12 5f 51 00 00 00 00 00 10 00 00 00 00 7a 47 e3 e1 
e2 5f 0e c0 50 00 00 01 f4 00 00 b3 e0 e3 e3 e1 
e2 5f 0e c0 50 0c 4e 01 f4 10 00 65 b3 e3 e1 
e2 5f 0e c0 50 0c 4e 01 f4 10 00 65 b3 e3 e1 
e2 5f 0e c0 50 0c 4e 01 f4 10 00 65 b3 e3 e1 
e2 5f 08 c0 51 fe a5 e3 e1 
e2 c0 12 5f 51 00 00 0c 4e 01 10 00 00 00 00 c1 34 e3 e1 
e2 5f 0e c0 50 0c 4e 01 f4 10 00 65 b3 e3 e1 
e2 5f 0e c0 50 0c 4e 01 f4 10 00 65 b3 e3 e1 
e2 5f 0e c0 50 0c 4e 01 f4 10 00 65 b3 e3 
e2 5f 0e c0 50 0c 4e 01 f4 10 00 65 b3 e3 e1 
e2 5f 0e c0 50 0c 4e 01 f4 10 00 65 b3 e3 e1 
e2 5f 08 c0 51 fe a5 e3 e1 
e2 c0 12 5f 51 00 00 0c 4e 01 10 00 00 00 00 c1 34 e3 e1 
e2 5f 0e c0 50 0c 4e 01 f4 10 00 65 b3 e3 
e2 5f 0e c0 50 0c 4e 01 f4 10 00 65 b3 e3 e1 
e2 5f 0e c0 50 0c 4e 01 f4 10 00 65 b3 e3 e1 
e2 5f 0e c0 50 0c 4e 01 f4 10 00 65 b3 e3 e1 
e2 5f 0e c0 50 0c 4e 01 f4 10 00 65 b3 e3 
e2 5f 0e c0 50 0c 4e 01 f4 10 00 65 b3 e3 e1 
e2 5f 08 c0 51 fe a5 e3 e1 
e2 c0 12 5f 51 00 2b 0c 4e 01 10 00 00 00 00 62 73 e3 e1 
e2 5f 0e c0 50 0c 4e 01 f4 10 00 65 b3 e3 e1 
e2 5f 0e c0 50 0c 4e 01 f4 10 00 65 b3 e3 e1 
e2 5f 0e c0 50 0c 4e 01 f4 10 00 65 b3 e3 e1 
e2 5f 0e c0 50 0c 4e 01 f4 10 00 65 b3 e3 
e2 5f 0e c0 50 0c 4e 01 f4 10 00 65 b3 e3 
e2 5f 0e c0 50 0c 4e 01 f4 10 00 65 b3 e3 e1 
e2 5f 08 c0 51 fe a5 e3 e1 
e2 c0 12 5f 51 03 a8 0c 4e 01 10 00 00 00 00 41 4a e3 e1 
e2 5f 0e c0 50 0c 4e 01 f4 10 00 65 b3 e3 
e2 5f 0e c0 50 0c 4e 01 f4 10 00 65 b3 e3 e1 
e2 5f 0e c0 50 0c 4e 01 f4 10 00 65 b3 e3 e1 
e2 5f 0e c0 50 0c 4e 01 f4 10 00 65 b3 e3 e1 
e2 5f 0e c0 50 0c 4e 01 f4 10 00 65 b3 e3 e1 
e2 5f 08 c0 51 fe a5 e3 e1 
e2 c0 12 5f 51 0c 64 0c 4e 01 10 00 00 00 00 42 80 e3 e1 
e2 5f 0e c0 50 0c 4e 01 f4 10 00 65 b3 e3 e1 
e2 5f 0e c0 50 0c 4e 01 f4 10 00 65 b3 e3 
e2 5f 0e c0 50 0c 4e 01 f4 10 00 65 b3 e3 e1 
e2 5f 0e c0 50 0c 4e 01 f4 10 00 65 b3 e3 e1 
e2 5f 0e c0 50 0c 4e 01 f4 10 00 65 b3 e3 e1 
e2 5f 08 c0 51 fe a5 e3 e1 
e2 c0 12 5f 51 0a ca 0c 4e 01 10 00 00 00 00 5a 06 e3 e1
e2 5f 0e c0 50 0c 4e 01 f4 10 00 65 b3 e3 e1 
e2 5f 0e c0 50 0c 4e 01 f4 10 00 65 b3 e3 e1 
e2 5f 0e c0 50 0c 4e 01 f4 10 00 65 b3 e3 e1 
e2 5f 0e c0 50 0c 4e 01 f4 10 00 65 b3 e3 
e2 5f 0e c0 50 0c 4e 01 f4 10 00 65 b3 e3 e1 
e2 5f 08 c0 51 fe a5 e3 e1 
e2 c0 12 5f 51 0d 20 0c 4e 01 10 00 00 00 00 ee f3 e3 e1 
e2 5f 0e c0 50 0c 4e 01 f4 10 00 65 b3 e3 e1 
e2 5f 0e c0 50 0c 4e 01 f4 10 00 65 b3 e3 e1 
e2 5f 0e c0 50 0c 4e 01 f4 10 00 65 b3 e3 e1 
e2 5f 0e c0 50 0c 4e 01 f4 10 00 65 b3 e3 e1 
e2 5f 08 c0 51 fe a5 e3 e1 
e2 c0 12 5f 51 0d 20 0c 4e 01 10 00 00 00 00 ee f3 e3 e1 
e2 5f 0e c0 50 0c 4e 01 f4 10 00 65 b3 e3 e1 
e2 5f 0e c0 50 0c 4e 01 f4 10 00 65 b3 e3 e1 
e2 5f 0e c0 50 0c 4e 01 f4 10 00 65 b3 e3 e1 
e2 5f 0e c0 50 0c 4e 01 f4 10 00 65 b3 e3 e1 
e2 5f 08 c0 51 fe a5 e3 e1 
e2 c0 12 5f 51 0c 06 0c 4e 01 10 00 00 00 00 7c c2 e3 e1 
e2 5f 0e c0 50 0c 4e 01 f4 10 00 65 b3 e3 e1 
e2 5f 0e c0 50 0c 4e 01 f4 10 00 65 b3 e3 e1 
e2 5f 0e c0 50 0c 4e 01 f4 10 00 65 b3 e3 e1 
e2 5f 0e c0 50 0c 4e 01 f4 10 00 65 b3 e3 e1 
e2 5f 08 c0 51 fe a5 e3 e1 
e2 c0 12 5f 51 0d 0c 0c 4e 01 10 00 00 00 00 fc 1f e3 e1 
e2 5f 0e c0 50 0c 4e 01 f4 10 00 65 b3 e3 e1 
e2 5f 0e c0 50 0c 4e 01 f4 10 00 65 b3 e3 e1 
e2 5f 0e c0 50 0c 4e 01 f4 10 00 65 b3 e3 e1 
e2 5f 0e c0 50 0c 4e 01 f4 10 00 65 b3 e3 e1 
e2 5f 08 c0 51 fe a5 e3 e1 
e2 c0 12 5f 51 0b a4 0c 4e 01 10 00 00 00 00 be 11 e3 e1 
e2 5f 0e c0 50 0c 4e 01 f4 10 00 65 b3 e3 e1 
e2 5f 0e c0 50 0c 4e 01 f4 10 00 65 b3 e3 e1 
e2 5f 0e c0 50 0c 4e 01 f4 10 00 65 b3 e3 e1 
e2 5f 0e c0 50 0c 4e 01 f4 10 00 65 b3 e3 
e2 5f 0e c0 50 0c 4e 01 f4 10 00 65 b3 e3 e1 
e2 5f 08 c0 51 fe a5 e3 e1 
e2 c0 12 5f 51 0b 77 0c 4e 01 10 00 00 00 00 20 c0 e3 e1 
e2 5f 0e c0 50 0c 4e 01 f4 10 00 65 b3 e3 e1 
e2 5f 0e c0 50 0c 4e 01 f4 10 00 65 b3 e3 e1 
e2 5f 0e c0 50 0c 4e 01 f4 10 00 65 b3 e3 e1 
e2 5f 0e c0 50 0c 4e 01 f4 10 00 65 b3 e3 e1 
e2 5f 08 c0 51 7e a5 e3 e1 
e2 c0 12 5f 51 0d 56 0c 4e 01 10 00 00 00 00 1f a0 e3 e1 
e2 5f 0e c0 50 0c 4e 01 f4 10 00 65 b3 e3 e1 
e2 5f 0e c0 50 0c 4e 01 f4 10 00 65 b3 e3 e1 
e2 5f 0e c0 50 0c 4e 01 f4 10 00 65 b3 e3 e1 
e2 5f 0e c0 50 0c 4e 01 f4 10 00 65 b3 e3 e1 
e2 57 08 c0 51 fe a5 e3 e1 
e2 c0 12 5f 51 0d 0b 0c 4e 01 10 00 00 00 00 4d b4 e3 e1 
e2 5f 0e c0 50 0c 4e 01 f4 10 00 65 b3 e3 e1 
e2 5f 0e c0 50 0c 4e 01 f4 10 00 65 b3 e3 e1 
e2 5f 0e c0 50 0c 4e 01 f4 10 00 65 b3 e3 e1 
e2 57 0e c0 50 0c 4e 01 f4 10 00 65 b3 e3 e1 
e2 5f 08 c0 51 fe a5 e3 e1 
e2 c0 12 5f 51 0c b0 0c 4e 01 10 00 00 00 00 6d fa e3 e1 
e2 5f 0e c0 50 0c 4e 01 f4 10 00 65 b3 e3 e1 
e2 5f 0e c0 50 0c 4e 01 f4 10 00 65 b3 e3 e1 
e2 5f 0e c0 50 0c 4e 01 f4 10 00 65 b3 e3 e1 
e2 5f 0e c0 50 0c 4e 01 f4 10 00 65 b3 e3 e1 
e2 5f 08 c0 51 fe a5 e3 e1 
e2 c0 12 5f 51 0c c7 0c 4e 01 10 00 00 00 00 77 8a e3 e1 
e2 5f 0e c0 50 0c 4e 01 f4 10 00 65 b3 e3 e1 
e2 5f 0e c0 50 0c 4e 01 f4 10 00 65 b3 e3 e1 
e2 57 0e c0 50 0c 4e 01 f4 10 00 65 b3 e3 e1 
e2 5f 0e c0 50 0c 4e 01 f4 10 00 65 b3 e3 e1 
e2 5f 08 c0 51 7e a5 e3 e1 
e2 c0 12 5f 51 0c 84 0c 4e 01 10 00 00 00 00 05 17 e3 e1 
e2 5f 0e c0 50 0c 4e 01 f4 10 00 65 b3 e3 e1 
e2 5f 0e c0 50 0c 4e 01 f4 10 00 65 b3 e3 e1 
e2 5f 0e c0 50 0c 4e 01 f4 10 00 65 b3 e3 e1 
e2 5f 0e c0 50 0c 4e 01 f4 10 00 65 b3 e3 e1 
e2 5f 08 c0 51 fe a5 e3 e1 
e2 c0 12 5f 51 0c 58 0c 4e 01 10 00 00 00 00 03 92 e3 e1 
e2 5f 0e c0 50 0c 4e 01 f4 10 00 65 b3 e3 e1 
e2 5f 0e c0 50 0c 4e 01 f4 10 00 65 b3 e3 e1 
e2 5f 0e c0 50 0c 4e 01 f4 10 00 65 b3 e3 e1 
e2 5f 0e c0 50 0c 4e 01 f4 10 00 65 b3 e3 e1 
e2 5f 08 c0 51 fe a5 e3 e1 
e2 c0 12 5f 51 0c 4f 0c 4e 01 10 00 00 00 00 e0 e1 c7 e3 e1 
e2 5f 0e c0 50 0c 4e 01 f4 10 00 65 b3 e3 
e2 5f 0e c0 50 0c 4e 01 f4 10 00 65 b3 e3 e1 
e2 5f 0e c0 50 0c 4e 01 f4 10 00 65 b3 e3 e1 
e2 5f 0e c0 50 0c 4e 01 f4 10 00 65 b3 e3 
e2 5f 0e c0 50 0c 4e 01 f4 10 00 65 b3 e3 e1 
e2 5f 0e c0 50 0c 4e 01 f4 10 00 65 b3 e3 
e2 5f 0e c0 50 0c 4e 01 f4 10 00 65 b3 e3 e1 
e2 5f 08 c0 51 fe a5 e3 e1 
e2 c0 12 5f 51 0c 45 0c 4e 01 10 00 00 00 00 0e 5f e3 e1 
e2 5f 0e c0 50 0c 4e 01 f4 10 00 65 b3 e3 e1 
e2 5f 0e c0 50 0c 4e 01 f4 10 00 65 b3 e3 e1 
e2 5f 0e c0 50 0c 4e 01 f4 10 00 65 b3 e3 e1 
e2 5f 0e c0 50 0c 4e 01 f4 10 00 65 b3 e3 e1 
e2 57 08 c0 51 fe a5 e3 e1 
e2 c0 12 5f 51 0c 7c 0c 4e 01 10 00 00 00 00 38 81 e3 e1 
e2 5f 0e c0 50 0c 4e 01 f4 10 00 65 b3 e3 
e2 5f 0e c0 50 0c 4e 01 f4 10 00 65 b3 e3 e1 
e2 5f 0e c0 50 0c 4e 01 f4 10 00 65 b3 e3 
e2 5f 0e c0 50 0c 4e 01 f4 10 00 65 b3 e3 e1 
e2 5f 0e c0 50 0c 4e 01 f4 10 00 65 b3 e3 e1 
e2 5f 0e c0 50 0c 4e 01 f4 10 00 65 b3 e3 e1 
e2 5f 08 c0 51 fe a5 e3 e1 
e2 c0 12 5f 51 0c 75 0c 4e 01 10 00 00 00 00 fa 5d e3 e1 
e2 5f 0e c0 50 0c 4e 01 f4 10 00 65 b3 e3 e1 
e2 5f 0e c0 50 0c 4e 01 f4 10 00 65 b3 e3 e1 
e2 5f 0e c0 50 0c 4e 01 f4 10 00 65 b3 e3 e1 
e2 5f 0e c0 50 0c 4e 01 f4 10 00 65 b3 e3 e1 
e2 5f 08 c0 51 fe a5 e3 e1 
e2 c0 12 5f 51 0c 42 0c 4e 01 10 00 00 00 00 bf f4 e3 e1 
e2 5f 0e c0 50 0c 4e 01 f4 10 00 65 b3 e3 e1 
e2 5f 0e c0 50 0c 4e 01 f4 10 00 65 b3 e3 e1 
e2 5f 0e c0 50 0c 4e 01 f4 10 00 65 b3 e3 e1 
e2 5f 0e c0 50 0c 4e 01 f4 10 00 65 b3 e3 e1 
e2 5f 08 c0 51 fe a5 e3 e1 
e2 c0 12 5f 51 0c 2f 0c 4e 01 10 00 00 00 00 19 e0 e2 e3 e1 
e2 5f 0e c0 50 0c 4e 01 f4 10 00 65 b3 e3 e1 
e2 5f 0e c0 50 0c 4e 01 f4 10 00 65 b3 e3 e1 
e2 5f 0e c0 50 0c 4e 01 f4 10 00 65 b3 e3 e1 
e2 5f 0e c0 50 0c 4e 01 f4 10 00 65 b3 e3 e1 
e2 5f 08 c0 51 fe a5 e3 e1 
e2 c0 12 5f 51 0c 4c 0c 4e 01 10 00 00 00 00 cc 83 e3 e1 
e2 5f 0e c0 50 0c 4e 01 f4 10 00 65 b3 e3 e1 
e2 5f 0e c0 50 0c 4e 01 f4 10 00 65 b3 e3 e1 
e2 5f 0e c0 50 0c 4e 01 f4 10 00 65 b3 e3 e1 
e2 5f 0e c0 50 0c 4e 01 f4 10 00 65 b3 e3 e1 
e2 5f 08 c0 51 fe a5 e3 e1 
e2 c0 12 5f 51 0c 85 0c 4e 01 10 00 00 00 00 ee 34 e3 e1 
e2 5f 0e c0 50 0c 4e 01 f4 10 00 65 b3 e3 e1 
e2 5f 0e c0 50 0c 4e 01 f4 10 00 65 b3 e3 e1 
e2 5f 0e c0 50 0c 4e 01 f4 10 00 65 b3 e3 e1 
e2 5f 0e c0 50 0c 4e 01 f4 10 00 65 b3 e3 e1 
e2 5f 08 c0 51 fe a5 e3 
e2 5f 08 c0 51 fe a5 e3 e1 
e2 c0 12 5f 51 0c 30 0c 4e 01 10 00 00 00 00 d2 48 e3 e1 
e2 5f 0e c0 50 0c 4e 01 f4 10 00 65 b3 e3 e1 
e2 5f 0e c0 50 0c 4e 01 f4 10 00 65 b3 e3 e1 
e2 5f 0e c0 50 0c 4e 01 f4 10 00 65 b3 e3 e1 
e2 5f 0e c0 50 0c 4e 01 f4 10 00 65 b3 e3 e1 
e2 5f 08 c0 51 fe a5 e3 e1 
e2 c0 12 5f 51 0c 7e 0c 4e 01 10 00 00 00 00 fe e6 e3 e1 
e2 5f 0e c0 50 0c 4e 01 f4 10 00 65 b3 e3 e1 
e2 5f 0e c0 50 0c 4e 01 f4 10 00 65 b3 e3 e1 
e2 5f 0e c0 50 0c 4e 01 f4 10 00 65 b3 e3 
e2 5f 0e c0 50 0c 4e 01 f4 10 00 65 b3 e3 e1 
e2 5f 0e c0 50 0c 4e 01 f4 10 00 65 b3 e3 e1 
e2 5f 08 c0 51 fe a5 e3 e1 
e2 c0 12 5f 51 0c 51 0c 4e 01 10 00 00 00 00 c1 4e e3 e1 
e2 5f 0e c0 50 0c 4e 01 f4 10 00 65 b3 e3 e1 
e2 5f 0e c0 50 0c 4e 01 f4 10 00 65 b3 e3 e1 
e2 5f 0e c0 50 0c 4e 01 f4 10 00 65 b3 e3 e1 
e2 5f 0e c0 50 0c 4e 01 f4 10 00 65 b3 e3 e1 
e2 5f 08 c0 51 fe a5 e3 e1 
e2 c0 12 5f 51 0c 54 0c 4e 01 10 00 00 00 00 b6 82 e3 e1 
e2 5f 0e c0 50 0c 4e 01 f4 10 00 65 b3 e3 e1 
e2 5f 0e c0 50 0c 4e 01 f4 10 00 65 b3 e3 
e2 5f 0e c0 50 0c 4e 01 f4 10 00 65 b3 e3 e1 
e2 5f 0e c0 50 0c 4e 01 f4 10 00 65 b3 e3 e1 
e2 5f 0e c0 50 0c 4e 01 f4 10 00 65 b3 e3 e1 
e2 5f 08 c0 51 fe a5 e3 e1 
e2 c0 12 5f 51 0c 21 0c 4e 01 10 00 00 00 00 6a 95 e3 e1 
e2 5f 0e c0 50 0c 4e 01 f4 10 00 65 b3 e3 e1 
e2 5f 0e c0 50 0c 4e 01 f4 10 00 65 b3 e3 e1 
e2 5f 0e c0 50 0c 4e 01 f4 10 00 65 b3 e3 e1 
e2 5f 0e c0 50 0c 4e 01 f4 10 00 65 b3 e3 e1 
e2 5f 08 c0 51 fe a5 e3 e1 
e2 c0 12 5f 51 0c 70 0c 4e 01 10 00 00 00 00 8d 91 e3 e1 
e2 5f 0e c0 50 0c 4e 01 f4 10 00 65 b3 e3 e1 
e2 5f 0e c0 50 0c 4e 01 f4 10 00 65 b3 e3 e1 
e2 5f 0e c0 50 0c 4e 01 f4 10 00 65 b3 e3 e1 
e2 5f 0e c0 50 0c 4e 01 f4 10 00 65 b3 e3 
e2 5f 0e c0 50 0c 4e 01 f4 10 00 65 b3 e3 
e2 57 0e c0 50 0c 4e 01 f4 10 00 65 b3 e3 e1 
e2 5f 08 c0 51 fe a5 e3 e1 
e2 c0 12 5f 51 0c 2a 0c 4e 01 10 00 00 00 00 6e 2e e3 e1 
e2 5f 0e c0 50 0c 4e 01 f4 10 00 65 b3 e3 e1 
e2 5f 0e c0 50 0c 4e 01 f4 10 00 65 b3 e3 e1 
e2 5f 0e c0 50 0c 4e 01 f4 10 00 65 b3 e3 e1 
e2 5f 0e c0 50 0c 4e 01 f4 10 00 65 b3 e3 e1 
e2 5f 08 c0 51 fe a5 e3 e1 
e2 c0 12 5f 51 0c 59 0c 4e 01 10 00 00 00 00 e8 b1 e3 e1 
e2 5f 0e c0 50 0c 4e 01 f4 10 00 65 b3 e3 
e2 5f 0e c0 50 0c 4e 01 f4 10 00 65 b3 e3 e1 
e2 5f 0e c0 50 0c 4e 01 f4 10 00 65 b3 e3 e1 
e2 5f 0e c0 50 0c 4e 01 f4 10 00 65 b3 e3 e1 
e2 5f 0e c0 50 0c 4e 01 f4 10 00 65 b3 e3 e1 
e2 5f 08 c0 51 fe a5 e3 e1 
e2 c0 12 5f 51 0c 47 0c 4e 01 10 00 00 00 00 c8 38 e3 e1 
e2 5f 0e c0 50 0c 4e 01 f4 10 00 65 b3 e3 e1 
e2 5f 0e c0 50 0c 4e 01 f4 10 00 65 b3 e3 e1 
e2 5f 0e c0 50 0c 4e 01 f4 10 00 65 b3 e3 e1 
e2 5f 0e c0 50 0c 4e 01 f4 10 00 65 b3 e3 e1 
e2 5f 08 c0 51 fe a5 e3 e1 
e2 c0 12 5f 51 0c 38 0c 4e 01 10 00 00 00 00 fb b7 e3 e1 
e2 5f 0e c0 50 0c 4e 01 f4 10 00 65 b3 e3 e1 
e2 5f 0e c0 50 0c 4e 01 f4 10 00 65 b3 e3 
e2 5f 0e c0 50 0c 4e 01 f4 10 00 65 b3 e3 
e2 5f 0e c0 50 0c 4e 01 f4 10 00 65 b3 e3 e1 
e2 5f 0e c0 50 0c 4e 01 f4 10 00 65 b3 e3 e1 
e2 5f 0e c0 50 0c 4e 01 f4 10 00 65 b3 e3 e1 
e2 5f 08 c0 51 fe a5 e3 e1 
e2 5f 0e c0 50 0c 4e 01 f4 10 00 65 b3 e3 
e2 5f 0e c0 50 0c 4e 01 f4 10 00 65 b3 e3 e1 
e2 5f 0e c0 50 0c 4e 01 f4 10 00 65 b3 e3 e1 
e2 5f 0e c0 50 0c 4e 01 f4 10 00 65 b3 e3 e1 
e2 5f 0e c0 50 0c 4e 01 f4 10 00 65 b3 e3 e1 
e2 5f 08 c0 51 fe a5 e3 e1 
e2 c0 12 5f 51 0c 4e 0c 4e 01 10 00 00 00 00 0a e4 e3 e1 
e2 5f 0e c0 50 0c 4e 01 f4 10 00 65 b3 e3 e1 
e2 5f 0e c0 50 0c 4e 01 f4 10 00 65 b3 e3 e1 
e2 5f 0e c0 50 0c 4e 01 f4 10 00 65 b3 e3 e1 
e2 5f 0e c0 50 0c 4e 01 f4 10 00 65 b3 e3 e1 
e2 5f 08 c0 51 fe a5 e3 e1 
e2 c0 12 5f 51 0c 7b 0c 4e 01 10 00 00 00 00 89 2a e3 e1 
e2 5f 0e c0 50 0c 4e 01 f4 10 00 65 b3 e3 e1 
e2 5f 0e c0 50 0c 4e 01 f4 10 00 65 b3 e3 e1 
e2 5f 0e c0 50 0c 4e 01 f4 10 00 65 b3 e3 e1 
e2 5f 0e c0 50 0c 4e 01 f4 10 00 65 b3 e3 e1 
e2 5f 08 c0 51 fe a5 e3 e1 
e2 c0 12 5f 51 0c 66 0c 4e 01 10 00 00 00 00 84 e7 e3 e1 
e2 5f 0e c0 50 0c 4e 01 f4 10 00 65 b3 e3 e1 
e2 5f 0e c0 50 0c 4e 01 f4 10 00 65 b3 e3 e1 
e2 5f 0e c0 50 0c 4e 01 f4 10 00 65 b3 e3 e1 
e2 5f 0e c0 50 0c 4e 01 f4 10 00 65 b3 e3 e1 
e2 5f 08 c0 51 7e a5 e3 e1 
e2 c0 12 5f 51 0c 7a 0c 4e 01 10 00 00 00 00 62 09 e3 e1 
e2 5f 0e c0 50 0c 4e 01 f4 10 00 65 b3 e3 e1 
e2 5f 0e c0 50 0c 4e 01 f4 10 00 65 b3 e3 e1 
e2 5f 0e c0 50 0c 4e 01 f4 10 00 65 b3 e3 e1 
e2 5f 0e c0 50 0c 4e 01 f4 10 00 65 b3 e3 e1 
e2 5f 08 c0 51 fe a5 e3 e1 
e2 c0 12 5f 51 0c 88 0c 4e 01 10 00 00 00 00 b0 07 e3 e1 
e2 5f 0e c0 50 0c 4e 01 f4 10 00 65 b3 e3 e1 
e2 5f 0e c0 50 0c 4e 01 f4 10 00 65 b3 e3 e1 
e2 5f 0e c0 50 0c 4e 01 f4 10 00 65 b3 e3 e1 
e2 5f 0e c0 50 0c 4e 01 f4 10 00 65 b3 e3 e1 
e2 5f 08 c0 51 fe a5 e3 e1 
e2 c0 12 5f 51 0c 6e 0c 4e 01 10 00 00 00 00 ad 18 e3 e1 
e2 5f 0e c0 50 0c 4e 01 f4 10 00 65 b3 e3 e1 
e2 5f 0e c0 50 0c 4e 01 f4 10 00 65 b3 e3 e1 
e2 5f 0e c0 50 0c 4e 01 f4 10 00 65 b3 e3 e1 
e2 5f 0e c0 50 0c 4e 01 f4 10 00 65 b3 e3 e1 
e2 5f 08 c0 51 fe a5 e3 e1 
e2 c0 12 e2 c0 12 5f 51 0c 44 0c 4e 01 10 00 e5 7c e3 e1 
e2 5f 0e c0 50 0c 4e 01 f4 10 00 65 b3 e3 e1 
e2 5f 0e c0 50 0c 4e 01 f4 10 00 65 b3 e3 e1 
e2 5f 0e c0 50 0c 4e 01 f4 10 00 65 b3 e3 e1 
e2 5f 0e c0 50 0c 4e 01 f4 10 00 65 b3 e3 
e2 5f 0e c0 50 0c 4e 01 f4 10 00 65 b3 e3 e1 
e2 5f 08 c0 51 fe a5 e3 e1 
e2 c0 12 5f 51 0c 69 0c 4e 01 10 00 00 00 00 1c b3 e3 e1 
e2 5f 0e c0 50 0c 4e 01 f4 10 00 65 b3 e3 e1 
e2 5f 0e c0 50 00 00 01 f4 00 00 b3 e0 e3 e3 e1 
e2 5f 0e c0 50 00 00 01 f4 00 00 b3 e0 e3 e3 e1
e2 5f 08 c0 51 fe a5 e3 
e2 5f 08 c0 51 fe a5 e3
e2 5f 08 c0 51 fe a5 e3 e1 
e2 c0 12 5f 51 00 00 00 00 00 10 00 00 00 00 7a 47 e3 e1 
e2 5f 0e c0 50 0c 4e 01 f4 10 00 65 b3 e3 e1 
e2 5f 0e c0 50 0c 4e 01 f4 10 00 65 b3 e3 e1 
e2 5f 0e c0 50 0c 4e 01 f4 10 00 65 b3 e3 e1 
e2 5f 0e c0 50 0c 4e 01 f4 10 00 65 b3 e3 e1 
e2 5f 08 c0 51 fe a5 e3 e1 
e2 c0 12 5f 51 00 00 0c 4e 01 10 00 00 00 00 c1 34 e3 e1 
e2 5f 0e c0 50 0c 4e 01 f4 10 00 65 b3 e3 e1 
e2 5f 0e c0 50 0c 4e 01 f4 10 00 65 b3 e3 e1 
e2 5f 0e c0 50 0c 4e 01 f4 10 00 65 b3 e3 e1 
e2 5f 0e c0 50 0c 4e 01 f4 10 00 65 b3 e3 e1 
e2 5f 08 c0 51 fe a5 e3 e1 
e2 c0 12 5f 51 00 00 0c 4e 01 10 00 00 00 00 c1 34 e3 e1 
e2 5f 0e c0 50 0c 4e 01 f4 10 00 65 b3 e3 e1 
e2 5f 0e c0 50 0c 4e 01 f4 10 00 65 b3 e3 e1 
e2 5f 0e c0 50 0c 4e 01 f4 10 00 65 b3 e3 e1 
e2 57 0e c0 50 0c 4e 01 f4 10 00 65 b3 e3 e1 
e2 5f 08 c0 51 fe a5 e3 e1 
e2 c0 12 5f 51 02 58 0c 4e 01 10 00 00 00 00 3a 66 e3 e1 
e2 5f 0e c0 50 0c 4e 01 f4 10 00 65 b3 e3 e1 
e2 5f 0e c0 50 0c 4e 01 f4 10 00 65 b3 e3 e1 
e2 5f 0e c0 50 0c 4e 01 f4 10 00 65 b3 e3 e1 
e2 5f 0e c0 50 0c 4e 01 f4 10 00 65 b3 e3 e1 
e2 5f 08 c0 51 fe a5 e3 e1 
e2 c0 12 5f 51 07 e9 0c 4e 01 10 00 00 00 00 58 85 e3 e1 
e2 5f 0e c0 50 0c 4e 01 f4 10 00 65 b3 e3 e1 
e2 5f 0e c0 50 0c 4e 01 f4 10 00 65 b3 e3 
e2 5f 0e c0 50 0c 4e 01 f4 10 00 65 b3 e3 e1 
e2 5f 0e c0 50 0c 4e 01 f4 10 00 65 b3 e3 e1 
e2 5f 0e c0 50 00 00 01 f4 10 00 b0 90 e3 e1 
e2 5f 08 c0 51 fe a5 e3 e1 
e2 c0 12 5f 51 00 00 00 00 01 10 00 00 00 00 3f e7 e3 e1 
e2 5f 0e c0 50 00 00 01 f4 10 00 b0 90 e3 e1 
e2 5f 0e c0 50 00 00 01 f4 10 00 b0 90 e3 e1 
e2 5f 0e c0 50 00 00 01 f4 10 00 b0 90 e3 e1 
e2 5f 0e c0 50 00 00 01 f4 10 00 b0 90 e3 e1 
e2 5f 08 c0 51 fe a5 e3 e1 
e2 c0 12 5f 51 00 00 00 00 01 10 00 00 00 00 3f e7 e3 e1 
e2 5f 0e c0 50 00 00 01 f4 10 00 b0 90 e3 e1 
e2 5f 0e c0 50 00 00 01 f4 10 00 b0 90 e3 e1 
e2 5f 0e c0 50 00 00 01 f4 10 00 b0 90 e3 e1 
e2 5f 0e c0 50 00 00 01 f4 10 00 b0 90 e3 e1 
e2 5f 08 c0 51 fe a5 e3 e1 
e2 c0 12 5f 51 00 00 00 00 01 10 00 00 00 00 3f e7 e3 e1 
e2 5f 0e c0 50 00 00 01 f4 10 00 b0 90 e3 e1 
e2 5f 0e c0 50 00 00 01 f4 10 00 b0 90 e3 e1 
e2 5f 0e c0 50 00 00 01 f4 10 00 b0 90 e3 e1 
e2 5f 0e c0 50 00 00 01 f4 10 00 b0 90 e3 e1 
e2 5f 08 c0 51 fe a5 e3 e1 
e2 c0 12 5f 51 00 00 00 00 01 10 00 00 00 00 3f e7 e3 e1 
e2 5f 0e c0 50 00 00 01 f4 10 00 b0 90 e3 e1 
e2 5f 0e c0 50 00 00 01 f4 10 00 b0 90 e3 e1 
e2 5f 0e c0 50 00 00 01 f4 10 00 b0 90 e3 e1 
e2 5f 0e c0 50 00 00 01 f4 10 00 b0 90 e3 e1 
e2 5f 08 c0 51 fe a5 e3 e1 
e2 c0 12 5f 51 00 00 00 00 01 10 00 00 00 00 3f e7 e3 e1 
e2 5f 0e c0 50 00 00 01 f4 10 00 b0 90 e3 e1 
e2 5f 0e c0 50 00 00 01 f4 10 00 b0 90 e3 e1 
e2 5f 0e c0 50 00 00 01 f4 10 00 b0 90 e3 e1 
e2 5f 0e c0 50 00 00 01 f4 10 00 b0 90 e3 e1 
e2 5f 08 c0 51 fe a5 e3 e1 
e2 c0 12 5f 51 00 00 00 00 01 10 00 00 00 00 3f e7 e3 e1 
e2 5f 0e c0 50 00 00 01 f4 10 00 b0 90 e3 e1 
e2 5f 0e c0 50 00 00 01 f4 10 00 b0 90 e3 e1 
e2 5f 0e c0 50 00 00 01 f4 10 00 b0 90 e3 e1 
e2 5f 0e c0 50 00 00 01 f4 10 00 b0 90 e3 e1 
e2 5f 08 c0 51 fe a5 e3 e1 
e2 c0 12 5f 51 00 00 00 00 01 10 00 00 00 00 3f e7 e3 e1 
e2 5f 0e c0 50 00 00 01 f4 10 00 b0 90 e3 e1 
e2 5f 0e c0 50 00 00 01 f4 10 00 b0 90 e3 e1 
e2 5f 0e c0 50 00 00 01 f4 10 00 b0 90 e3 e1 
e2 5f 0e c0 50 00 00 01 f4 10 00 b0 90 e3 e1 
e2 5f 08 c0 51 fe a5 e3 e1 
e2 c0 12 5f 51 00 00 00 00 01 10 00 00 00 00 3f e7 e3 e1 
e2 5f 0e c0 50 00 00 01 f4 10 00 b0 90 e3 e1 
e2 5f 0e c0 50 00 00 01 f4 10 00 b0 90 e3 e1 
e2 5f 0e c0 50 00 00 01 f4 10 00 b0 90 e3 e1 
e2 5f 0e c0 50 00 00 01 f4 10 00 b0 90 e3 e1 
e2 5f 08 c0 51 fe a5 e3 e1 
e2 c0 12 5f 51 00 00 00 00 01 10 00 00 00 00 3f e7 e3 e1 
e2 5f 0e c0 50 00 00 01 f4 10 00 b0 90 e3 e1 
e2 5f 0e c0 50 00 00 01 f4 10 00 b0 90 e3 e1 
e2 5f 0e c0 50 00 00 01 f4 10 00 b0 90 e3 e1 
e2 5f 0e c0 50 00 00 01 f4 10 00 b0 90 e3 e1 
e2 5f 08 c0 51 fe a5 e3 e1 
e2 c0 12 5f 51 00 00 00 00 01 10 00 00 00 00 3f e7 e3 e1 
e2 5f 0e c0 50 00 00 01 f4 10 00 b0 90 e3 e1 
e2 5f 0e c0 50 00 00 01 f4 10 00 b0 90 e3 e1 
e2 5f 0e c0 50 00 00 01 f4 10 00 b0 90 e3 e1 
e2 5f 0e c0 50 00 00 01 f4 10 00 b0 90 e3 e1 
e2 5f 08 c0 51 fe a5 e3 e1 
e2 c0 12 5f 51 00 00 00 00 01 10 00 00 00 00 3f e7 e3 e1 
e2 5f 0e c0 50 00 00 01 f4 10 00 b0 90 e3 e1 
e2 5f 0e c0 50 00 00 01 f4 10 00 b0 90 e3 e1 
e2 5f 0e c0 50 00 00 01 f4 10 00 b0 90 e3 e1 
e2 5f 0e c0 50 00 00 01 f4 10 00 b0 90 e3 e1 
e2 5f 08 c0 51 fe a5 e3 e1 
e2 c0 12 5f 51 00 00 00 00 01 10 00 00 00 00 3f e7 e3 e1 
e2 5f 0e c0 50 00 00 01 f4 10 00 b0 90 e3 e1 
e2 5f 0e c0 50 00 00 01 f4 10 00 b0 90 e3 e1 
e2 5f 0e c0 50 00 00 01 f4 10 00 b0 90 e3 e1 
e2 5f 0e c0 50 00 00 01 f4 10 00 b0 90 e3 e1 
e2 5f 08 c0 51 fe a5 e3 e1 
e2 c0 12 5f 51 00 00 00 00 01 10 00 00 00 00 3f e7 e3 e1 
e2 5f 0e c0 50 00 00 01 f4 10 00 b0 90 e3 e1 
e2 5f 0e c0 50 00 00 01 f4 10 00 b0 90 e3 e1 
e2 5f 0e c0 50 00 00 01 f4 10 00 b0 90 e3 e1 
e2 5f 0e c0 50 00 00 01 f4 10 00 b0 90 e3 e1 
e2 5f 08 c0 51 fe a5 e3 e1 
e2 c0 12 5f 51 00 00 00 00 01 10 00 00 00 00 3f e7 e3 e1 
e2 5f 0e c0 50 00 00 01 f4 10 00 b0 90 e3 e1 
e2 5f 0e c0 50 00 00 01 f4 10 00 b0 90 e3 e1 
e2 5f 0e c0 50 00 00 01 f4 10 00 b0 90 e3 e1 
e2 5f 0e c0 50 00 00 01 f4 10 00 b0 90 e3 e1 
e2 5f 08 c0 51 fe a5 e3 e1 
e2 c0 12 5f 51 00 00 00 00 01 10 00 00 00 00 3f e7 e3 e1 
e2 5f 0e c0 50 00 00 01 f4 10 00 b0 90 e3 e1 
e2 5f 0e c0 50 00 00 01 f4 10 00 b0 90 e3 e1 
e2 5f 0e c0 50 00 00 01 f4 10 00 b0 90 e3 e1 
e2 5f 0e c0 50 00 00 01 f4 10 00 b0 90 e3 e1 
e2 5f 08 c0 51 fe a5 e3 e1 
e2 c0 12 5f 51 00 00 00 00 01 10 00 00 00 00 3f e7 e3 e1 
e2 5f 0e c0 50 00 00 01 f4 10 00 b0 90 e3 e1 
e2 5f 0e c0 50 00 00 01 f4 10 00 b0 90 e3 e1 
e2 5f 0e c0 50 00 00 01 f4 10 00 b0 90 e3 e1 
e2 5f 0e c0 50 00 00 01 f4 10 00 b0 90 e3 e1 
e2 5f 08 c0 51 fe a5 e3 e1 
e2 c0 12 5f 51 00 00 00 00 01 10 00 00 00 00 3f e7 e3 e1 
e2 5f 0e c0 50 00 00 01 f4 10 00 b0 90 e3 e1 
e2 5f 0e c0 50 00 00 01 f4 10 00 b0 90 e3 e1 
e2 5f 0e c0 50 00 00 01 f4 10 00 b0 90 e3 e1 
e2 5f 0e c0 50 00 00 01 f4 10 00 b0 90 e3 e1 
e2 5f 08 c0 51 fe a5 e3 e1 
e2 c0 12 5f 51 00 00 00 00 01 10 00 00 00 00 3f e7 e3 e1 
e2 5f 0e c0 50 00 00 01 f4 10 00 b0 90 e3 e1 
e2 5f 0e c0 50 00 00 01 f4 10 00 b0 90 e3 e1 
e2 5f 0e c0 50 00 00 01 f4 10 00 b0 90 e3 e1 
e2 5f 0e c0 50 00 00 01 f4 10 00 b0 90 e3 e1 
e2 5f 08 c0 51 fe a5 e3 e1 
e2 c0 12 5f 51 00 00 00 00 01 10 00 00 00 00 3f e7 e3 e1 
e2 5f 0e c0 50 00 00 01 f4 10 00 b0 90 e3 e1 
e2 5f 0e c0 50 00 00 01 f4 10 00 b0 90 e3 e1 
e2 5f 0e c0 50 00 00 01 f4 10 00 b0 90 e3 e1 
e2 5f 0e c0 50 00 00 01 f4 10 00 b0 90 e3 e1 
e2 5f 08 c0 51 fe a5 e3 e1 
e2 c0 12 5f 51 00 00 00 00 01 10 00 00 00 00 3f e7 e3 e1 
e2 5f 0e c0 50 00 00 01 f4 10 00 b0 90 e3 e1 
e2 5f 0e c0 50 00 00 01 f4 10 00 b0 90 e3 e1 
e2 5f 0e c0 50 00 00 01 f4 10 00 b0 90 e3 e1 
e2 5f 0e c0 50 00 00 01 f4 10 00 b0 90 e3 e1 
e2 5f 08 c0 51 fe a5 e3 e1 
e2 c0 12 5f 51 00 00 00 00 01 10 00 00 00 00 3f e7 e3 e1 
e2 5f 0e c0 50 00 00 01 f4 10 00 b0 90 e3 e1 
e2 5f 0e c0 50 00 00 01 f4 10 00 b0 90 e3 e1 
e2 5f 0e c0 50 00 00 01 f4 10 00 b0 90 e3 e1 
e2 5f 0e c0 50 00 00 01 f4 10 00 b0 90 e3 e1 
e2 5f 08 c0 51 fe a5 e3 e1 
e2 c0 12 5f 51 00 00 00 00 01 10 00 00 00 00 3f e7 e3 e1 
e2 5f 0e c0 50 00 00 01 f4 10 00 b0 90 e3 e1 
e2 5f 0e c0 50 00 00 01 f4 10 00 b0 90 e3 e1 
e2 5f 0e c0 50 00 00 01 f4 10 00 b0 90 e3 e1 
e2 5f 0e c0 50 00 00 01 f4 10 00 b0 90 e3 e1 
e2 5f 08 c0 51 fe a5 e3 e1 
e2 c0 12 5f 51 00 00 00 00 01 10 00 00 00 00 3f e7 e3 e1 
e2 5f 0e c0 50 00 00 01 f4 10 00 b0 90 e3 e1 
e2 5f 0e c0 50 00 00 01 f4 10 00 b0 90 e3 e1 
e2 5f 0e c0 50 00 00 01 f4 10 00 b0 90 e3 e1 
e2 5f 0e c0 50 00 00 01 f4 10 00 b0 90 e3 e1 
e2 5f 08 c0 51 7e a5 e3 e1 
e2 c0 12 5f 51 00 00 00 00 01 10 00 00 00 00 3f e7 e3 e1 
e2 5f 0e c0 50 00 00 01 f4 10 00 b0 90 e3 e1 
e2 5f 0e c0 50 00 00 01 f4 10 00 b0 90 e3 e1 
e2 5f 0e c0 50 00 00 01 f4 10 00 b0 90 e3 e1 
e2 5f 0e c0 50 00 00 01 f4 10 00 b0 90 e3 e1 
e2 5f 08 c0 51 fe a5 e3 e1 
e2 c0 12 5f 51 00 00 00 00 01 10 00 00 00 00 3f e7 e3 e1 
e2 5f 0e c0 50 00 00 01 f4 10 00 b0 90 e3 e1 
e2 5f 0e c0 50 00 00 01 f4 10 00 b0 90 e3 e1 
e2 5f 0e c0 50 00 00 01 f4 10 00 b0 90 e3 e1 
e2 5f 0e c0 50 00 00 01 f4 10 00 b0 90 e3 e1 
e2 5f 08 c0 51 fe a5 e3 e1 
e2 c0 12 5f 51 00 00 00 00 01 10 00 00 00 00 3f e7 e3 e1 
e2 5f 0e c0 50 00 00 01 f4 10 00 b0 90 e3 e1 
e2 5f 0e c0 50 00 00 01 f4 10 00 b0 90 e3 e1 
e2 5f 0e c0 50 00 00 01 f4 10 00 b0 90 e3 e1 
e2 5f 0e c0 50 00 00 01 f4 10 00 b0 90 e3 e1 
e2 5f 08 c0 51 fe a5 e3 e1 
e2 c0 12 5f 51 00 00 00 00 01 10 00 00 00 00 3f e7 e3 e1 
e2 5f 0e c0 50 00 00 01 f4 10 00 b0 90 e3 e1 
e2 5f 0e c0 50 00 00 01 f4 10 00 b0 90 e3 e1 
e2 5f 0e c0 50 00 00 01 f4 10 00 b0 90 e3 e1 
e2 5f 0e c0 50 00 00 01 f4 10 00 b0 90 e3 e1 
e2 5f 08 c0 51 fe a5 e3 e1 
e2 c0 12 5f 51 00 00 00 00 01 10 00 00 00 00 3f e7 e3 e1 
e2 5f 0e c0 50 00 00 01 f4 10 00 b0 90 e3 e1 
e2 5f 0e c0 50 00 00 01 f4 10 00 b0 90 e3 e1 
e2 5f 0e c0 50 00 00 01 f4 10 00 b0 90 e3 e1 
e2 5f 0e c0 50 00 00 01 f4 10 00 b0 90 e3 e1 
e2 5f 08 c0 51 fe a5 e3 e1 
e2 c0 12 5f 51 00 00 00 00 01 10 00 00 00 00 3f e7 e3 e1 
e2 5f 0e c0 50 00 00 01 f4 10 00 b0 90 e3 e1 
e2 5f 0e c0 50 00 00 01 f4 10 00 b0 90 e3 e1 
e2 5f 0e c0 50 00 00 01 f4 10 00 b0 90 e3 e1 
e2 5f 0e c0 50 00 00 01 f4 10 00 b0 90 e3 e1 
e2 5f 08 c0 51 fe a5 e3 e1 
e2 c0 12 5f 51 00 00 00 00 01 10 00 00 00 00 3f e7 e3 e1 
e2 5f 0e c0 50 00 00 01 f4 10 00 b0 90 e3 e1 
e2 5f 0e c0 50 00 00 01 f4 10 00 b0 90 e3 e1 
e2 5f 0e c0 50 00 00 01 f4 10 00 b0 90 e3 e1
e2 5f 08 c0 51 fe a5 e3 
e2 5f 08 c0 51 fe a5 e3
e2 5f 08 c0 51 fe a5 e3 e1 
e2 c0 12 5f 51 00 00 00 00 00 10 00 00 00 00 7a 47 e3 e1 
e2 5f 0e c0 50 00 00 01 f4 00 00 b3 e0 e3 e3 e1 
e2 5f 0e c0 50 00 00 01 f4 00 00 b3 e0 e3 e3 e1 
e2 5f 08 c0 51 fe a5 e3 e1 
e2 c0 12 5f 51 00 00 00 00 00 10 00 00 00 00 7a 47 e3 e1 
e2 5f 0e c0 50 0c 4e 01 f4 10 00 65 b3 e3 e1 
e2 5f 0e c0 50 0c 4e 01 f4 10 00 65 b3 e3 e1 
e2 5f 0e c0 50 0c 4e 01 f4 10 00 65 b3 e3 e1 
e2 5f 0e c0 50 0c 4e 01 f4 10 00 65 b3 e3 e1 
e2 5f 08 c0 51 fe a5 e3 e1 
e2 c0 12 5f 51 00 00 0c 4e 01 10 00 00 00 00 c1 34 e3 e1 
e2 5f 0e c0 50 0c 4e 01 f4 10 00 65 b3 e3 e1 
e2 5f 0e c0 50 0c 4e 01 f4 10 00 65 b3 e3 e1 
e2 5f 0e c0 50 0c 4e 01 f4 10 00 65 b3 e3 
e2 5f 0e c0 50 0c 4e 01 f4 10 00 65 b3 e3 e1 
e2 5f 0e c0 50 0c 4e 01 f4 10 00 65 b3 e3 e1 
e2 5f 08 c0 51 fe a5 e3 e1 
e2 c0 12 5f 51 00 00 0c 4e 01 10 00 00 00 00 c1 34 e3 e1 
e2 5f 0e c0 50 0c 4e 01 f4 10 00 65 b3 e3 
e2 5f 0e c0 50 0c 4e 01 f4 10 00 65 b3 e3 
e2 5f 0e c0 50 0c 4e 01 f4 10 00 65 b3 e3 e1 
e2 5f 0e c0 50 0c 4e 01 f4 10 00 65 b3 e3 e1 
e2 5f 0e c0 50 0c 4e 01 f4 10 00 65 b3 e3 e1 
e2 5f 0e c0 50 0c 4e 01 f4 10 00 65 b3 e3 e1 
e2 5f 08 c0 51 fe a5 e3 e1 
e2 c0 12 5f 51 01 5c 0c 4e 01 10 00 00 00 00 17 46 e3 e1 
e2 5f 0e c0 50 0c 4e 01 f4 10 00 65 b3 e3 e1 
e2 5f 0e c0 50 0c 4e 01 f4 10 00 65 b3 e3 e1 
e2 5f 0e c0 50 0c 4e 01 f4 10 00 65 b3 e3 e1 
e2 5f 0e c0 50 0c 4e 01 f4 10 00 65 b3 e3 e1 
e2 5f 08 c0 51 fe a5 e3 e1 
e2 c0 12 5f 51 04 15 0c 4e 01 10 00 00 00 00 48 33 e3 e1
e2 c0 12 5f 51 04 15 0c 4e 01 10 00 00 00 00 48 33 e3 e1
e2 5f 0e c0 50 0c 4e 01 f4 10 00 65 b3 e3 e1 
e2 5f 0e c0 50 0c 4e 01 f4 10 00 65 b3 e3 e1 
e2 5f 0e c0 50 0c 4e 01 f4 10 00 65 b3 e3 e1 
e2 5f 0e c0 50 0c 4e 01 f4 10 00 65 b3 e3 e1 
e2 5f 08 c0 51 fe a5 e3 e1 
e2 c0 e2 c0 12 5f 51 0c a8 0c 4e 01 10 00 00 17 fb e3 e1 
e2 5f 0e c0 50 0c 4e 01 f4 10 00 65 b3 e3 e1 
e2 5f 0e c0 50 0c 4e 01 f4 10 00 65 b3 e3 e1
e2 5f 0e c0 50 0c 4e 01 f4 10 00 65 b3 e3 e1 
e2 5f 0e c0 50 0c 4e 01 f4 10 00 65 b3 e3 e1 
e2 5f 0e c0 50 00 00 01 f4 10 00 b0 90 e3 e1 
e2 5f 08 c0 51 fe a5 e3 e1 
e2 c0 12 5f 51 00 00 00 00 01 10 00 00 00 00 3f e7 e3 e1 
e2 5f 0e c0 50 00 00 01 f4 10 00 b0 90 e3 e1 
e2 5f 0e c0 50 00 00 01 f4 10 00 b0 90 e3 e1 
e2 5f 0e c0 50 00 00 01 f4 10 00 b0 90 e3 e1 
e2 5f 0e c0 50 00 00 01 f4 10 00 b0 90 e3 e1 
e2 5f 08 c0 51 fe a5 e3 e1 
e2 c0 12 5f 51 00 00 00 00 01 10 00 00 00 00 3f e7 e3 e1 
e2 5f 0e c0 50 00 00 01 f4 10 00 b0 90 e3 e1 
e2 5f 0e c0 50 00 00 01 f4 10 00 b0 90 e3 e1 
e2 5f 0e c0 50 00 00 01 f4 10 00 b0 90 e3 e1 
e2 5f 0e c0 50 00 00 01 f4 10 00 b0 90 e3 e1 
e2 5f 08 c0 51 fe a5 e3 e1 
e2 c0 12 5f 51 00 00 00 00 01 10 00 00 00 00 3f e7 e3 e1 
e2 5f 0e c0 50 00 00 01 f4 10 00 b0 90 e3 e1 
e2 5f 0e c0 50 00 00 01 f4 10 00 b0 90 e3 e1 
e2 5f 0e c0 50 00 00 01 f4 10 00 b0 90 e3 e1 
e2 5f 0e c0 50 00 00 01 f4 10 00 b0 90 e3 e1 
e2 5f 08 c0 51 fe a5 e3 e1 
e2 c0 12 5f 51 00 00 00 00 01 10 00 00 00 00 3f e7 e3 e1 
e2 5f 0e c0 50 00 00 01 f4 10 00 b0 90 e3 e1 
e2 5f 0e c0 50 00 00 01 f4 10 00 b0 90 e3 e1 
e2 5f 0e c0 50 00 00 01 f4 10 00 b0 90 e3 e1 
e2 5f 0e c0 50 00 00 01 f4 10 00 b0 90 e3 e1 
e2 5f 08 c0 51 fe a5 e3 e1 
e2 c0 12 5f 51 00 00 00 00 01 10 00 00 00 00 3f e7 e3 e1 
e2 5f 0e c0 50 00 00 01 f4 10 00 b0 90 e3 e1 
e2 5f 0e c0 50 00 00 01 f4 10 00 b0 90 e3 e1 
e2 5f 0e c0 50 00 00 01 f4 10 00 b0 90 e3 e1 
e2 5f 0e c0 50 00 00 01 f4 10 00 b0 90 e3 e1 
e2 5f 08 c0 51 fe a5 e3 e1 
e2 c0 12 5f 51 00 00 00 00 01 10 00 00 00 00 3f e7 e3 e1 
e2 57 0e c0 50 00 00 01 f4 10 00 b0 90 e3 e1 
e2 5f 0e c0 50 00 00 01 f4 10 00 b0 90 e3 e1 
e2 5f 0e c0 50 00 00 01 f4 10 00 b0 90 e3 e1 
e2 5f 0e c0 50 00 00 01 f4 10 00 b0 90 e3 e1 
e2 5f 08 c0 51 fe a5 e3 e1 
e2 c0 12 5f 51 00 00 00 00 01 10 00 00 00 00 3f e7 e3 e1 
e2 5f 0e c0 50 00 00 01 f4 10 00 b0 90 e3 e1 
e2 5f 0e c0 50 00 00 01 f4 10 00 b0 90 e3 e1 
e2 5f 0e c0 50 00 00 01 f4 10 00 b0 90 e3 e1 
e2 5f 0e c0 50 00 00 01 f4 10 00 b0 90 e3 e1 
e2 5f 08 c0 51 fe a5 e3 e1 
e2 c0 12 5f 51 00 00 00 00 01 10 00 00 00 00 3f e7 e3 e1 
e2 5f 0e c0 50 00 00 01 f4 10 00 b0 90 e3 e1 
e2 5f 0e c0 50 00 00 01 f4 10 00 b0 90 e3 e1 
e2 5f 0e c0 50 00 00 01 f4 10 00 b0 90 e3 e1 
e2 5f 0e c0 50 00 00 01 f4 10 00 b0 90 e3 e1 
e2 5f 08 c0 51 fe a5 e3 e1 
e2 c0 12 5f 51 00 00 00 00 01 10 00 00 00 00 3f e7 e3 e1 
e2 5f 0e c0 50 00 00 01 f4 10 00 b0 90 e3 e1 
e2 5f 0e c0 50 00 00 01 f4 10 00 b0 90 e3 e1 
e2 5f 0e c0 50 00 00 01 f4 10 00 b0 90 e3 e1 
e2 5f 0e c0 50 00 00 01 f4 10 00 b0 90 e3 e1 
e2 5f 08 c0 51 fe a5 e3 e1 
e2 c0 12 5f 51 00 00 00 00 01 10 00 00 00 00 3f e7 e3 e1 
e2 5f 0e c0 50 00 00 01 f4 10 00 b0 90 e3 e1 
e2 5f 0e c0 50 00 00 01 f4 10 00 b0 90 e3 e1 
e2 5f 0e c0 50 00 00 01 f4 10 00 b0 90 e3 e1 
e2 5f 0e c0 50 00 00 01 f4 10 00 b0 90 e3 e1 
e2 5f 08 c0 51 fe a5 e3 e1 
e2 c0 12 5f 51 00 00 00 00 01 10 00 00 00 00 3f e7 e3 e1 
e2 5f 0e c0 50 00 00 01 f4 10 00 b0 90 e3 e1 
e2 5f 0e c0 50 00 00 01 f4 10 00 b0 90 e3 e1 
e2 5f 0e c0 50 00 00 01 f4 10 00 b0 90 e3 e1 
e2 5f 0e c0 50 00 00 01 f4 10 00 b0 90 e3 e1 
e2 5f 08 c0 51 fe a5 e3 e1 
e2 c0 12 5f 51 00 00 00 00 01 10 00 00 00 00 3f e7 e3 e1 
e2 5f 0e c0 50 00 00 01 f4 10 00 b0 90 e3 e1 
e2 5f 0e c0 50 00 00 01 f4 10 00 b0 90 e3 e1 
e2 5f 0e c0 50 00 00 01 f4 10 00 b0 90 e3 e1 
e2 5f 0e c0 50 00 00 01 f4 10 00 b0 90 e3 e1 
e2 5f 08 c0 51 fe a5 e3 e1 
e2 c0 12 5f 51 00 00 00 00 01 10 00 00 00 00 3f e7 e3 e1 
e2 5f 0e c0 50 00 00 01 f4 10 00 b0 90 e3 e1 
e2 5f 0e c0 50 00 00 01 f4 10 00 b0 90 e3 e1 
e2 5f 0e c0 50 00 00 01 f4 10 00 b0 90 e3 e1 
e2 5f 0e c0 50 00 00 01 f4 10 00 b0 90 e3 e1 
e2 5f 08 c0 51 fe a5 e3 e1 
e2 c0 12 5f 51 00 00 00 00 01 10 00 00 00 00 3f e7 e3 e1 
e2 5f 0e c0 50 00 00 01 f4 10 00 b0 90 e3 e1 
e2 5f 0e c0 50 00 00 01 f4 10 00 b0 90 e3 e1 
e2 5f 0e c0 50 00 00 01 f4 10 00 b0 90 e3 e1 
e2 57 0e c0 50 00 00 01 f4 10 00 b0 90 e3 e1 
e2 5f 08 c0 51 fe a5 e3 e1 
e2 c0 12 5f 51 00 00 00 00 01 10 00 00 00 00 3f e7 e3 e1 
e2 5f 0e c0 50 00 00 01 f4 10 00 b0 90 e3 e1 
e2 5f 0e c0 50 00 00 01 f4 10 00 b0 90 e3 e1 
e2 5f 0e c0 50 00 00 01 f4 10 00 b0 90 e3 e1 
e2 57 0e c0 50 00 00 01 f4 10 00 b0 90 e3 e1 
e2 5f 08 c0 51 fe a5 e3 e1 
e2 c0 12 5f 51 00 00 00 00 01 10 00 00 00 00 3f e7 e3 e1 
e2 5f 0e c0 50 00 00 01 f4 10 00 b0 90 e3 e1 
e2 5f 0e c0 50 00 00 01 f4 10 00 b0 90 e3 e1 
e2 5f 0e c0 50 00 00 01 f4 10 00 b0 90 e3 e1 
e2 5f 0e c0 50 00 00 01 f4 10 00 b0 90 e3 e1 
e2 5f 08 c0 51 fe a5 e3 e1 
e2 c0 12 5f 51 00 00 00 00 01 10 00 00 00 00 3f e7 e3 e1 
e2 5f 0e c0 50 00 00 01 f4 10 00 b0 90 e3 e1 
e2 5f 0e c0 50 00 00 01 f4 10 00 b0 90 e3 e1 
e2 5f 0e c0 50 00 00 01 f4 10 00 b0 90 e3 e1 
e2 5f 0e c0 50 00 00 01 f4 10 00 b0 90 e3 e1 
e2 5f 08 c0 51 fe a5 e3 e1 
e2 c0 12 5f 51 00 00 00 00 01 10 00 00 00 00 3f e7 e3 e1 
e2 5f 0e c0 50 00 00 01 f4 10 00 b0 90 e3 e1 
e2 5f 0e c0 50 00 00 01 f4 10 00 b0 90 e3 e1 
e2 5f 0e c0 50 00 00 01 f4 10 00 b0 90 e3 e1 
e2 5f 0e c0 50 00 00 01 f4 10 00 b0 90 e3 e1 
e2 5f 08 c0 51 fe a5 e3 e1 
e2 c0 12 5f 51 00 00 00 00 01 10 00 00 00 00 3f e7 e3 e1 
e2 5f 0e c0 50 00 00 01 f4 10 00 b0 90 e3 e1 
e2 5f 0e c0 50 00 00 01 f4 10 00 b0 90 e3 e1 
e2 5f 0e c0 50 00 00 01 f4 10 00 b0 90 e3 e1 
e2 5f 0e c0 50 00 00 01 f4 10 00 b0 90 e3 e1 
e2 5f 08 c0 51 fe a5 e3 e1 
e2 c0 12 5f 51 00 00 00 00 01 10 00 00 00 00 3f e7 e3 e1 
e2 5f 0e c0 50 00 00 01 f4 10 00 b0 90 e3 e1 
e2 5f 0e c0 50 00 00 01 f4 10 00 b0 90 e3 e1 
e2 5f 0e c0 50 00 00 01 f4 10 00 b0 90 e3 e1 
e2 5f 0e c0 50 00 00 01 f4 10 00 b0 90 e3 e1 
e2 5f 08 c0 51 fe a5 e3 e1 
e2 c0 12 5f 51 00 00 00 00 01 10 00 00 00 00 3f e7 e3 e1 
e2 5f 0e c0 50 00 00 01 f4 10 00 b0 90 e3 e1 
e2 5f 0e c0 50 00 00 01 f4 10 00 b0 90 e3 e1 
e2 5f 0e c0 50 00 00 01 f4 10 00 b0 90 e3 e1 
e2 5f 0e c0 50 00 00 01 f4 10 00 b0 90 e3 e1 
e2 5f 08 c0 51 fe a5 e3 e1 
e2 c0 12 5f 51 00 00 00 00 01 10 00 00 00 00 3f e7 e3 e1 
e2 5f 0e c0 50 00 00 01 f4 10 00 b0 90 e3 e1 
e2 5f 0e c0 50 00 00 01 f4 10 00 b0 90 e3 e1 
e2 5f 0e c0 50 00 00 01 f4 10 00 b0 90 e3 e1 
e2 5f 0e c0 50 00 00 01 f4 10 00 b0 90 e3 e1 
e2 5f 08 c0 51 fe a5 e3 e1 
e2 c0 12 5f 51 00 00 00 00 01 10 00 00 00 00 3f e7 e3 e1 
e2 5f 0e c0 50 00 00 01 f4 10 00 b0 90 e3 e1 
e2 5f 0e c0 50 00 00 01 f4 10 00 b0 90 e3 e1 
e2 5f 0e c0 50 00 00 01 f4 10 00 b0 90 e3 e1 
e2 5f 0e c0 50 00 00 01 f4 10 00 b0 90 e3 e1 
e2 5f 08 c0 51 fe a5 e3 e1 
e2 c0 12 5f 51 00 00 00 00 01 10 00 00 00 00 3f e7 e3 e1 
e2 5f 0e c0 50 00 00 01 f4 10 00 b0 90 e3 e1 
e2 5f 0e c0 50 00 00 01 f4 10 00 b0 90 e3 e1 
e2 5f 0e c0 50 00 00 01 f4 10 00 b0 90 e3 e1 
e2 5f 0e c0 50 00 00 01 f4 10 00 b0 90 e3 e1 
e2 5f 08 c0 51 fe a5 e3 e1 
e2 c0 12 5f 51 00 00 00 00 01 10 00 00 00 00 3f e7 e3 e1 
e2 5f 0e c0 50 00 00 01 f4 10 00 b0 90 e3 e1 
e2 5f 0e c0 50 00 00 01 f4 10 00 b0 90 e3 e1 
e2 5f 0e c0 50 00 00 01 f4 10 00 b0 90 e3 e1 
e2 5f 0e c0 50 00 00 01 f4 10 00 b0 90 e3 e1 
e2 5f 08 c0 51 fe a5 e3 e1 
e2 c0 12 5f 51 00 00 00 00 01 10 00 00 00 00 3f e7 e3 e1 
e2 5f 0e c0 50 00 00 01 f4 10 00 b0 90 e3 e1 
e2 5f 0e c0 50 00 00 01 f4 10 00 b0 90 e3 e1 
e2 5f 0e c0 50 00 00 01 f4 10 00 b0 90 e3 e1 
e2 5f 0e c0 50 00 00 01 f4 10 00 b0 90 e3 e1 
e2 5f 08 c0 51 fe a5 e3 e1 
e2 c0 12 5f 51 00 00 00 00 01 10 00 00 00 00 3f e7 e3 e1 
e2 5f 0e c0 50 00 00 01 f4 10 00 b0 90 e3 e1 
e2 5f 0e c0 50 00 00 01 f4 10 00 b0 90 e3 e1 
e2 5f 0e c0 50 00 00 01 f4 10 00 b0 90 e3 e1 
e2 5f 0e c0 50 00 00 01 f4 10 00 b0 90 e3 e1 
e2 5f 08 c0 51 fe a5 e3 e1 
e2 c0 12 5f 51 00 00 00 00 01 10 00 00 00 00 3f e7 e3 e1 
e2 5f 0e c0 50 00 00 01 f4 10 00 b0 90 e3 e1 
e2 5f 0e c0 50 00 00 01 f4 10 00 b0 90 e3 e1 
e2 5f 0e c0 50 00 00 01 f4 10 00 b0 90 e3 e1 
e2 5f 0e c0 50 00 00 01 f4 10 00 b0 90 e3 e1 
e2 5f 08 c0 51 fe a5 e3 e1 
e2 c0 12 5f 51 00 00 00 00 01 10 00 00 00 00 3f e7 e3 e1 
e2 5f 0e c0 50 00 00 01 f4 10 00 b0 90 e3 e1 
e2 5f 0e c0 50 00 00 01 f4 10 00 b0 90 e3 e1 
e2 5f 0e c0 50 00 00 01 f4 10 00 b0 90 e3 e1 
e2 5f 0e c0 50 00 00 01 f4 10 00 b0 90 e3 e1 
e2 5f 08 c0 51 fe a5 e3 e1 
e2 c0 12 5f 51 00 00 00 00 01 10 00 00 00 00 3f e7 e3 e1 
e2 5f 0e c0 50 00 00 01 f4 10 00 b0 90 e3 e1 
e2 5f 0e c0 50 00 00 01 f4 10 00 b0 90 e3 e1 
e2 5f 0e c0 50 00 00 01 f4 10 00 b0 90 e3 e1 
e2 5f 08 c0 51 fe a5 e3 
e2 5f 08 c0 51 fe a5 e3
e2 5f 08 c0 51 fe a5 e3 e1 
e2 c0 12 5f 51 00 00 00 00 00 10 00 00 00 00 7a 47 e3 e1 
e2 5f 0e c0 50 00 00 01 f4 00 00 b3 e0 e3 e3 e1 
e2 5f 0e c0 50 0c 4e 01 f4 10 00 65 b3 e3 e1 
e2 5f 0e c0 50 00 00 01 f4 00 00 b3 e0 e3 e3 e1 
e2 5f 08 c0 51 fe a5 e3 e1 
e2 c0 12 5f 51 00 00 00 00 00 10 00 00 00 00 7a 47 e3 e1 
e2 5f 0e c0 50 0c 4e 01 f4 10 00 65 b3 e3 e1 
e2 5f 0e c0 50 0c 4e 01 f4 10 00 65 b3 e3 e1 
e2 5f 0e c0 50 0c 4e 01 f4 10 00 65 b3 e3 e1 
e2 5f 0e c0 50 0c 4e 01 f4 10 00 65 b3 e3 e1 
e2 5f 08 c0 51 fe a5 e3 e1 
e2 c0 12 5f 51 00 00 0c 4e 01 10 00 00 00 00 c1 34 e3 e1 
e2 5f 0e c0 50 0c 4e 01 f4 10 00 65 b3 e3 e1 
e2 5f 0e c0 50 0c 4e 01 f4 10 00 65 b3 e3 e1 
e2 5f 0e c0 50 0c 4e 01 f4 10 00 65 b3 e3 e1 
e2 5f 0e c0 50 0c 4e 01 f4 10 00 65 b3 e3 e1 
e2 5f 08 c0 51 fe a5 e3 e1 
e2 c0 12 5f 51 00 00 0c 4e 01 10 00 00 00 00 c1 34 e3 e1 
e2 5f 0e c0 50 0c 4e 01 f4 10 00 65 b3 e3 e1 
e2 5f 0e c0 50 0c 4e 01 f4 10 00 65 b3 e3 e1 
e2 5f 0e c0 50 0c 4e 01 f4 10 00 65 b3 e3 e1 
e2 5f 0e c0 50 0c 4e 01 f4 10 00 65 b3 e3 e1 
e2 5f 08 c0 51 fe a5 e3 e1 
e2 c0 12 5f 51 01 a2 0c 4e 01 10 00 00 00 00 70 58 e3 e1 
e2 5f 0e c0 50 0c 4e 01 f4 10 00 65 b3 e3 e1 
e2 5f 0e c0 50 0c 4e 01 f4 10 00 65 b3 e3 e1 
e2 5f 0e c0 50 0c 4e 01 f4 10 00 65 b3 e3 
e2 5f 0e c0 50 0c 4e 01 f4 10 00 65 b3 e3 e1 
e2 5f 0e c0 50 0c 4e 01 f4 10 00 65 b3 e3 e1 
e2 5f 08 c0 51 fe a5 e3 e1 
e2 c0 12 5f 51 04 d6 0c 4e 01 10 00 00 00 00 85 1c e3 e1 
e2 5f 0e c0 50 0c 4e 01 f4 10 00 65 b3 e3 e1 
e2 5f 0e c0 50 0c 4e 01 f4 10 00 65 b3 e3 
e2 5f 0e c0 50 0c 4e 01 f4 10 00 65 b3 e3 
e2 57 0e c0 50 0c 4e 01 f4 10 00 65 b3 e3 e1 
e2 5f 0e c0 50 0c 4e 01 f4 10 00 65 b3 e3 e1 
e2 5f 0e c0 50 0c 4e 01 f4 10 00 65 b3 e3 e1 
e2 5f 08 c0 51 fe a5 e3 e1 
e2 c0 12 5f 51 0d 27 0c 4e 01 10 00 00 00 00 5f 58 e3 e1 
e2 5f 0e c0 50 0c 4e 01 f4 10 00 65 b3 e3 e1 
e2 5f 0e c0 50 0c 4e 01 f4 10 00 65 b3 e3 e1 
e2 5f 0e c0 50 0c 4e 01 f4 10 00 65 b3 e3 e1 
e2 5f 0e c0 50 00 00 01 f4 10 00 b0 90 e3 e1 
e2 5f 08 c0 51 fe a5 e3 e1 
e2 c0 12 5f 51 00 00 00 00 01 10 00 00 00 00 3f e7 e3 e1 
e2 5f 0e c0 50 00 00 01 f4 10 00 b0 90 e3 e1 
e2 5f 0e c0 50 00 00 01 f4 10 00 b0 90 e3 e1 
e2 5f 0e c0 50 00 00 01 f4 10 00 b0 90 e3 e1 
e2 5f 0e c0 50 00 00 01 f4 10 00 b0 90 e3 e1 
e2 5f 08 c0 51 fe a5 e3 e1 
e2 c0 12 5f 51 00 00 00 00 01 10 00 00 00 00 3f e7 e3 e1 
e2 5f 0e c0 50 00 00 01 f4 10 00 b0 90 e3 e1 
e2 5f 0e c0 50 00 00 01 f4 10 00 b0 90 e3 e1 
e2 5f 0e c0 50 00 00 01 f4 10 00 b0 90 e3 e1 
e2 5f 0e c0 50 00 00 01 f4 10 00 b0 90 e3 e1 
e2 5f 08 c0 51 fe a5 e3 e1 
e2 c0 12 5f 51 00 00 00 00 01 10 00 00 00 00 3f e7 e3 e1 
e2 5f 0e c0 50 00 00 01 f4 10 00 b0 90 e3 e1 
e2 5f 0e c0 50 00 00 01 f4 10 00 b0 90 e3 e1 
e2 5f 0e c0 50 00 00 01 f4 10 00 b0 90 e3 e1 
e2 5f 0e c0 50 00 00 01 f4 10 00 b0 90 e3 e1 
e2 5f 08 c0 51 fe a5 e3 e1 
e2 c0 12 5f 51 00 00 00 00 01 10 00 00 00 00 3f e7 e3 e1 
e2 5f 0e c0 50 00 00 01 f4 10 00 b0 90 e3 e1 
e2 5f 0e c0 50 00 00 01 f4 10 00 b0 90 e3 e1 
e2 5f 0e c0 50 00 00 01 f4 10 00 b0 90 e3 e1 
e2 5f 0e c0 50 00 00 01 f4 10 00 b0 90 e3 e1 
e2 5f 08 c0 51 fe a5 e3 e1 
e2 c0 12 5f 51 00 00 00 00 01 10 00 00 00 00 3f e7 e3 e1 
e2 5f 0e c0 50 00 00 01 f4 00 00 b3 e0 e3 e3 e1 
e2 5f 0e c0 50 0c 4e 01 f4 10 00 65 b3 e3 e1 
e2 5f 0e c0 50 0c 4e 01 f4 10 00 65 b3 e3 e1 
e2 5f 0e c0 50 0c 4e 01 f4 10 00 65 b3 e3 e1 
e2 5f 08 c0 51 fe a5 e3 e1 
e2 c0 12 5f 51 00 00 0c 4e 01 10 00 00 00 00 c1 34 e3 e1 
e2 5f 0e c0 50 0c 4e 01 f4 10 00 65 b3 e3 e1 
e2 5f 0e c0 50 0c 4e 01 f4 10 00 65 b3 e3 e1 
e2 5f 0e c0 50 0c 4e 01 f4 10 00 65 b3 e3 e1 
e2 5f 0e c0 50 0c 4e 01 f4 10 00 65 b3 e3 e1 
e2 5f 08 c0 51 fe a5 e3 e1 
e2 c0 12 5f 51 00 00 0c 4e 01 10 00 00 00 00 c1 34 e3 e1 
e2 5f 0e c0 50 0c 4e 01 f4 10 00 65 b3 e3 e1 
e2 5f 0e c0 50 0c 4e 01 f4 10 00 65 b3 e3 e1 
e2 5f 0e c0 50 0c 4e 01 f4 10 00 65 b3 e3 e1 
e2 5f 0e c0 50 0c 4e 01 f4 10 00 65 b3 e3 e1 
e2 5f 08 c0 51 fe a5 e3 
e2 5f 08 c0 51 fe a5 e3 
e2 5f 08 c0 51 fe a5 e3 e1 
e2 5f 0e c0 50 0c 4e 01 f4 10 00 65 b3 e3 e1 
e2 c0 12 5f 51 00 00 0c 4e 01 10 00 00 00 00 c1 34 e3 e1 
e2 5f 0e c0 50 0c 4e 01 f4 10 00 65 b3 e3 e1 
e2 5f 0e c0 50 0c 4e 01 f4 10 00 65 b3 e3 e1 
e2 5f 0e c0 50 0c 4e 01 f4 10 00 65 b3 e3 e1 
e2 5f 08 c0 51 fe a5 e3 e1 
e2 c0 12 5f 51 01 b6 0c 4e 01 10 00 00 00 00 bf 49 e3 e1 
e2 5f 0e c0 50 0c 4e 01 f4 10 00 65 b3 e3 e1 
e2 5f 0e c0 50 0c 4e 01 f4 10 00 65 b3 e3 e1 
e2 5f 0e c0 50 0c 4e 01 f4 10 00 65 b3 e3 e1 
e2 5f 0e c0 50 0c 4e 01 f4 10 00 65 b3 e3 e1 
e2 5f 08 c0 51 fe a5 e3 e1 
e2 c0 12 5f 51 03 cd 0c 4e 01 10 00 00 00 00 ce a3 e3 e1 
e2 5f 0e c0 50 0c 4e 01 f4 10 00 65 b3 e3 e1 
e2 5f 0e c0 50 0c 4e 01 f4 10 00 65 b3 e3 e1 
e2 5f 0e c0 50 0c 4e 01 f4 10 00 65 b3 e3 e1 
e2 5f 0e c0 50 0c 4e 01 f4 10 00 65 b3 e3 e1 
e2 5f 08 c0 51 fe a5 e3 e1 
e2 c0 12 5f 51 0c 51 0c 4e 01 10 00 00 00 00 c1 4e e3 e1 
e2 5f 0e c0 50 0c 4e 01 f4 10 00 65 b3 e3 e1 
e2 5f 0e c0 50 0c 4e 01 f4 10 00 65 b3 e3 e1 
e2 5f 0e c0 50 0c 4e 01 f4 10 00 65 b3 e3 
e2 5f 0e c0 50 0c 4e 01 f4 10 00 65 b3 e3 e1 
e2 5f 0e c0 50 0c 4e 01 f4 10 00 65 b3 e3 e1 
e2 5f 08 c0 51 fe a5 e3 e1 
e2 c0 12 5f 51 0a b4 0c 4e 01 10 00 00 00 00 82 aa e3 e1 
e2 5f 0e c0 50 0c 4e 01 f4 10 00 65 b3 e3 e1 
e2 5f 0e c0 50 0c 4e 01 f4 10 00 65 b3 e3 e1 
e2 5f 0e c0 50 0c 4e 01 f4 10 00 65 b3 e3 e1 
e2 5f 0e c0 50 0c 4e 01 f4 10 00 65 b3 e3 e1 
e2 5f 08 c0 51 fe a5 e3 e1 
e2 c0 12 5f 51 09 fb 0c 4e 01 10 00 00 00 00 f4 e8 e3 e1 
e2 5f 0e c0 50 0c 4e 01 f4 10 00 65 b3 e3 
e2 5f 0e c0 50 0c 4e 01 f4 10 00 65 b3 e3 e1 
e2 5f 0e c0 50 0c 4e 01 f4 10 00 65 b3 e3 e1 
e2 5f 0e c0 50 0c 4e 01 f4 10 00 65 b3 e3 e1 
e2 5f 0e c0 50 0c 4e 01 f4 10 00 65 b3 e3 e1 
e2 5f 08 c0 51 fe a5 e3 e1 
e2 c0 12 5f 51 0e 65 0c 4e 01 10 00 00 00 00 77 29 e3 e1 
e2 5f 0e c0 50 0c 4e 01 f4 10 00 65 b3 e3
e2 5f 0e c0 50 0c 4e 01 f4 10 00 65 b3 e3 
e2 5f 0e c0 50 0c 4e 01 f4 10 00 65 b3 e3 
e2 5f 0e c0 50 0c 4e 01 f4 10 00 65 b3 e3 e1 
e2 5f 0e c0 50 0c 4e 01 f4 10 00 65 b3 e3 e1 
e2 5f 0e c0 50 0c 4e 01 f4 10 00 65 b3 e3 e1 
e2 5f 08 c0 51 fe a5 e3 e1 
e2 c0 12 5f 51 0e 30 0c 4e 01 10 00 00 00 00 0c c2 e3 e1 
e2 5f 0e c0 50 0c 4e 01 f4 10 00 65 b3 e3 
e2 5f 0e c0 50 0c 4e 01 f4 10 00 65 b3 e3 e1 
e2 5f 0e c0 50 0c 4e 01 f4 10 00 65 b3 e3 e1 
e2 5f 0e c0 50 0c 4e 01 f4 10 00 65 b3 e3 
e2 5f 0e c0 50 0c 4e 01 f4 10 00 65 b3 e3 e1 
e2 5f 0e c0 50 0c 4e 01 f4 10 00 65 b3 e3 e1 
e2 57 08 c0 51 fe a5 e3 e1 
e2 c0 12 e2 c0 12 5f 51 0d 93 0c 4e 01 10 00 88 07 e3 e1 
e2 5f 0e c0 50 0c 4e 01 f4 10 00 65 b3 e3 e1 
e2 5f 0e c0 50 0c 4e 01 f4 10 00 65 b3 e3 e1 
e2 5f 0e c0 50 0c 4e 01 f4 10 00 65 b3 e3 e1 
e2 5f 0e c0 50 0c 4e 01 f4 10 00 65 b3 e3 
e2 5f 0e c0 50 0c 4e 01 f4 10 00 65 b3 e3 
e2 5f 0e c0 50 0c 4e 01 f4 10 00 65 b3 e3 e1 
e2 5f 08 c0 51 fe a5 e3 e1 
e2 c0 12 5f 51 0d 5a 0c 4e 01 10 00 00 00 00 aa b0 e3 e1 
e2 5f 0e c0 50 0c 4e 01 f4 10 00 65 b3 e3 e1 
e2 5f 0e c0 50 0c 4e 01 f4 10 00 65 b3 e3 e1 
e2 5f 0e c0 50 0c 4e 01 f4 10 00 65 b3 e3 
e2 5f 0e c0 50 0c 4e 01 f4 10 00 65 b3 e3 e1 
e2 5f 0e c0 50 0c 4e 01 f4 10 00 65 b3 e3 
e2 5f 0e c0 50 0c 4e 01 f4 10 00 65 b3 e3 e1 
e2 5f 08 c0 51 fe a5 e3 e1 
e2 c0 12 5f 51 0c d5 0c 4e 01 10 00 00 00 00 e0 e2 13 e3 e1 
e2 5f 0e c0 50 0c 4e 01 f4 10 00 65 b3 e3 e1 
e2 5f 0e c0 50 0c 4e 01 f4 10 00 65 b3 e3 e1 
e2 5f 0e c0 50 0c 4e 01 f4 10 00 65 b3 e3 e1 
e2 5f 0e c0 50 0c 4e 01 f4 10 00 65 b3 e3 e1 
e2 5f 08 c0 51 fe a5 e3 e1 
e2 c0 12 5f 51 0c bc 0c 4e 01 10 00 00 00 00 d8 ea e3 e1 
e2 5f 0e c0 50 0c 4e 01 f4 10 00 65 b3 e3 e1 
e2 5f 0e c0 50 0c 4e 01 f4 10 00 65 b3 e3 e1 
e2 5f 0e c0 50 0c 4e 01 f4 10 00 65 b3 e3 e1 
e2 5f 0e c0 50 0c 4e 01 f4 10 00 65 b3 e3 e1 
e2 5f 08 c0 51 fe a5 e3 e1 
e2 c0 12 5f 51 0c a4 0c 4e 01 10 00 00 00 00 a2 eb e3 e1 
e2 5f 0e c0 50 0c 4e 01 f4 10 00 65 b3 e3 
e2 5f 0e c0 50 0c 4e 01 f4 10 00 65 b3 e3 e1 
e2 5f 0e c0 50 0c 4e 01 f4 10 00 65 b3 e3 e1 
e2 5f 0e c0 50 0c 4e 01 f4 10 00 65 b3 e3 e1 
e2 5f 0e c0 50 0c 4e 01 f4 10 00 65 b3 e3 e1 
e2 5f 08 c0 51 fe a5 e3 e1 
e2 c0 12 5f 51 0c e0 e0 0c 4e 01 10 00 00 00 00 61 dd e3 e1 
e2 5f 0e c0 50 0c 4e 01 f4 10 00 65 b3 e3 e1 
e2 5f 0e c0 50 0c 4e 01 f4 10 00 65 b3 e3 e1 
e2 5f 0e c0 50 0c 4e 01 f4 10 00 65 b3 e3 
e2 5f 0e c0 50 0c 4e 01 f4 10 00 65 b3 e3 e1 
e2 5f 0e c0 50 0c 4e 01 f4 10 00 65 b3 e3 e1 
e2 5f 08 c0 51 fe a5 e3 e1 
e2 c0 12 5f 51 0c b7 0c 4e 01 10 00 00 00 00 dc 51 e3 e1 
e2 5f 0e c0 50 0c 4e 01 f4 10 00 65 b3 e3 e1 
e2 5f 0e c0 50 0c 4e 01 f4 10 00 65 b3 e3 
e2 5f 0e c0 50 0c 4e 01 f4 10 00 65 b3 e3 e1 
e2 5f 0e c0 50 0c 4e 01 f4 10 00 65 b3 e3 e1 
e2 5f 0e c0 50 0c 4e 01 f4 10 00 65 b3 e3 e1 
e2 5f 08 c0 51 fe a5 e3 e1 
e2 c0 12 5f 51 0c 2b 0c 4e 01 10 00 00 00 00 85 0d e3 e1 
e2 5f 0e c0 50 0c 4e 01 f4 10 00 65 b3 e3 e1 
e2 5f 0e c0 50 0c 4e 01 f4 10 00 65 b3 e3 e1 
e2 5f 0e c0 50 0c 4e 01 f4 10 00 65 b3 e3 e1 
e2 5f 0e c0 50 0c 4e 01 f4 10 00 65 b3 e3 e1 
e2 5f 08 c0 51 fe a5 e3 e1 
e2 c0 12 5f 51 0c 4c 0c 4e 01 10 00 00 00 00 cc 83 e3 e1 
e2 5f 0e c0 50 0c 4e 01 f4 10 00 65 b3 e3 e1 
e2 5f 0e c0 50 0c 4e 01 f4 10 00 65 b3 e3 e1 
e2 5f 0e c0 50 0c 4e 01 f4 10 00 65 b3 e3 e1 
e2 5f 0e c0 50 0c 4e 01 f4 10 00 65 b3 e3 e1 
e2 5f 08 c0 51 fe a5 e3 e1 
e2 c0 12 5f 51 0c 66 0c 4e 01 10 00 00 00 00 84 e7 e3 e1 
e2 5f 0e c0 50 0c 4e 01 f4 10 00 65 b3 e3 e1 
e2 5f 0e c0 50 0c 4e 01 f4 10 00 65 b3 e3 e1 
e2 5f 0e c0 50 0c 4e 01 f4 10 00 65 b3 e3 e1 
e2 5f 0e c0 50 0c 4e 01 f4 10 00 65 b3 e3 e1 
e2 5f 08 c0 51 fe a5 e3 e1 
e2 c0 12 5f 51 0c 45 0c 4e 01 10 00 00 00 00 0e 5f e3 e1 
e2 5f 0e c0 50 0c 4e 01 f4 10 00 65 b3 e3 e1 
e2 5f 0e c0 50 0c 4e 01 f4 10 00 65 b3 e3 
e2 5f 0e c0 50 0c 4e 01 f4 10 00 65 b3 e3 e1 
e2 5f 0e c0 50 0c 4e 01 f4 10 00 65 b3 e3 e1 
e2 5f 0e c0 50 0c 4e 01 f4 10 00 65 b3 e3 e1 
e2 5f 08 c0 51 fe a5 e3 e1 
e2 c0 12 5f 51 0c 5a 0c 4e 01 10 00 00 00 00 c5 f5 e3 e1 
e2 5f 0e c0 50 0c 4e 01 f4 10 00 65 b3 e3 e1 
e2 5f 0e c0 50 0c 4e 01 f4 10 00 65 b3 e3 
e2 5f 0e c0 50 0c 4e 01 f4 10 00 65 b3 e3 e1 
e2 5f 0e c0 50 0c 4e 01 f4 10 00 65 b3 e3 e1 
e2 5f 0e c0 50 0c 4e 01 f4 10 00 65 b3 e3 e1 
e2 5f 08 c0 51 fe a5 e3 e1 
e2 c0 12 5f 51 0c 32 0c 4e 01 10 00 00 00 00 14 2f e3 e1 
e2 5f 0e c0 50 0c 4e 01 f4 10 00 65 b3 e3 e1 
e2 5f 0e c0 50 0c 4e 01 f4 10 00 65 b3 e3 e1 
e2 5f 0e c0 50 0c 4e 01 f4 10 00 65 b3 e3 e1 
e2 5f 0e c0 50 0c 4e 01 f4 10 00 65 b3 e3 e1 
e2 5f 08 c0 51 fe a5 e3 
e2 5f 08 c0 51 fe a5 e3 e1 
e2 5f 0e c0 50 0c 4e 01 f4 10 00 65 b3 e3 e1 
e2 c0 12 5f 51 0c 28 0c 4e 01 10 00 00 00 00 a8 49 e3 e1 
e2 5f 0e c0 50 0c 4e 01 f4 10 00 65 b3 e3 e1 
e2 5f 0e c0 50 0c 4e 01 f4 10 00 65 b3 e3 e1 
e2 5f 0e c0 50 0c 4e 01 f4 10 00 65 b3 e3 e1 
e2 5f 08 c0 51 fe a5 e3 e1 
e2 c0 12 5f 51 0c 31 0c 4e 01 10 00 00 00 00 39 6b e3 e1 
e2 5f 0e c0 50 0c 4e 01 f4 10 00 65 b3 e3 e1 
e2 5f 0e c0 50 0c 4e 01 f4 10 00 65 b3 e3 e1 
e2 5f 0e c0 50 0c 4e 01 f4 10 00 65 b3 e3 e1 
e2 5f 0e c0 50 0c 4e 01 f4 10 00 65 b3 e3 e1 
e2 5f 08 c0 51 fe a5 e3 e1 
e2 c0 12 5f 51 0c cd 0c 4e 01 10 00 00 00 00 98 12 e3 e1 
e2 5f 0e c0 50 0c 4e 01 f4 10 00 65 b3 e3 e1 
e2 5f 0e c0 50 0c 4e 01 f4 10 00 65 b3 e3 e1 
e2 5f 0e c0 50 0c 4e 01 f4 10 00 65 b3 e3 e1 
e2 5f 0e c0 50 0c 4e 01 f4 10 00 65 b3 e3 
e2 5f 0e c0 50 0c 4e 01 f4 10 00 65 b3 e3 e1 
e2 5f 08 c0 51 fe a5 e3 e1 
e2 c0 12 5f 51 0c 74 0c 4e 01 10 00 00 00 00 11 7e e3 e1 
e2 5f 0e c0 50 0c 4e 01 f4 10 00 65 b3 e3 e1 
e2 5f 0e c0 50 0c 4e 01 f4 10 00 65 b3 e3 e1 
e2 5f 0e c0 50 0c 4e 01 f4 10 00 65 b3 e3 e1 
e2 5f 0e c0 50 0c 4e 01 f4 10 00 65 b3 e3 e1 
e2 5f 08 c0 51 fe a5 e3 
e2 5f 08 c0 51 fe a5 e3 e1 
e2 c0 12 5f 51 0c 64 0c 4e 01 10 00 00 00 00 42 80 e3 e1 
e2 5f 0e c0 50 0c 4e 01 f4 10 00 65 b3 e3 e1 
e2 5f 0e c0 50 0c 4e 01 f4 10 00 65 b3 e3 e1 
e2 5f 0e c0 50 0c 4e 01 f4 10 00 65 b3 e3 e1 
e2 5f 0e c0 50 0c 4e 01 f4 10 00 65 b3 e3 e1 
e2 5f 08 c0 51 fe a5 e3 e1 
e2 c0 12 5f 51 0c 6b 0c 4e 01 10 00 00 00 00 da d4 e3 e1 
e2 5f 0e c0 50 0c 4e 01 f4 10 00 65 b3 e3 e1 
e2 5f 0e c0 50 0c 4e 01 f4 10 00 65 b3 e3 
e2 5f 0e c0 50 0c 4e 01 f4 10 00 65 b3 e3 e1 
e2 5f 0e c0 50 0c 4e 01 f4 10 00 65 b3 e3 e1 
e2 5f 0e c0 50 0c 4e 01 f4 10 00 65 b3 e3 e1 
e2 5f 08 c0 51 fe a5 e3 e1 
e2 c0 12 5f 51 0c 73 0c 4e 01 10 00 00 00 00 a0 d5 e3 e1 
e2 5f 0e c0 50 0c 4e 01 f4 10 00 65 b3 e3 e1 
e2 5f 0e c0 50 0c 4e 01 f4 10 00 65 b3 e3 e1 
e2 5f 0e c0 50 0c 4e 01 f4 10 00 65 b3 e3 e1 
e2 5f 0e c0 50 0c 4e 01 f4 10 00 65 b3 e3 
e2 5f 0e c0 50 0c 4e 01 f4 10 00 65 b3 e3 e1 
e2 5f 08 c0 51 fe a5 e3 e1 
e2 c0 12 5f 51 0c 4c 0c 4e 01 10 00 00 00 00 cc 83 e3 e1 
e2 5f 0e c0 50 0c 4e 01 f4 10 00 65 b3 e3 e1 
e2 5f 0e c0 50 0c 4e 01 f4 10 00 65 b3 e3 e1 
e2 5f 0e c0 50 0c 4e 01 f4 10 00 65 b3 e3 e1 
e2 5f 0e c0 50 0c 4e 01 f4 10 00 65 b3 e3 e1 
e2 5f 08 c0 51 7e a5 e3 e1 
e2 c0 12 5f 51 0c 52 0c 4e 01 10 00 00 00 00 ec 0a e3 e1 
e2 5f 0e c0 50 0c 4e 01 f4 10 00 65 b3 e3 e1 
e2 5f 0e c0 50 0c 4e 01 f4 10 00 65 b3 e3 e1 
e2 5f 0e c0 50 0c 4e 01 f4 10 00 65 b3 e3 e1 
e2 5f 0e c0 50 0c 4e 01 f4 10 00 65 b3 e3 
e2 5f 0e c0 50 0c 4e 01 f4 10 00 65 b3 e3 e1 
e2 5f 08 c0 51 fe a5 e3 e1 
e2 c0 12 5f 51 0c 30 0c 4e 01 10 00 00 00 00 d2 48 e3 e1 
e2 5f 0e c0 50 0c 4e 01 f4 10 00 65 b3 e3 e1 
e2 5f 0e c0 50 0c 4e 01 f4 10 00 65 b3 e3 e1 
e2 5f 0e c0 50 0c 4e 01 f4 10 00 65 b3 e3 e1 
e2 5f 0e c0 50 0c 4e 01 f4 10 00 65 b3 e3 e1 
e2 5f 08 c0 51 fe a5 e3 e1 
e2 c0 12 5f 51 0c 2d 0c 4e 01 10 00 00 00 00 df 85 e3 e1 
e2 5f 0e c0 50 0c 4e 01 f4 10 00 65 b3 e3 e1 
e2 5f 0e c0 50 0c 4e 01 f4 10 00 65 b3 e3 e1 
e2 5f 0e c0 50 0c 4e 01 f4 10 00 65 b3 e3 e1 
e2 5f 0e c0 50 0c 4e 01 f4 10 00 65 b3 e3 e1 
e2 5f 08 c0 51 fe a5 e3 e1 
e2 c0 12 5f 51 0c 3b 0c 4e 01 10 00 00 00 00 d6 f3 e3 e1 
e2 5f 0e c0 50 0c 4e 01 f4 10 00 65 b3 e3 e1 
e2 5f 0e c0 50 0c 4e 01 f4 10 00 65 b3 e3 e1 
e2 5f 0e c0 50 0c 4e 01 f4 10 00 65 b3 e3 
e2 5f 0e c0 50 0c 4e 01 f4 10 00 65 b3 e3 e1 
e2 5f 0e c0 50 0c 4e 01 f4 10 00 65 b3 e3 
e2 5f 0e c0 50 0c 4e 01 f4 10 00 65 b3 e3 e1 
e2 5f 08 c0 51 fe a5 e3 e1 
e2 c0 12 5f 51 0c 7b 0c 4e 01 10 00 00 00 00 89 2a e3 e1 
e2 5f 0e c0 50 0c 4e 01 f4 10 00 65 b3 e3 e1 
e2 5f 0e c0 50 0c 4e 01 f4 10 00 65 b3 e3 e1 
e2 5f 0e c0 50 0c 4e 01 f4 10 00 65 b3 e3 
e2 5f 0e c0 50 0c 4e 01 f4 10 00 65 b3 e3 e1 
e2 5f 0e c0 50 0c 4e 01 f4 10 00 65 b3 e3 e1 
e2 5f 08 c0 51 fe a5 e3 e1 
e2 c0 12 5f 51 0c 49 0c 4e 01 10 00 00 00 00 bb 4f e3 e1 
e2 5f 0e c0 50 0c 4e 01 f4 10 00 65 b3 e3 e1 
e2 5f 0e c0 50 0c 4e 01 f4 10 00 65 b3 e3 
e2 5f 0e c0 50 0c 4e 01 f4 10 00 65 b3 e3 e1 
e2 5f 0e c0 50 0c 4e 01 f4 10 00 65 b3 e3 e1 
e2 5f 0e c0 50 0c 4e 01 f4 10 00 65 b3 e3 e1 
e2 5f 08 c0 51 fe a5 e3 e1 
e2 c0 12 5f 51 0c 12 0c 4e 01 10 00 00 00 00 b3 d3 e3 e1 
e2 5f 0e c0 50 0c 4e 01 f4 10 00 65 b3 e3 e1 
e2 5f 0e c0 50 0c 4e 01 f4 10 00 65 b3 e3 e1 
e2 5f 0e c0 50 0c 4e 01 f4 10 00 65 b3 e3 e1 
e2 5f 0e c0 50 0c 4e 01 f4 10 00 65 b3 e3 e1 
e2 5f 08 c0 51 fe a5 e3 e1 
e2 c0 12 5f 51 0c 48 0c 4e 01 10 00 00 00 00 50 6c e3 e1 
e2 5f 0e c0 50 0c 4e 01 f4 10 00 65 b3 e3 e1 
e2 5f 0e c0 50 0c 4e 01 f4 10 00 65 b3 e3 e1 
e2 5f 0e c0 50 0c 4e 01 f4 10 00 65 b3 e3 e1 
e2 5f 0e c0 50 0c 4e 01 f4 10 00 65 b3 e3 e1 
e2 5f 08 c0 51 fe a5 e3 e1 
e2 c0 12 5f 51 0c 93 0c 4e 01 10 00 00 00 00 e7 42 e3 e1 
e2 5f 0e c0 50 0c 4e 01 f4 10 00 65 b3 e3 e1 
e2 5f 0e c0 50 0c 4e 01 f4 10 00 65 b3 e3 e1 
e2 5f 0e c0 50 0c 4e 01 f4 10 00 65 b3 e3 e1 
e2 5f 0e c0 50 0c 4e 01 f4 10 00 65 b3 e3 e1 
e2 5f 08 c0 51 fe a5 e3 
e2 5f 08 c0 51 fe a5 e3 e1 
e2 c0 12 5f 51 0c 67 0c 4e 01 10 00 00 00 00 6f c4 e3 e1 
e2 5f 0e c0 50 0c 4e 01 f4 10 00 65 b3 e3 e1 
e2 5f 0e c0 50 0c 4e 01 f4 10 00 65 b3 e3 e1 
e2 5f 0e c0 50 0c 4e 01 f4 10 00 65 b3 e3 
e2 5f 0e c0 50 0c 4e 01 f4 10 00 65 b3 e3 e1 
e2 5f 0e c0 50 0c 4e 01 f4 10 00 65 b3 e3 e1 
e2 5f 08 c0 51 fe a5 e3 e1 
e2 c0 12 5f 51 0c 23 0c 4e 01 10 00 00 00 00 ac f2 e3 e1 
e2 5f 0e c0 50 0c 4e 01 f4 10 00 65 b3 e3 e1 
e2 5f 0e c0 50 0c 4e 01 f4 10 00 65 b3 e3 e1 
e2 5f 0e c0 50 0c 4e 01 f4 10 00 65 b3 e3 e1 
e2 5f 0e c0 50 0c 4e 01 f4 10 00 65 b3 e3 e1 
e2 5f 08 c0 51 fe a5 e3 e1 
e2 c0 12 5f 51 0c a2 0c 4e 01 10 00 00 00 00 f8 63 e3 e1 
e2 5f 0e c0 50 0c 4e 01 f4 10 00 65 b3 e3 e1 
e2 5f 0e c0 50 0c 4e 01 f4 10 00 65 b3 e3 e1 
e2 5f 0e c0 50 0c 4e 01 f4 10 00 65 b3 e3 e1 
e2 5f 0e c0 50 0c 4e 01 f4 10 00 65 b3 e3 e1 
e2 5f 08 c0 51 fe a5 e3 e1 
e2 c0 12 5f 51 0c b7 0c 4e 01 10 00 00 00 00 dc 51 e3 e1 
e2 5f 0e c0 50 0c 4e 01 f4 10 00 65 b3 e3 
e2 5f 0e c0 50 0c 4e 01 f4 10 00 65 b3 e3 e1 
e2 5f 0e c0 50 0c 4e 01 f4 10 00 65 b3 e3 e1 
e2 5f 0e c0 50 0c 4e 01 f4 10 00 65 b3 e3 e1 
e2 5f 0e c0 50 0c 4e 01 f4 10 00 65 b3 e3 e1 
e2 5f 08 c0 51 fe a5 e3 
e2 5f 08 c0 51 fe a5 e3 e1 
e2 c0 12 5f 51 0c 52 0c 4e 01 10 00 00 00 00 ec 0a e3 e1 
e2 5f 0e c0 50 0c 4e 01 f4 10 00 65 b3 e3 e1 
e2 5f 0e c0 50 00 00 01 f4 00 00 b3 e0 e3 e3 e1 
e2 5f 0e c0 50 00 00 01 f4 00 00 b3 e0 e3 e3 e1 
e2 5f 0e c0 50 00 00 01 f4 00 00 b3 e0 e3 e3 e1 00                                           
