e2 fe 08 85 42 b2 0c e3 
e2 81 34 85 f6 03 ff 38 01 c9 f1 00 01 00 f1 01 20 00 03 00 00 00 00 46 50 01 00 00 00 00 00 00 00 00 00 00 00 00 00 00 01 00 00 00 00 03 00 00 00 ec 44 e3 
e2 fe 08 85 42 b2 0c e3 
e2 81 34 85 f6 03 ff 38 01 ca f1 00 01 00 f1 01 20 00 03 00 00 00 00 46 50 01 00 00 00 00 00 00 00 00 00 00 00 00 00 00 01 00 00 00 00 03 00 00 00 cf 89 e3 
e2 fe 08 85 42 b2 0c e3 
e2 81 34 85 f6 03 ff 38 01 cb f1 00 01 00 f1 01 20 00 03 00 00 00 00 46 50 01 00 00 00 00 00 00 00 00 00 00 00 00 00 00 01 00 00 00 00 03 00 00 00 21 2d e3 
e2 fe 08 85 42 b2 0c e3 
e2 81 34 85 f6 03 ff 38 01 cc f1 00 01 00 f1 01 20 00 03 00 00 00 00 46 50 01 00 00 00 00 00 00 00 00 00 00 00 00 00 00 01 00 00 00 00 03 00 00 00 88 13 e3 
e2 fe 08 85 42 b2 0c e3 
e2 81 34 85 f6 03 ff 38 01 cd f1 00 01 00 f1 01 20 00 03 00 00 00 00 46 50 01 00 00 00 00 00 00 00 00 00 00 00 00 00 00 01 00 00 00 00 03 00 00 00 66 b7 e3 
e2 fe 08 85 42 b2 0c e3 
e2 81 34 85 f6 03 ff 38 01 ce f1 00 01 00 f1 01 20 00 03 00 00 00 00 46 50 01 00 00 00 00 00 00 00 00 00 00 00 00 00 00 01 00 00 00 00 03 00 00 00 45 7a e3 
e2 fe 08 85 42 b2 0c e3 
e2 81 34 85 f6 03 ff 38 01 cf f1 00 01 00 f1 01 20 00 03 00 00 00 00 46 50 01 00 00 00 00 00 00 00 00 00 00 00 00 00 00 01 00 00 00 00 03 00 00 00 ab de e3 
e2 fe 08 85 42 b2 0c e3 
e2 81 34 85 f6 03 ff 38 01 d0 f1 00 01 00 f1 01 20 00 03 00 00 00 00 46 50 01 00 00 00 00 00 00 00 00 00 00 00 00 00 00 01 00 00 00 00 03 00 00 00 0c a9 e3 
e2 fe 08 85 42 b2 0c e3 
e2 81 34 85 f6 03 ff 38 01 d1 f1 00 01 00 f1 01 20 00 03 00 00 00 00 46 50 01 00 00 00 00 00 00 00 00 00 00 00 00 00 00 01 00 00 00 00 03 00 00 00 e2 0d e3 
e2 fe 08 85 42 b2 0c e3 
e2 81 34 85 f6 03 ff 38 01 d2 f1 00 01 00 f1 01 20 00 03 00 00 00 00 46 50 01 00 00 00 00 00 00 00 00 00 00 00 00 00 00 01 00 00 00 00 03 00 00 00 c1 c0 e3 
e2 fe 08 85 42 b2 0c e3 
e2 81 34 85 f6 03 ff 38 01 d3 f1 00 01 00 f1 01 20 00 03 00 00 00 00 46 50 01 00 00 00 00 00 00 00 00 00 00 00 00 00 00 01 00 00 00 00 03 00 00 00 2f 64 e3 
e2 fe 08 85 42 b2 0c e3 
e2 81 34 85 f6 03 ff 38 01 d4 f1 00 01 00 f1 01 20 00 03 00 00 00 00 46 50 01 00 00 00 00 00 00 00 00 00 00 00 00 00 00 01 00 00 00 00 03 00 00 00 86 5a e3 
e2 fe 08 85 42 b2 0c e3 
e2 81 34 85 f6 03 ff 38 01 d5 f1 00 01 00 f1 01 20 00 03 00 00 00 00 46 50 01 00 00 00 00 00 00 00 00 00 00 00 00 00 00 01 00 00 00 00 03 00 00 00 68 fe e3 
e2 fe 08 85 42 b2 0c e3 
e2 81 34 85 f6 03 ff 38 01 d6 f1 00 01 00 f1 01 20 00 03 00 00 00 00 46 50 01 00 00 00 00 00 00 00 00 00 00 00 00 00 00 01 00 00 00 00 03 00 00 00 4b 33 e3 
e2 fe 08 85 42 b2 0c e3 
e2 81 34 85 f6 03 ff 38 01 d7 f1 00 01 01 f1 01 20 00 03 00 00 00 00 46 50 01 00 00 00 00 00 00 00 00 00 00 00 00 00 00 01 00 00 00 00 03 00 00 00 8c d6 e3 
e2 fe 08 85 42 b2 0c e3 
e2 81 34 85 f6 03 ff 38 01 d8 f1 00 01 01 f1 01 20 00 03 00 00 00 00 46 50 01 00 00 00 00 00 00 00 00 00 00 00 00 00 00 01 00 00 00 00 03 00 00 00 20 2f e3 
e2 fe 08 85 42 b2 0c e3 
e2 81 34 85 f6 03 ff 38 01 d9 f1 00 01 01 f1 01 20 00 03 00 00 00 00 46 50 01 00 00 00 00 00 00 00 00 00 00 00 00 00 00 01 00 00 00 00 03 00 00 00 ce 8b e3 
e2 fe 08 85 42 b2 0c e3 
e2 81 34 85 f6 03 ff 38 01 da f1 00 01 01 f1 01 20 00 03 00 00 00 00 46 50 01 00 00 00 00 00 00 00 00 00 00 00 00 00 00 01 00 00 00 00 03 00 00 00 ed 46 e3                
