e2 88 0a 87 26 02 02 d9 fe e3 e1
e2 89 0a 87 26 04 00 16 ba e3 e1 
e2 8a 0a 87 26 01 03 17 cc e3 e1
e2 89 0b 87 28 00 00 28 56 a7 e3 e1 
e2 87 0d 89 29 02 80 02 80 29 93 ef e3 e1
e2 8a 0b 87 28 00 00 28 8e 25 e3 e1
e2 87 0d 8a 29 00 80 00 80 29 61 8e e3 e1
e2 88 0b 87 28 00 00 28 ee c6 e3 e1
e2 87 0d 88 29 00 80 00 80 29 01 6d e3 e1
e2 89 0b 87 28 00 00 00 f3 cd e3 e1
e2 87 0d 89 29 02 80 02 80 01 36 85 e3 e1
e2 8a 0b 87 28 00 00 00 2b 4f e3 e1
e2 87 0d 8a 29 00 00 00 00 01 02 44 e3 e1
e2 88 0b 87 28 00 00 00 4b ac e3 e1
e2 87 0d 88 29 00 00 00 00 01 62 a7 e3 e1 
e2 89 0b 87 28 00 00 01 e0 e3 ec e3 e1
e2 87 0d 89 29 02 00 02 00 02 c0 46 e3 e1
e2 8a 0b 87 28 00 00 01 3b 6e e3 e1
e2 87 0d 8a 29 00 00 00 00 02 32 27 e3 e1
e2 88 0b 87 28 00 00 01 5b 8d e3 e1 
e2 87 0d 88 29 00 00 00 00 02 52 c4 e3 e1
e2 89 0b 87 28 00 00 02 d3 8f e3 e1
e2 87 0d 89 29 02 00 02 00 03 d0 67 e3 e1
e2 88 1c 87 9e 00 00 00 00 00 00 00 00 00 00 00 00 00 00 00 00 00 00 00 00 63 8a e3 e1
e2 87 1c 88 9e 00 00 c3 50 c3 50 00 00 00 00 00 1a 00 16 00 1a 00 18 00 ed dd dd e3 e1
e2 8a 0b 87 28 00 00 02 0b 0d e3 e1
e2 87 0d 8a 29 00 00 00 00 03 22 06 e3 e1
e2 88 0b 87 28 00 00 02 6b ee e3 e1
e2 87 0d 88 29 00 00 00 00 03 42 e5 e3 e1
e2 89 0b 87 28 00 00 03 c3 ae e3 e1
e2 87 0d 89 29 02 00 02 00 04 a0 80 e3 e1 
e2 8a 0b 87 28 00 00 03 1b 2c e3 e1
e2 87 0d 8a 29 00 00 00 00 04 52 e0 e1 e3 e1
e2 88 0b 87 28 00 00 03 7b cf e3 e1
e2 87 0d 88 29 00 00 00 00 04 32 02 e3 e1
e2 89 0b 87 28 00 00 04 b3 49 e3 e1
e2 87 0d 89 29 02 00 02 00 05 b0 a1 e3 e1 
e2 8a 0b 87 28 00 00 04 6b cb e3 e1
e2 87 0d 8a 29 00 00 00 00 05 42 c0 e3 e1
e2 88 0b 87 28 00 00 04 0b 28 e3 e1
e2 87 0d 88 29 00 00 00 00 05 22 23 e3 e1
e2 89 0b 87 28 00 00 05 a3 68 e3 e1 
e2 87 0d 89 29 02 00 02 00 06 80 c2 e3 e1
e2 8a 0b 87 28 00 00 05 7b ea e3 e1
e2 87 0d 8a 29 00 00 00 00 06 72 a3 e3 e1
e2 88 0b 87 28 00 00 05 1b 09 e3 e1
e2 87 0d 88 29 00 00 00 00 06 12 40 e3 e1
e2 89 0b 87 28 00 00 06 93 0b e3 e1
e2 87 0d 89 29 02 00 02 00 07 90 e0 e3 e3 e1
e2 88 0b 87 28 00 00 06 2b 6a e3 e1
e2 87 0d 88 29 00 80 00 80 07 c4 c1 e3 e1
e2 89 1c 87 9e 00 00 00 00 00 00 00 00 00 00 00 00 00 00 00 00 00 00 00 00 54 89 e3 e1
e2 87 1c 89 9e 00 00 c3 50 c3 50 00 00 00 00 00 17 ff d8 00 17 ff d8 00 ef 52 88 e3 e1 
e2 89 0b 87 28 00 00 07 83 2a e3 e1
e2 87 0d 89 29 02 80 02 80 08 a7 ac e3 e1
e2 8a 0b 87 28 00 00 06 4b 89 e3 e1
e2 87 0d 8a 29 00 80 00 80 07 a4 22 e3 e1
e2 88 0b 87 28 00 00 07 3b 4b e3 e1 
e2 87 0d 88 29 00 00 00 00 08 f3 8e e3 e1
e2 89 0b 87 28 00 00 08 72 c5 e3 e1
e2 87 0d 89 29 02 00 02 00 09 71 2d e3 e1
e2 8a 0b 87 28 00 00 07 5b a8 e3 e1
e2 87 0d 8a 29 00 00 00 00 08 93 6d e3 e1
e2 88 0b 87 28 00 00 08 ca a4 e3 e1
e2 87 0d 88 29 00 00 00 00 09 e0 e3 af e3 e1
e2 89 0b 87 28 00 00 09 62 e4 e3 e1
e2 87 0d 89 29 02 00 02 00 0a 41 4e e3 e1
e2 8a 0b 87 28 00 00 08 aa 47 e3 e1
e2 87 0d 8a 29 00 00 00 00 09 83 4c e3 e1
e2 88 0b 87 28 00 00 09 da 85 e3 e1
e2 87 0d 88 29 00 00 00 00 0a d3 cc e3 e1
e2 89 0b 87 28 00 00 0a 52 87 e3 e1
e2 87 0d 89 29 02 00 02 00 0b 51 6f e3 e1
e2 8a 0b 87 28 00 00 09 ba 66 e3 e1
e2 87 0d 8a 29 00 00 00 00 0a b3 2f e3 e1 
e2 88 0b 87 28 00 00 0a ea e6 e3 e1
e2 87 0d 88 29 00 00 00 00 0b c3 ed e3 e1
e2 89 0b 87 28 00 00 0b 42 a6 e3 e1
e2 87 0d 89 29 02 00 02 00 0c 21 88 e3 e1
e2 8a 1c 87 9e 00 00 00 00 00 00 00 00 00 00 00 00 00 00 00 00 00 00 00 00 0d 8c e3 e1 
e2 87 1c 8a 9e 00 00 c3 50 c3 50 00 00 00 00 00 19 00 17 00 1a 00 15 00 ee e0 e1 7a e3 e1
e2 8a 0b 87 28 00 00 0a 8a 05 e3 e1
e2 87 0d 8a 29 00 00 00 00 0b a3 0e e3 e1
e2 88 0b 87 28 00 00 0b fa c7 e3 e1
e2 87 0d 88 29 00 00 00 00 0c b3 0a e3 e1
e2 89 0b 87 28 00 00 0c 32 41 e3 e1
e2 87 0d 89 29 02 00 02 00 0d 31 a9 e3 e1
e2 8a 0b 87 28 00 00 0b 9a 24 e3 e1
e2 87 0d 8a 29 00 00 00 00 0c d3 e9 e3 e1
e2 88 0b 87 28 00 00 0c 8a 20 e3 e1
e2 87 0d 88 29 00 00 00 00 0d a3 2b e3 e1 
e2 89 0b 87 28 00 00 0d 22 60 e3 e1
e2 87 0d 89 29 02 00 02 00 0e 01 ca e3 e1
e2 8a 0b 87 28 00 00 0c ea c3 e3 e1
e2 87 0d 8a 29 00 00 00 00 0d c3 c8 e3 e1
e2 88 0b 87 28 00 00 0d 9a 01 e3 e1 
e2 87 0d 88 29 00 00 00 00 0e 93 48 e3 e1
e2 89 0b 87 28 00 00 0e 12 03 e3 e1
e2 87 0d 89 29 02 00 02 00 0f 11 eb e3 e1
e2 8a 0b 87 28 00 00 0d fa e0 e2 e3 e1
e2 87 0d 8a 29 00 00 00 00 0e f3 ab e3 e1
e2 88 0b 87 28 00 00 0e aa 62 e3 e1 
e2 87 0d 88 29 00 00 00 00 0f 83 69 e3 e1
e2 89 0b 87 28 00 00 0f 02 22 e3 e1
e2 87 0d 89 29 02 00 02 00 10 f2 35 e3 e1
e2 8a 0b 87 28 00 00 0e ca 81 e3 e1
e2 87 0d 8a 29 00 00 00 00 0f e0 e3 8a e3 e1
e2 88 1c 87 9e 00 00 00 00 00 00 00 00 00 00 00 00 00 00 00 00 00 00 00 00 63 8a e3 e1 
e2 87 1c 88 9e 00 00 c3 50 c3 50 00 00 00 00 00 19 00 17 00 1a 00 18 00 ed 48 f8 e3 e1
e2 88 0b 87 28 00 00 0f ba 43 e3 e1
e2 87 0d 88 29 00 00 00 00 10 60 b7 e3 e1
e2 89 0b 87 28 00 00 10 e0 e1 fc e3 e1
e2 87 0d 89 29 02 00 02 00 11 e0 e2 14 e3 e1
e2 8a 0b 87 28 00 00 0f da a0 e3 e1
e2 87 0d 8a 29 00 00 00 00 10 00 54 e3 e1
e2 88 0b 87 28 00 00 10 59 9d e3 e1
e2 87 0d 88 29 00 00 00 00 11 70 96 e3 e1
e2 89 0b 87 28 00 00 11 f1 dd e3 e1
e2 87 0d 89 29 02 00 02 00 12 d2 77 e3 e1 
e2 8a 0b 87 28 00 00 10 39 7e e3 e1
e2 87 0d 8a 29 00 00 00 00 11 10 75 e3 e1
e2 88 0b 87 28 00 00 11 49 bc e3 e1
e2 87 0d 88 29 00 00 00 00 12 40 f5 e3 e1
e2 89 0b 87 28 00 00 12 c1 be e3 e1 
e2 87 0d 89 29 02 00 02 00 13 c2 56 e3 e1
e2 8a 0b 87 28 00 00 11 29 5f e3 e1
e2 87 0d 8a 29 00 00 00 00 12 20 16 e3 e1
e2 88 0b 87 28 00 00 12 79 df e3 e1
e2 87 0d 88 29 00 00 00 00 13 50 d4 e3 e1
e2 89 0b 87 28 00 00 13 d1 9f e3 e1       
