e2 be 0c 87 f2 01 60 03 00 43 3c e3 
e2 be 0c 87 f2 01 60 03 00 43 3c e3 
e2 be 0c 87 f2 01 60 03 00 43 3c e3 
e2 be 0c 87 f2 01 60 03 00 43 3c e3 
e2 ff 08 87 01 da 7d e3 
e2 87 0c bc 01 00 01 01 25 a9 09 e3 e1
e2 ff 08 be f3 aa 2d e3 
e2 be 09 bc f3 00 9a 4d e3  
e2 be 09 87 f3 00 af 19 e3  
e2 ff 0b be f4 01 ff ff bf 15 e3 
e2 be 09 87 f4 00 36 8e e3  
e2 be 09 bc f4 00 03 da e3  
e2 ff 0b be f4 01 ff ff bf 15 e3 
e2 be 09 87 f4 00 36 8e e3  
e2 be 09 bc f4 00 03 da e3  
e2 ff 0a be 02 02 01 e0 e1 d8 e3 
e2 ff 08 be f3 aa 2d e3 
e2 be 09 bc f3 00 9a 4d e3  
e2 be 09 87 f3 00 af 19 e3  
e2 ff 0a be 02 02 01 e0 e1 d8 e3 
e2 ff 0a be 02 02 01 e0 e1 d8 e3 
e2 ff 08 be 01 65 70 e3 22 e2 00 08 be 01 2e d3 e3 
e2 be 0c bc 01 00 01 01 25 b6 dc e3  
e2 be 10 87 01 01 0e 01 38 00 00 00 00 de 4c e3  
e2 be 0c 88 01 01 02 05 33 0e 26 e3  
e2 be 0c 8a 01 01 02 05 33 85 66 e3  
e2 00 08 be 01 2e d3 e3 
e2 00 08 be 01 2e d3 e3 
e2 00 08 be 01 2e d3 e3 
e2 00 08 be 01 2e d3 e3 
e2 02 08 be 01 c3 bb e3 
e2 02 08 be 01 c3 bb e3 
e2 02 08 be 01 c3 bb e3 
e2 02 08 be 01 c3 bb e3 
e2 02 08 be 01 c3 bb e3 
e2 03 08 be 01 b5 0f e3 
e2 03 08 be 01 b5 0f e3 
e2 03 08 be 01 b5 0f e3 
e2 03 08 be 01 b5 0f e3 
e2 03 08 be 01 b5 0f e3 
e2 04 08 be 01 e4 22 e3 
e2 04 08 be 01 e4 22 e3 
e2 04 08 be 01 e4 22 e3 
e2 04 08 be 01 e4 22 e3 
e2 04 08 be 01 e4 22 e3 
e2 80 08 be 01 f3 eb e3 
e2 80 08 be 01 f3 eb e3 
e2 80 08 be 01 f3 eb e3 
e2 80 08 be 01 f3 eb e3 
e2 80 08 be 01 f3 eb e3 
e2 81 08 be 01 85 5f e3 
e2 81 08 be 01 85 5f e3 
e2 81 08 be 01 85 5f e3 
e2 81 08 be 01 85 5f e3 
e2 81 08 be 01 85 5f e3 
e2 82 08 be 01 1e 83 e3 
e2 82 08 be 01 1e 83 e3 
e2 82 08 be 01 1e 83 e3 
e2 82 08 be 01 1e 83 e3 
e2 82 08 be 01 1e 83 e3 
e2 83 08 be 01 68 37 e3 
e2 83 08 be 01 68 37 e3 
e2 83 08 be 01 68 37 e3 
e2 83 08 be 01 68 37 e3 
e2 83 08 be 01 68 37 e3 
e2 84 08 be 01 39 1a e3 
e2 84 08 be 01 39 1a e3 
e2 84 08 be 01 39 1a e3 
e2 84 08 be 01 39 1a e3 
e2 84 08 be 01 39 1a e3 
e2 85 08 be 01 4f ae e3 
e2 85 08 be 01 4f ae e3 
e2 85 08 be 01 4f ae e3 
e2 85 08 be 01 4f ae e3 
e2 85 08 be 01 4f ae e3 
e2 86 08 be 01 d4 72 e3 
e2 86 08 be 01 d4 72 e3 
e2 86 08 be 01 d4 72 e3 
e2 86 08 be 01 d4 72 e3 
e2 86 08 be 01 d4 72 e3 
e2 9f 08 be 01 3c a2 e3 
e2 9f 08 be 01 3c a2 e3 
e2 9f 08 be 01 3c a2 e3 
e2 9f 08 be 01 3c a2 e3 
e2 9f 08 be 01 3c a2 e3 
e2 ff 08 be 01 65 70 e3 02 e2 00 08 be 01 2e d3 e3 
e2 be 0c bc 01 00 01 01 25 b6 dc e3  
e2 be 10 87 01 01 0e 01 38 00 00 00 00 de 4c e3  
e2 be 0c 8a 01 01 02 05 33 85 66 e3  
e2 be 0c 88 01 01 02 05 33 0e 26 e3  
e2 00 08 be 01 2e d3 e3 
e2 00 08 be 01 2e d3 e3 
e2 00 08 be 01 2e d3 e3 
e2 00 08 be 01 2e d3 e3 
e2 02 08 be 01 c3 bb e3 
e2 02 08 be 01 c3 bb e3 
e2 02 08 be 01 c3 bb e3 
e2 02 08 be 01 c3 bb e3 
e2 02 08 be 01 c3 bb e3 
e2 03 08 be 01 b5 0f e3 
e2 03 08 be 01 b5 0f e3 
e2 03 08 be 01 b5 0f e3 
e2 03 08 be 01 b5 0f e3 
e2 03 08 be 01 b5 0f e3 
e2 04 08 be 01 e4 22 e3 
e2 04 08 be 01 e4 22 e3 
e2 04 08 be 01 e4 22 e3 
e2 04 08 be 01 e4 22 e3 
e2 04 08 be 01 e4 22 e3 
e2 80 08 be 01 f3 eb e3 
e2 80 08 be 01 f3 eb e3 
e2 80 08 be 01 f3 eb e3 
e2 80 08 be 01 f3 eb e3 
e2 80 08 be 01 f3 eb e3 
e2 81 08 be 01 85 5f e3 
e2 81 08 be 01 85 5f e3 
e2 81 08 be 01 85 5f e3 
e2 81 08 be 01 85 5f e3 
e2 81 08 be 01 85 5f e3 
e2 82 08 be 01 1e 83 e3 
e2 82 08 be 01 1e 83 e3 
e2 82 08 be 01 1e 83 e3 
e2 82 08 be 01 1e 83 e3 
e2 82 08 be 01 1e 83 e3 
e2 83 08 be 01 68 37 e3 
e2 83 08 be 01 68 37 e3 
e2 83 08 be 01 68 37 e3 
e2 83 08 be 01 68 37 e3 
e2 83 08 be 01 68 37 e3 
e2 84 08 be 01 39 1a e3 
e2 84 08 be 01 39 1a e3 
e2 84 08 be 01 39 1a e3 
e2 84 08 be 01 39 1a e3 
e2 84 08 be 01 39 1a e3 
e2 85 08 be 01 4f ae e3 
e2 85 08 be 01 4f ae e3 
e2 85 08 be 01 4f ae e3 
e2 85 08 be 01 4f ae e3 
e2 85 08 be 01 4f ae e3 
e2 86 08 be 01 d4 72 e3 
e2 86 08 be 01 d4 72 e3 
e2 86 08 be 01 d4 72 e3 
e2 86 08 be 01 d4 72 e3 
e2 86 08 be 01 d4 72 e3 
e2 9f 08 be 01 3c a2 e3 
e2 9f 08 be 01 3c a2 e3 
e2 9f 08 be 01 3c a2 e3 
e2 9f 08 be 01 3c a2 e3 
e2 9f 08 be 01 3c a2 e3 
e2 ff 08 be 01 65 70 e3 
e2 be 0c bc 01 00 01 01 25 b6 dc e3  
e2 be 10 87 01 01 0e 01 38 00 00 00 00 de 4c e3  
e2 be 0c 88 01 01 02 05 33 0e 26 e3  
e2 be 0c 8a 01 01 02 05 33 85 66 e3  
e2 00 08 be 01 2e d3 e3 
e2 00 08 be 01 2e d3 e3 
e2 00 08 be 01 2e d3 e3 
e2 00 08 be 01 2e d3 e3 
e2 00 08 be 01 2e d3 e3 
e2 02 08 be 01 c3 bb e3 
e2 02 08 be 01 c3 bb e3 
e2 02 08 be 01 c3 bb e3 
e2 02 08 be 01 c3 bb e3 
e2 02 08 be 01 c3 bb e3 
e2 03 08 be 01 b5 0f e3 
e2 03 08 be 01 b5 0f e3 
e2 03 08 be 01 b5 0f e3 
e2 03 08 be 01 b5 0f e3 
e2 03 08 be 01 b5 0f e3 
e2 04 08 be 01 e4 22 e3 
e2 04 08 be 01 e4 22 e3 
e2 04 08 be 01 e4 22 e3 
e2 04 08 be 01 e4 22 e3 
e2 04 08 be 01 e4 22 e3 
e2 80 08 be 01 f3 eb e3 
e2 80 08 be 01 f3 eb e3 
e2 80 08 be 01 f3 eb e3 
e2 80 08 be 01 f3 eb e3 
e2 80 08 be 01 f3 eb e3 
e2 81 08 be 01 85 5f e3 
e2 81 08 be 01 85 5f e3 
e2 81 08 be 01 85 5f e3 
e2 81 08 be 01 85 5f e3 
e2 81 08 be 01 85 5f e3 
e2 82 08 be 01 1e 83 e3 
e2 82 08 be 01 1e 83 e3 
e2 82 08 be 01 1e 83 e3 
e2 82 08 be 01 1e 83 e3 
e2 82 08 be 01 1e 83 e3 
e2 83 08 be 01 68 37 e3 
e2 83 08 be 01 68 37 e3 
e2 83 08 be 01 68 37 e3 
e2 83 08 be 01 68 37 e3 
e2 83 08 be 01 68 37 e3 
e2 84 08 be 01 39 1a e3 
e2 84 08 be 01 39 1a e3 
e2 84 08 be 01 39 1a e3 
e2 84 08 be 01 39 1a e3 
e2 84 08 be 01 39 1a e3 
e2 85 08 be 01 4f ae e3 
e2 85 08 be 01 4f ae e3 
e2 85 08 be 01 4f ae e3 
e2 85 08 be 01 4f ae e3 
e2 85 08 be 01 4f ae e3 
e2 be 0c 87 f2 01 60 03 00 43 3c e3  
e2 86 08 be 01 d4 72 e3 
e2 86 08 be 01 d4 72 e3 
e2 86 08 be 01 d4 72 e3 
e2 86 08 be 01 d4 72 e3 
e2 86 08 be 01 d4 72 e3 
e2 9f 08 be 01 3c a2 e3 
e2 9f 08 be 01 3c a2 e3 
e2 9f 08 be 01 3c a2 e3 
e2 9f 08 be 01 3c a2 e3 
e2 9f 08 be 01 3c a2 e3 
e2 bc 0a be dd 03 03 1f fe e3  
e2 bc 0a be dd 03 03 1f fe e3  
e2 bc 0a be dd 03 03 1f fe e3  
e2 87 0b be f2 01 60 03 a9 06 e3  
e2 87 0d be f5 01 60 03 01 03 8c f8 e3  
e2 be 08 87 f5 6d ce e3  
e2 87 0a be dd 03 03 f3 d0 e3  
e2 be 16 87 dd 03 03 0b 5a 48 55 33 36 52 53 50 31 53 53 3d 2d e3  
e2 bc 0a be dd 03 04 6f 19 e3  
e2 bc 0a be dd 03 04 6f 19 e3  
e2 bc 0a be dd 03 04 6f 19 e3  
e2 87 0a be dd 03 04 83 37 e3  
e2 be 16 87 dd 03 04 0b 53 4e 44 53 30 32 39 31 32 33 51 37 29 e3  
e2 bc 0b be f0 01 00 08 ec 8d e3  
e2 be 09 bc f0 00 cf 1e e3  
e2 87 0b be f0 01 00 08 fe 2f e3  
e2 be 0d 87 f0 01 00 08 01 11 10 36 e3  
e2 87 0b be f4 01 ff ff a8 d9 e3  
e2 be 09 87 f4 00 36 8e e3  
e2 87 08 be f3 6d 9b e3  
e2 be 09 87 f3 00 af 19 e3  
e2 87 0b be f4 01 ff ff a8 d9 e3  
e2 be 09 87 f4 00 36 8e e3  
e2 87 08 be f3 6d 9b e3  
e2 be 09 87 f3 00 af 19 e3  
e2 87 0b be f4 01 ff ff a8 d9 e3  
e2 be 09 87 f4 00 36 8e e3  
e2 87 08 be f3 6d 9b e3  
e2 be 09 87 f3 00 af 19 e3  
e2 87 0b be f4 01 ff ff a8 d9 e3  
e2 be 09 87 f4 00 36 8e e3  
e2 87 08 be f3 6d 9b e3  
e2 be 09 87 f3 00 af 19 e3  
e2 87 0b be f4 01 ff ff a8 d9 e3  
e2 be 09 87 f4 00 36 8e e3  
e2 87 12 bc f2 03 f3 33 00 f3 13 00 f3 36 00 c4 fe e3  
e2 bc 09 87 f2 00 d8 ab e3  
e2 87 0d bc f1 01 f3 38 01 01 a2 ef e3  
e2 bc 18 87 f2 05 62 00 00 62 01 00 62 02 00 62 03 00 62 04 00 58 3f e3  
e2 bc 0b 87 f1 01 f3 38 4e 6a e3  
e2 87 13 bc f2 05 62 00 62 01 62 02 62 03 62 04 91 94 e3  
e2 87 09 bc f1 00 58 bd e3  
e2 87 2c bc f5 05 62 00 04 00 00 00 00 62 01 04 00 00 00 00 62 02 04 00 00 00 00 62 03 04 00 00 00 00 62 04 04 00 00 00 00 78 fa e3  
e2 bc 08 87 f5 80 a6 e3  
e2 be 0c 87 f2 01 60 03 00 43 3c e3  
e2 87 0b be f2 01 60 03 a9 06 e3  
e2 87 0d be f5 01 60 03 01 03 8c f8 e3  
e2 be 08 87 f5 6d ce e3  
e2 87 08 be f3 6d 9b e3  
e2 be 09 87 f3 00 af 19 e3  
e2 87 0b be f4 01 ff ff a8 d9 e3  
e2 be 09 87 f4 00 36 8e e3  
e2 87 0b be f4 01 ff ff a8 d9 e3  
e2 be 09 87 f4 00 36 8e e3  
e2 87 0c be f2 01 00 09 00 4f 27 e3  
e2 be 09 87 f2 00 9c 28 e3  
e2 87 0c be f2 01 00 09 00 4f 27 e3  
e2 be 09 87 f2 00 9c 28 e3  
e2 87 0c be f2 01 50 01 00 98 40 e3  
e2 be 09 87 f2 00 9c 28 e3  
e2 87 0c be f2 01 50 02 00 cd 13 e3  
e2 be 09 87 f2 00 9c 28 e3  
e2 87 0c be f2 01 50 05 00 54 84 e3  
e2 be 09 87 f2 00 9c 28 e3  
e2 87 0c be f2 01 50 06 00 01 d7 e3  
e2 be 09 87 f2 00 9c 28 e3  
e2 87 0b be f0 01 57 70 96 98 e3  
e2 be 0d 87 f0 01 57 70 01 02 67 db e3  
e2 87 0b be f0 01 62 3d f5 91 e3  
e2 be 1e 87 f0 01 62 3d 12 00 00 00 00 00 00 00 00 00 00 00 00 00 00 00 00 00 00 dd a5 e3  
e2 87 0c be f2 01 50 09 00 11 e9 e3  
e2 be 09 87 f2 00 9c 28 e3  
e2 87 0c be f2 01 53 00 00 f2 21 e3  
e2 be 09 87 f2 00 9c 28 e3  
e2 87 0c be f2 01 55 1c 00 06 9f e3  
e2 be 0b 87 f2 01 55 1c 66 6b e3  
e2 be 0e 87 f5 01 55 1c 02 03 04 eb 24 e3  
e2 87 0c be f2 01 55 20 00 46 67 e3  
e2 be 0b 87 f2 01 55 20 91 b4 e3  
e2 87 0c be f2 01 56 70 00 11 88 e3  
e2 be 0b 87 f2 01 56 70 9e 12 e3  
e2 87 08 be f5 0d 5d e3  
e2 be 1d 87 f5 02 55 20 0d 00 03 00 03 00 00 00 01 00 01 00 01 00 56 70 01 00 b9 a3 e3  
e2 87 0b be f0 01 57 78 17 90 e3  
e2 be 20 87 f0 01 57 78 14 00 00 00 00 00 00 00 00 00 00 00 00 00 00 00 00 00 00 00 00 ea ba e3  
e2 87 0b be f0 01 57 7c 57 14 e3  
e2 be 20 87 f0 01 57 7c 14 00 00 00 00 00 00 00 00 00 00 00 00 00 00 00 00 00 00 00 00 4d fb e3  
e2 87 0c be f2 01 56 72 00 77 ea e3  
e2 be 09 87 f2 00 9c 28 e3  
e2 87 0c be f2 01 56 74 00 dd 4c e3  
e2 be 0b 87 f2 01 56 74 de 96 e3  
e2 be 0e 87 f5 01 56 74 02 00 00 cc 30 e3  
e2 87 08 be f5 0d 5d e3  
e2 87 0c be f2 01 56 75 00 ee 7d e3  
e2 be 0b 87 f2 01 56 75 ce b7 e3  
e2 87 0c be f2 01 57 71 00 15 89 e3  
e2 be 0b 87 f2 01 57 71 bd 02 e3  
e2 87 0b be f0 01 00 8f 1f 40 e3  
e2 be 20 87 f5 02 56 75 01 00 57 71 10 ff 00 00 00 00 50 01 f4 ff 00 00 00 f4 20 fc ff 85 ed e3  
e2 be 09 87 f0 00 fa 4a e3  
e2 87 0b be f0 01 57 71 86 b9 e3  
e2 be 1c 87 f0 01 57 71 10 ff 00 00 00 00 50 01 f4 ff 00 00 00 f4 20 fc ff 99 ad e3  
e2 87 0b be f0 01 57 79 07 b1 e3  
e2 be 20 87 f0 01 57 79 14 00 00 00 00 00 00 00 00 00 00 00 00 00 00 00 00 00 00 00 00 87 62 e3  
e2 87 0b be f0 01 57 7d 47 35 e3  
e2 be 20 87 f0 01 57 7d 14 00 00 00 00 00 00 00 00 00 00 00 00 00 00 00 00 00 00 00 00 20 23 e3  
e2 87 0b be f0 01 62 3d f5 91 e3  
e2 be 1e 87 f0 01 62 3d 12 00 00 00 00 00 00 00 00 00 00 00 00 00 00 00 00 00 00 dd a5 e3  
e2 87 08 be f5 0d 5d e3  
e2 87 0c be f2 01 57 72 00 40 da e3  
e2 be 0b 87 f2 01 57 72 8d 61 e3  
e2 87 08 be f5 0d 5d e3  
e2 be 1c 87 f5 01 57 72 10 ff 00 00 00 00 50 01 f4 ff 00 00 00 f4 20 fc ff 2b 92 e3  
e2 87 0c be f2 01 57 73 00 73 eb e3  
e2 be 09 87 f2 00 9c 28 e3  
e2 87 0b be f0 01 56 73 95 ca e3  
e2 be 0e 87 f0 01 56 73 02 00 00 e4 ba e3  
e2 87 0b be f0 01 57 72 b6 da e3  
e2 be 1c 87 f0 01 57 72 10 ff 00 00 00 00 50 01 f4 ff 00 00 00 f4 20 fc ff 99 df e3  
e2 87 0b be f0 01 57 7a 37 d2 e3  
e2 be 09 87 f0 00 fa 4a e3  
e2 87 0b be f0 01 57 7e 77 56 e3  
e2 be 20 87 f0 01 57 7e 14 00 00 00 00 00 00 00 00 00 00 00 00 00 00 00 00 00 00 00 00 96 4b e3  
e2 87 0b be f0 01 62 3e c5 f2 e3  
e2 be 1e 87 f0 01 62 3e 12 00 00 00 00 00 00 00 00 00 00 00 00 00 00 00 00 00 00 83 70 e3  
e2 87 0b be f0 01 62 3f d5 d3 e3  
e2 be 1e 87 f0 01 62 3f 12 00 00 00 00 00 00 00 00 00 00 00 00 00 00 00 00 00 00 b6 c3 e3  
e2 87 0b be f0 01 62 40 5a ab e3  
e2 be 1e 87 f0 01 62 40 12 00 00 00 00 00 00 00 00 00 00 00 00 00 00 00 00 00 00 83 fb e3  
e2 87 0c be f2 01 57 73 00 73 eb e3  
e2 be 09 87 f2 00 9c 28 e3  
e2 87 0c be f2 01 57 74 00 ea 7c e3  
e2 be 0b 87 f2 01 57 74 ed a7 e3  
e2 87 0b be f0 01 57 73 a6 fb e3  
e2 be 09 87 f0 00 fa 4a e3  
e2 87 0b be f0 01 57 78 17 90 e3  
e2 be 20 87 f0 01 57 78 14 00 00 00 00 00 00 00 00 00 00 00 00 00 00 00 00 00 00 00 00 ea ba e3  
e2 be 1c 87 f5 01 57 74 10 ff 00 00 00 00 50 01 f4 ff 00 00 00 f4 20 fc ff 2b 76 e3  
e2 87 0b be f0 01 57 7b 27 f3 e3  
e2 be 20 87 f0 01 57 7b 14 00 00 00 00 00 00 00 00 00 00 00 00 00 00 00 00 00 00 00 00 5c d2 e3  
e2 87 0b be f0 01 57 7c 57 14 e3  
e2 be 20 87 f0 01 57 7c 14 00 00 00 00 00 00 00 00 00 00 00 00 00 00 00 00 00 00 00 00 4d fb e3  
e2 87 0b be f0 01 62 3d f5 91 e3  
e2 be 1e 87 f0 01 62 3d 12 00 00 00 00 00 00 00 00 00 00 00 00 00 00 00 00 00 00 dd a5 e3  
e2 87 08 be f5 0d 5d e3  
e2 87 0c be f2 01 57 75 00 d9 4d e3  
e2 be 0b 87 f2 01 57 75 fd 86 e3  
e2 87 0b be f0 01 57 74 d6 1c e3  
e2 be 1c 87 f0 01 57 74 10 ff 00 00 00 00 50 01 f4 ff 00 00 00 f4 20 fc ff 99 3b e3  
e2 be 1c 87 f5 01 57 75 10 ff 00 00 00 00 50 01 f4 ff 00 00 00 f4 20 fc ff db 47 e3  
e2 87 0b be f0 01 62 00 12 6f e3  
e2 be 10 87 f0 01 62 00 04 00 00 00 00 02 12 e3  
e2 87 0b be f0 01 62 01 02 4e e3  
e2 be 10 87 f0 01 62 01 04 00 00 00 00 47 b2 e3  
e2 87 0b be f0 01 62 02 32 2d e3  
e2 be 10 87 f0 01 62 02 04 00 00 00 00 89 52 e3  
e2 87 0b be f0 01 62 03 22 0c e3  
e2 be 10 87 f0 01 62 03 04 00 00 00 00 cc f2 e3  
e2 87 0b be f0 01 62 04 52 eb e3  
e2 be 10 87 f0 01 62 04 04 00 00 00 00 04 b3 e3  
e2 87 0c be f2 01 57 76 00 8c 1e e3  
e2 be 0b 87 f2 01 57 76 cd e5 e3  
e2 87 0b be f0 01 00 8f 1f 40 e3  
e2 be 1c 87 f5 01 57 76 10 ff 00 00 00 00 50 01 f4 ff 00 00 00 f4 20 fc ff db 35 e3  
e2 be 09 87 f0 00 fa 4a e3  
e2 87 0b be f0 01 57 75 c6 3d e3  
e2 be 1c 87 f0 01 57 75 10 ff 00 00 00 00 50 01 f4 ff 00 00 00 f4 20 fc ff 69 0a e3  
e2 87 0b be f0 01 57 79 07 b1 e3  
e2 be 20 87 f0 01 57 79 14 00 00 00 00 00 00 00 00 00 00 00 00 00 00 00 00 00 00 00 00 87 62 e3  
e2 87 0b be f0 01 57 7d 47 35 e3  
e2 be 20 87 f0 01 57 7d 14 00 00 00 00 00 00 00 00 00 00 00 00 00 00 00 00 00 00 00 00 20 23 e3  
e2 87 0b be f0 01 62 3d f5 91 e3  
e2 be 1e 87 f0 01 62 3d 12 00 00 00 00 00 00 00 00 00 00 00 00 00 00 00 00 00 00 dd a5 e3  
e2 87 0b be f0 01 63 00 21 5e e3  
e2 be 09 87 f0 00 fa 4a e3  
e2 87 0c be f2 01 57 77 00 bf 2f e3  
e2 be 0b 87 f2 01 57 77 dd c4 e3  
e2 87 08 be f5 0d 5d e3  
e2 be 1c 87 f5 01 57 77 10 ff 00 00 00 00 50 01 f4 ff 00 00 00 f4 20 fc ff 2b 04 e3  
e2 87 0c be f2 01 62 00 00 00 b4 e3  
e2 be 0b 87 f2 01 62 00 29 d4 e3  
e2 87 0b be f0 01 57 76 f6 5e e3  
e2 be 1c 87 f0 01 57 76 10 ff 00 00 00 00 50 01 f4 ff 00 00 00 f4 20 fc ff 69 78 e3  
e2 be 10 87 f5 01 62 00 04 00 00 00 00 75 de e3  
e2 87 0b be f0 01 57 78 17 90 e3  
e2 be 20 87 f0 01 57 78 14 00 00 00 00 00 00 00 00 00 00 00 00 00 00 00 00 00 00 00 00 ea ba e3  
e2 87 0b be f0 01 57 7c 57 14 e3  
e2 be 20 87 f0 01 57 7c 14 00 00 00 00 00 00 00 00 00 00 00 00 00 00 00 00 00 00 00 00 4d fb e3  
e2 87 0b be f0 01 62 3c e5 b0 e3  
e2 be 1e 87 f0 01 62 3c 12 00 00 00 00 00 00 00 00 00 00 00 00 00 00 00 00 00 00 e8 16 e3  
e2 87 0c be f2 01 62 00 00 00 b4 e3  
e2 be 0b 87 f2 01 62 00 29 d4 e3  
e2 87 08 be f5 0d 5d e3  
e2 be 10 87 f5 01 62 00 04 00 00 00 00 75 de e3  
e2 87 0c be f2 01 62 01 00 33 85 e3  
e2 be 0b 87 f2 01 62 01 39 f5 e3  
e2 87 08 be f5 0d 5d e3  
e2 be 10 87 f5 01 62 01 04 00 00 00 00 30 7e e3  
e2 87 0c be f2 01 62 02 00 66 d6 e3  
e2 be 0b 87 f2 01 62 02 09 96 e3  
e2 be 10 87 f5 01 62 02 04 00 00 00 00 fe 9e e3  
e2 87 0c be f2 01 62 03 00 55 e7 e3  
e2 be 0b 87 f2 01 62 03 19 b7 e3  
e2 87 0b be f0 01 50 05 21 3d e3  
e2 be 09 87 f0 00 fa 4a e3  
e2 87 0b be f0 01 53 00 24 cb e3  
e2 be 09 87 f0 00 fa 4a e3  
e2 be 10 87 f5 01 62 03 04 00 00 00 00 bb 3e e3  
e2 87 0b be f0 01 56 71 b5 88 e3  
e2 be 10 87 f0 01 56 71 04 00 00 00 00 9a 65 e3  
e2 87 0b be f0 01 56 73 95 ca e3  
e2 be 0e 87 f0 01 56 73 02 00 00 e4 ba e3  
e2 87 0b be f0 01 57 7a 37 d2 e3  
e2 be 09 87 f0 00 fa 4a e3  
e2 87 0b be f0 01 57 7e 77 56 e3  
e2 be 20 87 f0 01 57 7e 14 00 00 00 00 00 00 00 00 00 00 00 00 00 00 00 00 00 00 00 00 96 4b e3  
e2 87 0b be f0 01 62 3d f5 91 e3  
e2 be 1e 87 f0 01 62 3d 12 00 00 00 00 00 00 00 00 00 00 00 00 00 00 00 00 00 00 dd a5 e3  
e2 87 0b be f0 01 62 3e c5 f2 e3  
e2 be 1e 87 f0 01 62 3e 12 00 00 00 00 00 00 00 00 00 00 00 00 00 00 00 00 00 00 83 70 e3  
e2 87 0b be f0 01 62 3f d5 d3 e3  
e2 be 1e 87 f0 01 62 3f 12 00 00 00 00 00 00 00 00 00 00 00 00 00 00 00 00 00 00 b6 c3 e3  
e2 87 0b be f0 01 62 40 5a ab e3  
e2 be 1e 87 f0 01 62 40 12 00 00 00 00 00 00 00 00 00 00 00 00 00 00 00 00 00 00 83 fb e3  
e2 87 08 be f5 0d 5d e3  
e2 87 0b be f0 01 50 06 11 5e e3  
e2 be 09 87 f0 00 fa 4a e3  
e2 87 08 be f5 0d 5d e3  
e2 87 0c be f2 01 62 04 00 cc 70 e3  
e2 be 0b 87 f2 01 62 04 69 50 e3  
e2 87 0b be f0 01 00 8f 1f 40 e3  
e2 be 09 87 f0 00 fa 4a e3  
e2 87 0b be f0 01 50 09 e0 e0 b1 e3  
e2 be 09 87 f0 00 fa 4a e3  
e2 be 10 87 f5 01 62 04 04 00 00 00 00 73 7f e3  
e2 87 0b be f0 01 57 73 a6 fb e3  
e2 be 09 87 f0 00 fa 4a e3  
e2 87 0b be f0 01 57 78 17 90 e3  
e2 be 20 87 f0 01 57 78 14 00 00 00 00 00 00 00 00 00 00 00 00 00 00 00 00 00 00 00 00 ea ba e3  
e2 87 0b be f0 01 57 79 07 b1 e3  
e2 be 20 87 f0 01 57 79 14 00 00 00 00 00 00 00 00 00 00 00 00 00 00 00 00 00 00 00 00 87 62 e3  
e2 87 0b be f0 01 57 7b 27 f3 e3  
e2 be 20 87 f0 01 57 7b 14 00 00 00 00 00 00 00 00 00 00 00 00 00 00 00 00 00 00 00 00 5c d2 e3  
e2 87 0b be f0 01 57 7c 57 14 e3  
e2 be 20 87 f0 01 57 7c 14 00 00 00 00 00 00 00 00 00 00 00 00 00 00 00 00 00 00 00 00 4d fb e3  
e2 87 0b be f0 01 57 7d 47 35 e3  
e2 be 20 87 f0 01 57 7d 14 00 00 00 00 00 00 00 00 00 00 00 00 00 00 00 00 00 00 00 00 20 23 e3  
e2 87 0b be f0 01 62 3d f5 91 e3  
e2 be 1e 87 f0 01 62 3d 12 00 00 00 00 00 00 00 00 00 00 00 00 00 00 00 00 00 00 dd a5 e3  
e2 87 08 be f5 0d 5d e3  
e2 87 08 be f3 6d 9b e3  
e2 be 39 87 f3 10 55 1c 00 55 20 00 56 70 00 56 74 00 56 75 00 57 71 00 57 72 00 57 74 00 57 75 00 57 76 00 57 77 00 62 00 00 62 01 00 62 02 00 62 03 00 62 04 00 72 11 e3  
e2 87 0b be f0 01 50 00 71 98 e3  
e2 be 09 87 f0 00 fa 4a e3  
e2 87 08 be f5 0d 5d e3  
e2 87 0b be f0 01 50 03 41 fb e3  
e2 be 09 87 f0 00 fa 4a e3  
e2 87 0b be f0 01 62 3d f5 91 e3  
e2 be 1e 87 f0 01 62 3d 12 00 00 00 00 00 00 00 00 00 00 00 00 00 00 00 00 00 00 dd a5 e3  
e2 87 08 be f5 0d 5d e3  
e2 87 0b be f0 01 00 07 0f c0 e3  
e2 be 0d 87 f0 01 00 07 01 00 3e 17 e3  
e2 87 0b be f0 01 50 01 61 b9 e3  
e2 be 09 87 f0 00 fa 4a e3  
e2 87 0b be f0 01 56 73 95 ca e3  
e2 be 0e 87 f0 01 56 73 02 00 00 e4 ba e3  
e2 87 0b be f0 01 56 76 c5 6f e3  
e2 be 0e 87 f0 01 56 76 02 00 00 58 ff e3  
e2 87 0b be f0 01 56 77 d5 4e e3  
e2 be 0d 87 f0 01 56 77 01 00 b4 bd e3  
e2 87 0b be f0 01 57 78 17 90 e3  
e2 be 20 87 f0 01 57 78 14 00 00 00 00 00 00 00 00 00 00 00 00 00 00 00 00 00 00 00 00 ea ba e3  
e2 87 0b be f0 01 57 7a 37 d2 e3  
e2 be 09 87 f0 00 fa 4a e3  
e2 87 0b be f0 01 57 7c 57 14 e3  
e2 be 20 87 f0 01 57 7c 14 00 00 00 00 00 00 00 00 00 00 00 00 00 00 00 00 00 00 00 00 4d fb e3  
e2 87 0b be f0 01 57 7e 77 56 e3  
e2 be 20 87 f0 01 57 7e 14 00 00 00 00 00 00 00 00 00 00 00 00 00 00 00 00 00 00 00 00 96 4b e3  
e2 87 0b be f0 01 62 3e c5 f2 e3  
e2 be 1e 87 f0 01 62 3e 12 00 00 00 00 00 00 00 00 00 00 00 00 00 00 00 00 00 00 83 70 e3  
e2 87 0b be f0 01 62 3f d5 d3 e3  
e2 be 1e 87 f0 01 62 3f 12 00 00 00 00 00 00 00 00 00 00 00 00 00 00 00 00 00 00 b6 c3 e3  
e2 87 0b be f0 01 62 40 5a ab e3  
e2 be 1e 87 f0 01 62 40 12 00 00 00 00 00 00 00 00 00 00 00 00 00 00 00 00 00 00 83 fb e3  
e2 87 0b be f0 01 00 8f 1f 40 e3  
e2 be 09 87 f0 00 fa 4a e3  
e2 87 0b be f0 01 50 02 51 da e3  
e2 be 09 87 f0 00 fa 4a e3  
e2 87 0b be f0 01 57 79 07 b1 e3  
e2 be 20 87 f0 01 57 79 14 00 00 00 00 00 00 00 00 00 00 00 00 00 00 00 00 00 00 00 00 87 62 e3  
e2 87 0b be f0 01 57 7d 47 35 e3  
e2 be 20 87 f0 01 57 7d 14 00 00 00 00 00 00 00 00 00 00 00 00 00 00 00 00 00 00 00 00 20 23 e3  
e2 87 0b be f0 01 62 3d f5 91 e3  
e2 be 1e 87 f0 01 62 3d 12 00 00 00 00 00 00 00 00 00 00 00 00 00 00 00 00 00 00 dd a5 e3  
e2 87 0b be f0 01 63 00 21 5e e3  
e2 be 09 87 f0 00 fa 4a e3  
e2 87 08 be f3 6d 9b e3  
e2 be 39 87 f3 10 55 1c 00 55 20 00 56 70 00 56 74 00 56 75 00 57 71 00 57 72 00 57 74 00 57 75 00 57 76 00 57 77 00 62 00 00 62 01 00 62 02 00 62 03 00 62 04 00 72 11 e3  
e2 87 0b be f0 01 57 73 a6 fb e3  
e2 be 09 87 f0 00 fa 4a e3  
e2 87 0b be f0 01 57 78 17 90 e3  
e2 be 20 87 f0 01 57 78 14 00 00 00 00 00 00 00 00 00 00 00 00 00 00 00 00 00 00 00 00 ea ba e3  
e2 87 0b be f0 01 57 7b 27 f3 e3  
e2 be 20 87 f0 01 57 7b 14 00 00 00 00 00 00 00 00 00 00 00 00 00 00 00 00 00 00 00 00 5c d2 e3  
e2 87 0b be f0 01 57 7c 57 14 e3  
e2 be 20 87 f0 01 57 7c 14 00 00 00 00 00 00 00 00 00 00 00 00 00 00 00 00 00 00 00 00 4d fb e3  
e2 87 0b be f0 01 62 3c e5 b0 e3  
e2 be 1e 87 f0 01 62 3c 12 00 00 00 00 00 00 00 00 00 00 00 00 00 00 00 00 00 00 e8 16 e3  
e2 87 0b be f0 01 62 3d f5 91 e3  
e2 be 1e 87 f0 01 62 3d 12 00 00 00 00 00 00 00 00 00 00 00 00 00 00 00 00 00 00 dd a5 e3  
e2 87 0b be f0 01 00 8f 1f 40 e3  
e2 be 09 87 f0 00 fa 4a e3  
e2 87 0b be f0 01 50 05 21 3d e3  
e2 be 09 87 f0 00 fa 4a e3  
e2 87 0b be f0 01 53 00 24 cb e3  
e2 be 09 87 f0 00 fa 4a e3  
e2 87 0b be f0 01 56 71 b5 88 e3  
e2 be 10 87 f0 01 56 71 04 00 00 00 00 9a 65 e3  
e2 87 0b be f0 01 56 73 95 ca e3  
e2 be 0e 87 f0 01 56 73 02 00 00 e4 ba e3  
e2 87 0b be f0 01 57 79 07 b1 e3  
e2 be 20 87 f0 01 57 79 14 00 00 00 00 00 00 00 00 00 00 00 00 00 00 00 00 00 00 00 00 87 62 e3  
e2 be 0c 87 f2 01 60 03 00 43 3c e3  
e2 87 0b be f0 01 57 7a 37 d2 e3  
e2 be 09 87 f0 00 fa 4a e3  
e2 87 0b be f0 01 57 7d 47 35 e3  
e2 be 20 87 f0 01 57 7d 14 00 00 00 00 00 00 00 00 00 00 00 00 00 00 00 00 00 00 00 00 20 23 e3  
e2 87 0b be f0 01 57 7e 77 56 e3  
e2 be 20 87 f0 01 57 7e 14 00 00 00 00 00 00 00 00 00 00 00 00 00 00 00 00 00 00 00 00 96 4b e3  
e2 87 0b be f0 01 62 3d f5 91 e3  
e2 be 1e 87 f0 01 62 3d 12 00 00 00 00 00 00 00 00 00 00 00 00 00 00 00 00 00 00 dd a5 e3  
e2 87 0b be f0 01 62 3e c5 f2 e3  
e2 be 1e 87 f0 01 62 3e 12 00 00 00 00 00 00 00 00 00 00 00 00 00 00 00 00 00 00 83 70 e3  
e2 87 0b be f0 01 62 3f d5 d3 e3  
e2 be 1e 87 f0 01 62 3f 12 00 00 00 00 00 00 00 00 00 00 00 00 00 00 00 00 00 00 b6 c3 e3  
e2 87 0b be f0 01 62 40 5a ab e3  
e2 be 1e 87 f0 01 62 40 12 00 00 00 00 00 00 00 00 00 00 00 00 00 00 00 00 00 00 83 fb e3  
e2 87 0b be f2 01 60 03 a9 06 e3  
e2 87 0d be f5 01 60 03 01 03 8c f8 e3  
e2 be 08 87 f5 6d ce e3  
e2 87 0b be f0 01 57 78 17 90 e3  
e2 be 20 87 f0 01 57 78 14 00 00 00 00 00 00 00 00 00 00 00 00 00 00 00 00 00 00 00 00 ea ba e3  
e2 87 0b be f0 01 57 7c 57 14 e3  
e2 be 20 87 f0 01 57 7c 14 00 00 00 00 00 00 00 00 00 00 00 00 00 00 00 00 00 00 00 00 4d fb e3  
e2 87 08 be f3 6d 9b e3  
e2 be 39 87 f3 10 55 1c 00 55 20 00 56 70 00 56 74 00 56 75 00 57 71 00 57 72 00 57 74 00 57 75 00 57 76 00 57 77 00 62 00 00 62 01 00 62 02 00 62 03 00 62 04 00 72 11 e3  
e2 87 0b be f0 01 50 06 11 5e e3  
e2 be 09 87 f0 00 fa 4a e3  
e2 87 0b be f0 01 62 3d f5 91 e3  
e2 be 1e 87 f0 01 62 3d 12 00 00 00 00 00 00 00 00 00 00 00 00 00 00 00 00 00 00 dd a5 e3  
e2 87 0b be f0 01 00 8f 1f 40 e3  
e2 be 09 87 f0 00 fa 4a e3  
e2 87 0b be f0 01 50 08 f0 90 e3  
e2 be 09 87 f0 00 fa 4a e3  
e2 87 0b be f0 01 50 09 e0 e0 b1 e3  
e2 be 09 87 f0 00 fa 4a e3  
e2 87 0b be f0 01 57 73 a6 fb e3  
e2 be 09 87 f0 00 fa 4a e3  
e2 87 0b be f0 01 57 78 17 90 e3  
e2 be 20 87 f0 01 57 78 14 00 00 00 00 00 00 00 00 00 00 00 00 00 00 00 00 00 00 00 00 ea ba e3  
e2 87 0b be f0 01 57 79 07 b1 e3  
e2 be 20 87 f0 01 57 79 14 00 00 00 00 00 00 00 00 00 00 00 00 00 00 00 00 00 00 00 00 87 62 e3  
e2 87 0b be f0 01 57 7b 27 f3 e3  
e2 be 20 87 f0 01 57 7b 14 00 00 00 00 00 00 00 00 00 00 00 00 00 00 00 00 00 00 00 00 5c d2 e3  
e2 87 0b be f0 01 57 7c 57 14 e3  
e2 be 20 87 f0 01 57 7c 14 00 00 00 00 00 00 00 00 00 00 00 00 00 00 00 00 00 00 00 00 4d fb e3  
e2 87 0b be f0 01 57 7d 47 35 e3  
e2 be 20 87 f0 01 57 7d 14 00 00 00 00 00 00 00 00 00 00 00 00 00 00 00 00 00 00 00 00 20 23 e3  
e2 87 0b be f0 01 62 3d f5 91 e3  
e2 be 1e 87 f0 01 62 3d 12 00 00 00 00 00 00 00 00 00 00 00 00 00 00 00 00 00 00 dd a5 e3  
e2 87 0b be f0 01 63 00 21 5e e3  
e2 be 09 87 f0 00 fa 4a e3  
e2 87 0b be f0 01 56 73 95 ca e3  
e2 be 0e 87 f0 01 56 73 02 00 00 e4 ba e3  
e2 87 0b be f0 01 57 7a 37 d2 e3  
e2 be 09 87 f0 00 fa 4a e3  
e2 87 0b be f0 01 57 7e 77 56 e3  
e2 be 20 87 f0 01 57 7e 14 00 00 00 00 00 00 00 00 00 00 00 00 00 00 00 00 00 00 00 00 96 4b e3  
e2 87 0b be f0 01 62 3e c5 f2 e3  
e2 be 1e 87 f0 01 62 3e 12 00 00 00 00 00 00 00 00 00 00 00 00 00 00 00 00 00 00 83 70 e3  
e2 87 0b be f0 01 62 3f d5 d3 e3  
e2 be 1e 87 f0 01 62 3f 12 00 00 00 00 00 00 00 00 00 00 00 00 00 00 00 00 00 00 b6 c3 e3  
e2 87 0b be f0 01 62 40 5a ab e3  
e2 be 1e 87 f0 01 62 40 12 00 00 00 00 00 00 00 00 00 00 00 00 00 00 00 00 00 00 83 fb e3  
e2 87 0b be f0 01 50 00 71 98 e3  
e2 be 09 87 f0 00 fa 4a e3  
e2 87 0b be f0 01 62 3d f5 91 e3  
e2 be 1e 87 f0 01 62 3d 12 00 00 00 00 00 00 00 00 00 00 00 00 00 00 00 00 00 00 dd a5 e3  
e2 87 08 be f3 6d 9b e3  
e2 be 39 87 f3 10 55 1c 00 55 20 00 56 70 00 56 74 00 56 75 00 57 71 00 57 72 00 57 74 00 57 75 00 57 76 00 57 77 00 62 00 00 62 01 00 62 02 00 62 03 00 62 04 00 72 11 e3  
e2 87 0b be f0 01 57 78 17 90 e3  
e2 be 20 87 f0 01 57 78 14 00 00 00 00 00 00 00 00 00 00 00 00 00 00 00 00 00 00 00 00 ea ba e3  
e2 87 0b be f0 01 57 7c 57 14 e3  
e2 be 20 87 f0 01 57 7c 14 00 00 00 00 00 00 00 00 00 00 00 00 00 00 00 00 00 00 00 00 4d fb e3  
e2 87 0b be f0 01 62 3c e5 b0 e3  
e2 be 1e 87 f0 01 62 3c 12 00 00 00 00 00 00 00 00 00 00 00 00 00 00 00 00 00 00 e8 16 e3 e1                            
