00000000 e2 85 0d 80 f1 01 f2 51   01 01 1c 20 e3 e2 85 0b 	..␍..␁.Q  ␁␁␜ ...␋
00000016 80 f0 01 ff f0 30 62 e3   e2 85 0a 80 dd 08 02 3a 	..␁..0b.  ..␊..␈␂:
00000032 f8 e3 e2 ff 09 80 dd 07   c4 be e3 e2 ff 09 80 dd 	....␉..␇  .....␉..
00000048 07 c4 be e3 e2 ff 09 80   dd 07 c4 be e3 e2 ff 09 	␇.....␉.  .␇.....␉
00000064 80 dd 07 c4 be e3 e2 ff   09 80 dd 07 c4 be e3 e2 	..␇.....  ␉..␇....
00000080 ff 09 80 dd 07 c4 be e3   e2 ff 09 80 dd 01 a4 78 	.␉..␇...  ..␉..␁.x
00000096 e3 e2 ff 08 80 01 43 ea   e3 e2 ff 09 80 dd 01 a4 	...␈.␁C.  ...␉..␁.
00000112 78 e3 e2 ff 08 80 01 43   ea e3 e2 ff 09 80 dd 01 	x...␈.␁C  ....␉..␁
00000128 a4 78 e3 e2 ff 08 80 01   43 ea e3 e2 ff 09 80 dd 	.x...␈.␁  C....␉..
00000144 01 a4 78 e3 e2 ff 08 80   01 43 ea e3 e2 ff 09 80 	␁.x...␈.  ␁C....␉.
00000160 dd 01 a4 78 e3 e2 ff 08   80 01 43 ea e3 e2 ff 09 	.␁.x...␈  .␁C....␉
00000176 80 dd 01 a4 78 e3 e2 ff   08 80 01 43 ea e3 e2 ff 	..␁.x...  ␈.␁C....
00000192 09 80 dd 01 a4 78 e3 e2   ff 08 80 01 43 ea e3 e2 	␉..␁.x..  .␈.␁C...
00000208 ff 09 80 dd 01 a4 78 e3   e2 ff 08 80 01 43 ea e3 	.␉..␁.x.  ..␈.␁C..
00000224 e2 ff 09 80 dd 01 a4 78   e3 e2 ff 08 80 01 43 ea 	..␉..␁.x  ...␈.␁C.
00000240 e3 e2 ff 09 80 dd 01 a4   78 e3 e2 ff 08 80 01 43 	...␉..␁.  x...␈.␁C
00000256 ea e3 e2 ff 09 80 dd 01   a4 78 e3 e2 ff 08 80 01 	....␉..␁  .x...␈.␁
00000272 43 ea e3 e2 ff 09 80 dd   01 a4 78 e3 e2 ff 08 80 	C....␉..  ␁.x...␈.
00000288 01 43 ea e3 e2 ff 09 80   dd 01 a4 78 e3 e2 ff 08 	␁C....␉.  .␁.x...␈
00000304 80 01 43 ea e3 e2 ff 09   80 dd 01 a4 78 e3 e2 ff 	.␁C....␉  ..␁.x...
00000320 08 80 01 43 ea e3 e2 ff   09 80 dd 01 a4 78 e3 e2 	␈.␁C....  ␉..␁.x..
00000336 ff 08 80 01 43 ea e3 e2   ff 09 80 dd 07 c4 be e3 	.␈.␁C...  .␉..␇...
00000352 e2 ff 09 80 dd 07 c4 be   e3 e2 ff 09 80 dd 07 c4 	..␉..␇..  ...␉..␇.
00000368 be e3 e2 85 09 80 dd 01   ff 50 e3 e2 85 0a 80 dd 	....␉..␁  .P...␊..
00000384 08 01 0a 9b e3 e2 85 0a   80 dd 08 02 3a f8 e3 e2 	␈␁␊....␊  ..␈␂:...
00000400 85 0a 80 dd 08 03 2a d9   e3 e2 81 0a 80 dd 08 02 	.␊..␈␃*.  ...␊..␈␂
00000416 3c 59 e3 e2 85 09 80 dd   05 bf d4 e3 e2 85 09 80 	<Y...␉..  ␅.....␉.
00000432 dd 05 bf d4 e3 e2 85 31   80 dd 09 f3 d0 ce 74 03 	.␅.....1  ..␉...t␃
00000448 04 09 01 a9 00 a9 00 a9   00 03 00 02 00 00 00 00 	␄␉␁.
00000464 00 00 00 30 00 f8 ff 00   00 00 01 00 00 f8 ff ff 	
00000480 bf fe ff d4 d1 e3 e2 85   0a 80 dd 10 01 80 41 e3 	........  ␊..␐␁.A.
00000496 e2 85 09 80 dd 0a 4e 3b   e3 e2 85 0a 80 dd 10 00 	..␉..␊N;  ...␊..␐
00000512 90 60 e3 e2 85 39 80 dd   09 26 ed aa 1a 26 0b 01 	.`...9..  ␉&..␚&␋␁
00000528 00 a9 00 a9 00 a9 00 03   00 03 00 00 00 00 00 00 	
00000544 00 00 00 00 00 00 00 00   02 00 c0 fe ff 2f c0 fe 	
00000560 ff 30 c0 fe ff ff 9f ff   ff 44 ab e3 e2 85 0a 80 	.0......  .D....␊.
00000576 dd 10 01 80 41 e3 e2 85   09 80 dd 0a 4e 3b e3 e2 	.␐␁.A...  ␉..␊N;..
00000592 85 0a 80 dd 10 00 90 60   e3 e2 85 31 80 dd 09 f3 	.␊..␐
00000608 d0 ce 74 03 04 09 01 a9   00 a9 00 a9 00 03 00 02 	..t␃␄␉␁.  
00000624 00 00 00 00 00 00 00 30   00 f8 ff 00 00 00 01 00 	
00000640 00 f8 ff ff bf fe ff d4   d1 e3 e2 85 0a 80 dd 10 	
00000656 01 80 41 e3 e2 85 09 80   dd 0a 4e 3b e3 
