00000000 e2 e4 09 e5 cc 01 0c 04   e3 e2 e4 09 e5 cc 01 0c 	..␉..␁␌␄  ...␉..␁␌
00000016 04 e3 e2 e4 09 e5 cc 01   0c 04 e3 e2 e4 09 e5 cc 	␄...␉..␁  ␌␄...␉..
00000032 01 0c 04 e3 e2 ff 08 e5   01 b7 35 e3 e2 e5 0c 23 	␁␌␄...␈.  ␁.5...␌#
00000048 01 03 02 07 01 ac 7c e3   e1 e2 ff 08 e5 01 b7 35 	␁␃␂␇␁.|.  ...␈.␁.5
00000064 e3 e2 e5 0c 23 01 03 02   07 01 ac 7c e3 e1 e2 ff 	...␌#␁␃␂  ␇␁.|....
00000080 08 e5 01 b7 35 e3 e2 e5   0c 23 01 03 02 07 01 ac 	␈.␁.5...  ␌#␁␃␂␇␁.
00000096 7c e3 e1 e2 ff 08 e5 01   b7 35 e3 e2 e5 0c 23 01 	|....␈.␁  .5...␌#␁
00000112 03 02 07 01 ac 7c e3 e1   e2 ff 08 e5 01 b7 35 e3 	␃␂␇␁.|..  ..␈.␁.5.
00000128 e2 e5 0c 23 01 03 02 07   01 ac 7c e3 e1 e2 ff 08 	..␌#␁␃␂␇  ␁.|....␈
00000144 e5 01 b7 35 e3 e2 e5 0c   23 01 03 02 07 01 ac 7c 	.␁.5...␌  #␁␃␂␇␁.|
00000160 e3 e1 e2 ff 08 e5 01 b7   35 e3 e2 e5 0c 23 01 03 	....␈.␁.  5...␌#␁␃
00000176 02 07 01 ac 7c e3 e1 e2   ff 09 e5 dd 07 b4 25 e3 	␂␇␁.|...  .␉..␇.%.
00000192 e2 23 09 e5 dd 01 68 2a   e3 e1 e2 e5 1b 23 dd 01 	.#␉..␁h*  ....␛#.␁
00000208 01 00 03 04 00 33 00 33   00 33 00 04 8c 05 03 02 	␁
00000224 03 00 5a 40 e3 e1 e2 23   09 e5 dd 01 68 2a e3 e1 	␃
00000240 e2 e5 1b 23 dd 01 01 00   03 04 00 33 00 33 00 33 	..␛#.␁␁
00000256 00 04 8c 05 03 02 03 00   5a 40 e3 e1 e2 23 0a e5 	
00000272 dd 08 01 83 c5 e3 e1 e2   e5 4d 23 dd 08 01 01 05 	.␈␁.....  .M#.␈␁␁␅
00000288 8c 05 8c 98 17 01 00 03   04 33 00 33 00 33 00 04 	.␅..␗␁
00000304 00 01 00 20 08 80 fe ff   ff 22 b2 ff ff 00 00 00 	
00000320 01 00 b0 ff ff ff ff ff   ff 00 00 00 00 00 00 00 	␁
00000336 00 00 00 00 00 00 00 00   00 00 00 00 00 00 00 00 	
00000352 00 d5 7d e3 e1 e2 23 0a   e5 dd 08 02 b3 a6 e3 e1 	
00000368 e2 e5 4d 23 dd 08 02 01   4c 36 4c 36 1b d9 03 02 	..M#.␈␂␁  L6L6␛.␃␂
00000384 07 01 33 00 33 00 33 00   04 00 02 00 00 00 00 00 	␇␁3
00000400 00 00 40 00 fa ff 00 00   00 01 00 00 fa ff ff 6f 	
00000416 fe ff 00 00 00 00 00 00   00 00 00 00 00 00 00 00 	..
00000432 00 00 00 00 00 00 00 00   00 00 83 a3 e3 e1 e2 23 	
00000448 0a e5 dd 08 01 83 c5 e3   e1 e2 e5 4d 23 dd 08 01 	␊..␈␁...  ...M#.␈␁
00000464 01 05 8c 05 8c 98 17 01   00 03 04 33 00 33 00 33 	␁␅.␅..␗␁  
00000480 00 04 00 01 00 20 08 80   fe ff ff 22 b2 ff ff 00 	
00000496 00 00 01 00 b0 ff ff ff   ff ff ff 00 00 00 00 00 	
00000512 00 00 00 00 00 00 00 00   00 00 00 00 00 00 00 00 	
00000528 00 00 00 d5 7d e3 e1 e2   23 0a e5 dd 08 03 a3 87 	
00000544 e3 e1 e2 e5 4d 23 dd 08   03 01 4f 74 4f 74 85 f6 	....M#.␈  ␃␁OtOt..
00000560 07 01 01 00 33 00 33 00   33 00 04 00 03 00 00 00 	␇␁␁
00000576 00 00 00 00 30 70 fe ff   00 00 00 02 00 70 fe ff 	
00000592 2f 70 fe ff 30 70 fe ff   ff af ff ff 38 70 fe ff 	/p..0p..  ....8p..
00000608 12 00 00 00 80 70 fe ff   d4 d8 fe ff 8b 16 e3 e1 	␒
00000624 e2 ff 0a e5 dd f4 01 7a   3e e3 e2 23 09 e5 dd 01 	..␊...␁z  >..#␉..␁
00000640 68 2a e3 e1 e2 23 09 e5   dd 01 68 2a e3 e1       	h*...#␉.  .␁h*..
